
// File generated by darts version U-2022.12#3eec2545bc#230622, Sat Mar 16 13:07:40 2024
// Copyright 2014-2022 Synopsys, Inc. All rights reserved.
// darts -I/proj/xbuilds/SWIP/2023.2_1013_2256/installs/lin64/Vitis/2023.2/aietools/data/versal_prod/lib -d -h -I/proj/xbuilds/SWIP/2023.2_1013_2256/installs/lin64/Vitis/2023.2/aietools/data/versal_prod/lib/runtime_cxx/libcxx-lite/include -I/proj/xbuilds/SWIP/2023.2_1013_2256/installs/lin64/Vitis/2023.2/aietools/data/versal_prod/lib/runtime_cxx/libs/libcxx-9.0.0/include-lite -I/proj/xbuilds/SWIP/2023.2_1013_2256/installs/lin64/Vitis/2023.2/aietools/data/versal_prod/lib/runtime/include -D__AIENGINE__ -D__AIE_ARCH__=10 -D__AIEARCH__=10 -D__tct_tgt__=230622 -L +Ihex +nanno /scratch/eddier/mlir-aie-2-22-2024/mlir-aie/reference_designs/vck5000/vector_scalar/aie.mlir.prj/input.o me

// Release: ipp U-2022.12-TGT-230622
.undef global data _ZN12me_primitive3ss0E


.undef global data _ZN12me_primitive3ms0E


.undef global data _ZN12me_primitive4sst0E


.undef global data _ZN12me_primitive4ssc0E


.undef global data _ZN12me_primitive5wsst0E


.undef global data _ZN12me_primitive4msc0E


.undef global data _ZN12me_primitive3ss1E


.undef global data _ZN12me_primitive3ms1E


.undef global data _ZN12me_primitive4sst1E


.undef global data _ZN12me_primitive4ssc1E


.undef global data _ZN12me_primitive5wsst1E


.undef global data _ZN12me_primitive4msc1E


.undef global data ZERO

.undef global data ONES

.undef global data in_cons_buff_1

.undef global data in_cons_buff_0

.undef global data out_buff_1

.undef global data out_buff_0

.text_segment_name
.text global 16 sequence
.function_start
	     0    0x01 0x01                                                                        RET lr
.delay_slot
.swstall delay_slot
	     2    0x00 0x01                                                                        NOP
.delay_slot
.swstall delay_slot
	     4    0x00 0x01                                                                        NOP
.delay_slot
.swstall delay_slot
	     6    0x00 0x01                                                                        NOP
.delay_slot
.swstall delay_slot
	     8    0x00 0x01                                                                        NOP
.label sequence__end last
.delay_slot
.swstall delay_slot
	    10    0x00 0x01                                                                        NOP

.text_segment_name
.text global 10 core_6_2
.function_start
	     0    0x00 0x00 0x1c 0xc0 0x08 0x20 0x40 0x07 0xf0 0x3f 0xff 0x3f                      NOP;                MOV.s9 r12, #0;                                   MOV.s12 m0, #64;              MOV.u20 ch0, #1048575;        NOP
	    12    0x08 0x90 0x07 0xbe 0x08 0x01 0xf6 0x77                                          PADDA [sp], m0;                                                       MOV.s12 r11, #3;              MOV r8, r11
	    20    0x80 0x00 0x00 0x01 0x00 0x7f 0xf7 0xf7                                                                                  NOP;                                                        MOVT.s12 ch0, #2047;          NOP
	    28    0x5b 0xff 0xc0 0x00 0x00 0x3a 0x60 0xf7                                                                                  ST p7, [sp, #-16];            NOP;                          MOV r0, r4
	    36    0xaf 0x9f 0xb8 0x40 0x20 0x00 0x07 0xf7                                                                                  ST r12, [sp, #-36];                                         MOV.u20 cl0, #out_buff_0;     NOP
	    44    0xaf 0x9f 0xc0 0x40 0xf4 0x00 0x07 0xf7                                                                                  ST r12, [sp, #-32];                                         MOV.u20 r13, #out_buff_1;     NOP
	    52    0x80 0x00 0x00 0xf8 0xff 0xe8 0x47 0xf7                                                                                  NOP;                                                        ST.SPIL r8, [sp, #-24];       NOP
	    60    0x80 0x00 0x00 0xfa 0xff 0xec 0x47 0xf7                                                                                  NOP;                                                        ST.SPIL r10, [sp, #-20];      NOP
	    68    0x80 0x00 0x00 0xee 0xff 0xf4 0x47 0xf7                                                                                  NOP;                                                        ST.SPIL p6, [sp, #-12];       NOP
	    76    0x80 0x00 0x00 0xf0 0xff 0xf8 0x47 0xf7                                                                                  NOP;                                                        ST.SPIL r0, [sp, #-8];        NOP
	    84    0x00 0x00 0x00 0x00 0x10 0x00 0x00 0x0d 0x0f 0xff 0xc4 0x3f                      NOP;                NOP;                NOP;                                                        ST.SPIL ch0, [sp, #-4];       NOP
	    96    0x00 0x00 0x00 0x00 0x10 0x00 0x00 0x0c 0x8f 0xfe 0x44 0x80 0x00 0x00 0x00 0x00  NOP;                NOP;                NOP;                          NOP;                          ST.SPIL lr, [sp, #-28];       NOP;                                    NOP
.label TGT_Fcore_6_2_112
.loop_nesting 1
	   112    0x00 0x00 0x1a 0xc0 0x35 0xf7 0xf6 0x04 0x0b 0x80 0x00 0x80 0x00 0x00 0x00 0x00  NOP;                MOV.s9 r10, #1;     ST r13, [sp, #-40];           NOP;                          MOV.u20 p6, #in_cons_buff_0;  NOP;                                    NOP
	   128    0x00 0x00 0x00 0x00 0x15 0x63 0xf5 0x04 0x0b 0xc0 0x00 0x80 0x00 0x00 0x00 0x00  NOP;                NOP;                ST cl0, [sp, #-44];           NOP;                          MOV.u20 p7, #in_cons_buff_1;  NOP;                                    NOP
.label TGT_Fcore_6_2_144
.loop_nesting 2
.no_stack_arguments
	   144    0x80 0x00 0x00 0xa0 0x20 0x00 0x07 0xf7                                                                                  NOP;                                                        JAL #llvm___aie___lock___acquire___reg;NOP
.delay_slot
	   152    0x00 0x00 0x31 0x0d 0x88 0x00 0xee 0x77                                          NOP;                                                                  MOV.s12 r7, #1;               MOV.s8 r6, #16
.delay_slot
.swstall delay_slot
	   160    0x00 0x01                                                                        NOP
.delay_slot
.swstall delay_slot
	   162    0x00 0x01                                                                        NOP
.delay_slot
.swstall delay_slot
	   164    0x00 0x00 0x00 0x03                                                              NOP;                                                                  NOP
.delay_slot
.swstall delay_slot
	   168    0x00 0x00 0x00 0x00 0x00 0x00 0x00 0x37                                          NOP;                                    NOP;                          NOP
.return_address
.no_stack_arguments
	   176    0x80 0x00 0x00 0xa0 0x20 0x00 0x07 0xf7                                                                                  NOP;                                                        JAL #llvm___aie___lock___acquire___reg;NOP
.delay_slot
	   184    0x00 0x00 0x30 0x0d 0xc8 0x09 0x6c 0x77                                          NOP;                                                                  MOV.s12 r6, #18;              MOV.s8 r7, #0
.delay_slot
.swstall delay_slot
	   192    0x00 0x01                                                                        NOP
.delay_slot
.swstall delay_slot
	   194    0x00 0x01                                                                        NOP
.delay_slot
.swstall delay_slot
	   196    0x00 0x00 0x00 0x03                                                              NOP;                                                                  NOP
.delay_slot
.swstall delay_slot
	   200    0x00 0x00 0x00 0x00 0x00 0x00 0x00 0x37                                          NOP;                                    NOP;                          NOP
.return_address
	   208    0x7f 0x12 0x00 0x03                                                              NOP;                                                                  MOV.s12 m0, #-60
	   212    0x00 0x01                                                                        NOP
	   214    0x00 0x01                                                                        NOP
	   216    0x00 0x00 0x3d 0xd1 0xd0 0x00 0x00 0x0c 0x7a 0x3f 0xae 0x3f                      NOP;                LDB r13, [p6], #4;  NOP;                                                        LDA.SPIL p0, [sp, #-44];      NOP
	   228    0x7c 0xa3 0x80 0x00 0x00 0x00 0x00 0x37                                          LDA r12, [p6], #4;                      NOP;                          NOP
	   236    0x7e 0xa3 0x80 0x00 0x00 0x00 0x00 0x37                                          LDA r14, [p6], #4;                      NOP;                          NOP
	   244    0x7f 0xa3 0xb8 0x03                                                              NOP;                LDB r15, [p6], #4
	   248    0x73 0xa3 0xb8 0x03                                                              NOP;                LDB r9, [p6], #4
	   252    0x71 0xa3 0xb8 0x03                                                              NOP;                LDB r8, [p6], #4
	   256    0x76 0xa3 0x80 0x00 0x00 0x00 0x00 0x37                                          LDA r6, [p6], #4;                       NOP;                          NOP
	   264    0x61 0xa3 0xb8 0x03                                                              NOP;                LDB r0, [p6], #4
	   268    0x00 0x00 0x3d 0xd1 0xc6 0xf7 0xae 0x17                                          NOP;                LDB r13, [p6], #4;                                MUL r7, r13, r11
	   276    0x00 0x00 0x3c 0xd1 0xc6 0xf7 0x8a 0x17                                          NOP;                LDB r12, [p6], #4;                                MUL r5, r12, r11
	   284    0x00 0x00 0x3e 0xd1 0xc6 0xf7 0xc2 0x17                                          NOP;                LDB r14, [p6], #4;                                MUL r1, r14, r11
	   292    0x00 0x00 0x37 0xd1 0xd5 0xde 0x88 0x17                                          NOP;                LDB r7, [p6], #4;   ST r7, [p0], #4
	   300    0x00 0x00 0x35 0xd1 0xcb 0xad 0x10 0xdf 0xef 0xc0 0x00 0x1f                      NOP;                LDB r5, [p6], #4;   ST r5, [p0], #4;              MUL r15, r11, r15;            NOP
	   312    0x00 0x00 0x39 0xd1 0xcb 0x8d 0x10 0xde 0xe4 0x80 0x00 0x1f                      NOP;                LDB r9, [p6], #4;   ST r1, [p0], #4;              MUL r2, r9, r11;              NOP
	   324    0x00 0x00 0x38 0xd1 0xc6 0xf7 0x02 0x17                                          NOP;                LDB r8, [p6], #4;                                 MUL r1, r8, r11
	   332    0x00 0x00 0x3f 0xc0 0xcb 0xfd 0x10 0xde 0xd8 0xc0 0x00 0x1f                      NOP;                LDB r15, [p6], m0;  ST r15, [p0], #4;             MUL r3, r6, r11;              NOP
	   344    0x00 0x00 0x1b 0xd8 0x02 0xe5 0x44 0x37                                          NOP;                                    ST r2, [p0], #4;              MUL r0, r0, r11
	   352    0x00 0x00 0x1b 0xde 0xea 0xe3 0x44 0x37                                          NOP;                                    ST r1, [p0], #4;              MUL r13, r13, r11
	   360    0x00 0x00 0x1b 0xde 0x62 0xe7 0x44 0x37                                          NOP;                                    ST r3, [p0], #4;              MUL r12, r12, r11
	   368    0x00 0x00 0x1b 0xdf 0x72 0xe1 0x44 0x37                                          NOP;                                    ST r0, [p0], #4;              MUL r14, r14, r11
	   376    0x00 0x00 0x1b 0xbd 0xea 0xfb 0x44 0x37                                          NOP;                                    ST r13, [p0], #4;             MUL r13, r11, r7
	   384    0x00 0x00 0x1b 0xda 0xe2 0xf9 0x44 0x37                                          NOP;                                    ST r12, [p0], #4;             MUL r12, r5, r11
	   392    0x00 0x00 0x1b 0xdc 0xf2 0xfd 0x44 0x37                                          NOP;                                    ST r14, [p0], #4;             MUL r14, r9, r11
	   400    0x00 0x00 0x1b 0xdc 0x6a 0xfb 0x44 0x37                                          NOP;                                    ST r13, [p0], #4;             MUL r13, r8, r11
	   408    0x00 0x00 0x1b 0xfd 0xe2 0xf9 0x44 0x37                                          NOP;                                    ST r12, [p0], #4;             MUL r12, r11, r15
.no_stack_arguments
	   416    0x80 0x00 0x00 0xa0 0x20 0x00 0x07 0xf7                                                                                  NOP;                                                        JAL #llvm___aie___lock___release___reg;NOP
.delay_slot
	   424    0xaf 0xd4 0x40 0x03                                                              NOP;                                    ST r14, [p0], #4
.delay_slot
	   428    0xaf 0xb4 0x40 0x03                                                              NOP;                                    ST r13, [p0], #4
.delay_slot
	   432    0xaf 0x90 0x00 0x03                                                              NOP;                                    ST r12, [p0], m0
.delay_slot
	   436    0x00 0x00 0x00 0x00 0x00 0x00 0x01 0x00 0x0d 0xf1 0x0d 0x9f                      NOP;                NOP;                NOP;                          MOV.s12 r7, #0;               MOV.s8 r6, #16
.delay_slot
	   448    0x00 0x00 0x00 0x00 0x10 0x00 0x00 0x0e 0x8f 0xfd 0x44 0x80 0x00 0x00 0x00 0x00  NOP;                NOP;                NOP;                          NOP;                          ST.SPIL p0, [sp, #-44];       NOP;                                    NOP
.return_address
.no_stack_arguments
	   464    0x80 0x00 0x00 0xa0 0x20 0x00 0x07 0xf7                                                                                  NOP;                                                        JAL #llvm___aie___lock___release___reg;NOP
.delay_slot
	   472    0x00 0x00 0x30 0x1d 0xc8 0x09 0x6c 0x77                                          NOP;                                                                  MOV.s12 r6, #18;              MOV.s8 r7, #1
.delay_slot
.swstall delay_slot
	   480    0x00 0x01                                                                        NOP
.delay_slot
.swstall delay_slot
	   482    0x00 0x01                                                                        NOP
.delay_slot
.swstall delay_slot
	   484    0x00 0x00 0x00 0x03                                                              NOP;                                                                  NOP
.delay_slot
.swstall delay_slot
	   488    0x00 0x00 0x00 0x00 0x00 0x00 0x00 0x37                                          NOP;                                    NOP;                          NOP
.return_address
.no_stack_arguments
	   496    0x80 0x00 0x00 0xa0 0x20 0x00 0x07 0xf7                                                                                  NOP;                                                        JAL #llvm___aie___lock___acquire___reg;NOP
.delay_slot
	   504    0x00 0x00 0x31 0x1d 0x88 0x00 0xee 0x77                                          NOP;                                                                  MOV.s12 r7, #1;               MOV.s8 r6, #17
.delay_slot
.swstall delay_slot
	   512    0x00 0x01                                                                        NOP
.delay_slot
.swstall delay_slot
	   514    0x00 0x01                                                                        NOP
.delay_slot
.swstall delay_slot
	   516    0x00 0x00 0x00 0x03                                                              NOP;                                                                  NOP
.delay_slot
.swstall delay_slot
	   520    0x00 0x00 0x00 0x00 0x00 0x00 0x00 0x37                                          NOP;                                    NOP;                          NOP
.return_address
.no_stack_arguments
	   528    0x80 0x00 0x00 0xa0 0x20 0x00 0x07 0xf7                                                                                  NOP;                                                        JAL #llvm___aie___lock___acquire___reg;NOP
.delay_slot
	   536    0x00 0x00 0x30 0x0d 0xc8 0x09 0xec 0x77                                          NOP;                                                                  MOV.s12 r6, #19;              MOV.s8 r7, #0
.delay_slot
.swstall delay_slot
	   544    0x00 0x01                                                                        NOP
.delay_slot
.swstall delay_slot
	   546    0x00 0x01                                                                        NOP
.delay_slot
.swstall delay_slot
	   548    0x00 0x00 0x00 0x03                                                              NOP;                                                                  NOP
.delay_slot
.swstall delay_slot
	   552    0x00 0x00 0x00 0x00 0x00 0x00 0x00 0x37                                          NOP;                                    NOP;                          NOP
.return_address
	   560    0x7f 0x12 0x00 0x03                                                              NOP;                                                                  MOV.s12 m0, #-60
	   564    0x00 0x01                                                                        NOP
	   566    0x00 0x01                                                                        NOP
	   568    0x00 0x00 0x3d 0xd1 0xf0 0x00 0x00 0x0c 0x7a 0x3f 0xb6 0x3f                      NOP;                LDB r13, [p7], #4;  NOP;                                                        LDA.SPIL p0, [sp, #-40];      NOP
	   580    0x7c 0xa3 0xc0 0x00 0x00 0x00 0x00 0x37                                          LDA r12, [p7], #4;                      NOP;                          NOP
	   588    0x7e 0xa3 0xc0 0x00 0x00 0x00 0x00 0x37                                          LDA r14, [p7], #4;                      NOP;                          NOP
	   596    0x71 0xa3 0xf8 0x03                                                              NOP;                LDB r8, [p7], #4
	   600    0x73 0xa3 0xf8 0x03                                                              NOP;                LDB r9, [p7], #4
	   604    0x7f 0xa3 0xf8 0x03                                                              NOP;                LDB r15, [p7], #4
	   608    0x77 0xa3 0xc0 0x00 0x00 0x00 0x00 0x37                                          LDA r7, [p7], #4;                       NOP;                          NOP
	   616    0x6d 0xa3 0xf8 0x03                                                              NOP;                LDB r6, [p7], #4
	   620    0x00 0x00 0x35 0xd1 0xe6 0xf7 0xba 0x17                                          NOP;                LDB r5, [p7], #4;                                 MUL r13, r13, r11
	   628    0x00 0x00 0x31 0xd1 0xe6 0xf7 0x98 0x17                                          NOP;                LDB r1, [p7], #4;                                 MUL r12, r12, r11
	   636    0x00 0x00 0x3e 0xd1 0xe6 0xf7 0xc0 0x17                                          NOP;                LDB r14, [p7], #4;                                MUL r0, r14, r11
	   644    0x00 0x00 0x3d 0xd1 0xf5 0xf6 0x88 0x17                                          NOP;                LDB r13, [p7], #4;  ST r13, [p0], #4
	   652    0x00 0x00 0x3c 0xd1 0xeb 0xe5 0x10 0xde 0xe2 0x00 0x00 0x1f                      NOP;                LDB r12, [p7], #4;  ST r12, [p0], #4;             MUL r8, r8, r11;              NOP
	   664    0x00 0x00 0x39 0xd1 0xeb 0x85 0x10 0xde 0xe4 0x00 0x00 0x1f                      NOP;                LDB r9, [p7], #4;   ST r0, [p0], #4;              MUL r0, r9, r11;              NOP
	   676    0x00 0x00 0x3f 0xd1 0xe6 0xff 0x66 0x17                                          NOP;                LDB r15, [p7], #4;                                MUL r3, r11, r15
	   684    0x00 0x00 0x38 0xc0 0xeb 0xc5 0x10 0xdd 0xed 0xc0 0x00 0x1f                      NOP;                LDB r8, [p7], m0;   ST r8, [p0], #4;              MUL r7, r11, r7;              NOP
	   696    0x00 0x00 0x1b 0xdb 0x02 0xe1 0x44 0x37                                          NOP;                                    ST r0, [p0], #4;              MUL r0, r6, r11
	   704    0x00 0x00 0x1b 0xda 0xaa 0xe7 0x44 0x37                                          NOP;                                    ST r3, [p0], #4;              MUL r5, r5, r11
	   712    0x00 0x00 0x1b 0xd8 0xba 0xef 0x44 0x37                                          NOP;                                    ST r7, [p0], #4;              MUL r7, r1, r11
	   720    0x00 0x00 0x1b 0xdf 0x72 0xe1 0x44 0x37                                          NOP;                                    ST r0, [p0], #4;              MUL r14, r14, r11
	   728    0x00 0x00 0x1b 0xde 0xea 0xeb 0x44 0x37                                          NOP;                                    ST r5, [p0], #4;              MUL r13, r13, r11
	   736    0x00 0x00 0x1b 0xde 0x62 0xef 0x44 0x37                                          NOP;                                    ST r7, [p0], #4;              MUL r12, r12, r11
	   744    0x00 0x00 0x1b 0xdc 0xf2 0xfd 0x44 0x37                                          NOP;                                    ST r14, [p0], #4;             MUL r14, r9, r11
	   752    0x00 0x00 0x1b 0xfd 0xea 0xfb 0x44 0x37                                          NOP;                                    ST r13, [p0], #4;             MUL r13, r11, r15
	   760    0x00 0x00 0x1b 0xdc 0x62 0xf9 0x44 0x37                                          NOP;                                    ST r12, [p0], #4;             MUL r12, r8, r11
.no_stack_arguments
	   768    0x80 0x00 0x00 0xa0 0x20 0x00 0x07 0xf7                                                                                  NOP;                                                        JAL #llvm___aie___lock___release___reg;NOP
.delay_slot
	   776    0xaf 0xd4 0x40 0x03                                                              NOP;                                    ST r14, [p0], #4
.delay_slot
	   780    0xaf 0xb4 0x40 0x03                                                              NOP;                                    ST r13, [p0], #4
.delay_slot
	   784    0xaf 0x90 0x00 0x03                                                              NOP;                                    ST r12, [p0], m0
.delay_slot
	   788    0x00 0x00 0x00 0x00 0x00 0x00 0x01 0x00 0x0d 0xf1 0x1d 0x9f                      NOP;                NOP;                NOP;                          MOV.s12 r7, #0;               MOV.s8 r6, #17
.delay_slot
	   800    0x00 0x00 0x00 0x00 0x10 0x00 0x00 0x0e 0x8f 0xfd 0x84 0x80 0x00 0x00 0x00 0x00  NOP;                NOP;                NOP;                          NOP;                          ST.SPIL p0, [sp, #-40];       NOP;                                    NOP
.return_address
.no_stack_arguments
	   816    0x80 0x00 0x00 0xa0 0x20 0x00 0x07 0xf7                                                                                  NOP;                                                        JAL #llvm___aie___lock___release___reg;NOP
.delay_slot
	   824    0x00 0x00 0x31 0x3d 0x88 0x00 0xee 0x77                                          NOP;                                                                  MOV.s12 r7, #1;               MOV.s8 r6, #19
.delay_slot
.swstall delay_slot
	   832    0x00 0x01                                                                        NOP
.delay_slot
.swstall delay_slot
	   834    0x00 0x01                                                                        NOP
.delay_slot
.swstall delay_slot
	   836    0x00 0x00 0x00 0x03                                                              NOP;                                                                  NOP
.delay_slot
.swstall delay_slot
	   840    0x00 0x00 0x00 0x00 0x00 0x00 0x00 0x37                                          NOP;                                    NOP;                          NOP
.return_address
	   848    0x80 0x00 0x00 0x40 0x40 0x09 0x07 0xf7                                                                                  NOP;                                                        MOV.u20 cb0, #(TGT_Fcore_6_2_144 + 0);NOP
	   856    0x03 0x8a 0xa0 0x03                                                              NOP;                                                                  BDEC r10, r10, cb0
.delay_slot
.swstall delay_slot
	   860    0x00 0x01                                                                        NOP
.delay_slot
.swstall delay_slot
	   862    0x00 0x01                                                                        NOP
.delay_slot
.swstall delay_slot
	   864    0x00 0x01                                                                        NOP
.delay_slot
.swstall delay_slot
	   866    0x00 0x01                                                                        NOP
.delay_slot
.swstall delay_slot
	   868    0x00 0x01                                                                        NOP
.loop_nesting 1
	   870    0x7f 0xfe 0x3f 0xff 0x08 0x00 0x7c 0x77                                          LDA r15, [sp, #-32];                                                  MOV.s12 r14, #0;              MOV.s8 r12, #-1
	   878    0x71 0xfd 0xf8 0x03                                                              NOP;                LDB r8, [sp, #-36]
	   882    0x75 0xff 0xf8 0x03                                                              NOP;                LDB r10, [sp, #-4]
	   886    0x00 0x01                                                                        NOP
	   888    0x00 0x01                                                                        NOP
	   890    0x00 0x01                                                                        NOP
	   892    0x00 0x01                                                                        NOP
	   894    0x00 0x01                                                                        NOP
	   896    0x20 0x1f 0xf0 0x03                                                              NOP;                                                                  ADD r15, r15, #1
	   900    0x32 0xe8 0xe0 0x03                                                              NOP;                                                                  ADC r14, r8, r14
	   904    0x00 0x00 0x1c 0xf5 0x72 0xfd 0xfb 0xb7                                          NOP;                                    ST r14, [sp, #-36];           NE r14, r10, r14
	   912    0x39 0xfc 0xc0 0x03                                                              NOP;                                                                  NE r12, r12, r15
	   916    0x35 0xec 0xc0 0x03                                                              NOP;                                                                  OR r12, r12, r14
	   920    0x80 0x00 0x00 0x91 0x80 0x07 0x07 0xf7                                                                                  NOP;                                                        BNEZ r12,#TGT_Fcore_6_2_112;  NOP
.delay_slot
	   928    0x80 0x00 0x00 0x40 0x20 0x00 0x07 0xf7                                                                                  NOP;                                                        MOV.u20 cl0, #out_buff_0;     NOP
.delay_slot
	   936    0xaf 0xff 0xc0 0x40 0xf4 0x00 0x07 0xf7                                                                                  ST r15, [sp, #-32];                                         MOV.u20 r13, #out_buff_1;     NOP
.delay_slot
.swstall delay_slot
	   944    0x00 0x01                                                                        NOP
.delay_slot
.swstall delay_slot
	   946    0x00 0x01                                                                        NOP
.delay_slot
.swstall delay_slot
	   948    0x00 0x01                                                                        NOP
.loop_nesting 0
	   950    0x58 0xfe 0x78 0x03                                                              NOP;                LDB lr, [sp, #-28]
	   954    0x80 0x00 0x00 0xc7 0xeb 0xfd 0xe7 0xf7                                                                                  NOP;                                                        LDA.SPIL r10, [sp, #-20];     NOP
	   962    0x80 0x00 0x00 0xc7 0xef 0xfd 0x67 0xf7                                                                                  NOP;                                                        LDA.SPIL r11, [sp, #-24];     NOP
	   970    0x80 0x00 0x00 0xc7 0xd3 0xff 0x67 0xf7                                                                                  NOP;                                                        LDA.SPIL r4, [sp, #-8];       NOP
	   978    0x80 0x00 0x00 0xc7 0xbb 0xfe 0xe7 0xf7                                                                                  NOP;                                                        LDA.SPIL p6, [sp, #-12];      NOP
	   986    0x80 0x00 0x00 0xc7 0xbf 0xfe 0x67 0xf7                                                                                  NOP;                                                        LDA.SPIL p7, [sp, #-16];      NOP
	   994    0x00 0x01                                                                        NOP
	   996    0x00 0x01                                                                        NOP
	   998    0x01 0x01                                                                        RET lr
.delay_slot
.swstall delay_slot
	  1000    0x00 0x01                                                                        NOP
.delay_slot
.swstall delay_slot
	  1002    0x00 0x01                                                                        NOP
.delay_slot
	  1004    0x7f 0x02 0x00 0x03                                                              NOP;                                                                  MOV.s12 m0, #-64
.delay_slot
	  1008    0x08 0x90 0x00 0x00 0x00 0x00 0x00 0x37                                          PADDA [sp], m0;                         NOP;                          NOP
.label core_6_2__end last
.delay_slot
.swstall delay_slot
	  1016    0x00 0x01                                                                        NOP

.undef global data in_cons_buff_0

.undef global data out_buff_0

.undef global data in_cons_buff_1

.undef global data out_buff_1

.undef global text llvm___aie___lock___acquire___reg

.undef global text llvm___aie___lock___release___reg

.text_segment_name
.text global 10 llvm___aie___lock___acquire___reg
.function_start
	     0    0x14 0x76 0x30 0x03                                                              NOP;                                                                  ACQ r6, #1, r7
	     4    0x01 0x01                                                                        RET lr
.delay_slot
.swstall delay_slot
	     6    0x00 0x01                                                                        NOP
.delay_slot
.swstall delay_slot
	     8    0x00 0x01                                                                        NOP
.delay_slot
.swstall delay_slot
	    10    0x00 0x01                                                                        NOP
.delay_slot
.swstall delay_slot
	    12    0x00 0x01                                                                        NOP
.label llvm___aie___lock___acquire___reg__end last
.delay_slot
.swstall delay_slot
	    14    0x00 0x01                                                                        NOP

.text_segment_name
.text global 10 llvm___aie___lock___release___reg
.function_start
	     0    0x00 0x01                                                                        NOP
	     2    0x00 0x01                                                                        NOP
	     4    0x00 0x01                                                                        NOP
	     6    0x00 0x01                                                                        NOP
	     8    0x00 0x01                                                                        NOP
	    10    0x00 0x01                                                                        NOP
	    12    0x16 0x76 0x30 0x03                                                              NOP;                                                                  REL r6, #1, r7
	    16    0x01 0x01                                                                        RET lr
.delay_slot
.swstall delay_slot
	    18    0x00 0x01                                                                        NOP
.delay_slot
.swstall delay_slot
	    20    0x00 0x01                                                                        NOP
.delay_slot
.swstall delay_slot
	    22    0x00 0x01                                                                        NOP
.delay_slot
.swstall delay_slot
	    24    0x00 0x01                                                                        NOP
.label llvm___aie___lock___release___reg__end last
.delay_slot
.swstall delay_slot
	    26    0x00 0x01                                                                        NOP



.direct_eval +,-,(,)
