
// File generated by darts version U-2022.12#3eec2545bc#230622, Mon Sep 16 15:43:14 2024
// Copyright 2014-2022 Synopsys, Inc. All rights reserved.
// darts -I/proj/xbuilds/2023.2_INT_1013_2256/installs/all_platforms/Vitis/2023.2/aietools/data/aie_ml/lib -d -h -I/proj/xbuilds/2023.2_INT_1013_2256/installs/all_platforms/Vitis/2023.2/aietools/data/aie_ml/lib/runtime_cxx/libcxx-lite/include -I/proj/xbuilds/2023.2_INT_1013_2256/installs/all_platforms/Vitis/2023.2/aietools/data/aie_ml/lib/runtime_cxx/libs/libcxx-9.0.0/include-lite -I/proj/xbuilds/2023.2_INT_1013_2256/installs/all_platforms/Vitis/2023.2/aietools/data/aie_ml/lib/runtime/include -I<BOOST_DIR> -D__AIENGINE__ -D__AIE_ARCH__=20 -D__AIEARCH__=20 -D__tct_tgt__=230622 -L +Ihex +nanno /scratch/aba/micro/mlir-aie/programming_examples/basic/vvmul-merged-ctrl/aie2.mlir.prj/input.o me

// Release: ipp U-2022.12-TGT-230622
.undef global data _ZN12me_primitive11control_satE

.undef global data _ZN12me_primitive11control_rndE

.undef global data objFifo_out1_buff_0

.undef global data objFifo_in1_cons_buff_0

.text_segment_name
.text global 16 core_0_2
.function_start
	     0    0x38 0x03 0x20 0x19                                                                                            PADDB [sp], #32
	     4    0x0f 0xff 0xc2 0x99                                                                                                                          ST lr, [sp, #-4]
.no_stack_arguments
	     8    0x00 0x00 0x00 0x00 0x01 0x15                                                                                                                                              JL #llvm___aie2___acquire
.delay_slot
	    14    0x00 0x3e 0x17 0xe8 0x00 0x63 0xc8 0x43                                                                                                                                    MOVX r1, #-1;                 MOV r0, #49
.delay_slot
.swstall delay_slot
	    22    0x00 0x01                                                                        NOPX
.delay_slot
.swstall delay_slot
	    24    0x00 0x01                                                                        NOPX
.delay_slot
.swstall delay_slot
	    26    0x00 0x01                                                                        NOPX
.delay_slot
.swstall delay_slot
	    28    0x00 0x00 0x00 0x19                                                              NOPA
.return_address
.no_stack_arguments
	    32    0x00 0x00 0x00 0x00 0x01 0x15                                                                                                                                              JL #llvm___aie2___acquire
.delay_slot
	    38    0x00 0x3e 0x17 0xe8 0x00 0x67 0x48 0x43                                                                                                                                    MOVX r1, #-1;                 MOV r0, #50
.delay_slot
.swstall delay_slot
	    46    0x00 0x01                                                                        NOPX
.delay_slot
.swstall delay_slot
	    48    0x00 0x01                                                                        NOPX
.delay_slot
.swstall delay_slot
	    50    0x00 0x01                                                                        NOPX
.delay_slot
.swstall delay_slot
	    52    0x00 0x00 0x00 0x00 0x00 0x00 0x00 0x00 0x00 0x00 0x01 0x37                      NOPA;                         NOPB;                         NOPS;                         NOPX
.return_address
	    64    0x07 0xe6 0x08 0x00 0x00 0x00 0x38 0x40 0x10 0xbb                                MOVA r24, #63;                                                                            MOVXM ls, #(ZLS_Fcore_0_2_128 + 0)
	    74    0x00 0x00 0x08 0xe1 0xc0 0x55                                                                                                                                              MOVXM le, #(ZLE_Fcore_0_2_224 + 0)
	    80    0x00 0x00 0x00 0x60 0x00 0x55                                                                                                                                              MOVXM p0, #objFifo_in1_cons_buff_0
	    86    0x00 0x00 0x00 0x00 0x00 0x00 0x98 0x00 0x10 0xbb                                NOPA;                                                                                     MOVXM p1, #objFifo_out1_buff_0
	    96    0x00 0x00 0x00 0x00 0x00 0x00 0x00 0x00 0x00 0x01 0x18 0x38 0x10 0x00 0x03 0xc0  NOPA;                         NOPB;                         NOPS;                         MOVXM p2, #(TGT_Fcore_0_2_112 + 0);                                   NOPV
.label TGT_Fcore_0_2_112
.loop_nesting 1
	   112    0x02 0xa6 0x78 0x01 0xfd 0x1d                                                    LDA.u8 r25, [p0], #1;                                                                     MOVX lc, #63
	   118    0x00 0x01                                                                        NOPX
	   120    0x00 0x01                                                                        NOPX
	   122    0x00 0x01                                                                        NOPX
	   124    0x00 0x01                                                                        NOPX
	   126    0x00 0x01                                                                        NOPX
.label ZLS_Fcore_0_2_128
.loop_nesting 2
.begin_of_loop
.noswbrkpt
	   128    0x00 0x00 0x22 0xa0 0x00 0x00 0x00 0x00 0x00 0x00 0x00 0x03 0x88 0x00 0x03 0xc0  ST.s8 r0, [p1], #1;           NOPB;                         NOPS;                         NOPX;                         NOPM;                                   NOPV
.nohwbrkpt
.noswbrkpt
	   144    0x00 0x00 0x02 0xa6 0x78 0x00 0x00 0x00 0x00 0x00 0x06 0x4f 0x38 0x00 0x03 0xc0  LDA.u8 r25, [p0], #1;         NOPB;                         NOPS;                         NOPX;                         ADD.NC r0, r25, #12;                    NOPV
	   160    0x00 0x00 0x00 0x00 0x00 0x00 0x00 0x00 0x00 0x00 0x00 0x03 0x88 0x00 0x03 0xc0  NOPA;                         NOPB;                         NOPS;                         NOPX;                         NOPM;                                   NOPV
	   176    0x00 0x00 0x00 0x00 0x00 0x00 0x00 0x00 0x00 0x00 0x00 0x03 0x88 0x00 0x03 0xc0  NOPA;                         NOPB;                         NOPS;                         NOPX;                         NOPM;                                   NOPV
	   192    0x00 0x00 0x00 0x00 0x00 0x00 0x00 0x00 0x00 0x00 0x00 0x03 0x88 0x00 0x03 0xc0  NOPA;                         NOPB;                         NOPS;                         NOPX;                         NOPM;                                   NOPV
	   208    0x00 0x00 0x00 0x00 0x00 0x00 0x00 0x00 0x00 0x00 0x00 0x03 0x88 0x00 0x03 0xc0  NOPA;                         NOPB;                         NOPS;                         NOPX;                         NOPM;                                   NOPV
.label ZLE_Fcore_0_2_224
.end_of_loop
	   224    0x00 0x00 0x00 0x00 0x00 0x00 0x00 0x00 0x00 0x00 0x00 0x03 0x88 0x00 0x03 0xc0  NOPA;                         NOPB;                         NOPS;                         NOPX;                         NOPM;                                   NOPV
.loop_nesting 1
	   240    0x16 0x30 0x8c 0x19                                                                                                                                                        JNZD r24, r24, p2
.delay_slot
	   244    0x22 0xa0 0x00 0x0c 0x9e 0x6d                                                    ST.s8 r0, [p1], #1;                                                                                                     ADD.NC r0, r25, #12
.delay_slot
.swstall delay_slot
	   250    0x00 0x01                                                                        NOPX
.delay_slot
.swstall delay_slot
	   252    0x00 0x01                                                                        NOPX
.delay_slot
.swstall delay_slot
	   254    0x00 0x01                                                                        NOPX
.delay_slot
.swstall delay_slot
	   256    0x00 0x01                                                                        NOPX
.loop_nesting 0
.no_stack_arguments
	   258    0x00 0x00 0x00 0x00 0x01 0x15                                                                                                                                              JL #llvm___aie2___release
.delay_slot
	   264    0x00 0x00 0x10 0x28 0x00 0x63 0x48 0x43                                                                                                                                    MOVX r1, #1;                  MOV r0, #48
.delay_slot
.swstall delay_slot
	   272    0x00 0x01                                                                        NOPX
.delay_slot
.swstall delay_slot
	   274    0x00 0x01                                                                        NOPX
.delay_slot
.swstall delay_slot
	   276    0x00 0x01                                                                        NOPX
.delay_slot
.swstall delay_slot
	   278    0x00 0x00 0x00 0x00 0x00 0x00 0x00 0x03 0x8e 0xbb                                NOPA;                         NOPB;                                                                                     NOPM
.return_address
	   288    0x07 0xff 0xc2 0xd9                                                              LDA lr, [sp, #-4]
.tail_call
	   292    0x00 0x00 0x00 0x00 0x00 0x95                                                                                                                                              J #llvm___aie2___release
.delay_slot
.swstall delay_slot
	   298    0x00 0x01                                                                        NOPX
.delay_slot
.swstall delay_slot
	   300    0x00 0x01                                                                        NOPX
.delay_slot
.swstall delay_slot
	   302    0x00 0x01                                                                        NOPX
.delay_slot
.swstall delay_slot
	   304    0x00 0x01                                                                        NOPX
.label core_0_2__end last
.delay_slot
	   306    0x00 0x00 0x07 0xff 0xe0 0x00 0xcd 0x04 0x00 0x79 0x00 0x00 0x00 0x7f            NOPA;                         PADDB [sp], #-32;             NOPS;                         MOVX r0, #51;                 MOV r1, #1

.undef global data objFifo_in1_cons_buff_0

.undef global data objFifo_out1_buff_0

.undef global text llvm___aie2___acquire

.undef global text llvm___aie2___release

.text_segment_name
.text global 10 llvm___aie2___acquire
.function_start
	     0    0x10 0x12 0x12 0x19                                                                                                                                                        ACQ r0, r1
	     4    0x10 0x00 0x18 0x19                                                                                                                                                        RET lr
.delay_slot
.swstall delay_slot
	     8    0x00 0x01                                                                        NOPX
.delay_slot
.swstall delay_slot
	    10    0x00 0x01                                                                        NOPX
.delay_slot
.swstall delay_slot
	    12    0x00 0x01                                                                        NOPX
.delay_slot
.swstall delay_slot
	    14    0x00 0x01                                                                        NOPX
.label llvm___aie2___acquire__end last
.delay_slot
.swstall delay_slot
	    16    0x00 0x00 0x00 0x00 0x00 0x00 0x00 0x00 0x00 0x00 0x00 0x03 0x88 0x00 0x03 0xc0  NOPA;                         NOPB;                         NOPS;                         NOPX;                         NOPM;                                   NOPV

.text_segment_name
.text global 10 llvm___aie2___release
.function_start
	     0    0x00 0x01                                                                        NOPX
	     2    0x00 0x01                                                                        NOPX
	     4    0x00 0x01                                                                        NOPX
	     6    0x00 0x01                                                                        NOPX
	     8    0x00 0x01                                                                        NOPX
	    10    0x00 0x01                                                                        NOPX
	    12    0x10 0x10 0x12 0x19                                                                                                                                                        REL r0, r1
	    16    0x10 0x00 0x18 0x19                                                                                                                                                        RET lr
.delay_slot
.swstall delay_slot
	    20    0x00 0x01                                                                        NOPX
.delay_slot
.swstall delay_slot
	    22    0x00 0x01                                                                        NOPX
.delay_slot
.swstall delay_slot
	    24    0x00 0x01                                                                        NOPX
.delay_slot
.swstall delay_slot
	    26    0x00 0x01                                                                        NOPX
.label llvm___aie2___release__end last
.delay_slot
.swstall delay_slot
	    28    0x00 0x00 0x00 0x19                                                              NOPA

.text_segment_name
.text global 10 llvm___aie___event0
.function_start
	     0    0x10 0x00 0x18 0x19                                                                                                                                                        RET lr
.delay_slot
	     4    0x10 0x00 0x10 0x19                                                                                                                                                        EVENT #0
.delay_slot
.swstall delay_slot
	     8    0x00 0x01                                                                        NOPX
.delay_slot
.swstall delay_slot
	    10    0x00 0x01                                                                        NOPX
.delay_slot
.swstall delay_slot
	    12    0x00 0x01                                                                        NOPX
.label llvm___aie___event0__end last
.delay_slot
.swstall delay_slot
	    14    0x00 0x01                                                                        NOPX

.text_segment_name
.text global 10 llvm___aie___event1
.function_start
	     0    0x10 0x00 0x18 0x19                                                                                                                                                        RET lr
.delay_slot
	     4    0x12 0x00 0x10 0x19                                                                                                                                                        EVENT #1
.delay_slot
.swstall delay_slot
	     8    0x00 0x01                                                                        NOPX
.delay_slot
.swstall delay_slot
	    10    0x00 0x01                                                                        NOPX
.delay_slot
.swstall delay_slot
	    12    0x00 0x01                                                                        NOPX
.label llvm___aie___event1__end last
.delay_slot
.swstall delay_slot
	    14    0x00 0x01                                                                        NOPX



.direct_eval +,-,(,)
