
// File generated by darts version U-2022.12#3eec2545bc#230622, Wed Sep 18 12:23:04 2024
// Copyright 2014-2022 Synopsys, Inc. All rights reserved.
// darts -I/proj/xbuilds/2023.2_INT_1013_2256/installs/all_platforms/Vitis/2023.2/aietools/data/aie_ml/lib -d -h -I/proj/xbuilds/2023.2_INT_1013_2256/installs/all_platforms/Vitis/2023.2/aietools/data/aie_ml/lib/runtime_cxx/libcxx-lite/include -I/proj/xbuilds/2023.2_INT_1013_2256/installs/all_platforms/Vitis/2023.2/aietools/data/aie_ml/lib/runtime_cxx/libs/libcxx-9.0.0/include-lite -I/proj/xbuilds/2023.2_INT_1013_2256/installs/all_platforms/Vitis/2023.2/aietools/data/aie_ml/lib/runtime/include -I<BOOST_DIR> -D__AIENGINE__ -D__AIE_ARCH__=20 -D__AIEARCH__=20 -D__tct_tgt__=230622 -L +Ihex +nanno /scratch/aba/micro/mlir-aie/programming_examples/basic/vvmul-merged-ctrl/aie2.mlir.prj/input.o me

// Release: ipp U-2022.12-TGT-230622
.undef global data _ZN12me_primitive11control_satE

.undef global data _ZN12me_primitive11control_rndE

.undef global data in1_cons_buff_1

.undef global data in1_cons_buff_0

.undef global data in2_cons_buff_1

.undef global data in2_cons_buff_0

.undef global data out_buff_1

.undef global data out_buff_0

.text_segment_name
.text global 16 core_0_2
.function_start
	     0    0x00 0x03 0x40 0x01 0x90 0x08 0x65 0x8b 0x28 0x3b                                                              PADDB [sp], #64;                                            MOVX r25, #0;                 MOV r3, r22
	    10    0xff 0x8e 0xd0 0x00 0x05 0x4b 0x20 0x03                                                                                                      ST p6, [sp, #-32];                                          MOV r0, r21
	    18    0xff 0x3e 0x40 0x3f 0x47 0xe8 0x25 0x0b 0x29 0x3b                                                                                            ST r25, [sp, #-52];           MOVX r20, #-1;                MOV r1, r20
	    28    0xff 0x4e 0x40 0x00 0x45 0xcb 0x20 0x03                                                                                                      ST r25, [sp, #-48];                                         MOV r2, r23
	    36    0xff 0x7f 0xd0 0x00 0x00 0x03 0x00 0x00 0x11 0x3b                                                                                            ST p7, [sp, #-36];            MOVXM r24, #out_buff_0
	    46    0xff 0x98 0x80 0x00 0x00 0x02 0xa0 0x00 0x11 0x3b                                                                                            ST r2, [sp, #-28];            MOVXM r21, #in1_cons_buff_1
	    56    0xff 0xa8 0xc0 0x00 0x00 0x02 0xc0 0x00 0x11 0x3b                                                                                            ST r3, [sp, #-24];            MOVXM r22, #in2_cons_buff_1
	    66    0xff 0xb8 0x00 0x00 0x00 0x03 0x18 0x48 0x11 0x3b                                                                                            ST r0, [sp, #-20];            MOVXM p6, #(TGT_Fcore_0_2_144 + 0)
	    76    0x0f 0xfe 0x60 0x19                                                                                                                          ST r16, [sp, #-16]
	    80    0x0f 0xfe 0xc2 0x19                                                                                                                          ST r1, [sp, #-12]
	    84    0x0f 0xff 0x66 0x19                                                                                                                          ST r19, [sp, #-8]
	    88    0x0f 0xff 0xe4 0x19                                                                                                                          ST r18, [sp, #-4]
	    92    0x0f 0xfb 0x62 0x19                                                                                                                          ST r17, [sp, #-40]
	    96    0x00 0x00 0x00 0x00 0x07 0xfa 0xc2 0x80 0x00 0x00 0x00 0x03 0x88 0x00 0x03 0xc0  NOPA;                         NOPB;                         ST lr, [sp, #-44];            NOPX;                         NOPM;                                   NOPV
.label TGT_Fcore_0_2_112
.loop_nesting 1
	   112    0x0f 0xe4 0x0f 0xf9 0x70 0x00 0x00 0x02 0x20 0x00 0x10 0x77                      MOVA r16, #127;                                             ST r24, [sp, #-56];           MOVXM r17, #in1_cons_buff_0
	   124    0x00 0x00 0x09 0x00 0x00 0x55                                                                                                                                              MOVXM r18, #in2_cons_buff_0
	   130    0x00 0x00 0x00 0x00 0x00 0x00 0x00 0x73 0x00 0x02 0x00 0x00 0x00 0x7f            NOPA;                         NOPB;                         NOPS;                         MOVXM p7, #out_buff_1
.label TGT_Fcore_0_2_144
.loop_nesting 2
.no_stack_arguments
	   144    0x00 0x00 0x00 0x00 0x01 0x15                                                                                                                                              JL #llvm___aie2___acquire
.delay_slot
	   150    0x00 0x00 0x06 0x28 0x27 0xff 0xc8 0x43                                                                                                                                    MOVX r0, #49;                 MOV r1, #-1
.delay_slot
.swstall delay_slot
	   158    0x00 0x01                                                                        NOPX
.delay_slot
.swstall delay_slot
	   160    0x00 0x01                                                                        NOPX
.delay_slot
.swstall delay_slot
	   162    0x00 0x01                                                                        NOPX
.delay_slot
.swstall delay_slot
	   164    0x00 0x00 0x00 0x00 0x00 0x00 0x00 0x00 0x00 0x00 0x01 0x37                      NOPA;                         NOPB;                         NOPS;                         NOPX
.return_address
.no_stack_arguments
	   176    0x00 0x00 0x00 0x00 0x01 0x15                                                                                                                                              JL #llvm___aie2___acquire
.delay_slot
	   182    0x00 0x00 0x06 0x68 0x27 0xff 0xc8 0x43                                                                                                                                    MOVX r0, #51;                 MOV r1, #-1
.delay_slot
.swstall delay_slot
	   190    0x00 0x01                                                                        NOPX
.delay_slot
.swstall delay_slot
	   192    0x00 0x01                                                                        NOPX
.delay_slot
.swstall delay_slot
	   194    0x00 0x01                                                                        NOPX
.delay_slot
.swstall delay_slot
	   196    0x00 0x00 0x00 0x00 0x00 0x00 0x00 0x00 0x00 0x00 0x01 0x37                      NOPA;                         NOPB;                         NOPS;                         NOPX
.return_address
.no_stack_arguments
	   208    0x00 0x00 0x00 0x00 0x01 0x15                                                                                                                                              JL #llvm___aie2___acquire
.delay_slot
	   214    0x00 0x00 0x06 0x88 0x27 0xff 0xc8 0x43                                                                                                                                    MOVX r0, #52;                 MOV r1, #-1
.delay_slot
.swstall delay_slot
	   222    0x00 0x01                                                                        NOPX
.delay_slot
.swstall delay_slot
	   224    0x00 0x01                                                                        NOPX
.delay_slot
.swstall delay_slot
	   226    0x00 0x01                                                                        NOPX
.delay_slot
.swstall delay_slot
	   228    0x00 0x00 0x00 0x00 0x00 0x00 0x00 0x00 0x00 0x00 0x01 0x37                      NOPA;                         NOPB;                         NOPS;                         NOPX
.return_address
	   240    0xff 0x28 0xd9 0x38 0x96 0x4d                                                    LDA p0, [sp, #-56];                                                                                                     MOV p1, r17
	   246    0x20 0x76 0x0a 0x39 0x16 0x4d                                                    LDA r24, [p1], #4;                                                                                                      MOV p2, r18
	   252    0x02 0x03 0xba 0x59                                                              LDA r29, [p2], #4
	   256    0x01 0x03 0xb4 0x59                                                              LDA r26, [p1], #4
	   260    0x02 0x03 0xbe 0x59                                                              LDA r31, [p2], #4
	   264    0x01 0x03 0xb8 0x59                                                              LDA r28, [p1], #4
	   268    0x02 0x03 0xbc 0x59                                                              LDA r30, [p2], #4
	   272    0x01 0x03 0xb2 0x59                                                              LDA r25, [p1], #4
	   276    0x02 0x03 0xb6 0x59                                                              LDA r27, [p2], #4
	   280    0x40 0x74 0x4f 0x7b 0x8f 0x9d                                                    LDA r17, [p2], #4;                                                                        MUL r29, r29, r24
	   286    0x01 0x03 0xb0 0x59                                                              LDA r24, [p1], #4
	   290    0x40 0x77 0xc8 0x03 0xba 0x00 0x07 0xf5 0xaf 0xfb                                LDA r31, [p2], #4;                                          ST r29, [p0], #4;             MUL r26, r31, r26
	   300    0x01 0x03 0xba 0x59                                                              LDA r29, [p1], #4
	   304    0x20 0x77 0x08 0x03 0xb4 0x00 0x07 0xb5 0xcf 0xfb                                LDA r28, [p1], #4;                                          ST r26, [p0], #4;             MUL r26, r30, r28
	   314    0x02 0x03 0xbc 0x59                                                              LDA r30, [p2], #4
	   318    0x20 0x76 0x88 0x03 0xb4 0x00 0x06 0xf3 0x9f 0xfb                                LDA r26, [p1], #4;                                          ST r26, [p0], #4;             MUL r25, r27, r25
	   328    0x02 0x03 0xb6 0x59                                                              LDA r27, [p2], #4
	   332    0x20 0x76 0x08 0x03 0xb2 0x00 0x04 0x63 0x8f 0xfb                                LDA r24, [p1], #4;                                          ST r25, [p0], #4;             MUL r17, r17, r24
	   342    0x02 0x03 0xb2 0x59                                                              LDA r25, [p2], #4
	   346    0x20 0x77 0xc8 0x03 0xa2 0x00 0x07 0xfb 0xdf 0xfb                                LDA r31, [p1], #4;                                          ST r17, [p0], #4;             MUL r29, r31, r29
	   356    0x02 0x03 0xa2 0x59                                                              LDA r17, [p2], #4
	   360    0x40 0x77 0x88 0x03 0xba 0x00 0x07 0xbb 0xcf 0xfb                                LDA r30, [p2], #4;                                          ST r29, [p0], #4;             MUL r29, r30, r28
	   370    0x01 0x03 0xb8 0x59                                                              LDA r28, [p1], #4
	   374    0x40 0x74 0x88 0x03 0xba 0x00 0x06 0xf5 0xaf 0xfb                                LDA r18, [p2], #4;                                          ST r29, [p0], #4;             MUL r26, r27, r26
	   384    0x01 0x03 0xba 0x59                                                              LDA r29, [p1], #4
	   388    0x20 0x76 0x88 0x03 0xb4 0x00 0x06 0x71 0x8f 0xfb                                LDA r26, [p1], #4;                                          ST r26, [p0], #4;             MUL r24, r25, r24
	   398    0x02 0x03 0xb6 0x59                                                              LDA r27, [p2], #4
	   402    0x20 0x76 0x08 0x03 0xb0 0x00 0x07 0xff 0x1f 0xfb                                LDA r24, [p1], #4;                                          ST r24, [p0], #4;             MUL r31, r31, r17
	   412    0x02 0x03 0xb2 0x59                                                              LDA r25, [p2], #4
	   416    0x20 0x77 0x08 0x03 0xbe 0x00 0x07 0xbd 0xcf 0xfb                                LDA r28, [p1], #4;                                          ST r31, [p0], #4;             MUL r30, r30, r28
	   426    0x02 0x03 0xbe 0x59                                                              LDA r31, [p2], #4
	   430    0x3c 0x77 0x48 0x03 0xbc 0x00 0x07 0x65 0x2f 0xfb                                LDA r29, [p1], #-60;                                        ST r30, [p0], #4;             MUL r18, r29, r18
	   440    0x02 0xe3 0xbc 0x59                                                              LDA r30, [p2], #-60
	   444    0x00 0x74 0x86 0xf5 0xaf 0xbd                                                                                                                ST r18, [p0], #4;             MUL r26, r27, r26
	   450    0x00 0x01                                                                        NOPX
	   452    0x16 0x71 0x8f 0x99                                                                                                                                                        MUL r24, r25, r24
	   456    0x00 0x01                                                                        NOPX
.no_stack_arguments
	   458    0x00 0x00 0x00 0x00 0x01 0x15                                                                                                                                              JL #llvm___aie2___release
.delay_slot
.noswbrkpt
	   464    0x00 0x76 0x87 0xf1 0xcf 0xbd                                                                                                                ST r26, [p0], #4;             MUL r24, r31, r28
.delay_slot
.nohwbrkpt
.noswbrkpt
	   470    0x00 0x76 0x07 0x71 0xef 0xbd                                                                                                                ST r24, [p0], #4;             MUL r24, r29, r30
.delay_slot
.nohwbrkpt
.noswbrkpt
	   476    0x00 0x76 0x00 0x02 0x21 0x3b 0x20 0x03                                                                                                      ST r24, [p0], #4;                                           MOV r17, p1
.delay_slot
	   484    0x00 0x00 0x00 0x00 0x00 0xe3 0xb0 0x02 0x42 0x3b 0x20 0xf7                      NOPA;                         NOPB;                         ST r24, [p0], #-60;                                         MOV r18, p2
.delay_slot
	   496    0x00 0x00 0x00 0x00 0x07 0xf9 0x46 0x80 0x10 0x28 0x00 0x63 0x48 0x00 0x03 0xc0  NOPA;                         NOPB;                         ST p0, [sp, #-56];            MOVX r1, #1;                  MOV r0, #48;                            NOPV
.return_address
.no_stack_arguments
	   512    0x00 0x00 0x00 0x00 0x01 0x15                                                                                                                                              JL #llvm___aie2___release
.delay_slot
	   518    0x00 0x00 0x06 0x48 0x20 0x03 0xc8 0x43                                                                                                                                    MOVX r0, #50;                 MOV r1, #1
.delay_slot
.swstall delay_slot
	   526    0x00 0x01                                                                        NOPX
.delay_slot
.swstall delay_slot
	   528    0x00 0x01                                                                        NOPX
.delay_slot
.swstall delay_slot
	   530    0x00 0x01                                                                        NOPX
.delay_slot
.swstall delay_slot
	   532    0x00 0x00 0x00 0x00 0x00 0x00 0x00 0x00 0x00 0x00 0x01 0x37                      NOPA;                         NOPB;                         NOPS;                         NOPX
.return_address
.no_stack_arguments
	   544    0x00 0x00 0x00 0x00 0x01 0x15                                                                                                                                              JL #llvm___aie2___release
.delay_slot
	   550    0x00 0x00 0x06 0xa8 0x20 0x03 0xc8 0x43                                                                                                                                    MOVX r0, #53;                 MOV r1, #1
.delay_slot
.swstall delay_slot
	   558    0x00 0x01                                                                        NOPX
.delay_slot
.swstall delay_slot
	   560    0x00 0x01                                                                        NOPX
.delay_slot
.swstall delay_slot
	   562    0x00 0x01                                                                        NOPX
.delay_slot
.swstall delay_slot
	   564    0x00 0x00 0x00 0x00 0x00 0x00 0x00 0x00 0x00 0x00 0x01 0x37                      NOPA;                         NOPB;                         NOPS;                         NOPX
.return_address
.no_stack_arguments
	   576    0x00 0x00 0x00 0x00 0x01 0x15                                                                                                                                              JL #llvm___aie2___acquire
.delay_slot
	   582    0x00 0x00 0x06 0x28 0x27 0xff 0xc8 0x43                                                                                                                                    MOVX r0, #49;                 MOV r1, #-1
.delay_slot
.swstall delay_slot
	   590    0x00 0x01                                                                        NOPX
.delay_slot
.swstall delay_slot
	   592    0x00 0x01                                                                        NOPX
.delay_slot
.swstall delay_slot
	   594    0x00 0x01                                                                        NOPX
.delay_slot
.swstall delay_slot
	   596    0x00 0x00 0x00 0x00 0x00 0x00 0x00 0x00 0x00 0x00 0x01 0x37                      NOPA;                         NOPB;                         NOPS;                         NOPX
.return_address
.no_stack_arguments
	   608    0x00 0x00 0x00 0x00 0x01 0x15                                                                                                                                              JL #llvm___aie2___acquire
.delay_slot
	   614    0x00 0x00 0x06 0x68 0x27 0xff 0xc8 0x43                                                                                                                                    MOVX r0, #51;                 MOV r1, #-1
.delay_slot
.swstall delay_slot
	   622    0x00 0x01                                                                        NOPX
.delay_slot
.swstall delay_slot
	   624    0x00 0x01                                                                        NOPX
.delay_slot
.swstall delay_slot
	   626    0x00 0x01                                                                        NOPX
.delay_slot
.swstall delay_slot
	   628    0x00 0x00 0x00 0x00 0x00 0x00 0x00 0x00 0x00 0x00 0x01 0x37                      NOPA;                         NOPB;                         NOPS;                         NOPX
.return_address
.no_stack_arguments
	   640    0x00 0x00 0x00 0x00 0x01 0x15                                                                                                                                              JL #llvm___aie2___acquire
.delay_slot
	   646    0x00 0x00 0x06 0x88 0x27 0xff 0xc8 0x43                                                                                                                                    MOVX r0, #52;                 MOV r1, #-1
.delay_slot
.swstall delay_slot
	   654    0x00 0x01                                                                        NOPX
.delay_slot
.swstall delay_slot
	   656    0x00 0x01                                                                        NOPX
.delay_slot
.swstall delay_slot
	   658    0x00 0x01                                                                        NOPX
.delay_slot
.swstall delay_slot
	   660    0x00 0x00 0x00 0x00 0x00 0x00 0x00 0x00 0x00 0x00 0x01 0x37                      NOPA;                         NOPB;                         NOPS;                         NOPX
.return_address
	   672    0x18 0x3b 0x16 0x59                                                                                                                                                                                      MOV p0, r22
	   676    0x00 0x76 0x09 0x3a 0x96 0x4d                                                    LDA r24, [p0], #4;                                                                                                      MOV p1, r21
	   682    0x01 0x03 0xb8 0x59                                                              LDA r28, [p1], #4
	   686    0x01 0x03 0xb2 0x59                                                              LDA r25, [p1], #4
	   690    0x00 0x03 0xbc 0x59                                                              LDA r30, [p0], #4
	   694    0x01 0x03 0xb6 0x59                                                              LDA r27, [p1], #4
	   698    0x00 0x03 0xbe 0x59                                                              LDA r31, [p0], #4
	   702    0x01 0x03 0xb4 0x59                                                              LDA r26, [p1], #4
	   706    0x00 0x03 0xba 0x59                                                              LDA r29, [p0], #4
	   710    0x00 0x74 0xcf 0x39 0x8f 0x9d                                                    LDA r19, [p0], #4;                                                                        MUL r28, r28, r24
	   716    0x01 0x03 0xb0 0x59                                                              LDA r24, [p1], #4
	   720    0x00 0x77 0x8f 0x03 0xb8 0x00 0x06 0x73 0xef 0xfb                                LDA r30, [p0], #4;                                          ST r28, [p7], #4;             MUL r25, r25, r30
	   730    0x01 0x03 0xb8 0x59                                                              LDA r28, [p1], #4
	   734    0x20 0x76 0xcf 0x03 0xb2 0x00 0x07 0xf3 0xbf 0xfb                                LDA r27, [p1], #4;                                          ST r25, [p7], #4;             MUL r25, r31, r27
	   744    0x00 0x03 0xbe 0x59                                                              LDA r31, [p0], #4
	   748    0x00 0x77 0x4f 0x03 0xb2 0x00 0x07 0x73 0xaf 0xfb                                LDA r29, [p0], #4;                                          ST r25, [p7], #4;             MUL r25, r29, r26
	   758    0x01 0x03 0xb4 0x59                                                              LDA r26, [p1], #4
	   762    0x20 0x76 0x0f 0x03 0xb2 0x00 0x04 0xe7 0x8f 0xfb                                LDA r24, [p1], #4;                                          ST r25, [p7], #4;             MUL r19, r19, r24
	   772    0x00 0x03 0xb2 0x59                                                              LDA r25, [p0], #4
	   776    0x20 0x77 0x8f 0x03 0xa6 0x00 0x07 0xb9 0xcf 0xfb                                LDA r30, [p1], #4;                                          ST r19, [p7], #4;             MUL r28, r30, r28
	   786    0x00 0x03 0xa6 0x59                                                              LDA r19, [p0], #4
	   790    0x20 0x77 0x0f 0x03 0xb8 0x00 0x07 0xf7 0xbf 0xfb                                LDA r28, [p1], #4;                                          ST r28, [p7], #4;             MUL r27, r31, r27
	   800    0x00 0x03 0xbe 0x59                                                              LDA r31, [p0], #4
	   804    0x00 0x75 0x4f 0x03 0xb6 0x00 0x07 0x75 0xaf 0xfb                                LDA r21, [p0], #4;                                          ST r27, [p7], #4;             MUL r26, r29, r26
	   814    0x01 0x03 0xba 0x59                                                              LDA r29, [p1], #4
	   818    0x20 0x76 0x8f 0x03 0xb4 0x00 0x06 0x71 0x8f 0xfb                                LDA r26, [p1], #4;                                          ST r26, [p7], #4;             MUL r24, r25, r24
	   828    0x00 0x03 0xb6 0x59                                                              LDA r27, [p0], #4
	   832    0x20 0x76 0x0f 0x03 0xb0 0x00 0x04 0xfd 0xef 0xfb                                LDA r24, [p1], #4;                                          ST r24, [p7], #4;             MUL r30, r19, r30
	   842    0x00 0x03 0xb2 0x59                                                              LDA r25, [p0], #4
	   846    0x20 0x77 0x0f 0x03 0xbc 0x00 0x07 0xfd 0xcf 0xfb                                LDA r28, [p1], #4;                                          ST r30, [p7], #4;             MUL r30, r31, r28
	   856    0x00 0x03 0xbe 0x59                                                              LDA r31, [p0], #4
	   860    0x3c 0x77 0x4f 0x03 0xbc 0x00 0x07 0x67 0x5f 0xfb                                LDA r29, [p1], #-60;                                        ST r30, [p7], #4;             MUL r19, r29, r21
	   870    0x00 0xe3 0xbc 0x59                                                              LDA r30, [p0], #-60
	   874    0x16 0xf5 0xaf 0x99                                                                                                                                                        MUL r26, r27, r26
	   878    0x00 0x01                                                                        NOPX
	   880    0x00 0x01                                                                        NOPX
.no_stack_arguments
	   882    0x00 0x00 0x00 0x00 0x01 0x15                                                                                                                                              JL #llvm___aie2___release
.delay_slot
	   888    0xe0 0x74 0xc6 0x71 0x8f 0xbd                                                                                                                ST r19, [p7], #4;             MUL r24, r25, r24
.delay_slot
.noswbrkpt
	   894    0xe0 0x76 0x87 0xf1 0xcf 0xbd                                                                                                                ST r26, [p7], #4;             MUL r24, r31, r28
.delay_slot
.nohwbrkpt
.noswbrkpt
	   900    0xe0 0x76 0x07 0x71 0xef 0xbd                                                                                                                ST r24, [p7], #4;             MUL r24, r29, r30
.delay_slot
.nohwbrkpt
.noswbrkpt
	   906    0xe0 0x76 0x00 0x02 0xc0 0x3b 0x20 0x03                                                                                                      ST r24, [p7], #4;                                           MOV r22, p0
.delay_slot
	   914    0x00 0x20 0x48 0x00 0x00 0x00 0xc1 0x54 0x27 0x65 0xfc 0x76 0x00 0x7f            MOVA r1, #1;                  NOPB;                         ST r24, [p7], #-60;           MOVX r0, #48;                 MOV r21, p1
.return_address
.no_stack_arguments
	   928    0x00 0x00 0x00 0x00 0x01 0x15                                                                                                                                              JL #llvm___aie2___release
.delay_slot
	   934    0x00 0x00 0x06 0x48 0x20 0x03 0xc8 0x43                                                                                                                                    MOVX r0, #50;                 MOV r1, #1
.delay_slot
.swstall delay_slot
	   942    0x00 0x01                                                                        NOPX
.delay_slot
.swstall delay_slot
	   944    0x00 0x01                                                                        NOPX
.delay_slot
.swstall delay_slot
	   946    0x00 0x01                                                                        NOPX
.delay_slot
.swstall delay_slot
	   948    0x00 0x00 0x00 0x00 0x00 0x00 0x00 0x00 0x00 0x00 0x01 0x37                      NOPA;                         NOPB;                         NOPS;                         NOPX
.return_address
.no_stack_arguments
	   960    0x00 0x00 0x00 0x00 0x01 0x15                                                                                                                                              JL #llvm___aie2___release
.delay_slot
	   966    0x00 0x00 0x06 0xa8 0x20 0x03 0xc8 0x43                                                                                                                                    MOVX r0, #53;                 MOV r1, #1
.delay_slot
.swstall delay_slot
	   974    0x00 0x01                                                                        NOPX
.delay_slot
.swstall delay_slot
	   976    0x00 0x01                                                                        NOPX
.delay_slot
.swstall delay_slot
	   978    0x00 0x01                                                                        NOPX
.delay_slot
.swstall delay_slot
	   980    0x00 0x00 0x00 0x00 0x00 0x00 0x00 0x00 0x00 0x00 0x01 0x37                      NOPA;                         NOPB;                         NOPS;                         NOPX
.return_address
	   992    0x14 0x21 0x8c 0x19                                                                                                                                                        JNZD r16, r16, p6
.delay_slot
.swstall delay_slot
	   996    0x00 0x01                                                                        NOPX
.delay_slot
.swstall delay_slot
	   998    0x00 0x01                                                                        NOPX
.delay_slot
.swstall delay_slot
	  1000    0x00 0x01                                                                        NOPX
.delay_slot
.swstall delay_slot
	  1002    0x00 0x01                                                                        NOPX
.delay_slot
.swstall delay_slot
	  1004    0x00 0x01                                                                        NOPX
.loop_nesting 1
	  1006    0xff 0x4e 0x88 0x32 0x01 0x1d                                                    LDA r26, [sp, #-48];                                                                      MOVX r25, #0
	  1012    0xff 0x3f 0x08 0x1f 0xff 0xff 0x67 0xff 0x90 0xbb                                LDA r28, [sp, #-52];                                                                      MOVXM r27, #2147483647
	  1022    0x00 0x01                                                                        NOPX
	  1024    0x00 0x01                                                                        NOPX
	  1026    0x00 0x01                                                                        NOPX
	  1028    0x00 0x01                                                                        NOPX
	  1030    0x00 0x01                                                                        NOPX
	  1032    0x16 0xb4 0x07 0x19                                                                                                                                                        ADD r26, r26, #1
	  1036    0xff 0x4e 0x86 0x73 0xc2 0xbd                                                                                                                ST r26, [sp, #-48];           ADC r25, r25, r28
	  1042    0xff 0x3e 0x46 0xf3 0x98 0xbd                                                                                                                ST r25, [sp, #-52];           NE r25, r27, r25
	  1048    0x16 0xb5 0x48 0x99                                                                                                                                                        NE r26, r26, r20
	  1052    0x16 0x73 0xa5 0x99                                                                                                                                                        OR r25, r25, r26
	  1056    0xc8 0x00 0x38 0x40 0x01 0x95                                                                                                                                              JNZ r25, #TGT_Fcore_0_2_112
.delay_slot
	  1062    0x00 0x00 0x0c 0x00 0x00 0x55                                                                                                                                              MOVXM r24, #out_buff_0
.delay_slot
	  1068    0x00 0x00 0x0a 0x80 0x00 0x55                                                                                                                                              MOVXM r21, #in1_cons_buff_1
.delay_slot
	  1074    0x00 0x00 0x0b 0x00 0x00 0x55                                                                                                                                              MOVXM r22, #in2_cons_buff_1
.delay_slot
.swstall delay_slot
	  1080    0x00 0x01                                                                        NOPX
.delay_slot
.swstall delay_slot
	  1082    0x00 0x01                                                                        NOPX
.loop_nesting 0
	  1084    0x07 0xfa 0xc2 0xd9                                                              LDA lr, [sp, #-44]
	  1088    0x07 0xfb 0x62 0x59                                                              LDA r17, [sp, #-40]
	  1092    0x07 0xff 0xe4 0x59                                                              LDA r18, [sp, #-4]
	  1096    0x07 0xff 0x66 0x59                                                              LDA r19, [sp, #-8]
	  1100    0x07 0xfe 0xe8 0x59                                                              LDA r20, [sp, #-12]
	  1104    0x07 0xfe 0x60 0x59                                                              LDA r16, [sp, #-16]
	  1108    0x07 0xfd 0xea 0x59                                                              LDA r21, [sp, #-20]
	  1112    0x07 0xfd 0x6c 0x59                                                              LDA r22, [sp, #-24]
	  1116    0x07 0xfc 0xee 0x59                                                              LDA r23, [sp, #-28]
	  1120    0x07 0xfc 0x76 0xd9                                                              LDA p6, [sp, #-32]
	  1124    0x07 0xfb 0xfe 0xd9                                                              LDA p7, [sp, #-36]
	  1128    0x10 0x00 0x18 0x19                                                                                                                                                        RET lr
.delay_slot
.swstall delay_slot
	  1132    0x00 0x01                                                                        NOPX
.delay_slot
.swstall delay_slot
	  1134    0x00 0x01                                                                        NOPX
.delay_slot
.swstall delay_slot
	  1136    0x00 0x01                                                                        NOPX
.delay_slot
.swstall delay_slot
	  1138    0x00 0x01                                                                        NOPX
.label core_0_2__end last
.delay_slot
	  1140    0x00 0x00 0x07 0xff 0xc0 0x00 0x00 0x00 0x00 0x00 0x01 0x37                      NOPA;                         PADDB [sp], #-64;             NOPS;                         NOPX

.undef global data in1_cons_buff_0

.undef global data in2_cons_buff_0

.undef global data out_buff_0

.undef global data in1_cons_buff_1

.undef global data in2_cons_buff_1

.undef global data out_buff_1

.undef global text llvm___aie2___acquire

.undef global text llvm___aie2___release

.text_segment_name
.text global 10 llvm___aie2___acquire
.function_start
	     0    0x10 0x12 0x12 0x19                                                                                                                                                        ACQ r0, r1
	     4    0x10 0x00 0x18 0x19                                                                                                                                                        RET lr
.delay_slot
.swstall delay_slot
	     8    0x00 0x01                                                                        NOPX
.delay_slot
.swstall delay_slot
	    10    0x00 0x01                                                                        NOPX
.delay_slot
.swstall delay_slot
	    12    0x00 0x01                                                                        NOPX
.delay_slot
.swstall delay_slot
	    14    0x00 0x01                                                                        NOPX
.label llvm___aie2___acquire__end last
.delay_slot
.swstall delay_slot
	    16    0x00 0x00 0x00 0x00 0x00 0x00 0x00 0x00 0x00 0x00 0x00 0x03 0x88 0x00 0x03 0xc0  NOPA;                         NOPB;                         NOPS;                         NOPX;                         NOPM;                                   NOPV

.text_segment_name
.text global 10 llvm___aie2___release
.function_start
	     0    0x00 0x01                                                                        NOPX
	     2    0x00 0x01                                                                        NOPX
	     4    0x00 0x01                                                                        NOPX
	     6    0x00 0x01                                                                        NOPX
	     8    0x00 0x01                                                                        NOPX
	    10    0x00 0x01                                                                        NOPX
	    12    0x10 0x10 0x12 0x19                                                                                                                                                        REL r0, r1
	    16    0x10 0x00 0x18 0x19                                                                                                                                                        RET lr
.delay_slot
.swstall delay_slot
	    20    0x00 0x01                                                                        NOPX
.delay_slot
.swstall delay_slot
	    22    0x00 0x01                                                                        NOPX
.delay_slot
.swstall delay_slot
	    24    0x00 0x01                                                                        NOPX
.delay_slot
.swstall delay_slot
	    26    0x00 0x01                                                                        NOPX
.label llvm___aie2___release__end last
.delay_slot
.swstall delay_slot
	    28    0x00 0x00 0x00 0x19                                                              NOPA

.text_segment_name
.text global 10 llvm___aie___event0
.function_start
	     0    0x10 0x00 0x18 0x19                                                                                                                                                        RET lr
.delay_slot
	     4    0x10 0x00 0x10 0x19                                                                                                                                                        EVENT #0
.delay_slot
.swstall delay_slot
	     8    0x00 0x01                                                                        NOPX
.delay_slot
.swstall delay_slot
	    10    0x00 0x01                                                                        NOPX
.delay_slot
.swstall delay_slot
	    12    0x00 0x01                                                                        NOPX
.label llvm___aie___event0__end last
.delay_slot
.swstall delay_slot
	    14    0x00 0x01                                                                        NOPX

.text_segment_name
.text global 10 llvm___aie___event1
.function_start
	     0    0x10 0x00 0x18 0x19                                                                                                                                                        RET lr
.delay_slot
	     4    0x12 0x00 0x10 0x19                                                                                                                                                        EVENT #1
.delay_slot
.swstall delay_slot
	     8    0x00 0x01                                                                        NOPX
.delay_slot
.swstall delay_slot
	    10    0x00 0x01                                                                        NOPX
.delay_slot
.swstall delay_slot
	    12    0x00 0x01                                                                        NOPX
.label llvm___aie___event1__end last
.delay_slot
.swstall delay_slot
	    14    0x00 0x01                                                                        NOPX



.direct_eval +,-,(,)
