
// File generated by darts version R-2021.03#bdd134a96a#210729, Tue Jan 31 10:56:23 2023
// Copyright 2014-2021 Synopsys, Inc. All rights reserved.
// darts -I/mnt/scratch/tools_tmp/Xilinx/Vitis/2021.2/aietools/data/cervino/lib -d -h -I/mnt/scratch/tools_tmp/Xilinx/Vitis/2021.2/aietools/data/cervino/lib/runtime_cxx/libcxx-lite/include -I/mnt/scratch/tools_tmp/Xilinx/Vitis/2021.2/aietools/data/cervino/lib/runtime_cxx/libs/libcxx-9.0.0/include-lite -I/mnt/scratch/tools_tmp/Xilinx/Vitis/2021.2/aietools/data/cervino/lib/runtime/include -L +Ihex +nanno +u core_7_1.elf me

// Release: ipp R-2021.03-TGT-210729

.text_segment PM      0
.entry_point
.label __AIE_ARCH_MODEL_VERSION__10011900__inlined__1__me_basic___main_init_
.label _main_init
.function_start
           0    0x4e 0x64 0x00 0x0b                                                              NOP;                                                                                                MOV.u20 sp, #229376
           4    0x40 0x03 0xc0 0x03                                                              NOP;                                                                  MOV.s12 r12, #0
           8    0xca 0x21                                                                        MOV mc0, r12
          10    0xca 0x61                                                                        MOV mc1, r12
          12    0x80 0x00 0x00 0x7f 0xbb 0xff 0xc7 0xf7                                                                                  NOP;                                                        MOV.u20 p6, #1048572;         NOP
          20    0x80 0x00 0x00 0xa0 0x00 0x07 0x07 0xf7                                                                                  NOP;                                                        J #112;                       NOP
.delay_slot
          28    0x80 0x00 0x00 0x40 0xec 0x00 0x07 0xf7                                                                                  NOP;                                                        MOV.u20 r11, #0;              NOP
.delay_slot
          36    0xa2 0xf5                                                                        MOV p7, p0
.delay_slot
          38    0x00 0x00 0x07 0x6e 0x88 0x00 0x78 0x77                                          NOP;                                                                  MOV.s12 r12, #0;              MOV r10, r6
.delay_slot
          46    0xcb 0x21                                                                        MOV md0, r12
.delay_slot
          48    0x00 0x00 0x00 0x00 0x00 0x00 0x00 0x02 0xcb 0x40 0x00 0x00 0x00 0x00 0x00 0x02  NOP;                NOP;                NOP;                          NOP;                          MOV md1, r12;                 NOP;                                    NOP
.label TGT_F_main_init_64
.loop_nesting 1
          64    0x40 0xbf 0x80 0x00 0x00 0x00 0x00 0x37                                          LDA cb0, [p6], #-4;                     NOP;                          NOP
          72    0x00 0x01                                                                        NOP
          74    0x00 0x01                                                                        NOP
          76    0x00 0x01                                                                        NOP
          78    0x00 0x01                                                                        NOP
          80    0x00 0x01                                                                        NOP
          82    0x00 0x01                                                                        NOP
          84    0x00 0x01                                                                        NOP
.no_stack_arguments
          86    0x00 0x41                                                                        JAL cb0
.delay_slot
.swstall delay_slot
          88    0x00 0x01                                                                        NOP
.delay_slot
.swstall delay_slot
          90    0x00 0x01                                                                        NOP
.delay_slot
.swstall delay_slot
          92    0x00 0x01                                                                        NOP
.delay_slot
.swstall delay_slot
          94    0x00 0x01                                                                        NOP
.delay_slot
.swstall delay_slot
          96    0x00 0x00 0x00 0x00 0x00 0x00 0x00 0x00 0x00 0x00 0x00 0x00 0x00 0x00 0x00 0x02  NOP;                NOP;                NOP;                          NOP;                          NOP;                          NOP;                                    NOP
.label __ll1__main_init
.return_address
         112    0x08 0xa3 0x80 0x00 0x00 0x00 0x00 0x37                                          PADDA [p6], #4;                         NOP;                          NOP
         120    0x00 0x01                                                                        NOP
         122    0xbb 0xc5                                                                        MOV r12, p6
         124    0x39 0xbc 0xc0 0x03                                                              NOP;                                                                  NE r12, r12, r11
         128    0x80 0x00 0x00 0x91 0x80 0x04 0x07 0xf7                                                                                  NOP;                                                        BNEZ r12,#64;                 NOP
.delay_slot
         136    0x08 0xbf 0x80 0x00 0x00 0x00 0x00 0x37                                          PADDA [p6], #-4;                        NOP;                          NOP
.delay_slot
.swstall delay_slot
         144    0x00 0x01                                                                        NOP
.delay_slot
.swstall delay_slot
         146    0x00 0x01                                                                        NOP
.delay_slot
.swstall delay_slot
         148    0x00 0x01                                                                        NOP
.delay_slot
.swstall delay_slot
         150    0x00 0x01                                                                        NOP
.loop_nesting 0
.no_stack_arguments
         152    0x80 0x00 0x00 0xa0 0x20 0x11 0x07 0xf7                                                                                  NOP;                                                        JAL #272;                     NOP
.delay_slot
         160    0xeb 0x65                                                                        MOV r6, r10
.delay_slot
         162    0xbe 0x85                                                                        MOV p0, p7
.delay_slot
.swstall delay_slot
         164    0x00 0x01                                                                        NOP
.delay_slot
.swstall delay_slot
         166    0x00 0x01                                                                        NOP
.delay_slot
.swstall delay_slot
         168    0x00 0x00 0x00 0x00 0x00 0x00 0x00 0x37                                          NOP;                                    NOP;                          NOP
.return_address
.no_stack_arguments
         176    0x80 0x00 0x00 0xa0 0x20 0x5b 0x07 0xf7                                                                                  NOP;                                                        JAL #1456;                    NOP
.delay_slot
         184    0x80 0x00 0x00 0x40 0xa0 0x00 0x07 0xf7                                                                                  NOP;                                                        MOV.u20 p0, #0;               NOP
.delay_slot
.swstall delay_slot
         192    0x00 0x01                                                                        NOP
.delay_slot
.swstall delay_slot
         194    0x00 0x01                                                                        NOP
.delay_slot
.swstall delay_slot
         196    0x00 0x00 0x00 0x03                                                              NOP;                                                                  NOP
.delay_slot
.swstall delay_slot
         200    0x00 0x00 0x00 0x00 0x00 0x00 0x00 0x37                                          NOP;                                    NOP;                          NOP
.return_address
.swstall chess_separator_scheduler
         208    0x00 0x01                                                                        NOP
.swstall chess_separator_scheduler
         210    0x00 0x01                                                                        NOP
.swstall chess_separator_scheduler
         212    0x00 0x01                                                                        NOP
.swstall chess_separator_scheduler
         214    0x00 0x01                                                                        NOP
.swstall chess_separator_scheduler
         216    0x00 0x01                                                                        NOP
.swstall chess_separator_scheduler
         218    0x00 0x01                                                                        NOP
.swstall chess_separator_scheduler
         220    0x00 0x01                                                                        NOP
.swstall chess_separator_scheduler
         222    0x00 0x01                                                                        NOP
         224    0x04 0x00 0x20 0x03                                                              NOP;                                                                  EVENT #2
.swstall chess_separator_scheduler
         228    0x00 0x01                                                                        NOP
.swstall chess_separator_scheduler
         230    0x00 0x01                                                                        NOP
.swstall chess_separator_scheduler
         232    0x00 0x01                                                                        NOP
.swstall chess_separator_scheduler
         234    0x00 0x01                                                                        NOP
.swstall chess_separator_scheduler
         236    0x00 0x01                                                                        NOP
.swstall for_chess_exit
.exit
         238    0x00 0x01                                                                        NOP
.label TGT_F_main_init_240
.loop_nesting 1
         240    0x80 0x00 0x00 0xa0 0x00 0x0f 0x07 0xf7                                                                                  NOP;                                                        J #240;                       NOP
.delay_slot
.swstall delay_slot
         248    0x00 0x01                                                                        NOP
.delay_slot
.swstall delay_slot
         250    0x00 0x01                                                                        NOP
.delay_slot
.swstall delay_slot
         252    0x00 0x01                                                                        NOP
.delay_slot
.swstall delay_slot
         254    0x00 0x01                                                                        NOP
.delay_slot
.swstall delay_slot
         256    0x00 0x01                                                                        NOP
.label _main_init__end

.text_segment PM    272
.label core_7_1
.function_start
         272    0x08 0x90 0xc0 0x00 0x00 0x00 0x00 0x37                                          PADDA [sp], #32;                        NOP;                          NOP
         280    0x00 0x01                                                                        NOP
         282    0x80 0x00 0x00 0xc8 0xff 0xfc 0x47 0xf7                                                                                  NOP;                                                        ST.SPIL lr, [sp, #-4];        NOP
.no_stack_arguments
         290    0x80 0x00 0x00 0xa0 0x20 0x25 0x07 0xf7                                                                                  NOP;                                                        JAL #592;                     NOP
.delay_slot
         298    0x00 0x00 0x33 0xed 0x88 0x00 0x6e 0x77                                          NOP;                                                                  MOV.s12 r7, #0;               MOV.s8 r6, #62
.delay_slot
.swstall delay_slot
         306    0x00 0x01                                                                        NOP
.delay_slot
.swstall delay_slot
         308    0x00 0x01                                                                        NOP
.delay_slot
.swstall delay_slot
         310    0x00 0x01                                                                        NOP
.delay_slot
.swstall delay_slot
         312    0x00 0x00 0x00 0x00 0x00 0x00 0x00 0x37                                          NOP;                                    NOP;                          NOP
.return_address
.no_stack_arguments
         320    0x80 0x00 0x00 0xa0 0x20 0x25 0x07 0xf7                                                                                  NOP;                                                        JAL #592;                     NOP
.delay_slot
         328    0x00 0x00 0x33 0x0d 0x88 0x00 0xee 0x77                                          NOP;                                                                  MOV.s12 r7, #1;               MOV.s8 r6, #48
.delay_slot
.swstall delay_slot
         336    0x00 0x01                                                                        NOP
.delay_slot
.swstall delay_slot
         338    0x00 0x01                                                                        NOP
.delay_slot
.swstall delay_slot
         340    0x00 0x00 0x00 0x03                                                              NOP;                                                                  NOP
.delay_slot
.swstall delay_slot
         344    0x00 0x00 0x00 0x00 0x00 0x00 0x00 0x37                                          NOP;                                    NOP;                          NOP
.return_address
.no_stack_arguments
         352    0x80 0x00 0x00 0xa0 0x20 0x25 0x07 0xf7                                                                                  NOP;                                                        JAL #592;                     NOP
.delay_slot
         360    0x00 0x00 0x33 0x1d 0x88 0x00 0xee 0x77                                          NOP;                                                                  MOV.s12 r7, #1;               MOV.s8 r6, #49
.delay_slot
.swstall delay_slot
         368    0x00 0x01                                                                        NOP
.delay_slot
.swstall delay_slot
         370    0x00 0x01                                                                        NOP
.delay_slot
.swstall delay_slot
         372    0x00 0x00 0x00 0x03                                                              NOP;                                                                  NOP
.delay_slot
.swstall delay_slot
         376    0x00 0x00 0x00 0x00 0x00 0x00 0x00 0x37                                          NOP;                                    NOP;                          NOP
.return_address
.no_stack_arguments
         384    0x80 0x00 0x00 0xa0 0x20 0x25 0x07 0xf7                                                                                  NOP;                                                        JAL #592;                     NOP
.delay_slot
         392    0x00 0x00 0x33 0x2d 0x88 0x00 0xee 0x77                                          NOP;                                                                  MOV.s12 r7, #1;               MOV.s8 r6, #50
.delay_slot
.swstall delay_slot
         400    0x00 0x01                                                                        NOP
.delay_slot
.swstall delay_slot
         402    0x00 0x01                                                                        NOP
.delay_slot
.swstall delay_slot
         404    0x00 0x00 0x00 0x03                                                              NOP;                                                                  NOP
.delay_slot
.swstall delay_slot
         408    0x00 0x00 0x00 0x00 0x00 0x00 0x00 0x37                                          NOP;                                    NOP;                          NOP
.return_address
.no_stack_arguments
         416    0x80 0x00 0x00 0xa0 0x20 0x25 0x07 0xf7                                                                                  NOP;                                                        JAL #592;                     NOP
.delay_slot
         424    0x00 0x00 0x33 0x4d 0x88 0x00 0x6e 0x77                                          NOP;                                                                  MOV.s12 r7, #0;               MOV.s8 r6, #52
.delay_slot
.swstall delay_slot
         432    0x00 0x01                                                                        NOP
.delay_slot
.swstall delay_slot
         434    0x00 0x01                                                                        NOP
.delay_slot
.swstall delay_slot
         436    0x00 0x00 0x00 0x03                                                              NOP;                                                                  NOP
.delay_slot
.swstall delay_slot
         440    0x00 0x00 0x00 0x00 0x00 0x00 0x00 0x37                                          NOP;                                    NOP;                          NOP
.return_address
.no_stack_arguments
         448    0x80 0x00 0x00 0xa0 0x20 0x28 0x07 0xf7                                                                                  NOP;                                                        JAL #640;                     NOP
.delay_slot
         456    0x80 0x00 0x00 0x4e 0xae 0x00 0x07 0xf7                                                                                  NOP;                                                        MOV.u20 p3, #237568;          NOP
.delay_slot
         464    0x80 0x00 0x00 0x4e 0xa9 0x80 0x07 0xf7                                                                                  NOP;                                                        MOV.u20 p2, #235520;          NOP
.delay_slot
         472    0x80 0x00 0x00 0x4e 0xa5 0x40 0x07 0xf7                                                                                  NOP;                                                        MOV.u20 p1, #234496;          NOP
.delay_slot
         480    0x80 0x00 0x00 0x4e 0xa1 0x00 0x07 0xf7                                                                                  NOP;                                                        MOV.u20 p0, #233472;          NOP
.delay_slot
.swstall delay_slot
         488    0x00 0x00 0x00 0x00 0x00 0x00 0x00 0x37                                          NOP;                                    NOP;                          NOP
.return_address
.no_stack_arguments
         496    0x80 0x00 0x00 0xa0 0x20 0x26 0x07 0xf7                                                                                  NOP;                                                        JAL #608;                     NOP
.delay_slot
         504    0x00 0x00 0x33 0x0d 0x88 0x00 0x6e 0x77                                          NOP;                                                                  MOV.s12 r7, #0;               MOV.s8 r6, #48
.delay_slot
.swstall delay_slot
         512    0x00 0x01                                                                        NOP
.delay_slot
.swstall delay_slot
         514    0x00 0x01                                                                        NOP
.delay_slot
.swstall delay_slot
         516    0x00 0x00 0x00 0x03                                                              NOP;                                                                  NOP
.delay_slot
.swstall delay_slot
         520    0x00 0x00 0x00 0x00 0x00 0x00 0x00 0x37                                          NOP;                                    NOP;                          NOP
.return_address
.no_stack_arguments
         528    0x80 0x00 0x00 0xa0 0x20 0x26 0x07 0xf7                                                                                  NOP;                                                        JAL #608;                     NOP
.delay_slot
         536    0x00 0x00 0x33 0x4d 0x88 0x00 0xee 0x77                                          NOP;                                                                  MOV.s12 r7, #1;               MOV.s8 r6, #52
.delay_slot
.swstall delay_slot
         544    0x00 0x01                                                                        NOP
.delay_slot
.swstall delay_slot
         546    0x00 0x01                                                                        NOP
.delay_slot
.swstall delay_slot
         548    0x00 0x00 0x00 0x03                                                              NOP;                                                                  NOP
.delay_slot
.swstall delay_slot
         552    0x00 0x00 0x00 0x00 0x00 0x00 0x00 0x37                                          NOP;                                    NOP;                          NOP
.return_address
         560    0x58 0xff 0xf8 0x03                                                              NOP;                LDB lr, [sp, #-4]
         564    0x00 0x01                                                                        NOP
.tail_call
         566    0x80 0x00 0x00 0xa0 0x00 0x26 0x07 0xf7                                                                                  NOP;                                                        J #608;                       NOP
.delay_slot
.swstall delay_slot
         574    0x00 0x01                                                                        NOP
.delay_slot
.swstall delay_slot
         576    0x00 0x01                                                                        NOP
.delay_slot
.swstall delay_slot
         578    0x00 0x01                                                                        NOP
.delay_slot
         580    0x08 0x9f 0xf3 0xed 0x88 0x00 0x6e 0x77                                          PADDA [sp], #-32;                                                     MOV.s12 r7, #0;               MOV.s8 r6, #62
.delay_slot
.swstall delay_slot
         588    0x00 0x01                                                                        NOP
.label core_7_1__end

.text_segment PM    592
.label llvm___aie___lock___acquire___reg
.function_start
         592    0x14 0x76 0x30 0x03                                                              NOP;                                                                  ACQ r6, #1, r7
         596    0x01 0x01                                                                        RET lr
.delay_slot
.swstall delay_slot
         598    0x00 0x01                                                                        NOP
.delay_slot
.swstall delay_slot
         600    0x00 0x01                                                                        NOP
.delay_slot
.swstall delay_slot
         602    0x00 0x01                                                                        NOP
.delay_slot
.swstall delay_slot
         604    0x00 0x01                                                                        NOP
.delay_slot
.swstall delay_slot
         606    0x00 0x01                                                                        NOP
.label llvm___aie___lock___acquire___reg__end
.label llvm___aie___lock___release___reg
.function_start
         608    0x00 0x01                                                                        NOP
         610    0x00 0x01                                                                        NOP
         612    0x00 0x01                                                                        NOP
         614    0x00 0x01                                                                        NOP
         616    0x00 0x01                                                                        NOP
         618    0x00 0x01                                                                        NOP
         620    0x16 0x76 0x30 0x03                                                              NOP;                                                                  REL r6, #1, r7
         624    0x01 0x01                                                                        RET lr
.delay_slot
.swstall delay_slot
         626    0x00 0x01                                                                        NOP
.delay_slot
.swstall delay_slot
         628    0x00 0x01                                                                        NOP
.delay_slot
.swstall delay_slot
         630    0x00 0x01                                                                        NOP
.delay_slot
.swstall delay_slot
         632    0x00 0x01                                                                        NOP
.delay_slot
.swstall delay_slot
         634    0x00 0x01                                                                        NOP
.label llvm___aie___lock___release___reg__end

.text_segment PM    640
.label stencil_2d_7point_fp32
.function_start
         640    0x28 0x08 0x18 0xc0 0x54 0x02 0x4b 0x04 0xab 0x00 0x00 0x3f                      MOV.s10 cs0, #32;   MOV.s9 r8, #2;      PADDS [sp], #160;                                           MOV.u20 p4, #163840;          NOP
         652    0x06 0xd1 0x1c 0xc0 0x68 0x00 0xf2 0x04 0x00 0x40 0x00 0x3f                      VLDA wr1, [p4];     MOV.s9 r12, #3;                                   MOV.s12 r9, #1;               MOV.u20 ch1, #0;              NOP
         664    0x02 0xd1 0x06 0x8b 0x08 0x0f 0x88 0x77                                          VLDA wr0, [p4];                                                       MOV.s12 lc, #31;              MOV p4, p0
         672    0x80 0x00 0x00 0x01 0x04 0xbf 0x87 0xf7                                                                                  NOP;                                                        MOVT.s12 ch1, #-1032;         NOP
.noswbrkpt
         680    0x02 0xa2 0x00 0x00 0x15 0x47 0xd8 0x05 0x02 0x32 0x10 0x3f                      VLDA wr0, [p0], #32;NOP;                ST ch1, [sp, #-160];                                        MOV.u20 cl0, #274960;         NOP
.nohwbrkpt
.noswbrkpt
         692    0xaa 0x3e 0xc8 0x40 0x24 0x00 0x07 0xf7                                                                                  ST ch1, [sp, #-156];                                        MOV.u20 cl1, #0;              NOP
.nohwbrkpt
.noswbrkpt
         700    0x1e 0xc1 0x06 0x9b 0x15 0x47 0xda 0x77                                          VLDA wd1, [p4, cs0];                    ST ch1, [sp, #-152];                                        MOV p4, p1
.nohwbrkpt
.noswbrkpt
         708    0xaa 0x3e 0xd8 0x40 0x28 0x00 0x07 0xf7                                                                                  ST ch1, [sp, #-148];                                        MOV.u20 cl2, #0;              NOP
.nohwbrkpt
.noswbrkpt
         716    0xaa 0x3e 0xe0 0x40 0x00 0x00 0x07 0xf7                                                                                  ST ch1, [sp, #-144];                                        MOV.u20 ch0, #0;              NOP
.nohwbrkpt
.noswbrkpt
         724    0xba 0x1f 0xf8 0x01 0x20 0x76 0x57 0xf7                                                                                  VST wr0, [sp, #-32];                                        MOVT.s12 cl0, #1893;          NOP
.nohwbrkpt
.noswbrkpt
         732    0xba 0x5f 0xf0 0x01 0x24 0x00 0x97 0xf7                                                                                  VST wr1, [sp, #-64];                                        MOVT.s12 cl1, #9;             NOP
.nohwbrkpt
.noswbrkpt
         740    0x02 0xff 0xe4 0x17 0x00 0x00 0x00 0x77                                          VLDA wr0, [sp, #-32];                                                 NOP;                          VMOV xd, xa
         748    0x06 0xff 0x80 0x00 0x10 0x00 0x00 0x00 0x10 0x0c 0x10 0x3f                      VLDA wr1, [sp, #-64];NOP;               NOP;                                                        MOVT.s12 ch0, #-1008;         NOP
         760    0x02 0xa2 0x40 0x00 0x15 0x47 0xdd 0x04 0x06 0x04 0x20 0x3f                      VLDA wr0, [p1], #32;NOP;                ST ch1, [sp, #-140];                                        MOV.u20 ls, #1056;            NOP
         772    0xaa 0x3e 0xf0 0x40 0x6c 0x4c 0x07 0xf7                                                                                  ST ch1, [sp, #-136];                                        MOV.u20 le, #1216;            NOP
         780    0x80 0x00 0x00 0xd1 0xff 0x7c 0x47 0xf7                                                                                  NOP;                                                        ST.SPIL ch1, [sp, #-132];     NOP
         788    0x80 0x00 0x00 0xc7 0xa3 0xec 0x27 0xf7                                                                                  NOP;                                                        VLDA.SPIL wc0, [sp, #-160];   NOP
.noswbrkpt
         796    0x1a 0xa2 0x80 0x00 0x10 0x00 0x00 0x0d 0x0f 0xf8 0x04 0x3f                      VLDA wd0, [p2], #32;NOP;                NOP;                                                        ST.SPIL ch0, [sp, #-128];     NOP
.nohwbrkpt
.noswbrkpt
         808    0x1e 0xd0 0x80 0x00 0x10 0x00 0x00 0x0d 0x0f 0xf8 0x44 0x3f                      VLDA wd1, [p2];     NOP;                NOP;                                                        ST.SPIL ch0, [sp, #-124];     NOP
.nohwbrkpt
.noswbrkpt
         820    0x80 0x00 0x00 0xd0 0xff 0x88 0x47 0xf7                                                                                  NOP;                                                        ST.SPIL ch0, [sp, #-120];     NOP
.nohwbrkpt
.noswbrkpt
         828    0x80 0x00 0x00 0xe0 0xff 0xe0 0x07 0xf7                                                                                  NOP;                                                        VST.SPIL wr0, [sp, #-32];     NOP
.nohwbrkpt
.noswbrkpt
         836    0x80 0x00 0x00 0xe2 0xff 0xc0 0x07 0xf7                                                                                  NOP;                                                        VST.SPIL wr1, [sp, #-64];     NOP
.nohwbrkpt
.noswbrkpt
         844    0x80 0x00 0x00 0xc7 0x83 0xfc 0x27 0xf7                                                                                  NOP;                                                        VLDA.SPIL wr0, [sp, #-32];    NOP
.nohwbrkpt
.noswbrkpt
         852    0x00 0x00 0x00 0x00 0x10 0x00 0x00 0x0c 0x78 0xbf 0x82 0x88 0x10 0x20 0x04 0x50  NOP;                NOP;                NOP;                          NOP;                          VLDA.SPIL wr1, [sp, #-64];    NOP;                                    VFPMUL wr2, r0, yd, r8, cl0, wc0, #0, cl2, #0, cl1
         868    0x06 0xc1 0x00 0x00 0x10 0x00 0x00 0x0d 0x0f 0xf8 0xc4 0x3f                      VLDA wr1, [p4, cs0];NOP;                NOP;                                                        ST.SPIL ch0, [sp, #-116];     NOP
         880    0x80 0x00 0x00 0xd0 0xff 0x90 0x47 0xf7                                                                                  NOP;                                                        ST.SPIL ch0, [sp, #-112];     NOP
         888    0x80 0x00 0x00 0xd0 0xff 0x94 0x47 0xf7                                                                                  NOP;                                                        ST.SPIL ch0, [sp, #-108];     NOP
         896    0x80 0x00 0x00 0xd0 0xff 0x98 0x47 0xf7                                                                                  NOP;                                                        ST.SPIL ch0, [sp, #-104];     NOP
         904    0x80 0x00 0x00 0xd0 0xff 0x9c 0x47 0xf7                                                                                  NOP;                                                        ST.SPIL ch0, [sp, #-100];     NOP
         912    0x80 0x00 0x00 0xc7 0xab 0xf0 0x27 0xf7                                                                                  NOP;                                                        VLDA.SPIL wc1, [sp, #-128];   NOP
         920    0x00 0x01                                                                        NOP
         922    0x00 0x00 0x00 0x00 0x10 0x00 0x00 0x0e 0x0f 0xfe 0x00 0x88 0x20 0x24 0x04 0x44  NOP;                NOP;                NOP;                          NOP;                          VST.SPIL wr0, [sp, #-32];     NOP;                                    VFPMAC wr2, r1, wr2, ya, r9, cl0, wc0, #0, cl2, #0, cl1
         938    0x80 0x00 0x00 0xe2 0xff 0xc0 0x07 0xf7                                                                                  NOP;                                                        VST.SPIL wr1, [sp, #-64];     NOP
         946    0x80 0x00 0x00 0x82 0x03 0x00 0x44 0x87                                          NOP;                                    NOP;                                                                                                                              VFPMAC wr2, r2, wr2, ya, r12, cl0, wc0, #0, cl2, #0, cl1
         954    0x00 0x01                                                                        NOP
         956    0x00 0x01                                                                        NOP
         958    0x00 0x01                                                                        NOP
         960    0x00 0x01                                                                        NOP
         962    0x00 0x01                                                                        NOP
.noswbrkpt
         964    0x1a 0xa2 0x00 0x00 0x10 0x00 0x00 0x0e 0x4f 0xfa 0x00 0x3f                      VLDA wd0, [p0], #32;NOP;                NOP;                                                        VST.SPIL wr2, [sp, #-96];     NOP
.nohwbrkpt
.noswbrkpt
         976    0x00 0x00 0x0f 0x68 0x10 0x00 0x00 0x0c 0x78 0x3f 0xc2 0x3f                      NOP;                VLDB wd1, [p0];     NOP;                                                        VLDA.SPIL wr0, [sp, #-32];    NOP
.nohwbrkpt
.noswbrkpt
         988    0x80 0x00 0x00 0xc7 0x8b 0xf8 0x27 0xf7                                                                                  NOP;                                                        VLDA.SPIL wr1, [sp, #-64];    NOP
.nohwbrkpt
.noswbrkpt
         996    0x80 0x00 0x00 0xc7 0x93 0xf4 0x27 0xf7                                                                                  NOP;                                                        VLDA.SPIL wr2, [sp, #-96];    NOP
.nohwbrkpt
.noswbrkpt
        1004    0x00 0x01                                                                        NOP
.nohwbrkpt
.noswbrkpt
        1006    0x00 0x01                                                                        NOP
.nohwbrkpt
.noswbrkpt
        1008    0x49 0xa8 0x18 0x03                                                              NOP;                                                                                                VMOV xa, xd
.nohwbrkpt
.noswbrkpt
        1012    0x02 0xa2 0x60 0x00 0x00 0x00 0x04 0x41 0x11 0x00 0x22 0x6f                      VLDA wr0, [p1], #32;                    NOP;                          NOP;                                                        NOP;                                    VFPMAC wr3, r3, wr2, ya, r8, cl0, wc0, #0, cl2, #0, cl1
.nohwbrkpt
.noswbrkpt
        1024    0x06 0xd0 0x40 0x00 0x00 0x00 0x00 0x37                                          VLDA wr1, [p1];                         NOP;                          NOP
.nohwbrkpt
.noswbrkpt
        1032    0x80 0x00 0x00 0x82 0xb2 0x40 0x44 0x47                                          NOP;                                    NOP;                                                                                                                              VFPMAC wr3, r5, wr3, ya, r9, cl0, wc0, #0, cl2, #0, cl1
.nohwbrkpt
.noswbrkpt
        1040    0x00 0x00 0x00 0x03                                                              NOP;                                                                  NOP
.nohwbrkpt
.noswbrkpt
        1044    0x00 0x00 0x20 0x00 0x00 0x00 0x04 0x41 0x59 0x80 0x22 0x4f                      NOP;                                    NOP;                          NOP;                                                        NOP;                                    VFPMAC wr3, r6, wr3, ya, r12, cl0, wc0, #0, cl2, #0, cl1
.label ZLS_Fstencil_2d_7point_fp32_416
.loop_nesting 1
.begin_of_loop
.nohwbrkpt
.noswbrkpt
        1056    0x80 0x00 0x00 0x81 0x02 0x00 0x45 0x07                                          NOP;                                    NOP;                                                                                                                              VFPMUL wr2, r0, yd, r8, cl0, wc0, #0, cl2, #0, cl1
.nohwbrkpt
.noswbrkpt
        1064    0x80 0x00 0x00 0x82 0xb6 0x00 0x46 0xc7                                          NOP;                                    NOP;                                                                                                                              VFPMAC wr3, r7, wr3, ya, r8, cl0, wc1, #0, cl2, #1, cl1
.nohwbrkpt
.noswbrkpt
        1072    0x00 0x01                                                                        NOP
.nohwbrkpt
.noswbrkpt
        1074    0x80 0x00 0x00 0x82 0x02 0x40 0x44 0x47                                          NOP;                                    NOP;                                                                                                                              VFPMAC wr2, r1, wr2, ya, r9, cl0, wc0, #0, cl2, #0, cl1
.nohwbrkpt
.noswbrkpt
        1082    0x00 0x01                                                                        NOP
.nohwbrkpt
.noswbrkpt
        1084    0x80 0x00 0x00 0x82 0x03 0x00 0x44 0x87                                          NOP;                                    NOP;                                                                                                                              VFPMAC wr2, r2, wr2, ya, r12, cl0, wc0, #0, cl2, #0, cl1
.nohwbrkpt
.noswbrkpt
        1092    0x00 0x01                                                                        NOP
.nohwbrkpt
.noswbrkpt
        1094    0xba 0xd4 0x58 0x03                                                              NOP;                                    VST wr3, [p3], #32
.nohwbrkpt
.noswbrkpt
        1098    0x00 0x01                                                                        NOP
.nohwbrkpt
.noswbrkpt
        1100    0x1a 0xa2 0x80 0x00 0x10 0x00 0x00 0x0e 0x2f 0xfc 0x00 0x3f                      VLDA wd0, [p2], #32;NOP;                NOP;                                                        VST.SPIL wr1, [sp, #-64];     NOP
.nohwbrkpt
.noswbrkpt
        1112    0x1e 0xd0 0x80 0x00 0x10 0x00 0x00 0x0e 0x0f 0xfe 0x00 0x3f                      VLDA wd1, [p2];     NOP;                NOP;                                                        VST.SPIL wr0, [sp, #-32];     NOP
.nohwbrkpt
.noswbrkpt
        1124    0x1a 0xa2 0x00 0x00 0x10 0x00 0x00 0x0e 0x4f 0xfa 0x00 0x3f                      VLDA wd0, [p0], #32;NOP;                NOP;                                                        VST.SPIL wr2, [sp, #-96];     NOP
.nohwbrkpt
.noswbrkpt
        1136    0x00 0x00 0x0f 0x68 0x10 0x00 0x00 0x0c 0x78 0x3f 0xc2 0x3f                      NOP;                VLDB wd1, [p0];     NOP;                                                        VLDA.SPIL wr0, [sp, #-32];    NOP
.nohwbrkpt
.noswbrkpt
        1148    0x80 0x00 0x00 0xc7 0x8b 0xf8 0x27 0xf7                                                                                  NOP;                                                        VLDA.SPIL wr1, [sp, #-64];    NOP
.nohwbrkpt
.noswbrkpt
        1156    0x80 0x00 0x00 0xc7 0x93 0xf4 0x27 0xf7                                                                                  NOP;                                                        VLDA.SPIL wr2, [sp, #-96];    NOP
.nohwbrkpt
.noswbrkpt
        1164    0x00 0x01                                                                        NOP
.nohwbrkpt
.noswbrkpt
        1166    0x00 0x01                                                                        NOP
.nohwbrkpt
.noswbrkpt
        1168    0x49 0xa8 0x18 0x03                                                              NOP;                                                                                                VMOV xa, xd
.nohwbrkpt
.noswbrkpt
        1172    0x02 0xa2 0x60 0x00 0x00 0x00 0x04 0x41 0x11 0x00 0x22 0x6f                      VLDA wr0, [p1], #32;                    NOP;                          NOP;                                                        NOP;                                    VFPMAC wr3, r3, wr2, ya, r8, cl0, wc0, #0, cl2, #0, cl1
.nohwbrkpt
.noswbrkpt
        1184    0x06 0xd0 0x40 0x00 0x00 0x00 0x00 0x37                                          VLDA wr1, [p1];                         NOP;                          NOP
.nohwbrkpt
.noswbrkpt
        1192    0x80 0x00 0x00 0x82 0xb2 0x40 0x44 0x47                                          NOP;                                    NOP;                                                                                                                              VFPMAC wr3, r5, wr3, ya, r9, cl0, wc0, #0, cl2, #0, cl1
.nohwbrkpt
.noswbrkpt
        1200    0x00 0x00 0x00 0x00 0x00 0x00 0x00 0x00 0x00 0x00 0x00 0x00 0x00 0x00 0x00 0x02  NOP;                NOP;                NOP;                          NOP;                          NOP;                          NOP;                                    NOP
.label ZLE_Fstencil_2d_7point_fp32_576
.end_of_loop
.nohwbrkpt
.noswbrkpt
        1216    0x00 0x00 0x00 0x00 0x10 0x00 0x00 0x40 0x00 0x00 0x00 0x88 0x2b 0x30 0x04 0x48  NOP;                NOP;                NOP;                          NOP;                          NOP;                          NOP;                                    VFPMAC wr3, r6, wr3, ya, r12, cl0, wc0, #0, cl2, #0, cl1
.loop_nesting 0
.nohwbrkpt
.noswbrkpt
        1232    0x00 0x01                                                                        NOP
.nohwbrkpt
.noswbrkpt
        1234    0x80 0x00 0x00 0x82 0xb6 0x00 0x46 0xc7                                          NOP;                                    NOP;                                                                                                                              VFPMAC wr3, r7, wr3, ya, r8, cl0, wc1, #0, cl2, #1, cl1
        1242    0x00 0x01                                                                        NOP
        1244    0x00 0x01                                                                        NOP
        1246    0x00 0x01                                                                        NOP
        1248    0x01 0x01                                                                        RET lr
.delay_slot
.swstall delay_slot
        1250    0x00 0x01                                                                        NOP
.delay_slot
        1252    0xba 0xd4 0x58 0x03                                                              NOP;                                    VST wr3, [p3], #32
.delay_slot
.swstall delay_slot
        1256    0x00 0x01                                                                        NOP
.delay_slot
        1258    0x08 0x9d 0xc0 0x00 0x00 0x00 0x00 0x37                                          PADDA [sp], #-160;                      NOP;                          NOP
.delay_slot
.swstall delay_slot
        1266    0x00 0x01                                                                        NOP
.label stencil_2d_7point_fp32__end

.text_segment PM   1280
.label _fini
.function_start
        1280    0x08 0x90 0xc0 0x00 0x10 0x00 0x00 0x0a 0x00 0x05 0x60 0x3f                      PADDA [sp], #32;    NOP;                NOP;                                                        J #1376;                      NOP
.delay_slot
        1292    0x0e 0x98 0x18 0x03                                                              NOP;                                                                                                MOV r0, r4
.delay_slot
        1296    0x52 0x3f 0xc0 0x00 0x00 0x37 0xd0 0xf7                                                                                  ST lr, [sp, #-16];            NOP;                          MOV p0, p7
.delay_slot
        1304    0xaf 0x7f 0xf8 0x40 0xbc 0x00 0x07 0xf7                                                                                  ST r11, [sp, #-4];                                          MOV.u20 p7, #0;               NOP
.delay_slot
        1312    0xad 0x1f 0xe8 0x40 0xd0 0x00 0x07 0xf7                                                                                  ST p0, [sp, #-12];                                          MOV.u20 r4, #0;               NOP
.delay_slot
        1320    0xae 0x1f 0xf0 0x40 0xec 0x00 0x07 0xf7                                                                                  ST r0, [sp, #-8];                                           MOV.u20 r11, #0;              NOP
.label TGT_F_fini_48
.loop_nesting 1
        1328    0x40 0xa3 0xc0 0x00 0x00 0x00 0x00 0x37                                          LDA cb0, [p7], #4;                      NOP;                          NOP
        1336    0x00 0x01                                                                        NOP
        1338    0x00 0x01                                                                        NOP
        1340    0x00 0x01                                                                        NOP
        1342    0x00 0x01                                                                        NOP
        1344    0x00 0x01                                                                        NOP
        1346    0x00 0x01                                                                        NOP
        1348    0x00 0x01                                                                        NOP
.no_stack_arguments
        1350    0x00 0x41                                                                        JAL cb0
.delay_slot
        1352    0xbf 0x45                                                                        MOV r4, p7
.delay_slot
.swstall delay_slot
        1354    0x00 0x01                                                                        NOP
.delay_slot
.swstall delay_slot
        1356    0x00 0x01                                                                        NOP
.delay_slot
.swstall delay_slot
        1358    0x00 0x01                                                                        NOP
.delay_slot
.swstall delay_slot
        1360    0x00 0x00 0x00 0x00 0x00 0x00 0x00 0x00 0x00 0x00 0x00 0x00 0x00 0x00 0x00 0x02  NOP;                NOP;                NOP;                          NOP;                          NOP;                          NOP;                                    NOP
.label __ll1__fini
.return_address
        1376    0x39 0xb4 0xc0 0x03                                                              NOP;                                                                  NE r12, r4, r11
        1380    0x80 0x00 0x00 0x91 0x80 0x53 0x07 0xf7                                                                                  NOP;                                                        BNEZ r12,#1328;               NOP
.delay_slot
.swstall delay_slot
        1388    0x00 0x01                                                                        NOP
.delay_slot
.swstall delay_slot
        1390    0x00 0x01                                                                        NOP
.delay_slot
.swstall delay_slot
        1392    0x00 0x01                                                                        NOP
.delay_slot
.swstall delay_slot
        1394    0x00 0x01                                                                        NOP
.delay_slot
.swstall delay_slot
        1396    0x00 0x01                                                                        NOP
.loop_nesting 0
        1398    0x58 0xff 0x38 0x03                                                              NOP;                LDB lr, [sp, #-16]
        1402    0x80 0x00 0x00 0xc7 0xef 0xff 0xe7 0xf7                                                                                  NOP;                                                        LDA.SPIL r11, [sp, #-4];      NOP
        1410    0x80 0x00 0x00 0xc7 0xd3 0xff 0x67 0xf7                                                                                  NOP;                                                        LDA.SPIL r4, [sp, #-8];       NOP
        1418    0x80 0x00 0x00 0xc7 0xbf 0xfe 0xe7 0xf7                                                                                  NOP;                                                        LDA.SPIL p7, [sp, #-12];      NOP
        1426    0x00 0x01                                                                        NOP
        1428    0x00 0x01                                                                        NOP
        1430    0x00 0x01                                                                        NOP
        1432    0x00 0x01                                                                        NOP
        1434    0x01 0x01                                                                        RET lr
.delay_slot
.swstall delay_slot
        1436    0x00 0x01                                                                        NOP
.delay_slot
.swstall delay_slot
        1438    0x00 0x01                                                                        NOP
.delay_slot
.swstall delay_slot
        1440    0x00 0x01                                                                        NOP
.delay_slot
        1442    0x08 0x9f 0xc0 0x00 0x00 0x00 0x00 0x37                                          PADDA [sp], #-32;                       NOP;                          NOP
.delay_slot
.swstall delay_slot
        1450    0x00 0x01                                                                        NOP
.label _fini__end

.text_segment PM   1456
.label __cxa_finalize
.function_start
        1456    0x00 0x00 0x18 0xff 0xa8 0x04 0x78 0x04 0xaa 0x00 0x40 0x3f                      NOP;                MOV.s9 r8, #-3;                                   MOV.s12 r12, #8;              MOV.u20 p0, #163904;          NOP
        1468    0x79 0xd0 0x00 0x00 0x10 0x00 0x00 0x04 0xab 0x80 0x20 0x3f                      LDA r9, [p0];       NOP;                NOP;                                                        MOV.u20 p6, #163872;          NOP
        1480    0x5f 0x34 0x00 0x00 0x01 0x02 0xb4 0xf7                                                                                  ST r12, [p0];                 NOP;                          MOV r10, lr
        1488    0xc3 0x45                                                                        MOV r4, r0
        1490    0x00 0x01                                                                        NOP
        1492    0x00 0x01                                                                        NOP
        1494    0x00 0x01                                                                        NOP
        1496    0x00 0x01                                                                        NOP
        1498    0x00 0x01                                                                        NOP
        1500    0x27 0x89 0x90 0x03                                                              NOP;                                                                  ADD r9, r9, #-8
        1504    0x00 0x00 0x07 0x98 0x07 0xf1 0x36 0x77                                          NOP;                                                                  ASHL r11, r9, r8;             MOV m0, r9
        1512    0x08 0x81 0x80 0x00 0x00 0x00 0x00 0x37                                          PADDA [p6], m0;                         NOP;                          NOP
        1520    0x00 0x00 0x00 0x00 0x00 0x00 0x00 0x00 0x00 0x00 0x00 0x00 0x00 0x00 0x00 0x02  NOP;                NOP;                NOP;                          NOP;                          NOP;                          NOP;                                    NOP
.label TGT_F__cxa_finalize_80
.loop_nesting 1
        1536    0x40 0xa3 0x80 0x00 0x00 0x00 0x00 0x37                                          LDA cb0, [p6], #4;                      NOP;                          NOP
        1544    0x68 0xbb 0x80 0x00 0x00 0x00 0x00 0x37                                          LDA p0, [p6], #-12;                     NOP;                          NOP
        1552    0x00 0x01                                                                        NOP
        1554    0x00 0x01                                                                        NOP
        1556    0x00 0x01                                                                        NOP
        1558    0x00 0x01                                                                        NOP
        1560    0x00 0x01                                                                        NOP
        1562    0x00 0x01                                                                        NOP
.no_stack_arguments
        1564    0x00 0x41                                                                        JAL cb0
.delay_slot
.swstall delay_slot
        1566    0x00 0x01                                                                        NOP
.delay_slot
.swstall delay_slot
        1568    0x00 0x01                                                                        NOP
.delay_slot
.swstall delay_slot
        1570    0x00 0x01                                                                        NOP
.delay_slot
.swstall delay_slot
        1572    0x00 0x00 0x00 0x03                                                              NOP;                                                                  NOP
.delay_slot
.swstall delay_slot
        1576    0x00 0x00 0x00 0x00 0x00 0x00 0x00 0x37                                          NOP;                                    NOP;                          NOP
.return_address
        1584    0x80 0x00 0x00 0x40 0x40 0x60 0x07 0xf7                                                                                  NOP;                                                        MOV.u20 cb0, #1536;           NOP
        1592    0x03 0x8b 0xb0 0x03                                                              NOP;                                                                  BDEC r11, r11, cb0
.delay_slot
.swstall delay_slot
        1596    0x00 0x01                                                                        NOP
.delay_slot
.swstall delay_slot
        1598    0x00 0x01                                                                        NOP
.delay_slot
.swstall delay_slot
        1600    0x00 0x01                                                                        NOP
.delay_slot
.swstall delay_slot
        1602    0x00 0x01                                                                        NOP
.delay_slot
.swstall delay_slot
        1604    0x00 0x01                                                                        NOP
.loop_nesting 0
        1606    0xa1 0x61                                                                        MOV lr, r10
        1608    0x01 0x01                                                                        RET lr
.delay_slot
        1610    0xd3 0x05                                                                        MOV r0, r4
.delay_slot
.swstall delay_slot
        1612    0x00 0x01                                                                        NOP
.delay_slot
.swstall delay_slot
        1614    0x00 0x01                                                                        NOP
.delay_slot
.swstall delay_slot
        1616    0x00 0x01                                                                        NOP
.delay_slot
.swstall delay_slot
        1618    0x00 0x01                                                                        NOP
.label __cxa_finalize__end

.rodata_segment DMb 163840
.label ZERO
	0x0
	0x0
	0x0
	0x0
	0x0
	0x0
	0x0
	0x0
	0x0
	0x0
	0x0
	0x0
	0x0
	0x0
	0x0
	0x0
	0x0
	0x0
	0x0
	0x0
	0x0
	0x0
	0x0
	0x0
	0x0
	0x0
	0x0
	0x0
	0x0
	0x0
	0x0
	0x0

.data_segment DMb 163872
.label _ZL7atexits
	0x0
	0x5
	0x0
	0x0
	0x0
	0x0
	0x0
	0x0
	0x0
	0x0
	0x0
	0x0
	0x0
	0x0
	0x0
	0x0
	0x0
	0x0
	0x0
	0x0
	0x0
	0x0
	0x0
	0x0
	0x0
	0x0
	0x0
	0x0
	0x0
	0x0
	0x0
	0x0
.label _ZL10atexit_cnt
	0x8
	0x0
	0x0
	0x0

.stack DM_stack 229376 230400
