
// File generated by darts version U-2022.12#3eec2545bc#230622, Sat Mar 16 13:07:53 2024
// Copyright 2014-2022 Synopsys, Inc. All rights reserved.
// darts -I/proj/xbuilds/SWIP/2023.2_1013_2256/installs/lin64/Vitis/2023.2/aietools/data/versal_prod/lib -d -h -I/proj/xbuilds/SWIP/2023.2_1013_2256/installs/lin64/Vitis/2023.2/aietools/data/versal_prod/lib/runtime_cxx/libcxx-lite/include -I/proj/xbuilds/SWIP/2023.2_1013_2256/installs/lin64/Vitis/2023.2/aietools/data/versal_prod/lib/runtime_cxx/libs/libcxx-9.0.0/include-lite -I/proj/xbuilds/SWIP/2023.2_1013_2256/installs/lin64/Vitis/2023.2/aietools/data/versal_prod/lib/runtime/include -D__AIENGINE__ -D__AIE_ARCH__=10 -D__AIEARCH__=10 -D__tct_tgt__=230622 -L +Ihex +nanno +u core_6_2.elf me

// Release: ipp U-2022.12-TGT-230622

.text_segment PM      0
.entry_point
.label __AIE_ARCH_MODEL_VERSION__10022400__inlined__1__me_basic___main_init_
.label _main_init
.function_start
           0    0x4a 0x64 0x00 0x0b                                                              NOP;                                                                                                MOV.u20 sp, #163840
           4    0x40 0x03 0xc0 0x03                                                              NOP;                                                                  MOV.s12 r12, #0
           8    0xca 0x21                                                                        MOV mc0, r12
          10    0xca 0x61                                                                        MOV mc1, r12
          12    0x00 0x00 0x1c 0xc0 0x10 0x00 0x00 0x04 0x0e 0x80 0x00 0x3f                      NOP;                MOV.s9 r12, #0;     NOP;                                                        MOV.u20 r10, #0;              NOP
          24    0x80 0x00 0x00 0x40 0xf4 0x00 0x07 0xf7                                                                                  NOP;                                                        MOV.u20 r13, #0;              NOP
          32    0xcb 0x21                                                                        MOV md0, r12
          34    0x00 0x00 0x02 0xcb 0x47 0x1b 0x58 0x77                                          NOP;                                                                  EQ r12, r10, r13;             MOV md1, r12
          42    0x80 0x00 0x00 0x91 0x80 0x0a 0x07 0xf7                                                                                  NOP;                                                        BNEZ r12,#160;                NOP
.delay_slot
.swstall delay_slot
          50    0x00 0x01                                                                        NOP
.delay_slot
.swstall delay_slot
          52    0x00 0x01                                                                        NOP
.delay_slot
.swstall delay_slot
          54    0x00 0x01                                                                        NOP
.delay_slot
.swstall delay_slot
          56    0x00 0x01                                                                        NOP
.delay_slot
.swstall delay_slot
          58    0x00 0x01                                                                        NOP
          60    0x80 0x00 0x00 0x7f 0xbb 0xff 0xc7 0xf7                                                                                  NOP;                                                        MOV.u20 p6, #1048572;         NOP
          68    0x0d 0x17 0x98 0x03                                                              NOP;                                                                                                MOV p7, p0
          72    0x00 0x00 0x07 0x6e 0xc0 0x00 0x00 0x77                                          NOP;                                                                  NOP;                          MOV r11, r6
.label TGT_F_main_init_80
.loop_nesting 1
          80    0x40 0xbf 0x86 0xed 0x00 0x00 0x00 0x77                                          LDA cb0, [p6], #-4;                                                   NOP;                          MOV r4, p6
          88    0x00 0x01                                                                        NOP
          90    0x00 0x01                                                                        NOP
          92    0x00 0x01                                                                        NOP
          94    0x00 0x01                                                                        NOP
          96    0x00 0x01                                                                        NOP
          98    0x00 0x01                                                                        NOP
         100    0x00 0x01                                                                        NOP
.no_stack_arguments
         102    0x00 0x41                                                                        JAL cb0
.delay_slot
.swstall delay_slot
         104    0x00 0x01                                                                        NOP
.delay_slot
.swstall delay_slot
         106    0x00 0x01                                                                        NOP
.delay_slot
.swstall delay_slot
         108    0x00 0x01                                                                        NOP
.delay_slot
.swstall delay_slot
         110    0x00 0x01                                                                        NOP
.delay_slot
.swstall delay_slot
         112    0x00 0x00 0x00 0x00 0x00 0x00 0x00 0x00 0x00 0x00 0x00 0x00 0x00 0x00 0x00 0x02  NOP;                NOP;                NOP;                          NOP;                          NOP;                          NOP;                                    NOP
.return_address
         128    0x39 0xa4 0xc0 0x03                                                              NOP;                                                                  NE r12, r4, r10
         132    0x80 0x00 0x00 0x91 0x80 0x05 0x07 0xf7                                                                                  NOP;                                                        BNEZ r12,#80;                 NOP
.delay_slot
.swstall delay_slot
         140    0x00 0x01                                                                        NOP
.delay_slot
.swstall delay_slot
         142    0x00 0x01                                                                        NOP
.delay_slot
.swstall delay_slot
         144    0x00 0x01                                                                        NOP
.delay_slot
.swstall delay_slot
         146    0x00 0x01                                                                        NOP
.delay_slot
.swstall delay_slot
         148    0x00 0x01                                                                        NOP
.loop_nesting 0
         150    0xbe 0x85                                                                        MOV p0, p7
         152    0x00 0x00 0x07 0xbd 0x80 0x00 0x00 0x77                                          NOP;                                                                  NOP;                          MOV r6, r11
.label TGT_F_main_init_160
.no_stack_arguments
         160    0x80 0x00 0x00 0xa0 0x20 0x12 0x07 0xf7                                                                                  NOP;                                                        JAL #288;                     NOP
.delay_slot
.swstall delay_slot
         168    0x00 0x01                                                                        NOP
.delay_slot
.swstall delay_slot
         170    0x00 0x01                                                                        NOP
.delay_slot
.swstall delay_slot
         172    0x00 0x01                                                                        NOP
.delay_slot
.swstall delay_slot
         174    0x00 0x01                                                                        NOP
.delay_slot
.swstall delay_slot
         176    0x00 0x00 0x00 0x00 0x00 0x00 0x00 0x00 0x00 0x00 0x00 0x00 0x00 0x00 0x00 0x02  NOP;                NOP;                NOP;                          NOP;                          NOP;                          NOP;                                    NOP
.return_address
.no_stack_arguments
         192    0x80 0x00 0x00 0xa0 0x20 0x63 0x07 0xf7                                                                                  NOP;                                                        JAL #1584;                    NOP
.delay_slot
         200    0x80 0x00 0x00 0x40 0xa0 0x00 0x07 0xf7                                                                                  NOP;                                                        MOV.u20 p0, #0;               NOP
.delay_slot
.swstall delay_slot
         208    0x00 0x01                                                                        NOP
.delay_slot
.swstall delay_slot
         210    0x00 0x01                                                                        NOP
.delay_slot
.swstall delay_slot
         212    0x00 0x00 0x00 0x03                                                              NOP;                                                                  NOP
.delay_slot
.swstall delay_slot
         216    0x00 0x00 0x00 0x00 0x00 0x00 0x00 0x37                                          NOP;                                    NOP;                          NOP
.return_address
.swstall chess_separator_scheduler
         224    0x00 0x01                                                                        NOP
.swstall chess_separator_scheduler
         226    0x00 0x01                                                                        NOP
.swstall chess_separator_scheduler
         228    0x00 0x01                                                                        NOP
.swstall chess_separator_scheduler
         230    0x00 0x01                                                                        NOP
.swstall chess_separator_scheduler
         232    0x00 0x01                                                                        NOP
.swstall chess_separator_scheduler
         234    0x00 0x01                                                                        NOP
.swstall chess_separator_scheduler
         236    0x00 0x01                                                                        NOP
.swstall chess_separator_scheduler
         238    0x00 0x01                                                                        NOP
         240    0x04 0x00 0x20 0x03                                                              NOP;                                                                  EVENT #2
.swstall chess_separator_scheduler
         244    0x00 0x01                                                                        NOP
.swstall chess_separator_scheduler
         246    0x00 0x01                                                                        NOP
.swstall chess_separator_scheduler
         248    0x00 0x01                                                                        NOP
.swstall chess_separator_scheduler
         250    0x00 0x01                                                                        NOP
.swstall chess_separator_scheduler
         252    0x00 0x01                                                                        NOP
.swstall for_chess_exit
.exit
         254    0x00 0x01                                                                        NOP
.label TGT_F_main_init_256
.loop_nesting 1
         256    0x80 0x00 0x00 0xa0 0x00 0x10 0x07 0xf7                                                                                  NOP;                                                        J #256;                       NOP
.delay_slot
.swstall delay_slot
         264    0x00 0x01                                                                        NOP
.delay_slot
.swstall delay_slot
         266    0x00 0x01                                                                        NOP
.delay_slot
.swstall delay_slot
         268    0x00 0x01                                                                        NOP
.delay_slot
.swstall delay_slot
         270    0x00 0x01                                                                        NOP
.delay_slot
.swstall delay_slot
         272    0x00 0x01                                                                        NOP
.label _main_init__end

.text_segment PM    288
.label core_6_2
.function_start
         288    0x00 0x00 0x1c 0xc0 0x08 0x20 0x40 0x07 0xf0 0x3f 0xff 0x3f                      NOP;                MOV.s9 r12, #0;                                   MOV.s12 m0, #64;              MOV.u20 ch0, #1048575;        NOP
         300    0x08 0x90 0x07 0xbe 0x08 0x01 0xf6 0x77                                          PADDA [sp], m0;                                                       MOV.s12 r11, #3;              MOV r8, r11
         308    0x80 0x00 0x00 0x01 0x00 0x7f 0xf7 0xf7                                                                                  NOP;                                                        MOVT.s12 ch0, #2047;          NOP
         316    0x5b 0xff 0xc0 0x00 0x00 0x3a 0x60 0xf7                                                                                  ST p7, [sp, #-16];            NOP;                          MOV r0, r4
         324    0xaf 0x9f 0xb8 0x4a 0x20 0x40 0x07 0xf7                                                                                  ST r12, [sp, #-36];                                         MOV.u20 cl0, #164864;         NOP
         332    0xaf 0x9f 0xc0 0x4a 0xf4 0x44 0x07 0xf7                                                                                  ST r12, [sp, #-32];                                         MOV.u20 r13, #164928;         NOP
         340    0x80 0x00 0x00 0xf8 0xff 0xe8 0x47 0xf7                                                                                  NOP;                                                        ST.SPIL r8, [sp, #-24];       NOP
         348    0x80 0x00 0x00 0xfa 0xff 0xec 0x47 0xf7                                                                                  NOP;                                                        ST.SPIL r10, [sp, #-20];      NOP
         356    0x80 0x00 0x00 0xee 0xff 0xf4 0x47 0xf7                                                                                  NOP;                                                        ST.SPIL p6, [sp, #-12];       NOP
         364    0x80 0x00 0x00 0xf0 0xff 0xf8 0x47 0xf7                                                                                  NOP;                                                        ST.SPIL r0, [sp, #-8];        NOP
         372    0x00 0x00 0x00 0x00 0x10 0x00 0x00 0x0d 0x0f 0xff 0xc4 0x3f                      NOP;                NOP;                NOP;                                                        ST.SPIL ch0, [sp, #-4];       NOP
         384    0x00 0x00 0x00 0x00 0x10 0x00 0x00 0x0c 0x8f 0xfe 0x44 0x80 0x00 0x00 0x00 0x00  NOP;                NOP;                NOP;                          NOP;                          ST.SPIL lr, [sp, #-28];       NOP;                                    NOP
.label TGT_Fcore_6_2_112
.loop_nesting 1
         400    0x00 0x00 0x1a 0xc0 0x35 0xf7 0xf6 0x04 0xab 0x84 0x80 0x80 0x00 0x00 0x00 0x00  NOP;                MOV.s9 r10, #1;     ST r13, [sp, #-40];           NOP;                          MOV.u20 p6, #164992;          NOP;                                    NOP
         416    0x00 0x00 0x00 0x00 0x15 0x63 0xf5 0x04 0xab 0xc4 0xc0 0x80 0x00 0x00 0x00 0x00  NOP;                NOP;                ST cl0, [sp, #-44];           NOP;                          MOV.u20 p7, #165056;          NOP;                                    NOP
.label TGT_Fcore_6_2_144
.loop_nesting 2
.no_stack_arguments
         432    0x80 0x00 0x00 0xa0 0x20 0x52 0x07 0xf7                                                                                  NOP;                                                        JAL #1312;                    NOP
.delay_slot
         440    0x00 0x00 0x31 0x0d 0x88 0x00 0xee 0x77                                          NOP;                                                                  MOV.s12 r7, #1;               MOV.s8 r6, #16
.delay_slot
.swstall delay_slot
         448    0x00 0x01                                                                        NOP
.delay_slot
.swstall delay_slot
         450    0x00 0x01                                                                        NOP
.delay_slot
.swstall delay_slot
         452    0x00 0x00 0x00 0x03                                                              NOP;                                                                  NOP
.delay_slot
.swstall delay_slot
         456    0x00 0x00 0x00 0x00 0x00 0x00 0x00 0x37                                          NOP;                                    NOP;                          NOP
.return_address
.no_stack_arguments
         464    0x80 0x00 0x00 0xa0 0x20 0x52 0x07 0xf7                                                                                  NOP;                                                        JAL #1312;                    NOP
.delay_slot
         472    0x00 0x00 0x30 0x0d 0xc8 0x09 0x6c 0x77                                          NOP;                                                                  MOV.s12 r6, #18;              MOV.s8 r7, #0
.delay_slot
.swstall delay_slot
         480    0x00 0x01                                                                        NOP
.delay_slot
.swstall delay_slot
         482    0x00 0x01                                                                        NOP
.delay_slot
.swstall delay_slot
         484    0x00 0x00 0x00 0x03                                                              NOP;                                                                  NOP
.delay_slot
.swstall delay_slot
         488    0x00 0x00 0x00 0x00 0x00 0x00 0x00 0x37                                          NOP;                                    NOP;                          NOP
.return_address
         496    0x7f 0x12 0x00 0x03                                                              NOP;                                                                  MOV.s12 m0, #-60
         500    0x00 0x01                                                                        NOP
         502    0x00 0x01                                                                        NOP
         504    0x00 0x00 0x3d 0xd1 0xd0 0x00 0x00 0x0c 0x7a 0x3f 0xae 0x3f                      NOP;                LDB r13, [p6], #4;  NOP;                                                        LDA.SPIL p0, [sp, #-44];      NOP
         516    0x7c 0xa3 0x80 0x00 0x00 0x00 0x00 0x37                                          LDA r12, [p6], #4;                      NOP;                          NOP
         524    0x7e 0xa3 0x80 0x00 0x00 0x00 0x00 0x37                                          LDA r14, [p6], #4;                      NOP;                          NOP
         532    0x7f 0xa3 0xb8 0x03                                                              NOP;                LDB r15, [p6], #4
         536    0x73 0xa3 0xb8 0x03                                                              NOP;                LDB r9, [p6], #4
         540    0x71 0xa3 0xb8 0x03                                                              NOP;                LDB r8, [p6], #4
         544    0x76 0xa3 0x80 0x00 0x00 0x00 0x00 0x37                                          LDA r6, [p6], #4;                       NOP;                          NOP
         552    0x61 0xa3 0xb8 0x03                                                              NOP;                LDB r0, [p6], #4
         556    0x00 0x00 0x3d 0xd1 0xc6 0xf7 0xae 0x17                                          NOP;                LDB r13, [p6], #4;                                MUL r7, r13, r11
         564    0x00 0x00 0x3c 0xd1 0xc6 0xf7 0x8a 0x17                                          NOP;                LDB r12, [p6], #4;                                MUL r5, r12, r11
         572    0x00 0x00 0x3e 0xd1 0xc6 0xf7 0xc2 0x17                                          NOP;                LDB r14, [p6], #4;                                MUL r1, r14, r11
         580    0x00 0x00 0x37 0xd1 0xd5 0xde 0x88 0x17                                          NOP;                LDB r7, [p6], #4;   ST r7, [p0], #4
         588    0x00 0x00 0x35 0xd1 0xcb 0xad 0x10 0xdf 0xef 0xc0 0x00 0x1f                      NOP;                LDB r5, [p6], #4;   ST r5, [p0], #4;              MUL r15, r11, r15;            NOP
         600    0x00 0x00 0x39 0xd1 0xcb 0x8d 0x10 0xde 0xe4 0x80 0x00 0x1f                      NOP;                LDB r9, [p6], #4;   ST r1, [p0], #4;              MUL r2, r9, r11;              NOP
         612    0x00 0x00 0x38 0xd1 0xc6 0xf7 0x02 0x17                                          NOP;                LDB r8, [p6], #4;                                 MUL r1, r8, r11
         620    0x00 0x00 0x3f 0xc0 0xcb 0xfd 0x10 0xde 0xd8 0xc0 0x00 0x1f                      NOP;                LDB r15, [p6], m0;  ST r15, [p0], #4;             MUL r3, r6, r11;              NOP
         632    0x00 0x00 0x1b 0xd8 0x02 0xe5 0x44 0x37                                          NOP;                                    ST r2, [p0], #4;              MUL r0, r0, r11
         640    0x00 0x00 0x1b 0xde 0xea 0xe3 0x44 0x37                                          NOP;                                    ST r1, [p0], #4;              MUL r13, r13, r11
         648    0x00 0x00 0x1b 0xde 0x62 0xe7 0x44 0x37                                          NOP;                                    ST r3, [p0], #4;              MUL r12, r12, r11
         656    0x00 0x00 0x1b 0xdf 0x72 0xe1 0x44 0x37                                          NOP;                                    ST r0, [p0], #4;              MUL r14, r14, r11
         664    0x00 0x00 0x1b 0xbd 0xea 0xfb 0x44 0x37                                          NOP;                                    ST r13, [p0], #4;             MUL r13, r11, r7
         672    0x00 0x00 0x1b 0xda 0xe2 0xf9 0x44 0x37                                          NOP;                                    ST r12, [p0], #4;             MUL r12, r5, r11
         680    0x00 0x00 0x1b 0xdc 0xf2 0xfd 0x44 0x37                                          NOP;                                    ST r14, [p0], #4;             MUL r14, r9, r11
         688    0x00 0x00 0x1b 0xdc 0x6a 0xfb 0x44 0x37                                          NOP;                                    ST r13, [p0], #4;             MUL r13, r8, r11
         696    0x00 0x00 0x1b 0xfd 0xe2 0xf9 0x44 0x37                                          NOP;                                    ST r12, [p0], #4;             MUL r12, r11, r15
.no_stack_arguments
         704    0x80 0x00 0x00 0xa0 0x20 0x53 0x07 0xf7                                                                                  NOP;                                                        JAL #1328;                    NOP
.delay_slot
         712    0xaf 0xd4 0x40 0x03                                                              NOP;                                    ST r14, [p0], #4
.delay_slot
         716    0xaf 0xb4 0x40 0x03                                                              NOP;                                    ST r13, [p0], #4
.delay_slot
         720    0xaf 0x90 0x00 0x03                                                              NOP;                                    ST r12, [p0], m0
.delay_slot
         724    0x00 0x00 0x00 0x00 0x00 0x00 0x01 0x00 0x0d 0xf1 0x0d 0x9f                      NOP;                NOP;                NOP;                          MOV.s12 r7, #0;               MOV.s8 r6, #16
.delay_slot
         736    0x00 0x00 0x00 0x00 0x10 0x00 0x00 0x0e 0x8f 0xfd 0x44 0x80 0x00 0x00 0x00 0x00  NOP;                NOP;                NOP;                          NOP;                          ST.SPIL p0, [sp, #-44];       NOP;                                    NOP
.return_address
.no_stack_arguments
         752    0x80 0x00 0x00 0xa0 0x20 0x53 0x07 0xf7                                                                                  NOP;                                                        JAL #1328;                    NOP
.delay_slot
         760    0x00 0x00 0x30 0x1d 0xc8 0x09 0x6c 0x77                                          NOP;                                                                  MOV.s12 r6, #18;              MOV.s8 r7, #1
.delay_slot
.swstall delay_slot
         768    0x00 0x01                                                                        NOP
.delay_slot
.swstall delay_slot
         770    0x00 0x01                                                                        NOP
.delay_slot
.swstall delay_slot
         772    0x00 0x00 0x00 0x03                                                              NOP;                                                                  NOP
.delay_slot
.swstall delay_slot
         776    0x00 0x00 0x00 0x00 0x00 0x00 0x00 0x37                                          NOP;                                    NOP;                          NOP
.return_address
.no_stack_arguments
         784    0x80 0x00 0x00 0xa0 0x20 0x52 0x07 0xf7                                                                                  NOP;                                                        JAL #1312;                    NOP
.delay_slot
         792    0x00 0x00 0x31 0x1d 0x88 0x00 0xee 0x77                                          NOP;                                                                  MOV.s12 r7, #1;               MOV.s8 r6, #17
.delay_slot
.swstall delay_slot
         800    0x00 0x01                                                                        NOP
.delay_slot
.swstall delay_slot
         802    0x00 0x01                                                                        NOP
.delay_slot
.swstall delay_slot
         804    0x00 0x00 0x00 0x03                                                              NOP;                                                                  NOP
.delay_slot
.swstall delay_slot
         808    0x00 0x00 0x00 0x00 0x00 0x00 0x00 0x37                                          NOP;                                    NOP;                          NOP
.return_address
.no_stack_arguments
         816    0x80 0x00 0x00 0xa0 0x20 0x52 0x07 0xf7                                                                                  NOP;                                                        JAL #1312;                    NOP
.delay_slot
         824    0x00 0x00 0x30 0x0d 0xc8 0x09 0xec 0x77                                          NOP;                                                                  MOV.s12 r6, #19;              MOV.s8 r7, #0
.delay_slot
.swstall delay_slot
         832    0x00 0x01                                                                        NOP
.delay_slot
.swstall delay_slot
         834    0x00 0x01                                                                        NOP
.delay_slot
.swstall delay_slot
         836    0x00 0x00 0x00 0x03                                                              NOP;                                                                  NOP
.delay_slot
.swstall delay_slot
         840    0x00 0x00 0x00 0x00 0x00 0x00 0x00 0x37                                          NOP;                                    NOP;                          NOP
.return_address
         848    0x7f 0x12 0x00 0x03                                                              NOP;                                                                  MOV.s12 m0, #-60
         852    0x00 0x01                                                                        NOP
         854    0x00 0x01                                                                        NOP
         856    0x00 0x00 0x3d 0xd1 0xf0 0x00 0x00 0x0c 0x7a 0x3f 0xb6 0x3f                      NOP;                LDB r13, [p7], #4;  NOP;                                                        LDA.SPIL p0, [sp, #-40];      NOP
         868    0x7c 0xa3 0xc0 0x00 0x00 0x00 0x00 0x37                                          LDA r12, [p7], #4;                      NOP;                          NOP
         876    0x7e 0xa3 0xc0 0x00 0x00 0x00 0x00 0x37                                          LDA r14, [p7], #4;                      NOP;                          NOP
         884    0x71 0xa3 0xf8 0x03                                                              NOP;                LDB r8, [p7], #4
         888    0x73 0xa3 0xf8 0x03                                                              NOP;                LDB r9, [p7], #4
         892    0x7f 0xa3 0xf8 0x03                                                              NOP;                LDB r15, [p7], #4
         896    0x77 0xa3 0xc0 0x00 0x00 0x00 0x00 0x37                                          LDA r7, [p7], #4;                       NOP;                          NOP
         904    0x6d 0xa3 0xf8 0x03                                                              NOP;                LDB r6, [p7], #4
         908    0x00 0x00 0x35 0xd1 0xe6 0xf7 0xba 0x17                                          NOP;                LDB r5, [p7], #4;                                 MUL r13, r13, r11
         916    0x00 0x00 0x31 0xd1 0xe6 0xf7 0x98 0x17                                          NOP;                LDB r1, [p7], #4;                                 MUL r12, r12, r11
         924    0x00 0x00 0x3e 0xd1 0xe6 0xf7 0xc0 0x17                                          NOP;                LDB r14, [p7], #4;                                MUL r0, r14, r11
         932    0x00 0x00 0x3d 0xd1 0xf5 0xf6 0x88 0x17                                          NOP;                LDB r13, [p7], #4;  ST r13, [p0], #4
         940    0x00 0x00 0x3c 0xd1 0xeb 0xe5 0x10 0xde 0xe2 0x00 0x00 0x1f                      NOP;                LDB r12, [p7], #4;  ST r12, [p0], #4;             MUL r8, r8, r11;              NOP
         952    0x00 0x00 0x39 0xd1 0xeb 0x85 0x10 0xde 0xe4 0x00 0x00 0x1f                      NOP;                LDB r9, [p7], #4;   ST r0, [p0], #4;              MUL r0, r9, r11;              NOP
         964    0x00 0x00 0x3f 0xd1 0xe6 0xff 0x66 0x17                                          NOP;                LDB r15, [p7], #4;                                MUL r3, r11, r15
         972    0x00 0x00 0x38 0xc0 0xeb 0xc5 0x10 0xdd 0xed 0xc0 0x00 0x1f                      NOP;                LDB r8, [p7], m0;   ST r8, [p0], #4;              MUL r7, r11, r7;              NOP
         984    0x00 0x00 0x1b 0xdb 0x02 0xe1 0x44 0x37                                          NOP;                                    ST r0, [p0], #4;              MUL r0, r6, r11
         992    0x00 0x00 0x1b 0xda 0xaa 0xe7 0x44 0x37                                          NOP;                                    ST r3, [p0], #4;              MUL r5, r5, r11
        1000    0x00 0x00 0x1b 0xd8 0xba 0xef 0x44 0x37                                          NOP;                                    ST r7, [p0], #4;              MUL r7, r1, r11
        1008    0x00 0x00 0x1b 0xdf 0x72 0xe1 0x44 0x37                                          NOP;                                    ST r0, [p0], #4;              MUL r14, r14, r11
        1016    0x00 0x00 0x1b 0xde 0xea 0xeb 0x44 0x37                                          NOP;                                    ST r5, [p0], #4;              MUL r13, r13, r11
        1024    0x00 0x00 0x1b 0xde 0x62 0xef 0x44 0x37                                          NOP;                                    ST r7, [p0], #4;              MUL r12, r12, r11
        1032    0x00 0x00 0x1b 0xdc 0xf2 0xfd 0x44 0x37                                          NOP;                                    ST r14, [p0], #4;             MUL r14, r9, r11
        1040    0x00 0x00 0x1b 0xfd 0xea 0xfb 0x44 0x37                                          NOP;                                    ST r13, [p0], #4;             MUL r13, r11, r15
        1048    0x00 0x00 0x1b 0xdc 0x62 0xf9 0x44 0x37                                          NOP;                                    ST r12, [p0], #4;             MUL r12, r8, r11
.no_stack_arguments
        1056    0x80 0x00 0x00 0xa0 0x20 0x53 0x07 0xf7                                                                                  NOP;                                                        JAL #1328;                    NOP
.delay_slot
        1064    0xaf 0xd4 0x40 0x03                                                              NOP;                                    ST r14, [p0], #4
.delay_slot
        1068    0xaf 0xb4 0x40 0x03                                                              NOP;                                    ST r13, [p0], #4
.delay_slot
        1072    0xaf 0x90 0x00 0x03                                                              NOP;                                    ST r12, [p0], m0
.delay_slot
        1076    0x00 0x00 0x00 0x00 0x00 0x00 0x01 0x00 0x0d 0xf1 0x1d 0x9f                      NOP;                NOP;                NOP;                          MOV.s12 r7, #0;               MOV.s8 r6, #17
.delay_slot
        1088    0x00 0x00 0x00 0x00 0x10 0x00 0x00 0x0e 0x8f 0xfd 0x84 0x80 0x00 0x00 0x00 0x00  NOP;                NOP;                NOP;                          NOP;                          ST.SPIL p0, [sp, #-40];       NOP;                                    NOP
.return_address
.no_stack_arguments
        1104    0x80 0x00 0x00 0xa0 0x20 0x53 0x07 0xf7                                                                                  NOP;                                                        JAL #1328;                    NOP
.delay_slot
        1112    0x00 0x00 0x31 0x3d 0x88 0x00 0xee 0x77                                          NOP;                                                                  MOV.s12 r7, #1;               MOV.s8 r6, #19
.delay_slot
.swstall delay_slot
        1120    0x00 0x01                                                                        NOP
.delay_slot
.swstall delay_slot
        1122    0x00 0x01                                                                        NOP
.delay_slot
.swstall delay_slot
        1124    0x00 0x00 0x00 0x03                                                              NOP;                                                                  NOP
.delay_slot
.swstall delay_slot
        1128    0x00 0x00 0x00 0x00 0x00 0x00 0x00 0x37                                          NOP;                                    NOP;                          NOP
.return_address
        1136    0x80 0x00 0x00 0x40 0x40 0x1b 0x07 0xf7                                                                                  NOP;                                                        MOV.u20 cb0, #432;            NOP
        1144    0x03 0x8a 0xa0 0x03                                                              NOP;                                                                  BDEC r10, r10, cb0
.delay_slot
.swstall delay_slot
        1148    0x00 0x01                                                                        NOP
.delay_slot
.swstall delay_slot
        1150    0x00 0x01                                                                        NOP
.delay_slot
.swstall delay_slot
        1152    0x00 0x01                                                                        NOP
.delay_slot
.swstall delay_slot
        1154    0x00 0x01                                                                        NOP
.delay_slot
.swstall delay_slot
        1156    0x00 0x01                                                                        NOP
.loop_nesting 1
        1158    0x7f 0xfe 0x3f 0xff 0x08 0x00 0x7c 0x77                                          LDA r15, [sp, #-32];                                                  MOV.s12 r14, #0;              MOV.s8 r12, #-1
        1166    0x71 0xfd 0xf8 0x03                                                              NOP;                LDB r8, [sp, #-36]
        1170    0x75 0xff 0xf8 0x03                                                              NOP;                LDB r10, [sp, #-4]
        1174    0x00 0x01                                                                        NOP
        1176    0x00 0x01                                                                        NOP
        1178    0x00 0x01                                                                        NOP
        1180    0x00 0x01                                                                        NOP
        1182    0x00 0x01                                                                        NOP
        1184    0x20 0x1f 0xf0 0x03                                                              NOP;                                                                  ADD r15, r15, #1
        1188    0x32 0xe8 0xe0 0x03                                                              NOP;                                                                  ADC r14, r8, r14
        1192    0x00 0x00 0x1c 0xf5 0x72 0xfd 0xfb 0xb7                                          NOP;                                    ST r14, [sp, #-36];           NE r14, r10, r14
        1200    0x39 0xfc 0xc0 0x03                                                              NOP;                                                                  NE r12, r12, r15
        1204    0x35 0xec 0xc0 0x03                                                              NOP;                                                                  OR r12, r12, r14
        1208    0x80 0x00 0x00 0x91 0x80 0x19 0x07 0xf7                                                                                  NOP;                                                        BNEZ r12,#400;                NOP
.delay_slot
        1216    0x80 0x00 0x00 0x4a 0x20 0x40 0x07 0xf7                                                                                  NOP;                                                        MOV.u20 cl0, #164864;         NOP
.delay_slot
        1224    0xaf 0xff 0xc0 0x4a 0xf4 0x44 0x07 0xf7                                                                                  ST r15, [sp, #-32];                                         MOV.u20 r13, #164928;         NOP
.delay_slot
.swstall delay_slot
        1232    0x00 0x01                                                                        NOP
.delay_slot
.swstall delay_slot
        1234    0x00 0x01                                                                        NOP
.delay_slot
.swstall delay_slot
        1236    0x00 0x01                                                                        NOP
.loop_nesting 0
        1238    0x58 0xfe 0x78 0x03                                                              NOP;                LDB lr, [sp, #-28]
        1242    0x80 0x00 0x00 0xc7 0xeb 0xfd 0xe7 0xf7                                                                                  NOP;                                                        LDA.SPIL r10, [sp, #-20];     NOP
        1250    0x80 0x00 0x00 0xc7 0xef 0xfd 0x67 0xf7                                                                                  NOP;                                                        LDA.SPIL r11, [sp, #-24];     NOP
        1258    0x80 0x00 0x00 0xc7 0xd3 0xff 0x67 0xf7                                                                                  NOP;                                                        LDA.SPIL r4, [sp, #-8];       NOP
        1266    0x80 0x00 0x00 0xc7 0xbb 0xfe 0xe7 0xf7                                                                                  NOP;                                                        LDA.SPIL p6, [sp, #-12];      NOP
        1274    0x80 0x00 0x00 0xc7 0xbf 0xfe 0x67 0xf7                                                                                  NOP;                                                        LDA.SPIL p7, [sp, #-16];      NOP
        1282    0x00 0x01                                                                        NOP
        1284    0x00 0x01                                                                        NOP
        1286    0x01 0x01                                                                        RET lr
.delay_slot
.swstall delay_slot
        1288    0x00 0x01                                                                        NOP
.delay_slot
.swstall delay_slot
        1290    0x00 0x01                                                                        NOP
.delay_slot
        1292    0x7f 0x02 0x00 0x03                                                              NOP;                                                                  MOV.s12 m0, #-64
.delay_slot
        1296    0x08 0x90 0x00 0x00 0x00 0x00 0x00 0x37                                          PADDA [sp], m0;                         NOP;                          NOP
.delay_slot
.swstall delay_slot
        1304    0x00 0x01                                                                        NOP
.label core_6_2__end

.text_segment PM   1312
.label llvm___aie___lock___acquire___reg
.function_start
        1312    0x14 0x76 0x30 0x03                                                              NOP;                                                                  ACQ r6, #1, r7
        1316    0x01 0x01                                                                        RET lr
.delay_slot
.swstall delay_slot
        1318    0x00 0x01                                                                        NOP
.delay_slot
.swstall delay_slot
        1320    0x00 0x01                                                                        NOP
.delay_slot
.swstall delay_slot
        1322    0x00 0x01                                                                        NOP
.delay_slot
.swstall delay_slot
        1324    0x00 0x01                                                                        NOP
.delay_slot
.swstall delay_slot
        1326    0x00 0x01                                                                        NOP
.label llvm___aie___lock___acquire___reg__end
.label llvm___aie___lock___release___reg
.function_start
        1328    0x00 0x01                                                                        NOP
        1330    0x00 0x01                                                                        NOP
        1332    0x00 0x01                                                                        NOP
        1334    0x00 0x01                                                                        NOP
        1336    0x00 0x01                                                                        NOP
        1338    0x00 0x01                                                                        NOP
        1340    0x16 0x76 0x30 0x03                                                              NOP;                                                                  REL r6, #1, r7
        1344    0x01 0x01                                                                        RET lr
.delay_slot
.swstall delay_slot
        1346    0x00 0x01                                                                        NOP
.delay_slot
.swstall delay_slot
        1348    0x00 0x01                                                                        NOP
.delay_slot
.swstall delay_slot
        1350    0x00 0x01                                                                        NOP
.delay_slot
.swstall delay_slot
        1352    0x00 0x01                                                                        NOP
.delay_slot
.swstall delay_slot
        1354    0x00 0x01                                                                        NOP
.label llvm___aie___lock___release___reg__end

.text_segment PM   1360
.label _fini
.function_start
        1360    0x00 0x00 0x07 0x4c 0x08 0x10 0x40 0x77                                          NOP;                                                                  MOV.s12 m0, #32;              MOV r0, r4
        1368    0x08 0x90 0x00 0x00 0x10 0x00 0x00 0x04 0x0d 0x00 0x00 0x3f                      PADDA [sp], m0;     NOP;                NOP;                                                        MOV.u20 r4, #0;               NOP
        1380    0x80 0x00 0x00 0x40 0xf0 0x00 0x07 0xf7                                                                                  NOP;                                                        MOV.u20 r12, #0;              NOP
        1388    0x38 0xc4 0xc0 0x03                                                              NOP;                                                                  EQ r12, r4, r12
        1392    0x80 0x00 0x00 0x91 0x80 0x5f 0x07 0xf7                                                                                  NOP;                                                        BNEZ r12,#1520;               NOP
.delay_slot
.swstall delay_slot
        1400    0x00 0x00 0x00 0x03                                                              NOP;                                                                  NOP
.delay_slot
        1404    0x80 0x00 0x00 0xfb 0xff 0xfc 0x47 0xf7                                                                                  NOP;                                                        ST.SPIL r11, [sp, #-4];       NOP
.delay_slot
        1412    0x80 0x00 0x00 0xc8 0xff 0xf0 0x47 0xf7                                                                                  NOP;                                                        ST.SPIL lr, [sp, #-16];       NOP
.delay_slot
        1420    0x5c 0x3f 0xd0 0x00 0x00 0x37 0xd0 0xf7                                                                                  ST r0, [sp, #-12];            NOP;                          MOV p0, p7
.delay_slot
        1428    0x00 0x00 0x00 0x00 0x15 0xa3 0xfe 0x04 0x0b 0xc0 0x00 0x3f                      NOP;                NOP;                ST p0, [sp, #-8];                                           MOV.u20 p7, #0;               NOP
.label TGT_F_fini_80
.loop_nesting 1
        1440    0x40 0xa3 0xc0 0x00 0x00 0x00 0x00 0x37                                          LDA cb0, [p7], #4;                      NOP;                          NOP
        1448    0x00 0x01                                                                        NOP
        1450    0x00 0x01                                                                        NOP
        1452    0x00 0x01                                                                        NOP
        1454    0x00 0x01                                                                        NOP
        1456    0x00 0x01                                                                        NOP
        1458    0x00 0x01                                                                        NOP
        1460    0x00 0x01                                                                        NOP
.no_stack_arguments
        1462    0x00 0x41                                                                        JAL cb0
.delay_slot
        1464    0xbf 0xb5                                                                        MOV r11, p7
.delay_slot
.swstall delay_slot
        1466    0x00 0x01                                                                        NOP
.delay_slot
.swstall delay_slot
        1468    0x00 0x01                                                                        NOP
.delay_slot
.swstall delay_slot
        1470    0x00 0x01                                                                        NOP
.delay_slot
.swstall delay_slot
        1472    0x00 0x00 0x00 0x00 0x00 0x00 0x00 0x00 0x00 0x00 0x00 0x00 0x00 0x00 0x00 0x02  NOP;                NOP;                NOP;                          NOP;                          NOP;                          NOP;                                    NOP
.return_address
        1488    0x39 0xb4 0xc0 0x03                                                              NOP;                                                                  NE r12, r4, r11
        1492    0x80 0x00 0x00 0x91 0x80 0x5a 0x07 0xf7                                                                                  NOP;                                                        BNEZ r12,#1440;               NOP
.delay_slot
.swstall delay_slot
        1500    0x00 0x01                                                                        NOP
.delay_slot
.swstall delay_slot
        1502    0x00 0x01                                                                        NOP
.delay_slot
.swstall delay_slot
        1504    0x00 0x01                                                                        NOP
.delay_slot
.swstall delay_slot
        1506    0x00 0x01                                                                        NOP
.delay_slot
.swstall delay_slot
        1508    0x00 0x00 0x00 0x00 0x00 0x00 0x00 0x00 0x00 0x00 0x00 0x1f                      NOP;                NOP;                NOP;                          NOP;                          NOP
.label TGT_F_fini_160
.loop_nesting 0
        1520    0x58 0xff 0x38 0x03                                                              NOP;                LDB lr, [sp, #-16]
        1524    0x80 0x00 0x00 0xc7 0xd3 0xfe 0xe7 0xf7                                                                                  NOP;                                                        LDA.SPIL r4, [sp, #-12];      NOP
        1532    0x80 0x00 0x00 0xc7 0xef 0xff 0xe7 0xf7                                                                                  NOP;                                                        LDA.SPIL r11, [sp, #-4];      NOP
        1540    0x80 0x00 0x00 0xc7 0xbf 0xff 0x67 0xf7                                                                                  NOP;                                                        LDA.SPIL p7, [sp, #-8];       NOP
        1548    0x00 0x01                                                                        NOP
        1550    0x00 0x01                                                                        NOP
        1552    0x00 0x01                                                                        NOP
        1554    0x00 0x01                                                                        NOP
        1556    0x01 0x01                                                                        RET lr
.delay_slot
.swstall delay_slot
        1558    0x00 0x01                                                                        NOP
.delay_slot
.swstall delay_slot
        1560    0x00 0x01                                                                        NOP
.delay_slot
        1562    0x7f 0x82 0x00 0x03                                                              NOP;                                                                  MOV.s12 m0, #-32
.delay_slot
        1566    0x08 0x90 0x00 0x00 0x00 0x00 0x00 0x37                                          PADDA [sp], m0;                         NOP;                          NOP
.delay_slot
.swstall delay_slot
        1574    0x00 0x01                                                                        NOP
.label _fini__end

.text_segment PM   1584
.label __cxa_finalize
.function_start
        1584    0x00 0x00 0x18 0xff 0xa8 0x04 0x78 0x04 0xaa 0x05 0x20 0x3f                      NOP;                MOV.s9 r8, #-3;                                   MOV.s12 r12, #8;              MOV.u20 p0, #165152;          NOP
        1596    0x80 0x00 0x00 0x4a 0xb8 0x50 0x07 0xf7                                                                                  NOP;                                                        MOV.u20 p6, #165120;          NOP
        1604    0x15 0xa9                                                                        MOV r10, lr
        1606    0x79 0xd0 0x00 0x00 0x00 0x00 0x00 0x37                                          LDA r9, [p0];                           NOP;                          NOP
        1614    0xaf 0x9a 0x00 0x03                                                              NOP;                                    ST r12, [p0]
        1618    0x00 0x01                                                                        NOP
        1620    0x00 0x01                                                                        NOP
        1622    0x00 0x01                                                                        NOP
        1624    0x00 0x01                                                                        NOP
        1626    0x00 0x01                                                                        NOP
        1628    0x00 0x01                                                                        NOP
        1630    0x27 0x89 0x90 0x03                                                              NOP;                                                                  ADD r9, r9, #-8
        1634    0x00 0x00 0x07 0x98 0x07 0xf1 0x36 0x77                                          NOP;                                                                  ASHL r11, r9, r8;             MOV m0, r9
        1642    0xa0 0x10 0x30 0x03                                                              NOP;                                    PADDS [p6], m0
        1646    0x00 0x01                                                                        NOP
.label TGT_F__cxa_finalize_64
.loop_nesting 1
        1648    0x40 0xa3 0x80 0x00 0x00 0x00 0x00 0x37                                          LDA cb0, [p6], #4;                      NOP;                          NOP
        1656    0x68 0xbb 0x80 0x00 0x00 0x00 0x00 0x37                                          LDA p0, [p6], #-12;                     NOP;                          NOP
        1664    0x00 0x01                                                                        NOP
        1666    0x00 0x01                                                                        NOP
        1668    0x00 0x01                                                                        NOP
        1670    0x00 0x01                                                                        NOP
        1672    0x00 0x01                                                                        NOP
        1674    0x00 0x01                                                                        NOP
.no_stack_arguments
        1676    0x00 0x41                                                                        JAL cb0
.delay_slot
.swstall delay_slot
        1678    0x00 0x01                                                                        NOP
.delay_slot
.swstall delay_slot
        1680    0x00 0x01                                                                        NOP
.delay_slot
.swstall delay_slot
        1682    0x00 0x01                                                                        NOP
.delay_slot
        1684    0x0e 0x1a 0x18 0x03                                                              NOP;                                                                                                MOV r4, r0
.delay_slot
.swstall delay_slot
        1688    0x00 0x00 0x00 0x00 0x00 0x00 0x00 0x37                                          NOP;                                    NOP;                          NOP
.return_address
        1696    0x80 0x00 0x00 0x40 0x40 0x67 0x07 0xf7                                                                                  NOP;                                                        MOV.u20 cb0, #1648;           NOP
        1704    0x03 0x8b 0xb0 0x03                                                              NOP;                                                                  BDEC r11, r11, cb0
.delay_slot
        1708    0xd3 0x05                                                                        MOV r0, r4
.delay_slot
.swstall delay_slot
        1710    0x00 0x01                                                                        NOP
.delay_slot
.swstall delay_slot
        1712    0x00 0x01                                                                        NOP
.delay_slot
.swstall delay_slot
        1714    0x00 0x01                                                                        NOP
.delay_slot
.swstall delay_slot
        1716    0x00 0x01                                                                        NOP
.loop_nesting 0
        1718    0xa1 0x61                                                                        MOV lr, r10
        1720    0x01 0x01                                                                        RET lr
.delay_slot
.swstall delay_slot
        1722    0x00 0x01                                                                        NOP
.delay_slot
.swstall delay_slot
        1724    0x00 0x01                                                                        NOP
.delay_slot
.swstall delay_slot
        1726    0x00 0x01                                                                        NOP
.delay_slot
.swstall delay_slot
        1728    0x00 0x01                                                                        NOP
.delay_slot
.swstall delay_slot
        1730    0x00 0x01                                                                        NOP
.label __cxa_finalize__end

.data_segment DMb 165120
.label _ZL7atexits
	0x50
	0x5
	0x0
	0x0
	0x0
	0x0
	0x0
	0x0
	0x0
	0x0
	0x0
	0x0
	0x0
	0x0
	0x0
	0x0
	0x0
	0x0
	0x0
	0x0
	0x0
	0x0
	0x0
	0x0
	0x0
	0x0
	0x0
	0x0
	0x0
	0x0
	0x0
	0x0
.label _ZL10atexit_cnt
	0x8
	0x0
	0x0
	0x0

.stack DM_stack 163840 164864
