
// File generated by darts version U-2022.12#3eec2545bc#230622, Fri Mar 15 16:33:15 2024
// Copyright 2014-2022 Synopsys, Inc. All rights reserved.
// darts -I/proj/xbuilds/SWIP/2023.2_1013_2256/installs/lin64/Vitis/2023.2/aietools/data/aie_ml/lib -d -h -I/proj/xbuilds/2023.2_daily_latest/installs/lin64/Vitis/2023.2/aietools/include -I/proj/xbuilds/SWIP/2023.2_1013_2256/installs/lin64/Vitis/2023.2/aietools/data/aie_ml/lib/runtime_cxx/libcxx-lite/include -I/proj/xbuilds/SWIP/2023.2_1013_2256/installs/lin64/Vitis/2023.2/aietools/data/aie_ml/lib/runtime_cxx/libs/libcxx-9.0.0/include-lite -I/proj/xbuilds/SWIP/2023.2_1013_2256/installs/lin64/Vitis/2023.2/aietools/data/aie_ml/lib/runtime/include -I<BOOST_DIR> -D__AIENGINE__ -D__AIE_ARCH__=20 -D__AIEARCH__=20 -DBIT_WIDTH=8 -D__tct_tgt__=230622 -L +Ihex +nanno scale.o me

// Release: ipp U-2022.12-TGT-230622
.undef global data _ZN12me_primitive11control_satE

.undef global data _ZN12me_primitive11control_rndE

.text_segment_name
.text global 16 scale_int32
.function_start
	     0    0x00 0x60 0x08 0x00 0x00 0x02 0xba 0x00 0x10 0xbb                                MOVA r0, #3;                                                                              MOVXM lc, #1024
	    10    0x00 0x00 0x00 0xe0 0x40 0x55                                                                                                                                              MOVXM ls, #(ZLS_Fscale_int32_32 + 0)
	    16    0x00 0x00 0x00 0x00 0x00 0x00 0x00 0x00 0x00 0x02 0x38 0x48 0x10 0x00 0x03 0xc0  NOPA;                         NOPB;                         NOPS;                         MOVXM le, #(ZLE_Fscale_int32_144 + 0);                                NOPV
.label ZLS_Fscale_int32_32
.loop_nesting 1
.begin_of_loop
	    32    0x00 0x03 0x82 0x59                                                              LDA r1, [p0], #4
	    36    0x00 0x01                                                                        NOPX
	    38    0x00 0x00 0x00 0x00 0x00 0x00 0x00 0x03 0x8e 0xbb                                NOPA;                         NOPB;                                                                                     NOPM
	    48    0x00 0x00 0x00 0x00 0x00 0x00 0x00 0x00 0x00 0x00 0x00 0x03 0x88 0x00 0x03 0xc0  NOPA;                         NOPB;                         NOPS;                         NOPX;                         NOPM;                                   NOPV
	    64    0x00 0x00 0x00 0x00 0x00 0x00 0x00 0x00 0x00 0x00 0x00 0x03 0x88 0x00 0x03 0xc0  NOPA;                         NOPB;                         NOPS;                         NOPX;                         NOPM;                                   NOPV
	    80    0x00 0x00 0x00 0x00 0x00 0x00 0x00 0x00 0x00 0x00 0x00 0x03 0x88 0x00 0x03 0xc0  NOPA;                         NOPB;                         NOPS;                         NOPX;                         NOPM;                                   NOPV
	    96    0x00 0x00 0x00 0x00 0x00 0x00 0x00 0x00 0x00 0x00 0x00 0x03 0x88 0x00 0x03 0xc0  NOPA;                         NOPB;                         NOPS;                         NOPX;                         NOPM;                                   NOPV
	   112    0x00 0x00 0x00 0x00 0x00 0x00 0x00 0x02 0x20 0x7c 0x00 0x03 0x88 0x00 0x03 0xc0  NOPA;                         NOPB;                         NOPS;                         MUL r2, r1, r0;               NOPM;                                   NOPV
	   128    0x00 0x00 0x00 0x00 0x00 0x00 0x00 0x00 0x00 0x00 0x00 0x03 0x88 0x00 0x03 0xc0  NOPA;                         NOPB;                         NOPS;                         NOPX;                         NOPM;                                   NOPV
.label ZLE_Fscale_int32_144
.end_of_loop
	   144    0x00 0x00 0x00 0x00 0x01 0x03 0x84 0x00 0x00 0x00 0x00 0x03 0x88 0x00 0x03 0xc0  NOPA;                         NOPB;                         ST r2, [p1], #4;              NOPX;                         NOPM;                                   NOPV
.loop_nesting 0
	   160    0x10 0x00 0x18 0x19                                                                                                                                                        RET lr
.delay_slot
.swstall delay_slot
	   164    0x00 0x01                                                                        NOPX
.delay_slot
.swstall delay_slot
	   166    0x00 0x01                                                                        NOPX
.delay_slot
.swstall delay_slot
	   168    0x00 0x01                                                                        NOPX
.delay_slot
.swstall delay_slot
	   170    0x00 0x01                                                                        NOPX
.label scale_int32__end last
.delay_slot
.swstall delay_slot
	   172    0x00 0x00 0x00 0x19                                                              NOPA



.direct_eval +,-,(,)
