
// File generated by darts version U-2022.12#3eec2545bc#230622, Fri Sep 20 12:16:55 2024
// Copyright 2014-2022 Synopsys, Inc. All rights reserved.
// darts -I/proj/xbuilds/2023.2_INT_1013_2256/installs/all_platforms/Vitis/2023.2/aietools/data/aie_ml/lib -d -h -I/proj/xbuilds/2023.2_INT_1013_2256/installs/all_platforms/Vitis/2023.2/aietools/data/aie_ml/lib/runtime_cxx/libcxx-lite/include -I/proj/xbuilds/2023.2_INT_1013_2256/installs/all_platforms/Vitis/2023.2/aietools/data/aie_ml/lib/runtime_cxx/libs/libcxx-9.0.0/include-lite -I/proj/xbuilds/2023.2_INT_1013_2256/installs/all_platforms/Vitis/2023.2/aietools/data/aie_ml/lib/runtime/include -I<BOOST_DIR> -D__AIENGINE__ -D__AIE_ARCH__=20 -D__AIEARCH__=20 -D__tct_tgt__=230622 -L +Ihex +nanno /scratch/aba/micro/mlir-aie/programming_examples/basic/vector_scalar_mul/build/aie.mlir.prj/input.o me

// Release: ipp U-2022.12-TGT-230622
.undef global data _ZN12me_primitive11control_satE

.undef global data _ZN12me_primitive11control_rndE

.undef global data in_cons_buff_1

.undef global data in_cons_buff_0

.undef global data infactor_cons_buff_1

.undef global data infactor_cons_buff_0

.undef global data out_buff_1

.undef global data out_buff_0

.text_segment_name
.text global 16 core_0_2
.function_start
	     0    0x00 0x03 0x40 0x01 0x80 0x08 0x27 0xff 0xc8 0x3b                                                              PADDB [sp], #64;                                            MOVX r24, #0;                 MOV r1, #-1
	    10    0x0f 0xfa 0x70 0x19                                                                                                                          ST r24, [sp, #-48]
	    14    0x0f 0xfc 0x76 0x99                                                                                                                          ST p6, [sp, #-32]
	    18    0x0f 0xfd 0xfe 0x99                                                                                                                          ST p7, [sp, #-20]
	    22    0x0f 0xfc 0xe6 0x19                                                                                                                          ST r19, [sp, #-28]
	    26    0x0f 0xfe 0x64 0x19                                                                                                                          ST r18, [sp, #-16]
	    30    0x0f 0xfd 0x62 0x19                                                                                                                          ST r17, [sp, #-24]
	    34    0x0f 0xfe 0xea 0x19                                                                                                                          ST r21, [sp, #-12]
	    38    0x0f 0xfb 0x60 0x19                                                                                                                          ST r16, [sp, #-40]
	    42    0x0f 0xff 0x68 0x19                                                                                                                          ST r20, [sp, #-8]
	    46    0x0f 0xff 0xee 0x19                                                                                                                          ST r23, [sp, #-4]
	    50    0x0f 0xfb 0xec 0x19                                                                                                                          ST r22, [sp, #-36]
	    54    0x00 0x00 0x07 0xfa 0xc2 0x80 0x00 0x00 0x00 0x7b                                NOPA;                                                       ST lr, [sp, #-44];            NOPX
.label TGT_Fcore_0_2_64
.loop_nesting 1
.no_stack_arguments
	    64    0x00 0x00 0x00 0x00 0x01 0x15                                                                                                                                              JL #llvm___aie2___acquire
.delay_slot
	    70    0xff 0x3e 0x00 0x00 0xcd 0x3d                                                                                                                ST r24, [sp, #-52];           MOVX r0, #51
.delay_slot
.swstall delay_slot
	    76    0x00 0x01                                                                        NOPX
.delay_slot
.swstall delay_slot
	    78    0x00 0x01                                                                        NOPX
.delay_slot
.swstall delay_slot
	    80    0x00 0x01                                                                        NOPX
.delay_slot
.swstall delay_slot
	    82    0x00 0x00 0x00 0x00 0x00 0x00 0x00 0x40 0x00 0x38 0x00 0x00 0x78 0x2f            NOPA;                                                       NOPS;                                                       NOPM;                                   NOPV
.return_address
.no_stack_arguments
	    96    0x00 0x00 0x00 0x00 0x01 0x15                                                                                                                                              JL #llvm___aie2___acquire
.delay_slot
	   102    0x00 0x00 0x06 0x88 0x27 0xff 0xc8 0x43                                                                                                                                    MOVX r0, #52;                 MOV r1, #-1
.delay_slot
.swstall delay_slot
	   110    0x00 0x01                                                                        NOPX
.delay_slot
.swstall delay_slot
	   112    0x00 0x01                                                                        NOPX
.delay_slot
.swstall delay_slot
	   114    0x00 0x01                                                                        NOPX
.delay_slot
.swstall delay_slot
	   116    0x00 0x00 0x00 0x00 0x00 0x00 0x00 0x00 0x00 0x00 0x01 0x37                      NOPA;                         NOPB;                         NOPS;                         NOPX
.return_address
.no_stack_arguments
	   128    0x00 0x00 0x00 0x00 0x01 0x15                                                                                                                                              JL #llvm___aie2___acquire
.delay_slot
	   134    0x00 0x3e 0x17 0xe8 0x00 0x63 0xc8 0x43                                                                                                                                    MOVX r1, #-1;                 MOV r0, #49
.delay_slot
.swstall delay_slot
	   142    0x00 0x01                                                                        NOPX
.delay_slot
.swstall delay_slot
	   144    0x00 0x01                                                                        NOPX
.delay_slot
.swstall delay_slot
	   146    0x00 0x01                                                                        NOPX
.delay_slot
.swstall delay_slot
	   148    0x00 0x00 0x00 0x00 0x00 0x00 0x00 0x00 0x00 0x00 0x01 0x37                      NOPA;                         NOPB;                         NOPS;                         NOPX
.return_address
.no_stack_arguments
	   160    0x00 0x00 0x00 0x00 0x01 0x15                                                                                                                                              JL #vector_scalar_mul_int32_vector
.delay_slot
	   166    0x00 0x00 0x02 0x60 0x00 0x55                                                                                                                                              MOVXM p1, #out_buff_0
.delay_slot
	   172    0x00 0x00 0x00 0x60 0x00 0x55                                                                                                                                              MOVXM p0, #in_cons_buff_0
.delay_slot
	   178    0x00 0x00 0x04 0x60 0x00 0x55                                                                                                                                              MOVXM p2, #infactor_cons_buff_0
.delay_slot
	   184    0x00 0x00 0x00 0x18 0x00 0x55                                                                                                                                              MOVXM r0, #3072
.delay_slot
.swstall delay_slot
	   190    0x00 0x01                                                                        NOPX
.return_address
.no_stack_arguments
	   192    0x00 0x00 0x00 0x00 0x01 0x15                                                                                                                                              JL #llvm___aie2___release
.delay_slot
	   198    0x00 0x00 0x10 0x28 0x00 0x63 0x48 0x43                                                                                                                                    MOVX r1, #1;                  MOV r0, #48
.delay_slot
.swstall delay_slot
	   206    0x00 0x01                                                                        NOPX
.delay_slot
.swstall delay_slot
	   208    0x00 0x01                                                                        NOPX
.delay_slot
.swstall delay_slot
	   210    0x00 0x01                                                                        NOPX
.delay_slot
.swstall delay_slot
	   212    0x00 0x00 0x00 0x00 0x00 0x00 0x00 0x00 0x00 0x00 0x01 0x37                      NOPA;                         NOPB;                         NOPS;                         NOPX
.return_address
.no_stack_arguments
	   224    0x00 0x00 0x00 0x00 0x01 0x15                                                                                                                                              JL #llvm___aie2___release
.delay_slot
	   230    0x00 0x00 0x10 0x28 0x00 0x6b 0xc8 0x43                                                                                                                                    MOVX r1, #1;                  MOV r0, #53
.delay_slot
.swstall delay_slot
	   238    0x00 0x01                                                                        NOPX
.delay_slot
.swstall delay_slot
	   240    0x00 0x01                                                                        NOPX
.delay_slot
.swstall delay_slot
	   242    0x00 0x01                                                                        NOPX
.delay_slot
.swstall delay_slot
	   244    0x00 0x00 0x00 0x00 0x00 0x00 0x00 0x00 0x00 0x00 0x01 0x37                      NOPA;                         NOPB;                         NOPS;                         NOPX
.return_address
.no_stack_arguments
	   256    0x00 0x00 0x00 0x00 0x01 0x15                                                                                                                                              JL #llvm___aie2___acquire
.delay_slot
	   262    0x00 0x3e 0x17 0xe8 0x00 0x6b 0x48 0x43                                                                                                                                    MOVX r1, #-1;                 MOV r0, #52
.delay_slot
.swstall delay_slot
	   270    0x00 0x01                                                                        NOPX
.delay_slot
.swstall delay_slot
	   272    0x00 0x01                                                                        NOPX
.delay_slot
.swstall delay_slot
	   274    0x00 0x01                                                                        NOPX
.delay_slot
.swstall delay_slot
	   276    0x00 0x00 0x00 0x00 0x00 0x00 0x00 0x00 0x00 0x00 0x01 0x37                      NOPA;                         NOPB;                         NOPS;                         NOPX
.return_address
.no_stack_arguments
	   288    0x00 0x00 0x00 0x00 0x01 0x15                                                                                                                                              JL #llvm___aie2___acquire
.delay_slot
	   294    0x00 0x3e 0x17 0xe8 0x00 0x63 0xc8 0x43                                                                                                                                    MOVX r1, #-1;                 MOV r0, #49
.delay_slot
.swstall delay_slot
	   302    0x00 0x01                                                                        NOPX
.delay_slot
.swstall delay_slot
	   304    0x00 0x01                                                                        NOPX
.delay_slot
.swstall delay_slot
	   306    0x00 0x01                                                                        NOPX
.delay_slot
.swstall delay_slot
	   308    0x00 0x00 0x00 0x00 0x00 0x00 0x00 0x00 0x00 0x00 0x01 0x37                      NOPA;                         NOPB;                         NOPS;                         NOPX
.return_address
.no_stack_arguments
	   320    0x00 0x00 0x00 0x00 0x01 0x15                                                                                                                                              JL #vector_scalar_mul_int32_vector
.delay_slot
	   326    0x00 0x00 0x00 0x60 0x00 0x55                                                                                                                                              MOVXM p0, #in_cons_buff_1
.delay_slot
	   332    0x00 0x00 0x02 0x60 0x00 0x55                                                                                                                                              MOVXM p1, #out_buff_1
.delay_slot
	   338    0x00 0x00 0x04 0x60 0x00 0x55                                                                                                                                              MOVXM p2, #infactor_cons_buff_0
.delay_slot
	   344    0x00 0x00 0x00 0x18 0x00 0x55                                                                                                                                              MOVXM r0, #3072
.delay_slot
.swstall delay_slot
	   350    0x00 0x01                                                                        NOPX
.return_address
.no_stack_arguments
	   352    0x00 0x00 0x00 0x00 0x01 0x15                                                                                                                                              JL #llvm___aie2___release
.delay_slot
	   358    0x00 0x00 0x10 0x28 0x00 0x63 0x48 0x43                                                                                                                                    MOVX r1, #1;                  MOV r0, #48
.delay_slot
.swstall delay_slot
	   366    0x00 0x01                                                                        NOPX
.delay_slot
.swstall delay_slot
	   368    0x00 0x01                                                                        NOPX
.delay_slot
.swstall delay_slot
	   370    0x00 0x01                                                                        NOPX
.delay_slot
.swstall delay_slot
	   372    0x00 0x00 0x00 0x00 0x00 0x00 0x00 0x00 0x00 0x00 0x01 0x37                      NOPA;                         NOPB;                         NOPS;                         NOPX
.return_address
.no_stack_arguments
	   384    0x00 0x00 0x00 0x00 0x01 0x15                                                                                                                                              JL #llvm___aie2___release
.delay_slot
	   390    0x00 0x00 0x10 0x28 0x00 0x6b 0xc8 0x43                                                                                                                                    MOVX r1, #1;                  MOV r0, #53
.delay_slot
.swstall delay_slot
	   398    0x00 0x01                                                                        NOPX
.delay_slot
.swstall delay_slot
	   400    0x00 0x01                                                                        NOPX
.delay_slot
.swstall delay_slot
	   402    0x00 0x01                                                                        NOPX
.delay_slot
.swstall delay_slot
	   404    0x00 0x00 0x00 0x00 0x00 0x00 0x00 0x00 0x00 0x00 0x01 0x37                      NOPA;                         NOPB;                         NOPS;                         NOPX
.return_address
.no_stack_arguments
	   416    0x00 0x00 0x00 0x00 0x01 0x15                                                                                                                                              JL #llvm___aie2___acquire
.delay_slot
	   422    0x00 0x3e 0x17 0xe8 0x00 0x6b 0x48 0x43                                                                                                                                    MOVX r1, #-1;                 MOV r0, #52
.delay_slot
.swstall delay_slot
	   430    0x00 0x01                                                                        NOPX
.delay_slot
.swstall delay_slot
	   432    0x00 0x01                                                                        NOPX
.delay_slot
.swstall delay_slot
	   434    0x00 0x01                                                                        NOPX
.delay_slot
.swstall delay_slot
	   436    0x00 0x00 0x00 0x00 0x00 0x00 0x00 0x00 0x00 0x00 0x01 0x37                      NOPA;                         NOPB;                         NOPS;                         NOPX
.return_address
.no_stack_arguments
	   448    0x00 0x00 0x00 0x00 0x01 0x15                                                                                                                                              JL #llvm___aie2___acquire
.delay_slot
	   454    0x00 0x3e 0x17 0xe8 0x00 0x63 0xc8 0x43                                                                                                                                    MOVX r1, #-1;                 MOV r0, #49
.delay_slot
.swstall delay_slot
	   462    0x00 0x01                                                                        NOPX
.delay_slot
.swstall delay_slot
	   464    0x00 0x01                                                                        NOPX
.delay_slot
.swstall delay_slot
	   466    0x00 0x01                                                                        NOPX
.delay_slot
.swstall delay_slot
	   468    0x00 0x00 0x00 0x00 0x00 0x00 0x00 0x00 0x00 0x00 0x01 0x37                      NOPA;                         NOPB;                         NOPS;                         NOPX
.return_address
.no_stack_arguments
	   480    0x00 0x00 0x00 0x00 0x01 0x15                                                                                                                                              JL #vector_scalar_mul_int32_vector
.delay_slot
	   486    0x00 0x00 0x00 0x60 0x00 0x55                                                                                                                                              MOVXM p0, #in_cons_buff_0
.delay_slot
	   492    0x00 0x00 0x02 0x60 0x00 0x55                                                                                                                                              MOVXM p1, #out_buff_0
.delay_slot
	   498    0x00 0x00 0x04 0x60 0x00 0x55                                                                                                                                              MOVXM p2, #infactor_cons_buff_0
.delay_slot
	   504    0x00 0x00 0x00 0x18 0x00 0x55                                                                                                                                              MOVXM r0, #3072
.delay_slot
.swstall delay_slot
	   510    0x00 0x01                                                                        NOPX
.return_address
.no_stack_arguments
	   512    0x00 0x00 0x00 0x00 0x01 0x15                                                                                                                                              JL #llvm___aie2___release
.delay_slot
	   518    0x00 0x00 0x10 0x28 0x00 0x63 0x48 0x43                                                                                                                                    MOVX r1, #1;                  MOV r0, #48
.delay_slot
.swstall delay_slot
	   526    0x00 0x01                                                                        NOPX
.delay_slot
.swstall delay_slot
	   528    0x00 0x01                                                                        NOPX
.delay_slot
.swstall delay_slot
	   530    0x00 0x01                                                                        NOPX
.delay_slot
.swstall delay_slot
	   532    0x00 0x00 0x00 0x00 0x00 0x00 0x00 0x00 0x00 0x00 0x01 0x37                      NOPA;                         NOPB;                         NOPS;                         NOPX
.return_address
.no_stack_arguments
	   544    0x00 0x00 0x00 0x00 0x01 0x15                                                                                                                                              JL #llvm___aie2___release
.delay_slot
	   550    0x00 0x00 0x10 0x28 0x00 0x6b 0xc8 0x43                                                                                                                                    MOVX r1, #1;                  MOV r0, #53
.delay_slot
.swstall delay_slot
	   558    0x00 0x01                                                                        NOPX
.delay_slot
.swstall delay_slot
	   560    0x00 0x01                                                                        NOPX
.delay_slot
.swstall delay_slot
	   562    0x00 0x01                                                                        NOPX
.delay_slot
.swstall delay_slot
	   564    0x00 0x00 0x00 0x00 0x00 0x00 0x00 0x00 0x00 0x00 0x01 0x37                      NOPA;                         NOPB;                         NOPS;                         NOPX
.return_address
.no_stack_arguments
	   576    0x00 0x00 0x00 0x00 0x01 0x15                                                                                                                                              JL #llvm___aie2___acquire
.delay_slot
	   582    0x00 0x3e 0x17 0xe8 0x00 0x6b 0x48 0x43                                                                                                                                    MOVX r1, #-1;                 MOV r0, #52
.delay_slot
.swstall delay_slot
	   590    0x00 0x01                                                                        NOPX
.delay_slot
.swstall delay_slot
	   592    0x00 0x01                                                                        NOPX
.delay_slot
.swstall delay_slot
	   594    0x00 0x01                                                                        NOPX
.delay_slot
.swstall delay_slot
	   596    0x00 0x00 0x00 0x00 0x00 0x00 0x00 0x00 0x00 0x00 0x01 0x37                      NOPA;                         NOPB;                         NOPS;                         NOPX
.return_address
.no_stack_arguments
	   608    0x00 0x00 0x00 0x00 0x01 0x15                                                                                                                                              JL #llvm___aie2___acquire
.delay_slot
	   614    0x00 0x3e 0x17 0xe8 0x00 0x63 0xc8 0x43                                                                                                                                    MOVX r1, #-1;                 MOV r0, #49
.delay_slot
.swstall delay_slot
	   622    0x00 0x01                                                                        NOPX
.delay_slot
.swstall delay_slot
	   624    0x00 0x01                                                                        NOPX
.delay_slot
.swstall delay_slot
	   626    0x00 0x01                                                                        NOPX
.delay_slot
.swstall delay_slot
	   628    0x00 0x00 0x00 0x00 0x00 0x00 0x00 0x00 0x00 0x00 0x01 0x37                      NOPA;                         NOPB;                         NOPS;                         NOPX
.return_address
.no_stack_arguments
	   640    0x00 0x00 0x00 0x00 0x01 0x15                                                                                                                                              JL #vector_scalar_mul_int32_vector
.delay_slot
	   646    0x00 0x00 0x00 0x60 0x00 0x55                                                                                                                                              MOVXM p0, #in_cons_buff_1
.delay_slot
	   652    0x00 0x00 0x02 0x60 0x00 0x55                                                                                                                                              MOVXM p1, #out_buff_1
.delay_slot
	   658    0x00 0x00 0x04 0x60 0x00 0x55                                                                                                                                              MOVXM p2, #infactor_cons_buff_0
.delay_slot
	   664    0x00 0x00 0x00 0x18 0x00 0x55                                                                                                                                              MOVXM r0, #3072
.delay_slot
.swstall delay_slot
	   670    0x00 0x01                                                                        NOPX
.return_address
.no_stack_arguments
	   672    0x00 0x00 0x00 0x00 0x01 0x15                                                                                                                                              JL #llvm___aie2___release
.delay_slot
	   678    0x00 0x00 0x10 0x28 0x00 0x63 0x48 0x43                                                                                                                                    MOVX r1, #1;                  MOV r0, #48
.delay_slot
.swstall delay_slot
	   686    0x00 0x01                                                                        NOPX
.delay_slot
.swstall delay_slot
	   688    0x00 0x01                                                                        NOPX
.delay_slot
.swstall delay_slot
	   690    0x00 0x01                                                                        NOPX
.delay_slot
.swstall delay_slot
	   692    0x00 0x00 0x00 0x00 0x00 0x00 0x00 0x00 0x00 0x00 0x01 0x37                      NOPA;                         NOPB;                         NOPS;                         NOPX
.return_address
.no_stack_arguments
	   704    0x00 0x00 0x00 0x00 0x01 0x15                                                                                                                                              JL #llvm___aie2___release
.delay_slot
	   710    0x00 0x00 0x10 0x28 0x00 0x6b 0xc8 0x43                                                                                                                                    MOVX r1, #1;                  MOV r0, #53
.delay_slot
.swstall delay_slot
	   718    0x00 0x01                                                                        NOPX
.delay_slot
.swstall delay_slot
	   720    0x00 0x01                                                                        NOPX
.delay_slot
.swstall delay_slot
	   722    0x00 0x01                                                                        NOPX
.delay_slot
.swstall delay_slot
	   724    0x00 0x00 0x00 0x00 0x00 0x00 0x00 0x00 0x00 0x00 0x01 0x37                      NOPA;                         NOPB;                         NOPS;                         NOPX
.return_address
.no_stack_arguments
	   736    0x00 0x00 0x00 0x00 0x01 0x15                                                                                                                                              JL #llvm___aie2___release
.delay_slot
	   742    0x00 0x00 0x10 0x28 0x00 0x67 0x48 0x43                                                                                                                                    MOVX r1, #1;                  MOV r0, #50
.delay_slot
.swstall delay_slot
	   750    0x00 0x01                                                                        NOPX
.delay_slot
.swstall delay_slot
	   752    0x00 0x01                                                                        NOPX
.delay_slot
.swstall delay_slot
	   754    0x00 0x01                                                                        NOPX
.delay_slot
.swstall delay_slot
	   756    0x00 0x00 0x00 0x00 0x00 0x00 0x00 0x00 0x00 0x00 0x01 0x37                      NOPA;                         NOPB;                         NOPS;                         NOPX
.return_address
.no_stack_arguments
	   768    0x00 0x00 0x00 0x00 0x01 0x15                                                                                                                                              JL #llvm___aie2___acquire
.delay_slot
	   774    0x00 0x00 0x06 0x68 0x27 0xff 0xc8 0x43                                                                                                                                    MOVX r0, #51;                 MOV r1, #-1
.delay_slot
.swstall delay_slot
	   782    0x00 0x01                                                                        NOPX
.delay_slot
.swstall delay_slot
	   784    0x00 0x01                                                                        NOPX
.delay_slot
.swstall delay_slot
	   786    0x00 0x01                                                                        NOPX
.delay_slot
.swstall delay_slot
	   788    0x00 0x00 0x00 0x00 0x00 0x00 0x00 0x00 0x00 0x00 0x01 0x37                      NOPA;                         NOPB;                         NOPS;                         NOPX
.return_address
	   800    0x07 0xfa 0x64 0x59                                                              LDA r18, [sp, #-48]
	   804    0x07 0xf9 0xe2 0x59                                                              LDA r17, [sp, #-52]
.no_stack_arguments
	   808    0x00 0x00 0x00 0x00 0x01 0x15                                                                                                                                              JL #llvm___aie2___acquire
.delay_slot
.swstall delay_slot
	   814    0x00 0x01                                                                        NOPX
.delay_slot
.swstall delay_slot
	   816    0x00 0x01                                                                        NOPX
.delay_slot
.swstall delay_slot
	   818    0x00 0x01                                                                        NOPX
.delay_slot
.swstall delay_slot
	   820    0x00 0x01                                                                        NOPX
.delay_slot
	   822    0x00 0x00 0x00 0x3e 0x17 0xe8 0x00 0x6b 0x48 0xbb                                NOPA;                                                                                     MOVX r1, #-1;                 MOV r0, #52
.return_address
.no_stack_arguments
	   832    0x00 0x00 0x00 0x00 0x01 0x15                                                                                                                                              JL #llvm___aie2___acquire
.delay_slot
	   838    0x00 0x3e 0x17 0xe8 0x00 0x63 0xc8 0x43                                                                                                                                    MOVX r1, #-1;                 MOV r0, #49
.delay_slot
.swstall delay_slot
	   846    0x00 0x01                                                                        NOPX
.delay_slot
.swstall delay_slot
	   848    0x00 0x01                                                                        NOPX
.delay_slot
.swstall delay_slot
	   850    0x00 0x01                                                                        NOPX
.delay_slot
.swstall delay_slot
	   852    0x00 0x00 0x00 0x00 0x00 0x00 0x00 0x00 0x00 0x00 0x01 0x37                      NOPA;                         NOPB;                         NOPS;                         NOPX
.return_address
.no_stack_arguments
	   864    0x00 0x00 0x00 0x00 0x01 0x15                                                                                                                                              JL #vector_scalar_mul_int32_vector
.delay_slot
	   870    0x00 0x00 0x00 0x60 0x00 0x55                                                                                                                                              MOVXM p0, #in_cons_buff_0
.delay_slot
	   876    0x00 0x00 0x04 0x60 0x00 0x55                                                                                                                                              MOVXM p2, #infactor_cons_buff_1
.delay_slot
	   882    0x00 0x00 0x02 0x60 0x00 0x55                                                                                                                                              MOVXM p1, #out_buff_0
.delay_slot
	   888    0x00 0x00 0x00 0x18 0x00 0x55                                                                                                                                              MOVXM r0, #3072
.delay_slot
.swstall delay_slot
	   894    0x00 0x01                                                                        NOPX
.return_address
.no_stack_arguments
	   896    0x00 0x00 0x00 0x00 0x01 0x15                                                                                                                                              JL #llvm___aie2___release
.delay_slot
	   902    0x00 0x00 0x10 0x28 0x00 0x63 0x48 0x43                                                                                                                                    MOVX r1, #1;                  MOV r0, #48
.delay_slot
.swstall delay_slot
	   910    0x00 0x01                                                                        NOPX
.delay_slot
.swstall delay_slot
	   912    0x00 0x01                                                                        NOPX
.delay_slot
.swstall delay_slot
	   914    0x00 0x01                                                                        NOPX
.delay_slot
.swstall delay_slot
	   916    0x00 0x00 0x00 0x00 0x00 0x00 0x00 0x00 0x00 0x00 0x01 0x37                      NOPA;                         NOPB;                         NOPS;                         NOPX
.return_address
.no_stack_arguments
	   928    0x00 0x00 0x00 0x00 0x01 0x15                                                                                                                                              JL #llvm___aie2___release
.delay_slot
	   934    0x00 0x00 0x10 0x28 0x00 0x6b 0xc8 0x43                                                                                                                                    MOVX r1, #1;                  MOV r0, #53
.delay_slot
.swstall delay_slot
	   942    0x00 0x01                                                                        NOPX
.delay_slot
.swstall delay_slot
	   944    0x00 0x01                                                                        NOPX
.delay_slot
.swstall delay_slot
	   946    0x00 0x01                                                                        NOPX
.delay_slot
.swstall delay_slot
	   948    0x00 0x00 0x00 0x00 0x00 0x00 0x00 0x00 0x00 0x00 0x01 0x37                      NOPA;                         NOPB;                         NOPS;                         NOPX
.return_address
.no_stack_arguments
	   960    0x00 0x00 0x00 0x00 0x01 0x15                                                                                                                                              JL #llvm___aie2___acquire
.delay_slot
	   966    0x00 0x00 0x06 0x88 0x27 0xff 0xc8 0x43                                                                                                                                    MOVX r0, #52;                 MOV r1, #-1
.delay_slot
.swstall delay_slot
	   974    0x00 0x01                                                                        NOPX
.delay_slot
.swstall delay_slot
	   976    0x00 0x01                                                                        NOPX
.delay_slot
.swstall delay_slot
	   978    0x00 0x01                                                                        NOPX
.delay_slot
.swstall delay_slot
	   980    0x00 0x00 0x00 0x00 0x00 0x00 0x00 0x00 0x00 0x00 0x01 0x37                      NOPA;                         NOPB;                         NOPS;                         NOPX
.return_address
.no_stack_arguments
	   992    0x00 0x00 0x00 0x00 0x01 0x15                                                                                                                                              JL #llvm___aie2___acquire
.delay_slot
	   998    0x00 0x3e 0x17 0xe8 0x00 0x63 0xc8 0x43                                                                                                                                    MOVX r1, #-1;                 MOV r0, #49
.delay_slot
.swstall delay_slot
	  1006    0x00 0x01                                                                        NOPX
.delay_slot
.swstall delay_slot
	  1008    0x00 0x01                                                                        NOPX
.delay_slot
.swstall delay_slot
	  1010    0x00 0x01                                                                        NOPX
.delay_slot
.swstall delay_slot
	  1012    0x00 0x00 0x00 0x00 0x00 0x00 0x00 0x00 0x00 0x00 0x01 0x37                      NOPA;                         NOPB;                         NOPS;                         NOPX
.return_address
.no_stack_arguments
	  1024    0x00 0x00 0x00 0x00 0x01 0x15                                                                                                                                              JL #vector_scalar_mul_int32_vector
.delay_slot
	  1030    0x00 0x00 0x00 0x60 0x00 0x55                                                                                                                                              MOVXM p0, #in_cons_buff_1
.delay_slot
	  1036    0x00 0x00 0x02 0x60 0x00 0x55                                                                                                                                              MOVXM p1, #out_buff_1
.delay_slot
	  1042    0x00 0x00 0x04 0x60 0x00 0x55                                                                                                                                              MOVXM p2, #infactor_cons_buff_1
.delay_slot
	  1048    0x00 0x00 0x00 0x18 0x00 0x55                                                                                                                                              MOVXM r0, #3072
.delay_slot
.swstall delay_slot
	  1054    0x00 0x01                                                                        NOPX
.return_address
.no_stack_arguments
	  1056    0x00 0x00 0x00 0x00 0x01 0x15                                                                                                                                              JL #llvm___aie2___release
.delay_slot
	  1062    0x00 0x00 0x10 0x28 0x00 0x63 0x48 0x43                                                                                                                                    MOVX r1, #1;                  MOV r0, #48
.delay_slot
.swstall delay_slot
	  1070    0x00 0x01                                                                        NOPX
.delay_slot
.swstall delay_slot
	  1072    0x00 0x01                                                                        NOPX
.delay_slot
.swstall delay_slot
	  1074    0x00 0x01                                                                        NOPX
.delay_slot
.swstall delay_slot
	  1076    0x00 0x00 0x00 0x00 0x00 0x00 0x00 0x00 0x00 0x00 0x01 0x37                      NOPA;                         NOPB;                         NOPS;                         NOPX
.return_address
.no_stack_arguments
	  1088    0x00 0x00 0x00 0x00 0x01 0x15                                                                                                                                              JL #llvm___aie2___release
.delay_slot
	  1094    0x00 0x00 0x06 0xa8 0x20 0x03 0xc8 0x43                                                                                                                                    MOVX r0, #53;                 MOV r1, #1
.delay_slot
.swstall delay_slot
	  1102    0x00 0x01                                                                        NOPX
.delay_slot
.swstall delay_slot
	  1104    0x00 0x01                                                                        NOPX
.delay_slot
.swstall delay_slot
	  1106    0x00 0x01                                                                        NOPX
.delay_slot
.swstall delay_slot
	  1108    0x00 0x00 0x00 0x00 0x00 0x00 0x00 0x00 0x00 0x00 0x01 0x37                      NOPA;                         NOPB;                         NOPS;                         NOPX
.return_address
.no_stack_arguments
	  1120    0x00 0x00 0x00 0x00 0x01 0x15                                                                                                                                              JL #llvm___aie2___acquire
.delay_slot
	  1126    0x00 0x3e 0x17 0xe8 0x00 0x6b 0x48 0x43                                                                                                                                    MOVX r1, #-1;                 MOV r0, #52
.delay_slot
.swstall delay_slot
	  1134    0x00 0x01                                                                        NOPX
.delay_slot
.swstall delay_slot
	  1136    0x00 0x01                                                                        NOPX
.delay_slot
.swstall delay_slot
	  1138    0x00 0x01                                                                        NOPX
.delay_slot
.swstall delay_slot
	  1140    0x00 0x00 0x00 0x00 0x00 0x00 0x00 0x00 0x00 0x00 0x01 0x37                      NOPA;                         NOPB;                         NOPS;                         NOPX
.return_address
.no_stack_arguments
	  1152    0x00 0x00 0x00 0x00 0x01 0x15                                                                                                                                              JL #llvm___aie2___acquire
.delay_slot
	  1158    0x00 0x3e 0x17 0xe8 0x00 0x63 0xc8 0x43                                                                                                                                    MOVX r1, #-1;                 MOV r0, #49
.delay_slot
.swstall delay_slot
	  1166    0x00 0x01                                                                        NOPX
.delay_slot
.swstall delay_slot
	  1168    0x00 0x01                                                                        NOPX
.delay_slot
.swstall delay_slot
	  1170    0x00 0x01                                                                        NOPX
.delay_slot
.swstall delay_slot
	  1172    0x00 0x00 0x00 0x00 0x00 0x00 0x00 0x00 0x00 0x00 0x01 0x37                      NOPA;                         NOPB;                         NOPS;                         NOPX
.return_address
.no_stack_arguments
	  1184    0x00 0x00 0x00 0x00 0x01 0x15                                                                                                                                              JL #vector_scalar_mul_int32_vector
.delay_slot
	  1190    0x00 0x00 0x02 0x60 0x00 0x55                                                                                                                                              MOVXM p1, #out_buff_0
.delay_slot
	  1196    0x00 0x00 0x04 0x60 0x00 0x55                                                                                                                                              MOVXM p2, #infactor_cons_buff_1
.delay_slot
	  1202    0x00 0x00 0x00 0x60 0x00 0x55                                                                                                                                              MOVXM p0, #in_cons_buff_0
.delay_slot
	  1208    0x00 0x00 0x00 0x18 0x00 0x55                                                                                                                                              MOVXM r0, #3072
.delay_slot
.swstall delay_slot
	  1214    0x00 0x01                                                                        NOPX
.return_address
.no_stack_arguments
	  1216    0x00 0x00 0x00 0x00 0x01 0x15                                                                                                                                              JL #llvm___aie2___release
.delay_slot
	  1222    0x00 0x00 0x06 0x08 0x20 0x03 0xc8 0x43                                                                                                                                    MOVX r0, #48;                 MOV r1, #1
.delay_slot
.swstall delay_slot
	  1230    0x00 0x01                                                                        NOPX
.delay_slot
.swstall delay_slot
	  1232    0x00 0x01                                                                        NOPX
.delay_slot
.swstall delay_slot
	  1234    0x00 0x01                                                                        NOPX
.delay_slot
.swstall delay_slot
	  1236    0x00 0x00 0x00 0x00 0x00 0x00 0x00 0x00 0x00 0x00 0x01 0x37                      NOPA;                         NOPB;                         NOPS;                         NOPX
.return_address
.no_stack_arguments
	  1248    0x00 0x00 0x00 0x00 0x01 0x15                                                                                                                                              JL #llvm___aie2___release
.delay_slot
	  1254    0x00 0x00 0x10 0x28 0x00 0x6b 0xc8 0x43                                                                                                                                    MOVX r1, #1;                  MOV r0, #53
.delay_slot
.swstall delay_slot
	  1262    0x00 0x01                                                                        NOPX
.delay_slot
.swstall delay_slot
	  1264    0x00 0x01                                                                        NOPX
.delay_slot
.swstall delay_slot
	  1266    0x00 0x01                                                                        NOPX
.delay_slot
.swstall delay_slot
	  1268    0x00 0x00 0x00 0x00 0x00 0x00 0x00 0x00 0x00 0x00 0x01 0x37                      NOPA;                         NOPB;                         NOPS;                         NOPX
.return_address
.no_stack_arguments
	  1280    0x00 0x00 0x00 0x00 0x01 0x15                                                                                                                                              JL #llvm___aie2___acquire
.delay_slot
	  1286    0x00 0x3e 0x17 0xe8 0x00 0x6b 0x48 0x43                                                                                                                                    MOVX r1, #-1;                 MOV r0, #52
.delay_slot
.swstall delay_slot
	  1294    0x00 0x01                                                                        NOPX
.delay_slot
.swstall delay_slot
	  1296    0x00 0x01                                                                        NOPX
.delay_slot
.swstall delay_slot
	  1298    0x00 0x01                                                                        NOPX
.delay_slot
.swstall delay_slot
	  1300    0x00 0x00 0x00 0x00 0x00 0x00 0x00 0x00 0x00 0x00 0x01 0x37                      NOPA;                         NOPB;                         NOPS;                         NOPX
.return_address
.no_stack_arguments
	  1312    0x00 0x00 0x00 0x00 0x01 0x15                                                                                                                                              JL #llvm___aie2___acquire
.delay_slot
	  1318    0x00 0x00 0x06 0x28 0x27 0xff 0xc8 0x43                                                                                                                                    MOVX r0, #49;                 MOV r1, #-1
.delay_slot
.swstall delay_slot
	  1326    0x00 0x01                                                                        NOPX
.delay_slot
.swstall delay_slot
	  1328    0x00 0x01                                                                        NOPX
.delay_slot
.swstall delay_slot
	  1330    0x00 0x01                                                                        NOPX
.delay_slot
.swstall delay_slot
	  1332    0x00 0x00 0x00 0x00 0x00 0x00 0x00 0x00 0x00 0x00 0x01 0x37                      NOPA;                         NOPB;                         NOPS;                         NOPX
.return_address
.no_stack_arguments
	  1344    0x00 0x00 0x00 0x00 0x01 0x15                                                                                                                                              JL #vector_scalar_mul_int32_vector
.delay_slot
	  1350    0x00 0x00 0x00 0x60 0x00 0x55                                                                                                                                              MOVXM p0, #in_cons_buff_1
.delay_slot
	  1356    0x00 0x00 0x02 0x60 0x00 0x55                                                                                                                                              MOVXM p1, #out_buff_1
.delay_slot
	  1362    0x00 0x00 0x04 0x60 0x00 0x55                                                                                                                                              MOVXM p2, #infactor_cons_buff_1
.delay_slot
	  1368    0x00 0x00 0x00 0x18 0x00 0x55                                                                                                                                              MOVXM r0, #3072
.delay_slot
.swstall delay_slot
	  1374    0x00 0x01                                                                        NOPX
.return_address
.no_stack_arguments
	  1376    0x00 0x00 0x00 0x00 0x01 0x15                                                                                                                                              JL #llvm___aie2___release
.delay_slot
	  1382    0x00 0x00 0x10 0x28 0x00 0x63 0x48 0x43                                                                                                                                    MOVX r1, #1;                  MOV r0, #48
.delay_slot
.swstall delay_slot
	  1390    0x00 0x01                                                                        NOPX
.delay_slot
.swstall delay_slot
	  1392    0x00 0x01                                                                        NOPX
.delay_slot
.swstall delay_slot
	  1394    0x00 0x01                                                                        NOPX
.delay_slot
.swstall delay_slot
	  1396    0x00 0x00 0x00 0x00 0x00 0x00 0x00 0x00 0x00 0x00 0x01 0x37                      NOPA;                         NOPB;                         NOPS;                         NOPX
.return_address
.no_stack_arguments
	  1408    0x00 0x00 0x00 0x00 0x01 0x15                                                                                                                                              JL #llvm___aie2___release
.delay_slot
	  1414    0x00 0x00 0x10 0x28 0x00 0x6b 0xc8 0x43                                                                                                                                    MOVX r1, #1;                  MOV r0, #53
.delay_slot
.swstall delay_slot
	  1422    0x00 0x01                                                                        NOPX
.delay_slot
.swstall delay_slot
	  1424    0x00 0x01                                                                        NOPX
.delay_slot
.swstall delay_slot
	  1426    0x00 0x01                                                                        NOPX
.delay_slot
.swstall delay_slot
	  1428    0x00 0x00 0x00 0x00 0x00 0x00 0x00 0x00 0x00 0x00 0x01 0x37                      NOPA;                         NOPB;                         NOPS;                         NOPX
.return_address
.no_stack_arguments
	  1440    0x00 0x00 0x00 0x00 0x01 0x15                                                                                                                                              JL #llvm___aie2___release
.delay_slot
	  1446    0x00 0x00 0x06 0x48 0x20 0x03 0xc8 0x43                                                                                                                                    MOVX r0, #50;                 MOV r1, #1
.delay_slot
.swstall delay_slot
	  1454    0x00 0x01                                                                        NOPX
.delay_slot
.swstall delay_slot
	  1456    0x00 0x01                                                                        NOPX
.delay_slot
.swstall delay_slot
	  1458    0x00 0x01                                                                        NOPX
.delay_slot
.swstall delay_slot
	  1460    0x00 0x00 0x00 0x00 0x00 0x00 0x00 0x00 0x00 0x00 0x01 0x37                      NOPA;                         NOPB;                         NOPS;                         NOPX
.return_address
	  1472    0xff 0xc6 0x88 0x25 0x90 0x5b 0x00 0x03 0x48 0xbb                                MOVA r26, #-2;                                                                            ADD r25, r18, #2;             MOV r24, #0
	  1482    0xff 0x4e 0x44 0x71 0x82 0xbd                                                                                                                ST r25, [sp, #-48];           ADC r24, r17, r24
	  1488    0x7f 0xff 0xfd 0x9f 0xfe 0x55                                                                                                                                              MOVXM r27, #2147483647
	  1494    0x16 0xf7 0x88 0x99                                                                                                                                                        NE r27, r27, r24
	  1498    0x16 0x73 0xa8 0x99                                                                                                                                                        NE r25, r25, r26
	  1502    0x16 0xf3 0x95 0x99                                                                                                                                                        OR r25, r27, r25
	  1506    0xc8 0x00 0x20 0x40 0x01 0x95                                                                                                                                              JNZ r25, #TGT_Fcore_0_2_64
.delay_slot
	  1512    0x17 0xc2 0xfd 0x19                                                                                                                                                        MOVX r1, #-1
.delay_slot
.swstall delay_slot
	  1516    0x00 0x01                                                                        NOPX
.delay_slot
.swstall delay_slot
	  1518    0x00 0x01                                                                        NOPX
.delay_slot
.swstall delay_slot
	  1520    0x00 0x01                                                                        NOPX
.delay_slot
.swstall delay_slot
	  1522    0x00 0x01                                                                        NOPX
.loop_nesting 0
	  1524    0x07 0xfb 0x60 0x59                                                              LDA r16, [sp, #-40]
	  1528    0x07 0xfd 0x62 0x59                                                              LDA r17, [sp, #-24]
	  1532    0x07 0xfc 0xe6 0x59                                                              LDA r19, [sp, #-28]
	  1536    0x07 0xfc 0x76 0xd9                                                              LDA p6, [sp, #-32]
.no_stack_arguments
	  1540    0x00 0x00 0x00 0x00 0x01 0x15                                                                                                                                              JL #llvm___aie2___acquire
.delay_slot
.swstall delay_slot
	  1546    0x00 0x01                                                                        NOPX
.delay_slot
.swstall delay_slot
	  1548    0x00 0x01                                                                        NOPX
.delay_slot
.swstall delay_slot
	  1550    0x00 0x01                                                                        NOPX
.delay_slot
.swstall delay_slot
	  1552    0x00 0x01                                                                        NOPX
.delay_slot
	  1554    0x00 0x00 0x00 0x00 0x00 0x00 0xcd 0x00 0x00 0x71 0x00 0x00 0x00 0x7f            NOPA;                         NOPB;                         NOPS;                         MOVX r0, #51;                 NOPM
.return_address
	  1568    0x07 0xff 0x68 0x59                                                              LDA r20, [sp, #-8]
	  1572    0x07 0xfe 0xea 0x59                                                              LDA r21, [sp, #-12]
	  1576    0x07 0xfe 0x64 0x59                                                              LDA r18, [sp, #-16]
	  1580    0x07 0xfd 0xfe 0xd9                                                              LDA p7, [sp, #-20]
.no_stack_arguments
	  1584    0x00 0x00 0x00 0x00 0x01 0x15                                                                                                                                              JL #llvm___aie2___acquire
.delay_slot
.swstall delay_slot
	  1590    0x00 0x01                                                                        NOPX
.delay_slot
.swstall delay_slot
	  1592    0x00 0x01                                                                        NOPX
.delay_slot
.swstall delay_slot
	  1594    0x00 0x01                                                                        NOPX
.delay_slot
.swstall delay_slot
	  1596    0x00 0x00 0x00 0x19                                                              NOPA
.delay_slot
	  1600    0x00 0x00 0x00 0x00 0x00 0x00 0x00 0x00 0x06 0x88 0x27 0xff 0xc8 0x00 0x03 0xc0  NOPA;                         NOPB;                         NOPS;                         MOVX r0, #52;                 MOV r1, #-1;                            NOPV
.return_address
.no_stack_arguments
	  1616    0x00 0x00 0x00 0x00 0x01 0x15                                                                                                                                              JL #llvm___aie2___acquire
.delay_slot
	  1622    0x00 0x3e 0x17 0xe8 0x00 0x63 0xc8 0x43                                                                                                                                    MOVX r1, #-1;                 MOV r0, #49
.delay_slot
.swstall delay_slot
	  1630    0x00 0x01                                                                        NOPX
.delay_slot
.swstall delay_slot
	  1632    0x00 0x01                                                                        NOPX
.delay_slot
.swstall delay_slot
	  1634    0x00 0x01                                                                        NOPX
.delay_slot
.swstall delay_slot
	  1636    0x00 0x00 0x00 0x00 0x00 0x00 0x00 0x00 0x00 0x00 0x01 0x37                      NOPA;                         NOPB;                         NOPS;                         NOPX
.return_address
.no_stack_arguments
	  1648    0x00 0x00 0x00 0x00 0x01 0x15                                                                                                                                              JL #vector_scalar_mul_int32_vector
.delay_slot
	  1654    0x00 0x00 0x04 0x60 0x00 0x55                                                                                                                                              MOVXM p2, #infactor_cons_buff_0
.delay_slot
	  1660    0x00 0x00 0x00 0x18 0x00 0x55                                                                                                                                              MOVXM r0, #3072
.delay_slot
	  1666    0x00 0x00 0x00 0x60 0x00 0x55                                                                                                                                              MOVXM p0, #in_cons_buff_0
.delay_slot
	  1672    0x00 0x00 0x02 0x60 0x00 0x55                                                                                                                                              MOVXM p1, #out_buff_0
.delay_slot
.swstall delay_slot
	  1678    0x00 0x01                                                                        NOPX
.return_address
.no_stack_arguments
	  1680    0x00 0x00 0x00 0x00 0x01 0x15                                                                                                                                              JL #llvm___aie2___release
.delay_slot
	  1686    0x00 0x00 0x10 0x28 0x00 0x63 0x48 0x43                                                                                                                                    MOVX r1, #1;                  MOV r0, #48
.delay_slot
.swstall delay_slot
	  1694    0x00 0x01                                                                        NOPX
.delay_slot
.swstall delay_slot
	  1696    0x00 0x01                                                                        NOPX
.delay_slot
.swstall delay_slot
	  1698    0x00 0x01                                                                        NOPX
.delay_slot
.swstall delay_slot
	  1700    0x00 0x00 0x00 0x00 0x00 0x00 0x00 0x00 0x00 0x00 0x01 0x37                      NOPA;                         NOPB;                         NOPS;                         NOPX
.return_address
.no_stack_arguments
	  1712    0x00 0x00 0x00 0x00 0x01 0x15                                                                                                                                              JL #llvm___aie2___release
.delay_slot
	  1718    0x00 0x00 0x06 0xa8 0x20 0x03 0xc8 0x43                                                                                                                                    MOVX r0, #53;                 MOV r1, #1
.delay_slot
.swstall delay_slot
	  1726    0x00 0x01                                                                        NOPX
.delay_slot
.swstall delay_slot
	  1728    0x00 0x01                                                                        NOPX
.delay_slot
.swstall delay_slot
	  1730    0x00 0x01                                                                        NOPX
.delay_slot
.swstall delay_slot
	  1732    0x00 0x00 0x00 0x00 0x00 0x00 0x00 0x00 0x00 0x00 0x01 0x37                      NOPA;                         NOPB;                         NOPS;                         NOPX
.return_address
.no_stack_arguments
	  1744    0x00 0x00 0x00 0x00 0x01 0x15                                                                                                                                              JL #llvm___aie2___acquire
.delay_slot
	  1750    0x00 0x3e 0x17 0xe8 0x00 0x6b 0x48 0x43                                                                                                                                    MOVX r1, #-1;                 MOV r0, #52
.delay_slot
.swstall delay_slot
	  1758    0x00 0x01                                                                        NOPX
.delay_slot
.swstall delay_slot
	  1760    0x00 0x01                                                                        NOPX
.delay_slot
.swstall delay_slot
	  1762    0x00 0x01                                                                        NOPX
.delay_slot
.swstall delay_slot
	  1764    0x00 0x00 0x00 0x00 0x00 0x00 0x00 0x00 0x00 0x00 0x01 0x37                      NOPA;                         NOPB;                         NOPS;                         NOPX
.return_address
.no_stack_arguments
	  1776    0x00 0x00 0x00 0x00 0x01 0x15                                                                                                                                              JL #llvm___aie2___acquire
.delay_slot
	  1782    0x00 0x3e 0x17 0xe8 0x00 0x63 0xc8 0x43                                                                                                                                    MOVX r1, #-1;                 MOV r0, #49
.delay_slot
.swstall delay_slot
	  1790    0x00 0x01                                                                        NOPX
.delay_slot
.swstall delay_slot
	  1792    0x00 0x01                                                                        NOPX
.delay_slot
.swstall delay_slot
	  1794    0x00 0x01                                                                        NOPX
.delay_slot
.swstall delay_slot
	  1796    0x00 0x00 0x00 0x00 0x00 0x00 0x00 0x00 0x00 0x00 0x01 0x37                      NOPA;                         NOPB;                         NOPS;                         NOPX
.return_address
.no_stack_arguments
	  1808    0x00 0x00 0x00 0x00 0x01 0x15                                                                                                                                              JL #vector_scalar_mul_int32_vector
.delay_slot
	  1814    0x00 0x00 0x04 0x60 0x00 0x55                                                                                                                                              MOVXM p2, #infactor_cons_buff_0
.delay_slot
	  1820    0x00 0x00 0x00 0x18 0x00 0x55                                                                                                                                              MOVXM r0, #3072
.delay_slot
	  1826    0x00 0x00 0x00 0x60 0x00 0x55                                                                                                                                              MOVXM p0, #in_cons_buff_1
.delay_slot
	  1832    0x00 0x00 0x02 0x60 0x00 0x55                                                                                                                                              MOVXM p1, #out_buff_1
.delay_slot
.swstall delay_slot
	  1838    0x00 0x01                                                                        NOPX
.return_address
.no_stack_arguments
	  1840    0x00 0x00 0x00 0x00 0x01 0x15                                                                                                                                              JL #llvm___aie2___release
.delay_slot
	  1846    0x00 0x00 0x06 0x08 0x20 0x03 0xc8 0x43                                                                                                                                    MOVX r0, #48;                 MOV r1, #1
.delay_slot
.swstall delay_slot
	  1854    0x00 0x01                                                                        NOPX
.delay_slot
.swstall delay_slot
	  1856    0x00 0x01                                                                        NOPX
.delay_slot
.swstall delay_slot
	  1858    0x00 0x01                                                                        NOPX
.delay_slot
.swstall delay_slot
	  1860    0x00 0x00 0x00 0x00 0x00 0x00 0x00 0x00 0x00 0x00 0x01 0x37                      NOPA;                         NOPB;                         NOPS;                         NOPX
.return_address
.no_stack_arguments
	  1872    0x00 0x00 0x00 0x00 0x01 0x15                                                                                                                                              JL #llvm___aie2___release
.delay_slot
	  1878    0x00 0x00 0x06 0xa8 0x20 0x03 0xc8 0x43                                                                                                                                    MOVX r0, #53;                 MOV r1, #1
.delay_slot
.swstall delay_slot
	  1886    0x00 0x01                                                                        NOPX
.delay_slot
.swstall delay_slot
	  1888    0x00 0x01                                                                        NOPX
.delay_slot
.swstall delay_slot
	  1890    0x00 0x01                                                                        NOPX
.delay_slot
.swstall delay_slot
	  1892    0x00 0x00 0x00 0x00 0x00 0x00 0x00 0x00 0x00 0x00 0x01 0x37                      NOPA;                         NOPB;                         NOPS;                         NOPX
.return_address
.no_stack_arguments
	  1904    0x00 0x00 0x00 0x00 0x01 0x15                                                                                                                                              JL #llvm___aie2___acquire
.delay_slot
	  1910    0x00 0x3e 0x17 0xe8 0x00 0x6b 0x48 0x43                                                                                                                                    MOVX r1, #-1;                 MOV r0, #52
.delay_slot
.swstall delay_slot
	  1918    0x00 0x01                                                                        NOPX
.delay_slot
.swstall delay_slot
	  1920    0x00 0x01                                                                        NOPX
.delay_slot
.swstall delay_slot
	  1922    0x00 0x01                                                                        NOPX
.delay_slot
.swstall delay_slot
	  1924    0x00 0x00 0x00 0x00 0x00 0x00 0x00 0x00 0x00 0x00 0x01 0x37                      NOPA;                         NOPB;                         NOPS;                         NOPX
.return_address
.no_stack_arguments
	  1936    0x00 0x00 0x00 0x00 0x01 0x15                                                                                                                                              JL #llvm___aie2___acquire
.delay_slot
	  1942    0x00 0x3e 0x17 0xe8 0x00 0x63 0xc8 0x43                                                                                                                                    MOVX r1, #-1;                 MOV r0, #49
.delay_slot
.swstall delay_slot
	  1950    0x00 0x01                                                                        NOPX
.delay_slot
.swstall delay_slot
	  1952    0x00 0x01                                                                        NOPX
.delay_slot
.swstall delay_slot
	  1954    0x00 0x01                                                                        NOPX
.delay_slot
.swstall delay_slot
	  1956    0x00 0x00 0x00 0x00 0x00 0x00 0x00 0x00 0x00 0x00 0x01 0x37                      NOPA;                         NOPB;                         NOPS;                         NOPX
.return_address
.no_stack_arguments
	  1968    0x00 0x00 0x00 0x00 0x01 0x15                                                                                                                                              JL #vector_scalar_mul_int32_vector
.delay_slot
	  1974    0x00 0x00 0x04 0x60 0x00 0x55                                                                                                                                              MOVXM p2, #infactor_cons_buff_0
.delay_slot
	  1980    0x00 0x00 0x00 0x18 0x00 0x55                                                                                                                                              MOVXM r0, #3072
.delay_slot
	  1986    0x00 0x00 0x00 0x60 0x00 0x55                                                                                                                                              MOVXM p0, #in_cons_buff_0
.delay_slot
	  1992    0x00 0x00 0x02 0x60 0x00 0x55                                                                                                                                              MOVXM p1, #out_buff_0
.delay_slot
.swstall delay_slot
	  1998    0x00 0x01                                                                        NOPX
.return_address
.no_stack_arguments
	  2000    0x00 0x00 0x00 0x00 0x01 0x15                                                                                                                                              JL #llvm___aie2___release
.delay_slot
	  2006    0x00 0x00 0x10 0x28 0x00 0x63 0x48 0x43                                                                                                                                    MOVX r1, #1;                  MOV r0, #48
.delay_slot
.swstall delay_slot
	  2014    0x00 0x01                                                                        NOPX
.delay_slot
.swstall delay_slot
	  2016    0x00 0x01                                                                        NOPX
.delay_slot
.swstall delay_slot
	  2018    0x00 0x01                                                                        NOPX
.delay_slot
.swstall delay_slot
	  2020    0x00 0x00 0x00 0x00 0x00 0x00 0x00 0x00 0x00 0x00 0x01 0x37                      NOPA;                         NOPB;                         NOPS;                         NOPX
.return_address
.no_stack_arguments
	  2032    0x00 0x00 0x00 0x00 0x01 0x15                                                                                                                                              JL #llvm___aie2___release
.delay_slot
	  2038    0x00 0x00 0x10 0x28 0x00 0x6b 0xc8 0x43                                                                                                                                    MOVX r1, #1;                  MOV r0, #53
.delay_slot
.swstall delay_slot
	  2046    0x00 0x01                                                                        NOPX
.delay_slot
.swstall delay_slot
	  2048    0x00 0x01                                                                        NOPX
.delay_slot
.swstall delay_slot
	  2050    0x00 0x01                                                                        NOPX
.delay_slot
.swstall delay_slot
	  2052    0x00 0x00 0x00 0x00 0x00 0x00 0x00 0x00 0x00 0x00 0x01 0x37                      NOPA;                         NOPB;                         NOPS;                         NOPX
.return_address
.no_stack_arguments
	  2064    0x00 0x00 0x00 0x00 0x01 0x15                                                                                                                                              JL #llvm___aie2___acquire
.delay_slot
	  2070    0x00 0x00 0x06 0x88 0x27 0xff 0xc8 0x43                                                                                                                                    MOVX r0, #52;                 MOV r1, #-1
.delay_slot
.swstall delay_slot
	  2078    0x00 0x01                                                                        NOPX
.delay_slot
.swstall delay_slot
	  2080    0x00 0x01                                                                        NOPX
.delay_slot
.swstall delay_slot
	  2082    0x00 0x01                                                                        NOPX
.delay_slot
.swstall delay_slot
	  2084    0x00 0x00 0x00 0x00 0x00 0x00 0x00 0x00 0x00 0x00 0x01 0x37                      NOPA;                         NOPB;                         NOPS;                         NOPX
.return_address
.no_stack_arguments
	  2096    0x00 0x00 0x00 0x00 0x01 0x15                                                                                                                                              JL #llvm___aie2___acquire
.delay_slot
	  2102    0x00 0x3e 0x17 0xe8 0x00 0x63 0xc8 0x43                                                                                                                                    MOVX r1, #-1;                 MOV r0, #49
.delay_slot
.swstall delay_slot
	  2110    0x00 0x01                                                                        NOPX
.delay_slot
.swstall delay_slot
	  2112    0x00 0x01                                                                        NOPX
.delay_slot
.swstall delay_slot
	  2114    0x00 0x01                                                                        NOPX
.delay_slot
.swstall delay_slot
	  2116    0x00 0x00 0x00 0x00 0x00 0x00 0x00 0x00 0x00 0x00 0x01 0x37                      NOPA;                         NOPB;                         NOPS;                         NOPX
.return_address
.no_stack_arguments
	  2128    0x00 0x00 0x00 0x00 0x01 0x15                                                                                                                                              JL #vector_scalar_mul_int32_vector
.delay_slot
	  2134    0x00 0x00 0x04 0x60 0x00 0x55                                                                                                                                              MOVXM p2, #infactor_cons_buff_0
.delay_slot
	  2140    0x00 0x00 0x00 0x60 0x00 0x55                                                                                                                                              MOVXM p0, #in_cons_buff_1
.delay_slot
	  2146    0x00 0x00 0x02 0x60 0x00 0x55                                                                                                                                              MOVXM p1, #out_buff_1
.delay_slot
	  2152    0x00 0x00 0x00 0x18 0x00 0x55                                                                                                                                              MOVXM r0, #3072
.delay_slot
.swstall delay_slot
	  2158    0x00 0x01                                                                        NOPX
.return_address
.no_stack_arguments
	  2160    0x00 0x00 0x00 0x00 0x01 0x15                                                                                                                                              JL #llvm___aie2___release
.delay_slot
	  2166    0x00 0x00 0x10 0x28 0x00 0x63 0x48 0x43                                                                                                                                    MOVX r1, #1;                  MOV r0, #48
.delay_slot
.swstall delay_slot
	  2174    0x00 0x01                                                                        NOPX
.delay_slot
.swstall delay_slot
	  2176    0x00 0x01                                                                        NOPX
.delay_slot
.swstall delay_slot
	  2178    0x00 0x01                                                                        NOPX
.delay_slot
.swstall delay_slot
	  2180    0x00 0x00 0x00 0x00 0x00 0x00 0x00 0x00 0x00 0x00 0x01 0x37                      NOPA;                         NOPB;                         NOPS;                         NOPX
.return_address
	  2192    0x07 0xfb 0xec 0x59                                                              LDA r22, [sp, #-36]
.no_stack_arguments
	  2196    0x00 0x00 0x00 0x00 0x01 0x15                                                                                                                                              JL #llvm___aie2___release
.delay_slot
.swstall delay_slot
	  2202    0x00 0x01                                                                        NOPX
.delay_slot
.swstall delay_slot
	  2204    0x00 0x01                                                                        NOPX
.delay_slot
.swstall delay_slot
	  2206    0x00 0x01                                                                        NOPX
.delay_slot
.swstall delay_slot
	  2208    0x00 0x01                                                                        NOPX
.delay_slot
	  2210    0x00 0x00 0x00 0x00 0x00 0x00 0xd5 0x04 0x00 0x79 0x00 0x00 0x00 0x7f            NOPA;                         NOPB;                         NOPS;                         MOVX r0, #53;                 MOV r1, #1
.return_address
	  2224    0x07 0xfa 0xc2 0xd9                                                              LDA lr, [sp, #-44]
	  2228    0x07 0xff 0xee 0x59                                                              LDA r23, [sp, #-4]
.tail_call
	  2232    0x00 0x00 0x00 0x00 0x00 0x95                                                                                                                                              J #llvm___aie2___release
.delay_slot
.swstall delay_slot
	  2238    0x00 0x01                                                                        NOPX
.delay_slot
.swstall delay_slot
	  2240    0x00 0x01                                                                        NOPX
.delay_slot
.swstall delay_slot
	  2242    0x00 0x01                                                                        NOPX
.delay_slot
.swstall delay_slot
	  2244    0x00 0x01                                                                        NOPX
.label core_0_2__end last
.delay_slot
	  2246    0x07 0xff 0xc0 0x00 0x10 0x28 0x00 0x67 0x48 0x3b                                                              PADDB [sp], #-64;                                           MOVX r1, #1;                  MOV r0, #50

.undef global data in_cons_buff_0

.undef global data out_buff_0

.undef global data infactor_cons_buff_0

.undef global data in_cons_buff_1

.undef global data out_buff_1

.undef global data infactor_cons_buff_1

.undef global text llvm___aie2___acquire

.undef global text vector_scalar_mul_int32_vector

.undef global text llvm___aie2___release

.text_segment_name
.text global 10 llvm___aie2___acquire
.function_start
	     0    0x10 0x12 0x12 0x19                                                                                                                                                        ACQ r0, r1
	     4    0x10 0x00 0x18 0x19                                                                                                                                                        RET lr
.delay_slot
.swstall delay_slot
	     8    0x00 0x01                                                                        NOPX
.delay_slot
.swstall delay_slot
	    10    0x00 0x01                                                                        NOPX
.delay_slot
.swstall delay_slot
	    12    0x00 0x01                                                                        NOPX
.delay_slot
.swstall delay_slot
	    14    0x00 0x01                                                                        NOPX
.label llvm___aie2___acquire__end last
.delay_slot
.swstall delay_slot
	    16    0x00 0x00 0x00 0x00 0x00 0x00 0x00 0x00 0x00 0x00 0x00 0x03 0x88 0x00 0x03 0xc0  NOPA;                         NOPB;                         NOPS;                         NOPX;                         NOPM;                                   NOPV

.text_segment_name
.text global 10 llvm___aie2___release
.function_start
	     0    0x00 0x01                                                                        NOPX
	     2    0x00 0x01                                                                        NOPX
	     4    0x00 0x01                                                                        NOPX
	     6    0x00 0x01                                                                        NOPX
	     8    0x00 0x01                                                                        NOPX
	    10    0x00 0x01                                                                        NOPX
	    12    0x10 0x10 0x12 0x19                                                                                                                                                        REL r0, r1
	    16    0x10 0x00 0x18 0x19                                                                                                                                                        RET lr
.delay_slot
.swstall delay_slot
	    20    0x00 0x01                                                                        NOPX
.delay_slot
.swstall delay_slot
	    22    0x00 0x01                                                                        NOPX
.delay_slot
.swstall delay_slot
	    24    0x00 0x01                                                                        NOPX
.delay_slot
.swstall delay_slot
	    26    0x00 0x01                                                                        NOPX
.label llvm___aie2___release__end last
.delay_slot
.swstall delay_slot
	    28    0x00 0x00 0x00 0x19                                                              NOPA

.text_segment_name
.text global 10 llvm___aie___event0
.function_start
	     0    0x10 0x00 0x18 0x19                                                                                                                                                        RET lr
.delay_slot
	     4    0x10 0x00 0x10 0x19                                                                                                                                                        EVENT #0
.delay_slot
.swstall delay_slot
	     8    0x00 0x01                                                                        NOPX
.delay_slot
.swstall delay_slot
	    10    0x00 0x01                                                                        NOPX
.delay_slot
.swstall delay_slot
	    12    0x00 0x01                                                                        NOPX
.label llvm___aie___event0__end last
.delay_slot
.swstall delay_slot
	    14    0x00 0x01                                                                        NOPX

.text_segment_name
.text global 10 llvm___aie___event1
.function_start
	     0    0x10 0x00 0x18 0x19                                                                                                                                                        RET lr
.delay_slot
	     4    0x12 0x00 0x10 0x19                                                                                                                                                        EVENT #1
.delay_slot
.swstall delay_slot
	     8    0x00 0x01                                                                        NOPX
.delay_slot
.swstall delay_slot
	    10    0x00 0x01                                                                        NOPX
.delay_slot
.swstall delay_slot
	    12    0x00 0x01                                                                        NOPX
.label llvm___aie___event1__end last
.delay_slot
.swstall delay_slot
	    14    0x00 0x01                                                                        NOPX

