module @test_chess_04_deprecated_shim_dma_precompiled_kernel {
  %0 = AIE.tile(7, 3)
  %1 = AIE.tile(7, 2)
  %2 = AIE.tile(7, 1)
  %3 = AIE.tile(7, 0)
  %4 = AIE.lock(%0, 14) {sym_name = "lock73_14"}
  AIE.multicast(%3, DMA : 0) {
    AIE.multi_dest<%0, DMA : 0>
  }
  %5 = AIE.lock(%3, 0) {sym_name = "of_0_lock_0"}
  %6 = AIE.buffer(%0) {sym_name = "of_1_buff_0"} : memref<256xi32>
  %7 = AIE.lock(%0, 0) {sym_name = "of_1_lock_0"}
  %8 = AIE.buffer(%0) {sym_name = "of_1_buff_1"} : memref<256xi32>
  %9 = AIE.lock(%0, 1) {sym_name = "of_1_lock_1"}
  %10 = AIE.buffer(%0) {sym_name = "of_1_buff_2"} : memref<256xi32>
  %11 = AIE.lock(%0, 2) {sym_name = "of_1_lock_2"}
  %12 = AIE.buffer(%0) {sym_name = "of_1_buff_3"} : memref<256xi32>
  %13 = AIE.lock(%0, 3) {sym_name = "of_1_lock_3"}
  %14 = AIE.buffer(%0) {sym_name = "of_1_buff_4"} : memref<256xi32>
  %15 = AIE.lock(%0, 4) {sym_name = "of_1_lock_4"}
  %16 = AIE.buffer(%0) {sym_name = "of_1_buff_5"} : memref<256xi32>
  %17 = AIE.lock(%0, 5) {sym_name = "of_1_lock_5"}
  AIE.multicast(%0, DMA : 0) {
    AIE.multi_dest<%3, DMA : 0>
  }
  %18 = AIE.buffer(%0) {sym_name = "of_2_buff_0"} : memref<256xi32>
  %19 = AIE.lock(%0, 6) {sym_name = "of_2_lock_0"}
  %20 = AIE.buffer(%0) {sym_name = "of_2_buff_1"} : memref<256xi32>
  %21 = AIE.lock(%0, 7) {sym_name = "of_2_lock_1"}
  %22 = AIE.lock(%3, 1) {sym_name = "of_3_lock_0"}
  %23 = AIE.external_buffer {sym_name = "ddr_test_buffer_in0"} : memref<1536xi32>
  %24 = AIE.external_buffer {sym_name = "ddr_test_buffer_out"} : memref<512xi32>
  func.func private @vec_hdiff(memref<256xi32>, memref<256xi32>, memref<256xi32>, memref<256xi32>, memref<256xi32>, memref<256xi32>)
  %25 = AIE.core(%0) {
    %c0 = arith.constant 0 : index
    %c2 = arith.constant 2 : index
    %c1 = arith.constant 1 : index
    AIE.useLock(%4, Acquire, 0)
    AIE.useLock(%7, Acquire, 1)
    AIE.useLock(%9, Acquire, 1)
    AIE.useLock(%11, Acquire, 1)
    AIE.useLock(%13, Acquire, 1)
    AIE.useLock(%15, Acquire, 1)
    AIE.useLock(%19, Acquire, 0)
    func.call @vec_hdiff(%6, %8, %10, %12, %14, %18) : (memref<256xi32>, memref<256xi32>, memref<256xi32>, memref<256xi32>, memref<256xi32>, memref<256xi32>) -> ()
    AIE.useLock(%7, Release, 0)
    AIE.useLock(%19, Release, 1)
    AIE.useLock(%17, Acquire, 1)
    AIE.useLock(%21, Acquire, 0)
    func.call @vec_hdiff(%8, %10, %12, %14, %16, %20) : (memref<256xi32>, memref<256xi32>, memref<256xi32>, memref<256xi32>, memref<256xi32>, memref<256xi32>) -> ()
    AIE.useLock(%9, Release, 0)
    AIE.useLock(%21, Release, 1)
    AIE.useLock(%4, Release, 0)
    AIE.useLock(%11, Release, 0)
    AIE.useLock(%13, Release, 0)
    AIE.useLock(%15, Release, 0)
    AIE.useLock(%17, Release, 0)
    AIE.end
  } {link_with = "hdiff.o"}
  %26 = AIE.shimDMA(%3) {
    %28 = AIE.dmaStart(MM2S, 0, ^bb1, ^bb2)
  ^bb1:  // 2 preds: ^bb0, ^bb1
    AIE.useLock(%5, Acquire, 1)
    AIE.dmaBd(<%23 : memref<1536xi32>, 0, 1536>, 0)
    AIE.useLock(%5, Release, 0)
    AIE.nextBd ^bb1
  ^bb2:  // pred: ^bb0
    %29 = AIE.dmaStart(S2MM, 0, ^bb3, ^bb4)
  ^bb3:  // 2 preds: ^bb2, ^bb3
    AIE.useLock(%22, Acquire, 0)
    AIE.dmaBd(<%24 : memref<512xi32>, 0, 512>, 0)
    AIE.useLock(%22, Release, 1)
    AIE.nextBd ^bb3
  ^bb4:  // pred: ^bb2
    AIE.end
  }
  %27 = AIE.mem(%0) {
    %28 = AIE.dmaStart(S2MM, 0, ^bb1, ^bb7)
  ^bb1:  // 2 preds: ^bb0, ^bb6
    AIE.useLock(%7, Acquire, 0)
    AIE.dmaBd(<%6 : memref<256xi32>, 0, 256>, 0)
    AIE.useLock(%7, Release, 1)
    AIE.nextBd ^bb2
  ^bb2:  // pred: ^bb1
    AIE.useLock(%9, Acquire, 0)
    AIE.dmaBd(<%8 : memref<256xi32>, 0, 256>, 0)
    AIE.useLock(%9, Release, 1)
    AIE.nextBd ^bb3
  ^bb3:  // pred: ^bb2
    AIE.useLock(%11, Acquire, 0)
    AIE.dmaBd(<%10 : memref<256xi32>, 0, 256>, 0)
    AIE.useLock(%11, Release, 1)
    AIE.nextBd ^bb4
  ^bb4:  // pred: ^bb3
    AIE.useLock(%13, Acquire, 0)
    AIE.dmaBd(<%12 : memref<256xi32>, 0, 256>, 0)
    AIE.useLock(%13, Release, 1)
    AIE.nextBd ^bb5
  ^bb5:  // pred: ^bb4
    AIE.useLock(%15, Acquire, 0)
    AIE.dmaBd(<%14 : memref<256xi32>, 0, 256>, 0)
    AIE.useLock(%15, Release, 1)
    AIE.nextBd ^bb6
  ^bb6:  // pred: ^bb5
    AIE.useLock(%17, Acquire, 0)
    AIE.dmaBd(<%16 : memref<256xi32>, 0, 256>, 0)
    AIE.useLock(%17, Release, 1)
    AIE.nextBd ^bb1
  ^bb7:  // pred: ^bb0
    %29 = AIE.dmaStart(MM2S, 0, ^bb8, ^bb10)
  ^bb8:  // 2 preds: ^bb7, ^bb9
    AIE.useLock(%19, Acquire, 1)
    AIE.dmaBd(<%18 : memref<256xi32>, 0, 256>, 0)
    AIE.useLock(%19, Release, 0)
    AIE.nextBd ^bb9
  ^bb9:  // pred: ^bb8
    AIE.useLock(%21, Acquire, 1)
    AIE.dmaBd(<%20 : memref<256xi32>, 0, 256>, 0)
    AIE.useLock(%21, Release, 0)
    AIE.nextBd ^bb8
  ^bb10:  // pred: ^bb7
    AIE.end
  }
}

