
// File generated by darts version R-2021.03#bdd134a96a#210729, Tue Jan 31 10:56:19 2023
// Copyright 2014-2021 Synopsys, Inc. All rights reserved.
// darts -I/mnt/scratch/tools_tmp/Xilinx/Vitis/2021.2/aietools/data/cervino/lib -d -h -I/mnt/scratch/tools_tmp/Xilinx/Vitis/2021.2/aietools/data/cervino/lib/runtime_cxx/libcxx-lite/include -I/mnt/scratch/tools_tmp/Xilinx/Vitis/2021.2/aietools/data/cervino/lib/runtime_cxx/libs/libcxx-9.0.0/include-lite -I/mnt/scratch/tools_tmp/Xilinx/Vitis/2021.2/aietools/data/cervino/lib/runtime/include -L +Ihex +nanno acdc_project/input.o me

// Release: ipp R-2021.03-TGT-210729
.undef global data _ZN12me_primitive3ss0E


.undef global data _ZN12me_primitive3ms0E


.undef global data _ZN12me_primitive4sst0E


.undef global data _ZN12me_primitive4ssc0E


.undef global data _ZN12me_primitive5wsst0E


.undef global data _ZN12me_primitive4msc0E


.undef global data _ZN12me_primitive3ss1E


.undef global data _ZN12me_primitive3ms1E


.undef global data _ZN12me_primitive4sst1E


.undef global data _ZN12me_primitive4ssc1E


.undef global data _ZN12me_primitive5wsst1E


.undef global data _ZN12me_primitive4msc1E


.undef global data ZERO

.undef global data ONES

.undef global data of_1_buff_0

.undef global data of_1_buff_1

.undef global data of_1_buff_2

.undef global data of_2_buff_0

.undef global data __chess_separator_dummy

.text_segment_name
.text global 16 core_7_1
.function_start
	     0    0x08 0x90 0xc0 0x00 0x00 0x00 0x00 0x37                                          PADDA [sp], #32;                        NOP;                          NOP
	     8    0x00 0x01                                                                        NOP
	    10    0x80 0x00 0x00 0xc8 0xff 0xfc 0x47 0xf7                                                                                  NOP;                                                        ST.SPIL lr, [sp, #-4];        NOP
.no_stack_arguments
	    18    0x80 0x00 0x00 0xa0 0x20 0x00 0x07 0xf7                                                                                  NOP;                                                        JAL #llvm___aie___lock___acquire___reg;NOP
.delay_slot
	    26    0x00 0x00 0x33 0xed 0x88 0x00 0x6e 0x77                                          NOP;                                                                  MOV.s12 r7, #0;               MOV.s8 r6, #62
.delay_slot
.swstall delay_slot
	    34    0x00 0x01                                                                        NOP
.delay_slot
.swstall delay_slot
	    36    0x00 0x01                                                                        NOP
.delay_slot
.swstall delay_slot
	    38    0x00 0x01                                                                        NOP
.delay_slot
.swstall delay_slot
	    40    0x00 0x00 0x00 0x00 0x00 0x00 0x00 0x37                                          NOP;                                    NOP;                          NOP
.return_address
.no_stack_arguments
	    48    0x80 0x00 0x00 0xa0 0x20 0x00 0x07 0xf7                                                                                  NOP;                                                        JAL #llvm___aie___lock___acquire___reg;NOP
.delay_slot
	    56    0x00 0x00 0x33 0x0d 0x88 0x00 0xee 0x77                                          NOP;                                                                  MOV.s12 r7, #1;               MOV.s8 r6, #48
.delay_slot
.swstall delay_slot
	    64    0x00 0x01                                                                        NOP
.delay_slot
.swstall delay_slot
	    66    0x00 0x01                                                                        NOP
.delay_slot
.swstall delay_slot
	    68    0x00 0x00 0x00 0x03                                                              NOP;                                                                  NOP
.delay_slot
.swstall delay_slot
	    72    0x00 0x00 0x00 0x00 0x00 0x00 0x00 0x37                                          NOP;                                    NOP;                          NOP
.return_address
.no_stack_arguments
	    80    0x80 0x00 0x00 0xa0 0x20 0x00 0x07 0xf7                                                                                  NOP;                                                        JAL #llvm___aie___lock___acquire___reg;NOP
.delay_slot
	    88    0x00 0x00 0x33 0x1d 0x88 0x00 0xee 0x77                                          NOP;                                                                  MOV.s12 r7, #1;               MOV.s8 r6, #49
.delay_slot
.swstall delay_slot
	    96    0x00 0x01                                                                        NOP
.delay_slot
.swstall delay_slot
	    98    0x00 0x01                                                                        NOP
.delay_slot
.swstall delay_slot
	   100    0x00 0x00 0x00 0x03                                                              NOP;                                                                  NOP
.delay_slot
.swstall delay_slot
	   104    0x00 0x00 0x00 0x00 0x00 0x00 0x00 0x37                                          NOP;                                    NOP;                          NOP
.return_address
.no_stack_arguments
	   112    0x80 0x00 0x00 0xa0 0x20 0x00 0x07 0xf7                                                                                  NOP;                                                        JAL #llvm___aie___lock___acquire___reg;NOP
.delay_slot
	   120    0x00 0x00 0x33 0x2d 0x88 0x00 0xee 0x77                                          NOP;                                                                  MOV.s12 r7, #1;               MOV.s8 r6, #50
.delay_slot
.swstall delay_slot
	   128    0x00 0x01                                                                        NOP
.delay_slot
.swstall delay_slot
	   130    0x00 0x01                                                                        NOP
.delay_slot
.swstall delay_slot
	   132    0x00 0x00 0x00 0x03                                                              NOP;                                                                  NOP
.delay_slot
.swstall delay_slot
	   136    0x00 0x00 0x00 0x00 0x00 0x00 0x00 0x37                                          NOP;                                    NOP;                          NOP
.return_address
.no_stack_arguments
	   144    0x80 0x00 0x00 0xa0 0x20 0x00 0x07 0xf7                                                                                  NOP;                                                        JAL #llvm___aie___lock___acquire___reg;NOP
.delay_slot
	   152    0x00 0x00 0x33 0x4d 0x88 0x00 0x6e 0x77                                          NOP;                                                                  MOV.s12 r7, #0;               MOV.s8 r6, #52
.delay_slot
.swstall delay_slot
	   160    0x00 0x01                                                                        NOP
.delay_slot
.swstall delay_slot
	   162    0x00 0x01                                                                        NOP
.delay_slot
.swstall delay_slot
	   164    0x00 0x00 0x00 0x03                                                              NOP;                                                                  NOP
.delay_slot
.swstall delay_slot
	   168    0x00 0x00 0x00 0x00 0x00 0x00 0x00 0x37                                          NOP;                                    NOP;                          NOP
.return_address
.no_stack_arguments
	   176    0x80 0x00 0x00 0xa0 0x20 0x00 0x07 0xf7                                                                                  NOP;                                                        JAL #stencil_2d_7point_fp32;  NOP
.delay_slot
	   184    0x80 0x00 0x00 0x40 0xac 0x00 0x07 0xf7                                                                                  NOP;                                                        MOV.u20 p3, #of_2_buff_0;     NOP
.delay_slot
	   192    0x80 0x00 0x00 0x40 0xa8 0x00 0x07 0xf7                                                                                  NOP;                                                        MOV.u20 p2, #of_1_buff_2;     NOP
.delay_slot
	   200    0x80 0x00 0x00 0x40 0xa4 0x00 0x07 0xf7                                                                                  NOP;                                                        MOV.u20 p1, #of_1_buff_1;     NOP
.delay_slot
	   208    0x80 0x00 0x00 0x40 0xa0 0x00 0x07 0xf7                                                                                  NOP;                                                        MOV.u20 p0, #of_1_buff_0;     NOP
.delay_slot
.swstall delay_slot
	   216    0x00 0x00 0x00 0x00 0x00 0x00 0x00 0x37                                          NOP;                                    NOP;                          NOP
.return_address
.no_stack_arguments
	   224    0x80 0x00 0x00 0xa0 0x20 0x00 0x07 0xf7                                                                                  NOP;                                                        JAL #llvm___aie___lock___release___reg;NOP
.delay_slot
	   232    0x00 0x00 0x33 0x0d 0x88 0x00 0x6e 0x77                                          NOP;                                                                  MOV.s12 r7, #0;               MOV.s8 r6, #48
.delay_slot
.swstall delay_slot
	   240    0x00 0x01                                                                        NOP
.delay_slot
.swstall delay_slot
	   242    0x00 0x01                                                                        NOP
.delay_slot
.swstall delay_slot
	   244    0x00 0x00 0x00 0x03                                                              NOP;                                                                  NOP
.delay_slot
.swstall delay_slot
	   248    0x00 0x00 0x00 0x00 0x00 0x00 0x00 0x37                                          NOP;                                    NOP;                          NOP
.return_address
.no_stack_arguments
	   256    0x80 0x00 0x00 0xa0 0x20 0x00 0x07 0xf7                                                                                  NOP;                                                        JAL #llvm___aie___lock___release___reg;NOP
.delay_slot
	   264    0x00 0x00 0x33 0x4d 0x88 0x00 0xee 0x77                                          NOP;                                                                  MOV.s12 r7, #1;               MOV.s8 r6, #52
.delay_slot
.swstall delay_slot
	   272    0x00 0x01                                                                        NOP
.delay_slot
.swstall delay_slot
	   274    0x00 0x01                                                                        NOP
.delay_slot
.swstall delay_slot
	   276    0x00 0x00 0x00 0x03                                                              NOP;                                                                  NOP
.delay_slot
.swstall delay_slot
	   280    0x00 0x00 0x00 0x00 0x00 0x00 0x00 0x37                                          NOP;                                    NOP;                          NOP
.return_address
	   288    0x58 0xff 0xf8 0x03                                                              NOP;                LDB lr, [sp, #-4]
	   292    0x00 0x01                                                                        NOP
.tail_call
	   294    0x80 0x00 0x00 0xa0 0x00 0x00 0x07 0xf7                                                                                  NOP;                                                        J #llvm___aie___lock___release___reg;NOP
.delay_slot
.swstall delay_slot
	   302    0x00 0x01                                                                        NOP
.delay_slot
.swstall delay_slot
	   304    0x00 0x01                                                                        NOP
.delay_slot
.swstall delay_slot
	   306    0x00 0x01                                                                        NOP
.delay_slot
	   308    0x08 0x9f 0xf3 0xed 0x88 0x00 0x6e 0x77                                          PADDA [sp], #-32;                                                     MOV.s12 r7, #0;               MOV.s8 r6, #62
.label core_7_1__end last
.delay_slot
.swstall delay_slot
	   316    0x00 0x01                                                                        NOP

.undef global data of_1_buff_0

.undef global data of_1_buff_1

.undef global data of_1_buff_2

.undef global data of_2_buff_0

.undef global text llvm___aie___lock___acquire___reg

.undef global text stencil_2d_7point_fp32

.undef global text llvm___aie___lock___release___reg

.text_segment_name
.text global 10 llvm___aie___lock___acquire___reg
.function_start
	     0    0x14 0x76 0x30 0x03                                                              NOP;                                                                  ACQ r6, #1, r7
	     4    0x01 0x01                                                                        RET lr
.delay_slot
.swstall delay_slot
	     6    0x00 0x01                                                                        NOP
.delay_slot
.swstall delay_slot
	     8    0x00 0x01                                                                        NOP
.delay_slot
.swstall delay_slot
	    10    0x00 0x01                                                                        NOP
.delay_slot
.swstall delay_slot
	    12    0x00 0x01                                                                        NOP
.label llvm___aie___lock___acquire___reg__end last
.delay_slot
.swstall delay_slot
	    14    0x00 0x01                                                                        NOP

.text_segment_name
.text global 10 llvm___aie___lock___release___reg
.function_start
	     0    0x00 0x01                                                                        NOP
	     2    0x00 0x01                                                                        NOP
	     4    0x00 0x01                                                                        NOP
	     6    0x00 0x01                                                                        NOP
	     8    0x00 0x01                                                                        NOP
	    10    0x00 0x01                                                                        NOP
	    12    0x16 0x76 0x30 0x03                                                              NOP;                                                                  REL r6, #1, r7
	    16    0x01 0x01                                                                        RET lr
.delay_slot
.swstall delay_slot
	    18    0x00 0x01                                                                        NOP
.delay_slot
.swstall delay_slot
	    20    0x00 0x01                                                                        NOP
.delay_slot
.swstall delay_slot
	    22    0x00 0x01                                                                        NOP
.delay_slot
.swstall delay_slot
	    24    0x00 0x01                                                                        NOP
.label llvm___aie___lock___release___reg__end last
.delay_slot
.swstall delay_slot
	    26    0x00 0x01                                                                        NOP

