
// File generated by darts version U-2023.06#da42d6af5a#240507, Mon Feb 10 12:38:06 2025
// Copyright 2014-2023 Synopsys, Inc. All rights reserved.
// darts -I/proj/xbuilds/2024.2_INT_1113_1001/installs/all_platforms/Vitis/2024.2/aietools/data/aie_ml/lib -d -h -I/proj/xbuilds/2024.2_INT_1113_1001/installs/all_platforms/Vitis/2024.2/aietools/include -I/proj/xbuilds/2024.2_INT_1113_1001/installs/all_platforms/Vitis/2024.2/aietools/data/aie_ml/lib/runtime_cxx/libcxx-lite/include -I/proj/xbuilds/2024.2_INT_1113_1001/installs/all_platforms/Vitis/2024.2/aietools/data/aie_ml/lib/runtime_cxx/libs/libcxx-9.0.0/include-lite -I/proj/xbuilds/2024.2_INT_1113_1001/installs/all_platforms/Vitis/2024.2/aietools/data/aie_ml/lib/runtime/include -I/proj/xbuilds/2024.2_INT_daily_latest/installs/lin64/Vitis/2024.2/aietools/tps/boost_1_64_0 -D__AIENGINE__ -D__AIE_ARCH__=20 -D__AIEARCH__=20 -D__tct_tgt__=240507 -L +Ihex +nanno /scratch/endrtaka/matmul_dir/mlir-aie/programming_examples/basic/matrix_multiplication_experiments/single_core/build/aie_trace_512x480x480_64x120x96.mlir.prj/input.o me

// Release: ipp U-2023.06-TGT-240507
.undef global data _ZN12me_primitive11control_satE

.undef global data _ZN12me_primitive11control_rndE

.undef global data memA_cons_buff_1

.undef global data memA_cons_buff_0

.undef global data memB_cons_buff_1

.undef global data memB_cons_buff_0

.undef global data memC_buff_1

.undef global data memC_buff_0

.text_segment_name
.text global 16 core_0_2
.function_start
	     0    0x00 0x03 0x40 0x01 0x80 0x08 0x27 0xff 0xc8 0x3b                                                              PADDB [sp], #64;                                            MOVX r24, #0;                 MOV r1, #-1
	    10    0x0f 0xfa 0x70 0x19                                                                                                                          ST r24, [sp, #-48]
	    14    0x0f 0xfb 0x76 0x99                                                                                                                          ST p6, [sp, #-40]
	    18    0x0f 0xfb 0xfe 0x99                                                                                                                          ST p7, [sp, #-36]
	    22    0x0f 0xfc 0x6e 0x19                                                                                                                          ST r23, [sp, #-32]
	    26    0x0f 0xfc 0xec 0x19                                                                                                                          ST r22, [sp, #-28]
	    30    0x0f 0xfd 0x6a 0x19                                                                                                                          ST r21, [sp, #-24]
	    34    0x0f 0xfd 0xe8 0x19                                                                                                                          ST r20, [sp, #-20]
	    38    0x0f 0xfe 0x66 0x19                                                                                                                          ST r19, [sp, #-16]
	    42    0x0f 0xfe 0xe4 0x19                                                                                                                          ST r18, [sp, #-12]
	    46    0x0f 0xff 0x62 0x19                                                                                                                          ST r17, [sp, #-8]
	    50    0x0f 0xff 0xe0 0x19                                                                                                                          ST r16, [sp, #-4]
	    54    0x00 0x00 0x07 0xfa 0xc2 0x80 0x00 0x00 0x00 0x7b                                NOPA;                                                       ST lr, [sp, #-44];            NOPX
.label TGT_Fcore_0_2_64
.loop_nesting 1
	    64    0x00 0x00 0x00 0x00 0x07 0xf9 0xf0 0x01 0x82 0x68 0x00 0x03 0x88 0x00 0x03 0xc0  NOPA;                         NOPB;                         ST r24, [sp, #-52];           MOVX r24, #19;                NOPM;                                   NOPV
.label TGT_Fcore_0_2_80
.loop_nesting 2
.no_stack_arguments
	    80    0x00 0x00 0x00 0x00 0x01 0x15                                                                                                                                              JL #llvm___aie2___acquire
.delay_slot
	    86    0xff 0x2e 0x00 0x00 0xd1 0x3d                                                                                                                ST r24, [sp, #-56];           MOVX r0, #52
.delay_slot
.swstall delay_slot
	    92    0x00 0x01                                                                        NOPX
.delay_slot
.swstall delay_slot
	    94    0x00 0x01                                                                        NOPX
.delay_slot
.swstall delay_slot
	    96    0x00 0x01                                                                        NOPX
.delay_slot
.swstall delay_slot
	    98    0x00 0x00 0x00 0x00 0x00 0x00 0x00 0x40 0x00 0x38 0x00 0x00 0x78 0x2f            NOPA;                                                       NOPS;                                                       NOPM;                                   NOPV
.return_address
.no_stack_arguments
	   112    0x00 0x00 0x00 0x00 0x01 0x15                                                                                                                                              JL #zero_i16
.delay_slot
	   118    0x00 0x00 0x00 0x60 0x00 0x55                                                                                                                                              MOVXM p0, #memC_buff_0
.delay_slot
.swstall delay_slot
	   124    0x00 0x01                                                                        NOPX
.delay_slot
.swstall delay_slot
	   126    0x00 0x01                                                                        NOPX
.delay_slot
.swstall delay_slot
	   128    0x00 0x01                                                                        NOPX
.delay_slot
.swstall delay_slot
	   130    0x00 0x00 0x00 0x00 0x00 0x00 0x00 0x40 0x00 0x38 0x00 0x00 0x78 0x2f            NOPA;                                                       NOPS;                                                       NOPM;                                   NOPV
.return_address
.no_stack_arguments
	   144    0x00 0x00 0x00 0x00 0x01 0x15                                                                                                                                              JL #llvm___aie2___acquire
.delay_slot
	   150    0x00 0x00 0x06 0x28 0x27 0xff 0xc8 0x43                                                                                                                                    MOVX r0, #49;                 MOV r1, #-1
.delay_slot
.swstall delay_slot
	   158    0x00 0x01                                                                        NOPX
.delay_slot
.swstall delay_slot
	   160    0x00 0x01                                                                        NOPX
.delay_slot
.swstall delay_slot
	   162    0x00 0x01                                                                        NOPX
.delay_slot
.swstall delay_slot
	   164    0x00 0x00 0x00 0x00 0x00 0x00 0x00 0x00 0x00 0x00 0x01 0x37                      NOPA;                         NOPB;                         NOPS;                         NOPX
.return_address
.no_stack_arguments
	   176    0x00 0x00 0x00 0x00 0x01 0x15                                                                                                                                              JL #llvm___aie2___acquire
.delay_slot
	   182    0x00 0x00 0x06 0x68 0x27 0xff 0xc8 0x43                                                                                                                                    MOVX r0, #51;                 MOV r1, #-1
.delay_slot
.swstall delay_slot
	   190    0x00 0x01                                                                        NOPX
.delay_slot
.swstall delay_slot
	   192    0x00 0x01                                                                        NOPX
.delay_slot
.swstall delay_slot
	   194    0x00 0x01                                                                        NOPX
.delay_slot
.swstall delay_slot
	   196    0x00 0x00 0x00 0x00 0x00 0x00 0x00 0x00 0x00 0x00 0x01 0x37                      NOPA;                         NOPB;                         NOPS;                         NOPX
.return_address
.no_stack_arguments
	   208    0x00 0x00 0x00 0x00 0x01 0x15                                                                                                                                              JL #matmul_i8_i16
.delay_slot
	   214    0x00 0x00 0x02 0x60 0x00 0x55                                                                                                                                              MOVXM p1, #memB_cons_buff_0
.delay_slot
	   220    0x00 0x00 0x00 0x60 0x00 0x55                                                                                                                                              MOVXM p0, #memA_cons_buff_0
.delay_slot
	   226    0x00 0x00 0x04 0x60 0x00 0x55                                                                                                                                              MOVXM p2, #memC_buff_0
.delay_slot
.swstall delay_slot
	   232    0x00 0x01                                                                        NOPX
.delay_slot
.swstall delay_slot
	   234    0x00 0x00 0x00 0x00 0x00 0x7d                                                    NOPA;                         NOPB
.return_address
.no_stack_arguments
	   240    0x00 0x00 0x00 0x00 0x01 0x15                                                                                                                                              JL #llvm___aie2___release
.delay_slot
	   246    0x00 0x00 0x06 0x08 0x20 0x03 0xc8 0x43                                                                                                                                    MOVX r0, #48;                 MOV r1, #1
.delay_slot
.swstall delay_slot
	   254    0x00 0x01                                                                        NOPX
.delay_slot
.swstall delay_slot
	   256    0x00 0x01                                                                        NOPX
.delay_slot
.swstall delay_slot
	   258    0x00 0x01                                                                        NOPX
.delay_slot
.swstall delay_slot
	   260    0x00 0x00 0x00 0x00 0x00 0x00 0x00 0x00 0x00 0x00 0x01 0x37                      NOPA;                         NOPB;                         NOPS;                         NOPX
.return_address
.no_stack_arguments
	   272    0x00 0x00 0x00 0x00 0x01 0x15                                                                                                                                              JL #llvm___aie2___release
.delay_slot
	   278    0x00 0x00 0x06 0x48 0x20 0x03 0xc8 0x43                                                                                                                                    MOVX r0, #50;                 MOV r1, #1
.delay_slot
.swstall delay_slot
	   286    0x00 0x01                                                                        NOPX
.delay_slot
.swstall delay_slot
	   288    0x00 0x01                                                                        NOPX
.delay_slot
.swstall delay_slot
	   290    0x00 0x01                                                                        NOPX
.delay_slot
.swstall delay_slot
	   292    0x00 0x00 0x00 0x00 0x00 0x00 0x00 0x00 0x00 0x00 0x01 0x37                      NOPA;                         NOPB;                         NOPS;                         NOPX
.return_address
.no_stack_arguments
	   304    0x00 0x00 0x00 0x00 0x01 0x15                                                                                                                                              JL #llvm___aie2___acquire
.delay_slot
	   310    0x00 0x00 0x06 0x28 0x27 0xff 0xc8 0x43                                                                                                                                    MOVX r0, #49;                 MOV r1, #-1
.delay_slot
.swstall delay_slot
	   318    0x00 0x01                                                                        NOPX
.delay_slot
.swstall delay_slot
	   320    0x00 0x01                                                                        NOPX
.delay_slot
.swstall delay_slot
	   322    0x00 0x01                                                                        NOPX
.delay_slot
.swstall delay_slot
	   324    0x00 0x00 0x00 0x00 0x00 0x00 0x00 0x00 0x00 0x00 0x01 0x37                      NOPA;                         NOPB;                         NOPS;                         NOPX
.return_address
.no_stack_arguments
	   336    0x00 0x00 0x00 0x00 0x01 0x15                                                                                                                                              JL #llvm___aie2___acquire
.delay_slot
	   342    0x00 0x00 0x06 0x68 0x27 0xff 0xc8 0x43                                                                                                                                    MOVX r0, #51;                 MOV r1, #-1
.delay_slot
.swstall delay_slot
	   350    0x00 0x01                                                                        NOPX
.delay_slot
.swstall delay_slot
	   352    0x00 0x01                                                                        NOPX
.delay_slot
.swstall delay_slot
	   354    0x00 0x01                                                                        NOPX
.delay_slot
.swstall delay_slot
	   356    0x00 0x00 0x00 0x00 0x00 0x00 0x00 0x00 0x00 0x00 0x01 0x37                      NOPA;                         NOPB;                         NOPS;                         NOPX
.return_address
.no_stack_arguments
	   368    0x00 0x00 0x00 0x00 0x01 0x15                                                                                                                                              JL #matmul_i8_i16
.delay_slot
	   374    0x00 0x00 0x00 0x60 0x00 0x55                                                                                                                                              MOVXM p0, #memA_cons_buff_1
.delay_slot
	   380    0x00 0x00 0x04 0x60 0x00 0x55                                                                                                                                              MOVXM p2, #memC_buff_0
.delay_slot
	   386    0x00 0x00 0x02 0x60 0x00 0x55                                                                                                                                              MOVXM p1, #memB_cons_buff_1
.delay_slot
.swstall delay_slot
	   392    0x00 0x01                                                                        NOPX
.delay_slot
.swstall delay_slot
	   394    0x00 0x00 0x00 0x00 0x00 0x7d                                                    NOPA;                         NOPB
.return_address
.no_stack_arguments
	   400    0x00 0x00 0x00 0x00 0x01 0x15                                                                                                                                              JL #llvm___aie2___release
.delay_slot
	   406    0x00 0x00 0x06 0x08 0x20 0x03 0xc8 0x43                                                                                                                                    MOVX r0, #48;                 MOV r1, #1
.delay_slot
.swstall delay_slot
	   414    0x00 0x01                                                                        NOPX
.delay_slot
.swstall delay_slot
	   416    0x00 0x01                                                                        NOPX
.delay_slot
.swstall delay_slot
	   418    0x00 0x01                                                                        NOPX
.delay_slot
.swstall delay_slot
	   420    0x00 0x00 0x00 0x00 0x00 0x00 0x00 0x00 0x00 0x00 0x01 0x37                      NOPA;                         NOPB;                         NOPS;                         NOPX
.return_address
.no_stack_arguments
	   432    0x00 0x00 0x00 0x00 0x01 0x15                                                                                                                                              JL #llvm___aie2___release
.delay_slot
	   438    0x00 0x00 0x06 0x48 0x20 0x03 0xc8 0x43                                                                                                                                    MOVX r0, #50;                 MOV r1, #1
.delay_slot
.swstall delay_slot
	   446    0x00 0x01                                                                        NOPX
.delay_slot
.swstall delay_slot
	   448    0x00 0x01                                                                        NOPX
.delay_slot
.swstall delay_slot
	   450    0x00 0x01                                                                        NOPX
.delay_slot
.swstall delay_slot
	   452    0x00 0x00 0x00 0x00 0x00 0x00 0x00 0x00 0x00 0x00 0x01 0x37                      NOPA;                         NOPB;                         NOPS;                         NOPX
.return_address
.no_stack_arguments
	   464    0x00 0x00 0x00 0x00 0x01 0x15                                                                                                                                              JL #llvm___aie2___acquire
.delay_slot
	   470    0x00 0x00 0x06 0x28 0x27 0xff 0xc8 0x43                                                                                                                                    MOVX r0, #49;                 MOV r1, #-1
.delay_slot
.swstall delay_slot
	   478    0x00 0x01                                                                        NOPX
.delay_slot
.swstall delay_slot
	   480    0x00 0x01                                                                        NOPX
.delay_slot
.swstall delay_slot
	   482    0x00 0x01                                                                        NOPX
.delay_slot
.swstall delay_slot
	   484    0x00 0x00 0x00 0x00 0x00 0x00 0x00 0x00 0x00 0x00 0x01 0x37                      NOPA;                         NOPB;                         NOPS;                         NOPX
.return_address
.no_stack_arguments
	   496    0x00 0x00 0x00 0x00 0x01 0x15                                                                                                                                              JL #llvm___aie2___acquire
.delay_slot
	   502    0x00 0x00 0x06 0x68 0x27 0xff 0xc8 0x43                                                                                                                                    MOVX r0, #51;                 MOV r1, #-1
.delay_slot
.swstall delay_slot
	   510    0x00 0x01                                                                        NOPX
.delay_slot
.swstall delay_slot
	   512    0x00 0x01                                                                        NOPX
.delay_slot
.swstall delay_slot
	   514    0x00 0x01                                                                        NOPX
.delay_slot
.swstall delay_slot
	   516    0x00 0x00 0x00 0x00 0x00 0x00 0x00 0x00 0x00 0x00 0x01 0x37                      NOPA;                         NOPB;                         NOPS;                         NOPX
.return_address
.no_stack_arguments
	   528    0x00 0x00 0x00 0x00 0x01 0x15                                                                                                                                              JL #matmul_i8_i16
.delay_slot
	   534    0x00 0x00 0x00 0x60 0x00 0x55                                                                                                                                              MOVXM p0, #memA_cons_buff_0
.delay_slot
	   540    0x00 0x00 0x02 0x60 0x00 0x55                                                                                                                                              MOVXM p1, #memB_cons_buff_0
.delay_slot
	   546    0x00 0x00 0x04 0x60 0x00 0x55                                                                                                                                              MOVXM p2, #memC_buff_0
.delay_slot
.swstall delay_slot
	   552    0x00 0x01                                                                        NOPX
.delay_slot
.swstall delay_slot
	   554    0x00 0x00 0x00 0x00 0x00 0x7d                                                    NOPA;                         NOPB
.return_address
.no_stack_arguments
	   560    0x00 0x00 0x00 0x00 0x01 0x15                                                                                                                                              JL #llvm___aie2___release
.delay_slot
	   566    0x00 0x00 0x06 0x08 0x20 0x03 0xc8 0x43                                                                                                                                    MOVX r0, #48;                 MOV r1, #1
.delay_slot
.swstall delay_slot
	   574    0x00 0x01                                                                        NOPX
.delay_slot
.swstall delay_slot
	   576    0x00 0x01                                                                        NOPX
.delay_slot
.swstall delay_slot
	   578    0x00 0x01                                                                        NOPX
.delay_slot
.swstall delay_slot
	   580    0x00 0x00 0x00 0x00 0x00 0x00 0x00 0x00 0x00 0x00 0x01 0x37                      NOPA;                         NOPB;                         NOPS;                         NOPX
.return_address
.no_stack_arguments
	   592    0x00 0x00 0x00 0x00 0x01 0x15                                                                                                                                              JL #llvm___aie2___release
.delay_slot
	   598    0x00 0x00 0x06 0x48 0x20 0x03 0xc8 0x43                                                                                                                                    MOVX r0, #50;                 MOV r1, #1
.delay_slot
.swstall delay_slot
	   606    0x00 0x01                                                                        NOPX
.delay_slot
.swstall delay_slot
	   608    0x00 0x01                                                                        NOPX
.delay_slot
.swstall delay_slot
	   610    0x00 0x01                                                                        NOPX
.delay_slot
.swstall delay_slot
	   612    0x00 0x00 0x00 0x00 0x00 0x00 0x00 0x00 0x00 0x00 0x01 0x37                      NOPA;                         NOPB;                         NOPS;                         NOPX
.return_address
.no_stack_arguments
	   624    0x00 0x00 0x00 0x00 0x01 0x15                                                                                                                                              JL #llvm___aie2___acquire
.delay_slot
	   630    0x00 0x00 0x06 0x28 0x27 0xff 0xc8 0x43                                                                                                                                    MOVX r0, #49;                 MOV r1, #-1
.delay_slot
.swstall delay_slot
	   638    0x00 0x01                                                                        NOPX
.delay_slot
.swstall delay_slot
	   640    0x00 0x01                                                                        NOPX
.delay_slot
.swstall delay_slot
	   642    0x00 0x01                                                                        NOPX
.delay_slot
.swstall delay_slot
	   644    0x00 0x00 0x00 0x00 0x00 0x00 0x00 0x00 0x00 0x00 0x01 0x37                      NOPA;                         NOPB;                         NOPS;                         NOPX
.return_address
.no_stack_arguments
	   656    0x00 0x00 0x00 0x00 0x01 0x15                                                                                                                                              JL #llvm___aie2___acquire
.delay_slot
	   662    0x00 0x00 0x06 0x68 0x27 0xff 0xc8 0x43                                                                                                                                    MOVX r0, #51;                 MOV r1, #-1
.delay_slot
.swstall delay_slot
	   670    0x00 0x01                                                                        NOPX
.delay_slot
.swstall delay_slot
	   672    0x00 0x01                                                                        NOPX
.delay_slot
.swstall delay_slot
	   674    0x00 0x01                                                                        NOPX
.delay_slot
.swstall delay_slot
	   676    0x00 0x00 0x00 0x00 0x00 0x00 0x00 0x00 0x00 0x00 0x01 0x37                      NOPA;                         NOPB;                         NOPS;                         NOPX
.return_address
.no_stack_arguments
	   688    0x00 0x00 0x00 0x00 0x01 0x15                                                                                                                                              JL #matmul_i8_i16
.delay_slot
	   694    0x00 0x00 0x02 0x60 0x00 0x55                                                                                                                                              MOVXM p1, #memB_cons_buff_1
.delay_slot
	   700    0x00 0x00 0x04 0x60 0x00 0x55                                                                                                                                              MOVXM p2, #memC_buff_0
.delay_slot
	   706    0x00 0x00 0x00 0x60 0x00 0x55                                                                                                                                              MOVXM p0, #memA_cons_buff_1
.delay_slot
.swstall delay_slot
	   712    0x00 0x01                                                                        NOPX
.delay_slot
.swstall delay_slot
	   714    0x00 0x00 0x00 0x00 0x00 0x7d                                                    NOPA;                         NOPB
.return_address
.no_stack_arguments
	   720    0x00 0x00 0x00 0x00 0x01 0x15                                                                                                                                              JL #llvm___aie2___release
.delay_slot
	   726    0x00 0x00 0x06 0x08 0x20 0x03 0xc8 0x43                                                                                                                                    MOVX r0, #48;                 MOV r1, #1
.delay_slot
.swstall delay_slot
	   734    0x00 0x01                                                                        NOPX
.delay_slot
.swstall delay_slot
	   736    0x00 0x01                                                                        NOPX
.delay_slot
.swstall delay_slot
	   738    0x00 0x01                                                                        NOPX
.delay_slot
.swstall delay_slot
	   740    0x00 0x00 0x00 0x00 0x00 0x00 0x00 0x00 0x00 0x00 0x01 0x37                      NOPA;                         NOPB;                         NOPS;                         NOPX
.return_address
.no_stack_arguments
	   752    0x00 0x00 0x00 0x00 0x01 0x15                                                                                                                                              JL #llvm___aie2___release
.delay_slot
	   758    0x00 0x00 0x06 0x48 0x20 0x03 0xc8 0x43                                                                                                                                    MOVX r0, #50;                 MOV r1, #1
.delay_slot
.swstall delay_slot
	   766    0x00 0x01                                                                        NOPX
.delay_slot
.swstall delay_slot
	   768    0x00 0x01                                                                        NOPX
.delay_slot
.swstall delay_slot
	   770    0x00 0x01                                                                        NOPX
.delay_slot
.swstall delay_slot
	   772    0x00 0x00 0x00 0x00 0x00 0x00 0x00 0x00 0x00 0x00 0x01 0x37                      NOPA;                         NOPB;                         NOPS;                         NOPX
.return_address
.no_stack_arguments
	   784    0x00 0x00 0x00 0x00 0x01 0x15                                                                                                                                              JL #llvm___aie2___release
.delay_slot
	   790    0x00 0x00 0x06 0xa8 0x20 0x03 0xc8 0x43                                                                                                                                    MOVX r0, #53;                 MOV r1, #1
.delay_slot
.swstall delay_slot
	   798    0x00 0x01                                                                        NOPX
.delay_slot
.swstall delay_slot
	   800    0x00 0x01                                                                        NOPX
.delay_slot
.swstall delay_slot
	   802    0x00 0x01                                                                        NOPX
.delay_slot
.swstall delay_slot
	   804    0x00 0x00 0x00 0x00 0x00 0x00 0x00 0x00 0x00 0x00 0x01 0x37                      NOPA;                         NOPB;                         NOPS;                         NOPX
.return_address
.no_stack_arguments
	   816    0x00 0x00 0x00 0x00 0x01 0x15                                                                                                                                              JL #llvm___aie2___acquire
.delay_slot
	   822    0x00 0x00 0x06 0x88 0x27 0xff 0xc8 0x43                                                                                                                                    MOVX r0, #52;                 MOV r1, #-1
.delay_slot
.swstall delay_slot
	   830    0x00 0x01                                                                        NOPX
.delay_slot
.swstall delay_slot
	   832    0x00 0x01                                                                        NOPX
.delay_slot
.swstall delay_slot
	   834    0x00 0x01                                                                        NOPX
.delay_slot
.swstall delay_slot
	   836    0x00 0x00 0x00 0x00 0x00 0x00 0x00 0x00 0x00 0x00 0x01 0x37                      NOPA;                         NOPB;                         NOPS;                         NOPX
.return_address
.no_stack_arguments
	   848    0x00 0x00 0x00 0x00 0x01 0x15                                                                                                                                              JL #zero_i16
.delay_slot
	   854    0x00 0x00 0x00 0x60 0x00 0x55                                                                                                                                              MOVXM p0, #memC_buff_1
.delay_slot
.swstall delay_slot
	   860    0x00 0x01                                                                        NOPX
.delay_slot
.swstall delay_slot
	   862    0x00 0x01                                                                        NOPX
.delay_slot
.swstall delay_slot
	   864    0x00 0x01                                                                        NOPX
.delay_slot
.swstall delay_slot
	   866    0x00 0x00 0x00 0x00 0x00 0x00 0x00 0x40 0x00 0x38 0x00 0x00 0x78 0x2f            NOPA;                                                       NOPS;                                                       NOPM;                                   NOPV
.return_address
	   880    0x07 0xf9 0x6a 0x59                                                              LDA r21, [sp, #-56]
.no_stack_arguments
	   884    0x00 0x00 0x00 0x00 0x01 0x15                                                                                                                                              JL #llvm___aie2___acquire
.delay_slot
.swstall delay_slot
	   890    0x00 0x01                                                                        NOPX
.delay_slot
.swstall delay_slot
	   892    0x00 0x01                                                                        NOPX
.delay_slot
.swstall delay_slot
	   894    0x00 0x01                                                                        NOPX
.delay_slot
.swstall delay_slot
	   896    0x00 0x01                                                                        NOPX
.delay_slot
	   898    0x00 0x00 0x00 0x00 0x00 0x00 0xc5 0x04 0xff 0xf9 0x00 0x00 0x00 0x7f            NOPA;                         NOPB;                         NOPS;                         MOVX r0, #49;                 MOV r1, #-1
.return_address
.no_stack_arguments
	   912    0x00 0x00 0x00 0x00 0x01 0x15                                                                                                                                              JL #llvm___aie2___acquire
.delay_slot
	   918    0x00 0x00 0x06 0x68 0x27 0xff 0xc8 0x43                                                                                                                                    MOVX r0, #51;                 MOV r1, #-1
.delay_slot
.swstall delay_slot
	   926    0x00 0x01                                                                        NOPX
.delay_slot
.swstall delay_slot
	   928    0x00 0x01                                                                        NOPX
.delay_slot
.swstall delay_slot
	   930    0x00 0x01                                                                        NOPX
.delay_slot
.swstall delay_slot
	   932    0x00 0x00 0x00 0x00 0x00 0x00 0x00 0x00 0x00 0x00 0x01 0x37                      NOPA;                         NOPB;                         NOPS;                         NOPX
.return_address
.no_stack_arguments
	   944    0x00 0x00 0x00 0x00 0x01 0x15                                                                                                                                              JL #matmul_i8_i16
.delay_slot
	   950    0x00 0x00 0x02 0x60 0x00 0x55                                                                                                                                              MOVXM p1, #memB_cons_buff_0
.delay_slot
	   956    0x00 0x00 0x00 0x60 0x00 0x55                                                                                                                                              MOVXM p0, #memA_cons_buff_0
.delay_slot
	   962    0x00 0x00 0x04 0x60 0x00 0x55                                                                                                                                              MOVXM p2, #memC_buff_1
.delay_slot
.swstall delay_slot
	   968    0x00 0x01                                                                        NOPX
.delay_slot
.swstall delay_slot
	   970    0x00 0x00 0x00 0x00 0x00 0x7d                                                    NOPA;                         NOPB
.return_address
.no_stack_arguments
	   976    0x00 0x00 0x00 0x00 0x01 0x15                                                                                                                                              JL #llvm___aie2___release
.delay_slot
	   982    0x00 0x00 0x06 0x08 0x20 0x03 0xc8 0x43                                                                                                                                    MOVX r0, #48;                 MOV r1, #1
.delay_slot
.swstall delay_slot
	   990    0x00 0x01                                                                        NOPX
.delay_slot
.swstall delay_slot
	   992    0x00 0x01                                                                        NOPX
.delay_slot
.swstall delay_slot
	   994    0x00 0x01                                                                        NOPX
.delay_slot
.swstall delay_slot
	   996    0x00 0x00 0x00 0x00 0x00 0x00 0x00 0x00 0x00 0x00 0x01 0x37                      NOPA;                         NOPB;                         NOPS;                         NOPX
.return_address
.no_stack_arguments
	  1008    0x00 0x00 0x00 0x00 0x01 0x15                                                                                                                                              JL #llvm___aie2___release
.delay_slot
	  1014    0x00 0x00 0x06 0x48 0x20 0x03 0xc8 0x43                                                                                                                                    MOVX r0, #50;                 MOV r1, #1
.delay_slot
.swstall delay_slot
	  1022    0x00 0x01                                                                        NOPX
.delay_slot
.swstall delay_slot
	  1024    0x00 0x01                                                                        NOPX
.delay_slot
.swstall delay_slot
	  1026    0x00 0x01                                                                        NOPX
.delay_slot
.swstall delay_slot
	  1028    0x00 0x00 0x00 0x00 0x00 0x00 0x00 0x00 0x00 0x00 0x01 0x37                      NOPA;                         NOPB;                         NOPS;                         NOPX
.return_address
.no_stack_arguments
	  1040    0x00 0x00 0x00 0x00 0x01 0x15                                                                                                                                              JL #llvm___aie2___acquire
.delay_slot
	  1046    0x00 0x00 0x06 0x28 0x27 0xff 0xc8 0x43                                                                                                                                    MOVX r0, #49;                 MOV r1, #-1
.delay_slot
.swstall delay_slot
	  1054    0x00 0x01                                                                        NOPX
.delay_slot
.swstall delay_slot
	  1056    0x00 0x01                                                                        NOPX
.delay_slot
.swstall delay_slot
	  1058    0x00 0x01                                                                        NOPX
.delay_slot
.swstall delay_slot
	  1060    0x00 0x00 0x00 0x00 0x00 0x00 0x00 0x00 0x00 0x00 0x01 0x37                      NOPA;                         NOPB;                         NOPS;                         NOPX
.return_address
.no_stack_arguments
	  1072    0x00 0x00 0x00 0x00 0x01 0x15                                                                                                                                              JL #llvm___aie2___acquire
.delay_slot
	  1078    0x00 0x00 0x06 0x68 0x27 0xff 0xc8 0x43                                                                                                                                    MOVX r0, #51;                 MOV r1, #-1
.delay_slot
.swstall delay_slot
	  1086    0x00 0x01                                                                        NOPX
.delay_slot
.swstall delay_slot
	  1088    0x00 0x01                                                                        NOPX
.delay_slot
.swstall delay_slot
	  1090    0x00 0x01                                                                        NOPX
.delay_slot
.swstall delay_slot
	  1092    0x00 0x00 0x00 0x00 0x00 0x00 0x00 0x00 0x00 0x00 0x01 0x37                      NOPA;                         NOPB;                         NOPS;                         NOPX
.return_address
.no_stack_arguments
	  1104    0x00 0x00 0x00 0x00 0x01 0x15                                                                                                                                              JL #matmul_i8_i16
.delay_slot
	  1110    0x00 0x00 0x00 0x60 0x00 0x55                                                                                                                                              MOVXM p0, #memA_cons_buff_1
.delay_slot
	  1116    0x00 0x00 0x02 0x60 0x00 0x55                                                                                                                                              MOVXM p1, #memB_cons_buff_1
.delay_slot
	  1122    0x00 0x00 0x04 0x60 0x00 0x55                                                                                                                                              MOVXM p2, #memC_buff_1
.delay_slot
.swstall delay_slot
	  1128    0x00 0x01                                                                        NOPX
.delay_slot
.swstall delay_slot
	  1130    0x00 0x00 0x00 0x00 0x00 0x7d                                                    NOPA;                         NOPB
.return_address
.no_stack_arguments
	  1136    0x00 0x00 0x00 0x00 0x01 0x15                                                                                                                                              JL #llvm___aie2___release
.delay_slot
	  1142    0x00 0x00 0x06 0x08 0x20 0x03 0xc8 0x43                                                                                                                                    MOVX r0, #48;                 MOV r1, #1
.delay_slot
.swstall delay_slot
	  1150    0x00 0x01                                                                        NOPX
.delay_slot
.swstall delay_slot
	  1152    0x00 0x01                                                                        NOPX
.delay_slot
.swstall delay_slot
	  1154    0x00 0x01                                                                        NOPX
.delay_slot
.swstall delay_slot
	  1156    0x00 0x00 0x00 0x00 0x00 0x00 0x00 0x00 0x00 0x00 0x01 0x37                      NOPA;                         NOPB;                         NOPS;                         NOPX
.return_address
.no_stack_arguments
	  1168    0x00 0x00 0x00 0x00 0x01 0x15                                                                                                                                              JL #llvm___aie2___release
.delay_slot
	  1174    0x00 0x00 0x06 0x48 0x20 0x03 0xc8 0x43                                                                                                                                    MOVX r0, #50;                 MOV r1, #1
.delay_slot
.swstall delay_slot
	  1182    0x00 0x01                                                                        NOPX
.delay_slot
.swstall delay_slot
	  1184    0x00 0x01                                                                        NOPX
.delay_slot
.swstall delay_slot
	  1186    0x00 0x01                                                                        NOPX
.delay_slot
.swstall delay_slot
	  1188    0x00 0x00 0x00 0x00 0x00 0x00 0x00 0x00 0x00 0x00 0x01 0x37                      NOPA;                         NOPB;                         NOPS;                         NOPX
.return_address
.no_stack_arguments
	  1200    0x00 0x00 0x00 0x00 0x01 0x15                                                                                                                                              JL #llvm___aie2___acquire
.delay_slot
	  1206    0x00 0x00 0x06 0x28 0x27 0xff 0xc8 0x43                                                                                                                                    MOVX r0, #49;                 MOV r1, #-1
.delay_slot
.swstall delay_slot
	  1214    0x00 0x01                                                                        NOPX
.delay_slot
.swstall delay_slot
	  1216    0x00 0x01                                                                        NOPX
.delay_slot
.swstall delay_slot
	  1218    0x00 0x01                                                                        NOPX
.delay_slot
.swstall delay_slot
	  1220    0x00 0x00 0x00 0x00 0x00 0x00 0x00 0x00 0x00 0x00 0x01 0x37                      NOPA;                         NOPB;                         NOPS;                         NOPX
.return_address
.no_stack_arguments
	  1232    0x00 0x00 0x00 0x00 0x01 0x15                                                                                                                                              JL #llvm___aie2___acquire
.delay_slot
	  1238    0x00 0x00 0x06 0x68 0x27 0xff 0xc8 0x43                                                                                                                                    MOVX r0, #51;                 MOV r1, #-1
.delay_slot
.swstall delay_slot
	  1246    0x00 0x01                                                                        NOPX
.delay_slot
.swstall delay_slot
	  1248    0x00 0x01                                                                        NOPX
.delay_slot
.swstall delay_slot
	  1250    0x00 0x01                                                                        NOPX
.delay_slot
.swstall delay_slot
	  1252    0x00 0x00 0x00 0x00 0x00 0x00 0x00 0x00 0x00 0x00 0x01 0x37                      NOPA;                         NOPB;                         NOPS;                         NOPX
.return_address
.no_stack_arguments
	  1264    0x00 0x00 0x00 0x00 0x01 0x15                                                                                                                                              JL #matmul_i8_i16
.delay_slot
	  1270    0x00 0x00 0x02 0x60 0x00 0x55                                                                                                                                              MOVXM p1, #memB_cons_buff_0
.delay_slot
	  1276    0x00 0x00 0x00 0x60 0x00 0x55                                                                                                                                              MOVXM p0, #memA_cons_buff_0
.delay_slot
	  1282    0x00 0x00 0x04 0x60 0x00 0x55                                                                                                                                              MOVXM p2, #memC_buff_1
.delay_slot
.swstall delay_slot
	  1288    0x00 0x01                                                                        NOPX
.delay_slot
.swstall delay_slot
	  1290    0x00 0x00 0x00 0x00 0x00 0x7d                                                    NOPA;                         NOPB
.return_address
.no_stack_arguments
	  1296    0x00 0x00 0x00 0x00 0x01 0x15                                                                                                                                              JL #llvm___aie2___release
.delay_slot
	  1302    0x00 0x00 0x0e 0x60 0xa0 0x55                                                                                                                                              MOVXM p7, #(TGT_Fcore_0_2_80 + 0)
.delay_slot
	  1308    0x00 0x00 0x06 0x08 0x20 0x03 0xc8 0x43                                                                                                                                    MOVX r0, #48;                 MOV r1, #1
.delay_slot
.swstall delay_slot
	  1316    0x00 0x01                                                                        NOPX
.delay_slot
.swstall delay_slot
	  1318    0x00 0x01                                                                        NOPX
.delay_slot
.swstall delay_slot
	  1320    0x00 0x00 0x00 0x04 0x00 0x00 0x78 0x23                                          NOPA;                                                                                                                                                           NOPV
.return_address
.no_stack_arguments
	  1328    0x00 0x00 0x00 0x00 0x01 0x15                                                                                                                                              JL #llvm___aie2___release
.delay_slot
	  1334    0x00 0x00 0x06 0x48 0x20 0x03 0xc8 0x43                                                                                                                                    MOVX r0, #50;                 MOV r1, #1
.delay_slot
.swstall delay_slot
	  1342    0x00 0x01                                                                        NOPX
.delay_slot
.swstall delay_slot
	  1344    0x00 0x01                                                                        NOPX
.delay_slot
.swstall delay_slot
	  1346    0x00 0x01                                                                        NOPX
.delay_slot
.swstall delay_slot
	  1348    0x00 0x00 0x00 0x00 0x00 0x00 0x00 0x00 0x00 0x00 0x01 0x37                      NOPA;                         NOPB;                         NOPS;                         NOPX
.return_address
.no_stack_arguments
	  1360    0x00 0x00 0x00 0x00 0x01 0x15                                                                                                                                              JL #llvm___aie2___acquire
.delay_slot
	  1366    0x00 0x00 0x06 0x28 0x27 0xff 0xc8 0x43                                                                                                                                    MOVX r0, #49;                 MOV r1, #-1
.delay_slot
.swstall delay_slot
	  1374    0x00 0x01                                                                        NOPX
.delay_slot
.swstall delay_slot
	  1376    0x00 0x01                                                                        NOPX
.delay_slot
.swstall delay_slot
	  1378    0x00 0x01                                                                        NOPX
.delay_slot
.swstall delay_slot
	  1380    0x00 0x00 0x00 0x00 0x00 0x00 0x00 0x00 0x00 0x00 0x01 0x37                      NOPA;                         NOPB;                         NOPS;                         NOPX
.return_address
.no_stack_arguments
	  1392    0x00 0x00 0x00 0x00 0x01 0x15                                                                                                                                              JL #llvm___aie2___acquire
.delay_slot
	  1398    0x00 0x00 0x06 0x68 0x27 0xff 0xc8 0x43                                                                                                                                    MOVX r0, #51;                 MOV r1, #-1
.delay_slot
.swstall delay_slot
	  1406    0x00 0x01                                                                        NOPX
.delay_slot
.swstall delay_slot
	  1408    0x00 0x01                                                                        NOPX
.delay_slot
.swstall delay_slot
	  1410    0x00 0x01                                                                        NOPX
.delay_slot
.swstall delay_slot
	  1412    0x00 0x00 0x00 0x00 0x00 0x00 0x00 0x00 0x00 0x00 0x01 0x37                      NOPA;                         NOPB;                         NOPS;                         NOPX
.return_address
.no_stack_arguments
	  1424    0x00 0x00 0x00 0x00 0x01 0x15                                                                                                                                              JL #matmul_i8_i16
.delay_slot
	  1430    0x00 0x00 0x00 0x60 0x00 0x55                                                                                                                                              MOVXM p0, #memA_cons_buff_1
.delay_slot
	  1436    0x00 0x00 0x02 0x60 0x00 0x55                                                                                                                                              MOVXM p1, #memB_cons_buff_1
.delay_slot
	  1442    0x00 0x00 0x04 0x60 0x00 0x55                                                                                                                                              MOVXM p2, #memC_buff_1
.delay_slot
.swstall delay_slot
	  1448    0x00 0x01                                                                        NOPX
.delay_slot
.swstall delay_slot
	  1450    0x00 0x00 0x00 0x00 0x00 0x7d                                                    NOPA;                         NOPB
.return_address
.no_stack_arguments
	  1456    0x00 0x00 0x00 0x00 0x01 0x15                                                                                                                                              JL #llvm___aie2___release
.delay_slot
	  1462    0x00 0x00 0x06 0x08 0x20 0x03 0xc8 0x43                                                                                                                                    MOVX r0, #48;                 MOV r1, #1
.delay_slot
.swstall delay_slot
	  1470    0x00 0x01                                                                        NOPX
.delay_slot
.swstall delay_slot
	  1472    0x00 0x01                                                                        NOPX
.delay_slot
.swstall delay_slot
	  1474    0x00 0x01                                                                        NOPX
.delay_slot
.swstall delay_slot
	  1476    0x00 0x00 0x00 0x00 0x00 0x00 0x00 0x00 0x00 0x00 0x01 0x37                      NOPA;                         NOPB;                         NOPS;                         NOPX
.return_address
.no_stack_arguments
	  1488    0x00 0x00 0x00 0x00 0x01 0x15                                                                                                                                              JL #llvm___aie2___release
.delay_slot
	  1494    0x00 0x00 0x06 0x48 0x20 0x03 0xc8 0x43                                                                                                                                    MOVX r0, #50;                 MOV r1, #1
.delay_slot
.swstall delay_slot
	  1502    0x00 0x01                                                                        NOPX
.delay_slot
.swstall delay_slot
	  1504    0x00 0x01                                                                        NOPX
.delay_slot
.swstall delay_slot
	  1506    0x00 0x01                                                                        NOPX
.delay_slot
.swstall delay_slot
	  1508    0x00 0x00 0x00 0x00 0x00 0x00 0x00 0x00 0x00 0x00 0x01 0x37                      NOPA;                         NOPB;                         NOPS;                         NOPX
.return_address
.no_stack_arguments
	  1520    0x00 0x00 0x00 0x00 0x01 0x15                                                                                                                                              JL #llvm___aie2___release
.delay_slot
	  1526    0x00 0x00 0x06 0xa8 0x20 0x03 0xc8 0x43                                                                                                                                    MOVX r0, #53;                 MOV r1, #1
.delay_slot
.swstall delay_slot
	  1534    0x00 0x01                                                                        NOPX
.delay_slot
.swstall delay_slot
	  1536    0x00 0x01                                                                        NOPX
.delay_slot
.swstall delay_slot
	  1538    0x00 0x01                                                                        NOPX
.delay_slot
.swstall delay_slot
	  1540    0x00 0x00 0x00 0x00 0x00 0x00 0x00 0x00 0x00 0x00 0x01 0x37                      NOPA;                         NOPB;                         NOPS;                         NOPX
.return_address
	  1552    0x15 0x71 0xcc 0x19                                                                                                                                                        JNZD r24, r21, p7
.delay_slot
	  1556    0x17 0xc2 0xfd 0x19                                                                                                                                                        MOVX r1, #-1
.delay_slot
.swstall delay_slot
	  1560    0x00 0x01                                                                        NOPX
.delay_slot
.swstall delay_slot
	  1562    0x00 0x01                                                                        NOPX
.delay_slot
.swstall delay_slot
	  1564    0x00 0x01                                                                        NOPX
.delay_slot
.swstall delay_slot
	  1566    0x00 0x01                                                                        NOPX
.loop_nesting 1
	  1568    0xff 0x3e 0x08 0x32 0x01 0x1d                                                    LDA r24, [sp, #-52];                                                                      MOVX r25, #0
	  1574    0x07 0xfa 0x74 0x59                                                              LDA r26, [sp, #-48]
	  1578    0x00 0x01                                                                        NOPX
	  1580    0x00 0x01                                                                        NOPX
	  1582    0x00 0x01                                                                        NOPX
	  1584    0x00 0x01                                                                        NOPX
	  1586    0x00 0x01                                                                        NOPX
	  1588    0x16 0x30 0x07 0x19                                                                                                                                                        ADD r24, r24, #1
	  1592    0x16 0x79 0xa2 0x99                                                                                                                                                        ADC r28, r25, r26
	  1596    0x10 0x77 0x88 0x99                                                                                                                                                        NE r27, r1, r24
	  1600    0x17 0x34 0xdc 0x19                                                                                                                                                        EQZ r26, r28
	  1604    0x17 0x33 0x9a 0x99                                                                                                                                                        LT r25, r28, r25
	  1608    0x16 0xf5 0xa4 0x99                                                                                                                                                        AND r26, r27, r26
	  1612    0x16 0x73 0xa5 0x99                                                                                                                                                        OR r25, r25, r26
	  1616    0xc8 0x00 0x20 0x40 0x01 0x95                                                                                                                                              JNZ r25, #TGT_Fcore_0_2_64
.delay_slot
	  1622    0x0f 0xfa 0x78 0x19                                                                                                                          ST r28, [sp, #-48]
.delay_slot
.swstall delay_slot
	  1626    0x00 0x01                                                                        NOPX
.delay_slot
.swstall delay_slot
	  1628    0x00 0x01                                                                        NOPX
.delay_slot
.swstall delay_slot
	  1630    0x00 0x01                                                                        NOPX
.delay_slot
.swstall delay_slot
	  1632    0x00 0x01                                                                        NOPX
.loop_nesting 0
	  1634    0x07 0xfa 0xc2 0xd9                                                              LDA lr, [sp, #-44]
	  1638    0x07 0xfd 0xe8 0x59                                                              LDA r20, [sp, #-20]
	  1642    0x07 0xfd 0x6a 0x59                                                              LDA r21, [sp, #-24]
	  1646    0x07 0xfc 0xec 0x59                                                              LDA r22, [sp, #-28]
	  1650    0x07 0xfc 0x6e 0x59                                                              LDA r23, [sp, #-32]
	  1654    0x07 0xfb 0xfe 0xd9                                                              LDA p7, [sp, #-36]
	  1658    0x07 0xfb 0x76 0xd9                                                              LDA p6, [sp, #-40]
	  1662    0x07 0xff 0xe0 0x59                                                              LDA r16, [sp, #-4]
	  1666    0x07 0xff 0x62 0x59                                                              LDA r17, [sp, #-8]
	  1670    0x07 0xfe 0xe4 0x59                                                              LDA r18, [sp, #-12]
	  1674    0x07 0xfe 0x66 0x59                                                              LDA r19, [sp, #-16]
	  1678    0x10 0x00 0x18 0x19                                                                                                                                                        RET lr
.delay_slot
.swstall delay_slot
	  1682    0x00 0x01                                                                        NOPX
.delay_slot
.swstall delay_slot
	  1684    0x00 0x01                                                                        NOPX
.delay_slot
.swstall delay_slot
	  1686    0x00 0x01                                                                        NOPX
.delay_slot
.swstall delay_slot
	  1688    0x00 0x01                                                                        NOPX
.label core_0_2__end last
.delay_slot
	  1690    0x00 0x00 0x07 0xff 0xc0 0x7d                                                    NOPA;                         PADDB [sp], #-64

.undef global data memC_buff_0

.undef global data memA_cons_buff_0

.undef global data memB_cons_buff_0

.undef global data memA_cons_buff_1

.undef global data memB_cons_buff_1

.undef global data memC_buff_1

.undef global text llvm___aie2___acquire

.undef global text zero_i16

.undef global text matmul_i8_i16

.undef global text llvm___aie2___release

.text_segment_name
.text global 10 llvm___aie2___acquire
.function_start
	     0    0x10 0x12 0x12 0x19                                                                                                                                                        ACQ r0, r1
	     4    0x10 0x00 0x18 0x19                                                                                                                                                        RET lr
.delay_slot
.swstall delay_slot
	     8    0x00 0x01                                                                        NOPX
.delay_slot
.swstall delay_slot
	    10    0x00 0x01                                                                        NOPX
.delay_slot
.swstall delay_slot
	    12    0x00 0x01                                                                        NOPX
.delay_slot
.swstall delay_slot
	    14    0x00 0x01                                                                        NOPX
.label llvm___aie2___acquire__end last
.delay_slot
.swstall delay_slot
	    16    0x00 0x00 0x00 0x00 0x00 0x00 0x00 0x00 0x00 0x00 0x00 0x03 0x88 0x00 0x03 0xc0  NOPA;                         NOPB;                         NOPS;                         NOPX;                         NOPM;                                   NOPV

.text_segment_name
.text global 10 llvm___aie2___release
.function_start
	     0    0x10 0x10 0x12 0x19                                                                                                                                                        REL r0, r1
	     4    0x10 0x00 0x18 0x19                                                                                                                                                        RET lr
.delay_slot
.swstall delay_slot
	     8    0x00 0x01                                                                        NOPX
.delay_slot
.swstall delay_slot
	    10    0x00 0x01                                                                        NOPX
.delay_slot
.swstall delay_slot
	    12    0x00 0x01                                                                        NOPX
.delay_slot
.swstall delay_slot
	    14    0x00 0x01                                                                        NOPX
.label llvm___aie2___release__end last
.delay_slot
.swstall delay_slot
	    16    0x00 0x00 0x00 0x00 0x00 0x00 0x00 0x00 0x00 0x00 0x00 0x03 0x88 0x00 0x03 0xc0  NOPA;                         NOPB;                         NOPS;                         NOPX;                         NOPM;                                   NOPV

.text_segment_name
.text global 10 llvm___aie___event0
.function_start
	     0    0x10 0x00 0x18 0x19                                                                                                                                                        RET lr
.delay_slot
	     4    0x10 0x00 0x10 0x19                                                                                                                                                        EVENT #0
.delay_slot
.swstall delay_slot
	     8    0x00 0x01                                                                        NOPX
.delay_slot
.swstall delay_slot
	    10    0x00 0x01                                                                        NOPX
.delay_slot
.swstall delay_slot
	    12    0x00 0x01                                                                        NOPX
.label llvm___aie___event0__end last
.delay_slot
.swstall delay_slot
	    14    0x00 0x01                                                                        NOPX

.text_segment_name
.text global 10 llvm___aie___event1
.function_start
	     0    0x10 0x00 0x18 0x19                                                                                                                                                        RET lr
.delay_slot
	     4    0x12 0x00 0x10 0x19                                                                                                                                                        EVENT #1
.delay_slot
.swstall delay_slot
	     8    0x00 0x01                                                                        NOPX
.delay_slot
.swstall delay_slot
	    10    0x00 0x01                                                                        NOPX
.delay_slot
.swstall delay_slot
	    12    0x00 0x01                                                                        NOPX
.label llvm___aie___event1__end last
.delay_slot
.swstall delay_slot
	    14    0x00 0x01                                                                        NOPX



.direct_eval +,-,(,)
