
// File generated by darts version U-2022.12#3eec2545bc#230622, Wed Sep 11 12:49:58 2024
// Copyright 2014-2022 Synopsys, Inc. All rights reserved.
// darts -I/proj/xbuilds/2023.2_INT_1013_2256/installs/all_platforms/Vitis/2023.2/aietools/data/aie_ml/lib -d -h -I/proj/xbuilds/2023.2_INT_1013_2256/installs/all_platforms/Vitis/2023.2/aietools/include -I/proj/xbuilds/2023.2_INT_1013_2256/installs/all_platforms/Vitis/2023.2/aietools/data/aie_ml/lib/runtime_cxx/libcxx-lite/include -I/proj/xbuilds/2023.2_INT_1013_2256/installs/all_platforms/Vitis/2023.2/aietools/data/aie_ml/lib/runtime_cxx/libs/libcxx-9.0.0/include-lite -I/proj/xbuilds/2023.2_INT_1013_2256/installs/all_platforms/Vitis/2023.2/aietools/data/aie_ml/lib/runtime/include -I<BOOST_DIR> -D__AIENGINE__ -D__AIE_ARCH__=20 -D__AIEARCH__=20 -D__tct_tgt__=230622 -L +Ihex +nanno scale.o me

// Release: ipp U-2022.12-TGT-230622
.undef global data _ZN12me_primitive11control_satE

.undef global data _ZN12me_primitive11control_rndE

.text_segment_name
.text global 16 _Z16scale_vectorizedIiEvPT_S1_ii
.function_start
	     0    0x00 0x47 0x48 0x2e 0x28 0x00 0x00 0x01 0x18 0x00 0x10 0xb7                      MOVA r29, #2;                 VLDB wh8, [p0, #32];                                        MOVXM p2, #_ZN12me_primitive11control_rndE
	    12    0x40 0x50 0x88 0x26 0x08 0x01 0xd0 0x68 0x20 0x13 0xd8 0xb7                      LDA r2, [p2, #0];             VLDB wl8, [p0], #64;                                        MOVX r29, #3;                 VBCSTSHFL.32 x0, r0, r29
	    24    0x00 0x00 0x08 0x2d 0x68 0x3e 0x47 0x68 0x60 0x13 0xd8 0xb7                      MOVA r0, #0;                  VLDB wh5, [p0, #32];                                        MOVX r4, #-5;                 VBCSTSHFL.32 x1, r0, r29
	    36    0x00 0x21 0x48 0x25 0x48 0x02 0x12 0x6c 0xa0 0x03 0xd8 0xb7                      MOVA r5, #1;                  VLDB wl5, [p0], #64;                                        LSHL r1, r1, r4;              VBCST.32 x2, r0
.noswbrkpt
	    48    0x01 0xe1 0x08 0x2e 0x28 0x00 0x00 0x01 0x18 0x00 0x10 0xb7                      MOVA r4, #15;                 VLDB wh8, [p0, #32];                                        MOVXM p2, #_ZN12me_primitive11control_satE
.nohwbrkpt
.noswbrkpt
	    60    0x40 0x50 0xc8 0x26 0x08 0x0b 0xb0 0xe7 0xe0 0x07 0x48 0xb7                      LDA r3, [p2, #0];             VLDB wl8, [p0], #64;                                        LTU r27, r5, r1;              MOV r31, #2
.nohwbrkpt
.noswbrkpt
	    72    0x6b 0x40 0x08 0x2d 0x68 0x0a 0x10 0xb0 0x58 0x03 0x48 0xb7                      MOVA r0, #858;                VLDB wh5, [p0, #32];                                        SEL.EQZ r1, r5, r1, r27;      MOV s0, #0
.nohwbrkpt
.noswbrkpt
	    84    0x00 0x25 0x48 0x00 0x00 0x82 0xb8 0x7f 0x78 0x3b                                                              VLDB wl5, [p0], #64;                                        EVENT #0;                     ADD.NC lc, r1, #-3
.nohwbrkpt
.noswbrkpt
	    94    0x2b 0x40 0x88 0x04 0x12 0x25 0x07 0x60 0xb8 0xbb                                MOVA r2, #346;                                                                            AND r1, r2, r4;               VSHUFFLE x4, x8, x2, r29
.nohwbrkpt
.noswbrkpt
	   104    0x00 0x02 0xc1 0x00 0xc7 0xe0 0xb8 0x43                                                                                                                                    MOVX crRnd, r1;               VSHUFFLE x3, x8, x2, r31
.nohwbrkpt
.noswbrkpt
	   112    0x00 0x2e 0x2c 0x8e 0xa9 0x66 0x07 0x90 0x5c 0x0b                                                              VLDB wh8, [p0, #32];                                                                      VSHUFFLE x9, x5, x2, r29;               VMUL cm7, x4, x1, r0
.nohwbrkpt
.noswbrkpt
	   122    0x00 0x26 0x0b 0x0f 0xa9 0x65                                                                                  VLDB wl8, [p0], #64;                                                                      VSHUFFLE x6, x5, x2, r31
.nohwbrkpt
.noswbrkpt
	   128    0x05 0xad 0x00 0x00 0x00 0x46 0x5a 0x2a 0x07 0xa4 0x58 0x27                                                    VLDB wh5, [p0, #32];                                        MOVXM r1, #1626;                                                      VMUL cm6, x9, x1, r0
.nohwbrkpt
.noswbrkpt
	   140    0x04 0xa9 0x0e 0x42 0x02 0x0e 0xc1 0x7a 0x0b 0x90 0x08 0x27                                                    VLDB wl5, [p0], #64;                                        MOVX crSat, r3;               VSHUFFLE x4, x8, x2, r29;               VMAC cm2, cm7, x4, x0, r1
.nohwbrkpt
.noswbrkpt
	   152    0x04 0x8e 0xa9 0x66 0x0b 0x24 0x00 0x23                                                                                                                                                                  VSHUFFLE x9, x5, x2, r29;               VMAC cm0, cm6, x9, x0, r1
.nohwbrkpt
.noswbrkpt
	   160    0x00 0x00 0x00 0x0c 0x45 0xa2 0x11 0x0c 0x4c 0x1b                                                                                                                          MOVXM r3, #1114;                                                      VMAC cm3, cm2, x3, x1, r2
.nohwbrkpt
.noswbrkpt
	   170    0x01 0x8f 0xc1 0x66 0x10 0x18 0x50 0x23                                                                                                                                                                  VSHUFFLE x3, x8, x2, r31;               VMAC cm4, cm0, x6, x1, r2
.nohwbrkpt
.noswbrkpt
	   178    0x03 0x0f 0xa9 0x66 0x19 0x8c 0x04 0x23                                                                                                                                                                  VSHUFFLE x6, x5, x2, r31;               VMAC cm1, cm3, x3, x0, r3
.nohwbrkpt
.noswbrkpt
	   186    0x00 0x00 0x00 0x07 0x0f 0x02 0x1a 0x18 0x14 0x1b                                                                                                                          MOVXM ls, #(ZLS_F_Z16scale_vectorizedIiEvPT_S1_ii_240 + 0);           VMAC cm5, cm4, x6, x0, r3
	   196    0x00 0x00 0x00 0x47 0x14 0x02 0x07 0x90 0x5c 0x1b                                                                                                                          MOVXM le, #(ZLE_F_Z16scale_vectorizedIiEvPT_S1_ii_320 + 0);           VMUL cm7, x4, x1, r0
	   206    0x07 0xa4 0x58 0x09                                                                                                                                                                                                                              VMUL cm6, x9, x1, r0
	   210    0x0b 0x90 0x08 0x09                                                                                                                                                                                                                              VMAC cm2, cm7, x4, x0, r1
	   214    0x77 0x98 0x90 0x02 0x0b 0x24 0x00 0x23                                                                                                      VSRS.s32.s64 x7, cm1, s0;                                                                           VMAC cm0, cm6, x9, x0, r1
	   222    0x11 0x0c 0x4c 0x09                                                                                                                                                                                                                              VMAC cm3, cm2, x3, x1, r2
	   226    0x00 0x00 0x00 0x00 0x00 0x00 0x00 0x40 0x00 0x38 0x00 0x00 0x78 0x2f            NOPA;                                                       NOPS;                                                       NOPM;                                   NOPV
.label ZLS_F_Z16scale_vectorizedIiEvPT_S1_ii_240
.loop_nesting 1
.begin_of_loop
.noswbrkpt
	   240    0xa7 0x9a 0x90 0x2e 0x2a 0x0e 0xc1 0x66 0x19 0x8c 0x04 0x27                                                    VLDB wh8, [p0, #32];          VSRS.s32.s64 x10, cm5, s0;                                  VSHUFFLE x4, x8, x2, r29;               VMAC cm1, cm3, x3, x0, r3
.nohwbrkpt
.noswbrkpt
	   252    0x20 0xd3 0xf8 0x26 0x09 0x8f 0xc1 0x66 0x10 0x18 0x50 0x27                                                    VLDB wl8, [p0], #64;          VST wh7, [p1, #32];                                         VSHUFFLE x3, x8, x2, r31;               VMAC cm4, cm0, x6, x1, r2
.noswbrkpt
	   264    0x20 0xb3 0xb8 0x2d 0x6c 0x8e 0xa9 0x66 0x07 0x90 0x5c 0x27                                                    VLDB wh5, [p0, #32];          VST wl7, [p1], #64;                                         VSHUFFLE x9, x5, x2, r29;               VMUL cm7, x4, x1, r0
.nohwbrkpt
.noswbrkpt
	   276    0x00 0x25 0x4b 0x0f 0xa9 0x66 0x1a 0x18 0x14 0x0b                                                              VLDB wl5, [p0], #64;                                                                      VSHUFFLE x6, x5, x2, r31;               VMAC cm5, cm4, x6, x0, r3
	   286    0x20 0xd5 0x78 0x02 0x0b 0x90 0x08 0x23                                                                                                      VST wh10, [p1, #32];                                                                                VMAC cm2, cm7, x4, x0, r1
	   294    0x00 0x00 0x03 0xbc 0xc4 0x89 0x07 0xa4 0x58 0x0b                                NOPA;                                                       VSRS.s32.s64 x7, cm1, s0;                                                                           VMUL cm6, x9, x1, r0
	   304    0x00 0x00 0x00 0x00 0x01 0x05 0xa9 0xc0 0x00 0x00 0x00 0x03 0x88 0x88 0x62 0x60  NOPA;                         NOPB;                         VST wl10, [p1], #64;          NOPX;                         NOPM;                                   VMAC cm3, cm2, x3, x1, r2
.label ZLE_F_Z16scale_vectorizedIiEvPT_S1_ii_320
.end_of_loop
	   320    0x00 0x00 0x00 0x00 0x00 0x00 0x00 0x00 0x00 0x00 0x00 0x03 0x88 0x59 0x20 0x00  NOPA;                         NOPB;                         NOPS;                         NOPX;                         NOPM;                                   VMAC cm0, cm6, x9, x0, r1
.loop_nesting 0
	   336    0xa7 0x9a 0x92 0x0e 0xc1 0x64 0x19 0x8c 0x04 0x0b                                                                                            VSRS.s32.s64 x10, cm5, s0;                                  VSHUFFLE x4, x8, x2, r29;               VMAC cm1, cm3, x3, x0, r3
	   346    0x20 0xd3 0xf9 0x8f 0xc1 0x64 0x10 0x18 0x50 0x0b                                                                                            VST wh7, [p1, #32];                                         VSHUFFLE x3, x8, x2, r31;               VMAC cm4, cm0, x6, x1, r2
	   356    0x20 0xb3 0xbc 0x8e 0xa9 0x64 0x07 0x90 0x5c 0x0b                                                                                            VST wl7, [p1], #64;                                         VSHUFFLE x9, x5, x2, r29;               VMUL cm7, x4, x1, r0
	   366    0x03 0x0f 0xa9 0x66 0x1a 0x18 0x14 0x23                                                                                                                                                                  VSHUFFLE x6, x5, x2, r31;               VMAC cm5, cm4, x6, x0, r3
	   374    0x20 0xd5 0x78 0x02 0x0b 0x90 0x08 0x23                                                                                                      VST wh10, [p1, #32];                                                                                VMAC cm2, cm7, x4, x0, r1
	   382    0x77 0x98 0x90 0x02 0x07 0xa4 0x58 0x23                                                                                                      VSRS.s32.s64 x7, cm1, s0;                                                                           VMUL cm6, x9, x1, r0
	   390    0x20 0xb5 0x38 0x02 0x11 0x0c 0x4c 0x23                                                                                                      VST wl10, [p1], #64;                                                                                VMAC cm3, cm2, x3, x1, r2
	   398    0x0b 0x24 0x00 0x09                                                                                                                                                                                                                              VMAC cm0, cm6, x9, x0, r1
	   402    0xa7 0x9a 0x90 0x02 0x19 0x8c 0x04 0x23                                                                                                      VSRS.s32.s64 x10, cm5, s0;                                                                          VMAC cm1, cm3, x3, x0, r3
	   410    0x20 0xd3 0xf8 0x02 0x10 0x18 0x50 0x23                                                                                                      VST wh7, [p1, #32];                                                                                 VMAC cm4, cm0, x6, x1, r2
	   418    0x09 0x05 0x9d 0xd9                                                                                                                          VST wl7, [p1], #64
	   422    0x1a 0x18 0x14 0x09                                                                                                                                                                                                                              VMAC cm5, cm4, x6, x0, r3
	   426    0x09 0x06 0xab 0xd9                                                                                                                          VST wh10, [p1, #32]
	   430    0x0b 0xbc 0xc4 0x99                                                                                                                          VSRS.s32.s64 x7, cm1, s0
	   434    0x00 0x01                                                                        NOPX
	   436    0x00 0x01                                                                        NOPX
.noswbrkpt
	   438    0xa7 0x9a 0x90 0x00 0x18 0x3d                                                                                                                VSRS.s32.s64 x10, cm5, s0;    RET lr
.delay_slot
.nohwbrkpt
.noswbrkpt
	   444    0x09 0x05 0xa9 0xd9                                                                                                                          VST wl10, [p1], #64
.delay_slot
	   448    0x09 0x06 0x9f 0xd9                                                                                                                          VST wh7, [p1, #32]
.delay_slot
	   452    0x09 0x05 0x9d 0xd9                                                                                                                          VST wl7, [p1], #64
.delay_slot
	   456    0x20 0xd5 0x78 0x00 0x00 0x03 0x80 0x03                                                                                                      VST wh10, [p1, #32];                                        NOPM
.label _Z16scale_vectorizedIiEvPT_S1_ii__end last
.delay_slot
	   464    0x00 0x00 0x00 0x00 0x01 0x05 0xa9 0xd0 0x00 0x80 0x00 0x03 0x88 0x00 0x03 0xc0  NOPA;                         NOPB;                         VST wl10, [p1], #64;          EVENT #1;                     NOPM;                                   NOPV

.undef global data _ZN12me_primitive11control_satE

.undef global data _ZN12me_primitive11control_rndE

.text_segment_name
.text global 10 vector_scalar_mul_int32_scalar
.function_start
	     0    0x10 0x04 0x01 0x19                                                                                                                                                        MOVX r2, #0
	     4    0x10 0x84 0x09 0x99                                                                                                                                                        GE r2, r2, r0
	     8    0x10 0x00 0x58 0x40 0x01 0x95                                                                                                                                              JNZ r2, #TGT_Fvector_scalar_mul_int32_scalar_176
.delay_slot
	    14    0x40 0x50 0x48 0x00 0x10 0x1d                                                    LDA r1, [p2, #0];                                                                         EVENT #0
.delay_slot
.swstall delay_slot
	    20    0x00 0x01                                                                        NOPX
.delay_slot
.swstall delay_slot
	    22    0x00 0x01                                                                        NOPX
.delay_slot
.swstall delay_slot
	    24    0x00 0x01                                                                        NOPX
.delay_slot
.swstall delay_slot
	    26    0x00 0x01                                                                        NOPX
	    28    0x1d 0x70 0x16 0x59                                                                                                                                                                                      MOV lc, r0
	    32    0x00 0x00 0x00 0xe0 0x60 0x55                                                                                                                                              MOVXM ls, #(ZLS_Fvector_scalar_mul_int32_scalar_48 + 0)
	    38    0x00 0x00 0x00 0x00 0x00 0x02 0x38 0x50 0x10 0xbb                                NOPA;                                                                                     MOVXM le, #(ZLE_Fvector_scalar_mul_int32_scalar_160 + 0)
.label ZLS_Fvector_scalar_mul_int32_scalar_48
.loop_nesting 1
.begin_of_loop
	    48    0x00 0x03 0x84 0x59                                                              LDA r2, [p0], #4
	    52    0x00 0x01                                                                        NOPX
	    54    0x00 0x00 0x00 0x00 0x00 0x00 0x00 0x03 0x8e 0xbb                                NOPA;                         NOPB;                                                                                     NOPM
	    64    0x00 0x00 0x00 0x00 0x00 0x00 0x00 0x00 0x00 0x00 0x00 0x03 0x88 0x00 0x03 0xc0  NOPA;                         NOPB;                         NOPS;                         NOPX;                         NOPM;                                   NOPV
	    80    0x00 0x00 0x00 0x00 0x00 0x00 0x00 0x00 0x00 0x00 0x00 0x03 0x88 0x00 0x03 0xc0  NOPA;                         NOPB;                         NOPS;                         NOPX;                         NOPM;                                   NOPV
	    96    0x00 0x00 0x00 0x00 0x00 0x00 0x00 0x00 0x00 0x00 0x00 0x03 0x88 0x00 0x03 0xc0  NOPA;                         NOPB;                         NOPS;                         NOPX;                         NOPM;                                   NOPV
	   112    0x00 0x00 0x00 0x00 0x00 0x00 0x00 0x00 0x00 0x00 0x00 0x03 0x88 0x00 0x03 0xc0  NOPA;                         NOPB;                         NOPS;                         NOPX;                         NOPM;                                   NOPV
	   128    0x00 0x00 0x00 0x00 0x00 0x00 0x00 0x02 0x31 0x7c 0x00 0x03 0x88 0x00 0x03 0xc0  NOPA;                         NOPB;                         NOPS;                         MUL r3, r1, r2;               NOPM;                                   NOPV
	   144    0x00 0x00 0x00 0x00 0x00 0x00 0x00 0x00 0x00 0x00 0x00 0x03 0x88 0x00 0x03 0xc0  NOPA;                         NOPB;                         NOPS;                         NOPX;                         NOPM;                                   NOPV
.label ZLE_Fvector_scalar_mul_int32_scalar_160
.end_of_loop
	   160    0x00 0x00 0x00 0x00 0x01 0x03 0x86 0x00 0x00 0x00 0x00 0x03 0x88 0x00 0x03 0xc0  NOPA;                         NOPB;                         ST r3, [p1], #4;              NOPX;                         NOPM;                                   NOPV
.label TGT_Fvector_scalar_mul_int32_scalar_176
.loop_nesting 0
	   176    0x10 0x00 0x18 0x19                                                                                                                                                        RET lr
.delay_slot
	   180    0x12 0x00 0x10 0x19                                                                                                                                                        EVENT #1
.delay_slot
.swstall delay_slot
	   184    0x00 0x01                                                                        NOPX
.delay_slot
.swstall delay_slot
	   186    0x00 0x01                                                                        NOPX
.delay_slot
.swstall delay_slot
	   188    0x00 0x01                                                                        NOPX
.label vector_scalar_mul_int32_scalar__end last
.delay_slot
.swstall delay_slot
	   190    0x00 0x01                                                                        NOPX

.text_segment_name
.text global 10 vector_scalar_mul_int32_vector
.function_start
	     0    0x40 0x51 0x88 0x2e 0x28 0x00 0x00 0x01 0x18 0x00 0x10 0xb7                      LDA r6, [p2, #0];             VLDB wh8, [p0, #32];                                        MOVXM p2, #_ZN12me_primitive11control_rndE
	    12    0x40 0x50 0x88 0x26 0x08 0x3e 0x37 0x68 0xa0 0x03 0x48 0xb7                      LDA r2, [p2, #0];             VLDB wl8, [p0], #64;                                        MOVX r3, #-5;                 MOV r5, #0
	    24    0x00 0x61 0x08 0x2d 0x68 0x01 0xd0 0x48 0x21 0x43 0xd8 0xb7                      MOVA r4, #3;                  VLDB wh5, [p0, #32];                                        MOVX r29, #2;                 VBCST.32 x0, r5
	    36    0x01 0xe2 0x08 0x25 0x48 0x00 0x31 0xec 0x00 0x03 0xc8 0xb7                      MOVA r8, #15;                 VLDB wl5, [p0], #64;                                        LSHL r3, r0, r3;              MOV r0, #1
.noswbrkpt
	    48    0x2b 0x41 0x48 0x2e 0x28 0x01 0xb1 0xe4 0x20 0x07 0x48 0xb7                      MOVA r5, #346;                VLDB wh8, [p0, #32];                                        LTU r27, r0, r3;              MOV r1, #2
.nohwbrkpt
.noswbrkpt
	    60    0x6b 0x40 0x08 0x26 0x08 0x00 0x31 0xb0 0x58 0x03 0x48 0xb7                      MOVA r0, #858;                VLDB wl8, [p0], #64;                                        SEL.EQZ r3, r0, r3, r27;      MOV s0, #0
.nohwbrkpt
.noswbrkpt
	    72    0x00 0x2d 0x68 0x00 0x00 0x01 0x18 0x00 0x10 0x3b                                                              VLDB wh5, [p0, #32];                                        MOVXM p2, #_ZN12me_primitive11control_satE
.nohwbrkpt
.noswbrkpt
	    82    0x40 0x51 0xc8 0x25 0x48 0x01 0xd0 0x68 0x61 0x93 0xd8 0xb7                      LDA r7, [p2, #0];             VLDB wl5, [p0], #64;                                        MOVX r29, #3;                 VBCSTSHFL.32 x1, r6, r29
.nohwbrkpt
.noswbrkpt
	    94    0x00 0x04 0x24 0x25 0x01 0x20 0x38 0x43                                                                                                                                    AND r2, r2, r8;               VSHUFFLE x4, x8, x0, r4
.nohwbrkpt
.noswbrkpt
	   102    0x00 0x04 0xc1 0x00 0xc0 0x60 0x38 0x43                                                                                                                                    MOVX crRnd, r2;               VSHUFFLE x3, x8, x0, r1
.nohwbrkpt
.noswbrkpt
	   110    0x00 0x00 0x00 0x82 0x41 0x14 0x38 0x43                                                                                                                                    EVENT #0;                     VSHUFFLE x9, x5, x0, r4
.nohwbrkpt
.noswbrkpt
	   118    0x1b 0x00 0xa8 0x79                                                                                                                                                                                      VSHUFFLE x6, x5, x0, r1
	   122    0x19 0x43 0x27 0xb9                                                                                                                                                                                      VBCSTSHFL.32 x2, r6, r29
.noswbrkpt
	   126    0x00 0x2e 0x28 0x00 0x00 0x00 0x43 0x2d 0x10 0x3b                                                              VLDB wh8, [p0, #32];                                        MOVXM r2, #1626
.nohwbrkpt
.noswbrkpt
	   136    0x04 0xc1 0x1e 0x42 0x05 0x71 0xfe 0xfa 0x07 0x90 0x9c 0x27                                                    VLDB wl8, [p0], #64;                                        MOVX crSat, r7;               ADD.NC lc, r3, #-3;                     VMUL cm7, x4, x2, r0
.nohwbrkpt
.noswbrkpt
	   148    0x00 0x2d 0x6a 0x02 0x40 0x66 0x07 0xa4 0x98 0x0b                                                              VLDB wh5, [p0, #32];                                                                      VSHUFFLE x4, x8, x0, r4;                VMUL cm6, x9, x2, r0
.nohwbrkpt
.noswbrkpt
	   158    0x00 0x25 0x4c 0x82 0x28 0x66 0x13 0x90 0x48 0x0b                                                              VLDB wl5, [p0], #64;                                                                      VSHUFFLE x9, x5, x0, r4;                VMAC cm2, cm7, x4, x1, r2
.nohwbrkpt
.noswbrkpt
	   168    0x00 0x00 0x00 0x0c 0x45 0xa2 0x13 0x24 0x40 0x1b                                                                                                                          MOVXM r3, #1114;                                                      VMAC cm0, cm6, x9, x1, r2
.nohwbrkpt
.noswbrkpt
	   178    0x00 0x00 0x00 0x07 0x0f 0x02 0x29 0x0c 0x8c 0x1b                                                                                                                          MOVXM ls, #(ZLS_Fvector_scalar_mul_int32_vector_240 + 0);             VMAC cm3, cm2, x3, x2, r5
.nohwbrkpt
.noswbrkpt
	   188    0x01 0x80 0xc0 0x66 0x28 0x18 0x90 0x23                                                                                                                                                                  VSHUFFLE x3, x8, x0, r1;                VMAC cm4, cm0, x6, x2, r5
.nohwbrkpt
.noswbrkpt
	   196    0x03 0x00 0xa8 0x66 0x19 0x8c 0x44 0x23                                                                                                                                                                  VSHUFFLE x6, x5, x0, r1;                VMAC cm1, cm3, x3, x1, r3
.nohwbrkpt
.noswbrkpt
	   204    0x00 0x00 0x00 0x47 0x14 0x02 0x1a 0x18 0x54 0x1b                                                                                                                          MOVXM le, #(ZLE_Fvector_scalar_mul_int32_vector_320 + 0);             VMAC cm5, cm4, x6, x1, r3
	   214    0x07 0x90 0x9c 0x09                                                                                                                                                                                                                              VMUL cm7, x4, x2, r0
	   218    0x07 0xa4 0x98 0x09                                                                                                                                                                                                                              VMUL cm6, x9, x2, r0
	   222    0x13 0x90 0x48 0x09                                                                                                                                                                                                                              VMAC cm2, cm7, x4, x1, r2
	   226    0x77 0x98 0x90 0x02 0x13 0x24 0x40 0x23                                                                                                      VSRS.s32.s64 x7, cm1, s0;                                                                           VMAC cm0, cm6, x9, x1, r2
	   234    0x29 0x0c 0x8c 0x09                                                                                                                                                                                                                              VMAC cm3, cm2, x3, x2, r5
	   238    0x00 0x01                                                                        NOPX
.label ZLS_Fvector_scalar_mul_int32_vector_240
.loop_nesting 1
.begin_of_loop
.noswbrkpt
	   240    0xa7 0x9a 0x90 0x2e 0x2a 0x02 0x40 0x66 0x19 0x8c 0x44 0x27                                                    VLDB wh8, [p0, #32];          VSRS.s32.s64 x10, cm5, s0;                                  VSHUFFLE x4, x8, x0, r4;                VMAC cm1, cm3, x3, x1, r3
.nohwbrkpt
.noswbrkpt
	   252    0x20 0xd3 0xf8 0x26 0x09 0x80 0xc0 0x66 0x28 0x18 0x90 0x27                                                    VLDB wl8, [p0], #64;          VST wh7, [p1, #32];                                         VSHUFFLE x3, x8, x0, r1;                VMAC cm4, cm0, x6, x2, r5
.noswbrkpt
	   264    0x20 0xb3 0xb8 0x2d 0x6c 0x82 0x28 0x66 0x07 0x90 0x9c 0x27                                                    VLDB wh5, [p0, #32];          VST wl7, [p1], #64;                                         VSHUFFLE x9, x5, x0, r4;                VMUL cm7, x4, x2, r0
.nohwbrkpt
.noswbrkpt
	   276    0x00 0x25 0x4b 0x00 0xa8 0x66 0x1a 0x18 0x54 0x0b                                                              VLDB wl5, [p0], #64;                                                                      VSHUFFLE x6, x5, x0, r1;                VMAC cm5, cm4, x6, x1, r3
	   286    0x20 0xd5 0x78 0x02 0x13 0x90 0x48 0x23                                                                                                      VST wh10, [p1, #32];                                                                                VMAC cm2, cm7, x4, x1, r2
	   294    0x00 0x00 0x03 0xbc 0xc4 0x89 0x07 0xa4 0x98 0x0b                                NOPA;                                                       VSRS.s32.s64 x7, cm1, s0;                                                                           VMUL cm6, x9, x2, r0
	   304    0x00 0x00 0x00 0x00 0x01 0x05 0xa9 0xc0 0x00 0x00 0x00 0x03 0x89 0x48 0x64 0x60  NOPA;                         NOPB;                         VST wl10, [p1], #64;          NOPX;                         NOPM;                                   VMAC cm3, cm2, x3, x2, r5
.label ZLE_Fvector_scalar_mul_int32_vector_320
.end_of_loop
	   320    0x00 0x00 0x00 0x00 0x00 0x00 0x00 0x00 0x00 0x00 0x00 0x03 0x88 0x99 0x22 0x00  NOPA;                         NOPB;                         NOPS;                         NOPX;                         NOPM;                                   VMAC cm0, cm6, x9, x1, r2
.loop_nesting 0
	   336    0xa7 0x9a 0x92 0x02 0x40 0x64 0x19 0x8c 0x44 0x0b                                                                                            VSRS.s32.s64 x10, cm5, s0;                                  VSHUFFLE x4, x8, x0, r4;                VMAC cm1, cm3, x3, x1, r3
	   346    0x20 0xd3 0xf9 0x80 0xc0 0x64 0x28 0x18 0x90 0x0b                                                                                            VST wh7, [p1, #32];                                         VSHUFFLE x3, x8, x0, r1;                VMAC cm4, cm0, x6, x2, r5
	   356    0x20 0xb3 0xbc 0x82 0x28 0x64 0x07 0x90 0x9c 0x0b                                                                                            VST wl7, [p1], #64;                                         VSHUFFLE x9, x5, x0, r4;                VMUL cm7, x4, x2, r0
	   366    0x03 0x00 0xa8 0x66 0x1a 0x18 0x54 0x23                                                                                                                                                                  VSHUFFLE x6, x5, x0, r1;                VMAC cm5, cm4, x6, x1, r3
	   374    0x20 0xd5 0x78 0x02 0x13 0x90 0x48 0x23                                                                                                      VST wh10, [p1, #32];                                                                                VMAC cm2, cm7, x4, x1, r2
	   382    0x77 0x98 0x90 0x02 0x07 0xa4 0x98 0x23                                                                                                      VSRS.s32.s64 x7, cm1, s0;                                                                           VMUL cm6, x9, x2, r0
	   390    0x20 0xb5 0x38 0x02 0x29 0x0c 0x8c 0x23                                                                                                      VST wl10, [p1], #64;                                                                                VMAC cm3, cm2, x3, x2, r5
	   398    0x13 0x24 0x40 0x09                                                                                                                                                                                                                              VMAC cm0, cm6, x9, x1, r2
	   402    0xa7 0x9a 0x90 0x02 0x19 0x8c 0x44 0x23                                                                                                      VSRS.s32.s64 x10, cm5, s0;                                                                          VMAC cm1, cm3, x3, x1, r3
	   410    0x20 0xd3 0xf8 0x02 0x28 0x18 0x90 0x23                                                                                                      VST wh7, [p1, #32];                                                                                 VMAC cm4, cm0, x6, x2, r5
	   418    0x09 0x05 0x9d 0xd9                                                                                                                          VST wl7, [p1], #64
	   422    0x1a 0x18 0x54 0x09                                                                                                                                                                                                                              VMAC cm5, cm4, x6, x1, r3
	   426    0x09 0x06 0xab 0xd9                                                                                                                          VST wh10, [p1, #32]
	   430    0x0b 0xbc 0xc4 0x99                                                                                                                          VSRS.s32.s64 x7, cm1, s0
	   434    0x00 0x01                                                                        NOPX
	   436    0x00 0x01                                                                        NOPX
.noswbrkpt
	   438    0xa7 0x9a 0x90 0x00 0x18 0x3d                                                                                                                VSRS.s32.s64 x10, cm5, s0;    RET lr
.delay_slot
.nohwbrkpt
.noswbrkpt
	   444    0x09 0x05 0xa9 0xd9                                                                                                                          VST wl10, [p1], #64
.delay_slot
	   448    0x09 0x06 0x9f 0xd9                                                                                                                          VST wh7, [p1, #32]
.delay_slot
	   452    0x09 0x05 0x9d 0xd9                                                                                                                          VST wl7, [p1], #64
.delay_slot
	   456    0x20 0xd5 0x78 0x00 0x00 0x03 0x80 0x03                                                                                                      VST wh10, [p1, #32];                                        NOPM
.label vector_scalar_mul_int32_vector__end last
.delay_slot
	   464    0x00 0x00 0x00 0x00 0x01 0x05 0xa9 0xd0 0x00 0x80 0x00 0x03 0x88 0x00 0x03 0xc0  NOPA;                         NOPB;                         VST wl10, [p1], #64;          EVENT #1;                     NOPM;                                   NOPV

.undef global data _ZN12me_primitive11control_satE

.undef global data _ZN12me_primitive11control_rndE

.text_segment_name
.text global 10 vector_scalar_mul_int16_scalar
.function_start
	     0    0x10 0x04 0x01 0x19                                                                                                                                                        MOVX r2, #0
	     4    0x10 0x84 0x09 0x99                                                                                                                                                        GE r2, r2, r0
	     8    0x10 0x00 0x50 0x40 0x01 0x95                                                                                                                                              JNZ r2, #TGT_Fvector_scalar_mul_int16_scalar_160
.delay_slot
	    14    0x40 0x50 0x48 0x00 0x10 0x1d                                                    LDA r1, [p2, #0];                                                                         EVENT #0
.delay_slot
.swstall delay_slot
	    20    0x00 0x01                                                                        NOPX
.delay_slot
.swstall delay_slot
	    22    0x00 0x01                                                                        NOPX
.delay_slot
.swstall delay_slot
	    24    0x00 0x01                                                                        NOPX
.delay_slot
.swstall delay_slot
	    26    0x00 0x01                                                                        NOPX
	    28    0x1d 0x70 0x16 0x59                                                                                                                                                                                      MOV lc, r0
	    32    0x00 0x00 0x00 0xe0 0x60 0x55                                                                                                                                              MOVXM ls, #(ZLS_Fvector_scalar_mul_int16_scalar_48 + 0)
	    38    0x00 0x00 0x00 0x00 0x00 0x02 0x38 0x48 0x10 0xbb                                NOPA;                                                                                     MOVXM le, #(ZLE_Fvector_scalar_mul_int16_scalar_144 + 0)
.label ZLS_Fvector_scalar_mul_int16_scalar_48
.loop_nesting 1
.begin_of_loop
	    48    0x00 0x27 0x05 0xd9                                                              LDA.u16 r2, [p0], #2
	    52    0x00 0x01                                                                        NOPX
	    54    0x00 0x01                                                                        NOPX
.noswbrkpt
	    56    0x24 0xe0 0xc0 0x04 0x00 0x00 0x78 0x23                                          ST.s16 r3, [p1], #2;                                                                                                                                            NOPV
.nohwbrkpt
.noswbrkpt
	    64    0x00 0x00 0x00 0x00 0x00 0x00 0x00 0x00 0x00 0x00 0x00 0x03 0x88 0x00 0x03 0xc0  NOPA;                         NOPB;                         NOPS;                         NOPX;                         NOPM;                                   NOPV
.nohwbrkpt
.noswbrkpt
	    80    0x00 0x00 0x00 0x00 0x00 0x00 0x00 0x00 0x00 0x00 0x00 0x03 0x88 0x00 0x03 0xc0  NOPA;                         NOPB;                         NOPS;                         NOPX;                         NOPM;                                   NOPV
.nohwbrkpt
.noswbrkpt
	    96    0x00 0x00 0x00 0x00 0x00 0x00 0x00 0x00 0x00 0x00 0x00 0x03 0x88 0x00 0x03 0xc0  NOPA;                         NOPB;                         NOPS;                         NOPX;                         NOPM;                                   NOPV
.nohwbrkpt
.noswbrkpt
	   112    0x00 0x00 0x00 0x00 0x00 0x00 0x00 0x02 0x31 0x7c 0x00 0x03 0x88 0x00 0x03 0xc0  NOPA;                         NOPB;                         NOPS;                         MUL r3, r1, r2;               NOPM;                                   NOPV
	   128    0x00 0x00 0x00 0x00 0x00 0x00 0x00 0x00 0x00 0x00 0x00 0x03 0x88 0x00 0x03 0xc0  NOPA;                         NOPB;                         NOPS;                         NOPX;                         NOPM;                                   NOPV
.label ZLE_Fvector_scalar_mul_int16_scalar_144
.end_of_loop
	   144    0x00 0x00 0x00 0x00 0x00 0x00 0x00 0x00 0x00 0x00 0x00 0x03 0x88 0x00 0x03 0xc0  NOPA;                         NOPB;                         NOPS;                         NOPX;                         NOPM;                                   NOPV
.label TGT_Fvector_scalar_mul_int16_scalar_160
.loop_nesting 0
	   160    0x10 0x00 0x18 0x19                                                                                                                                                        RET lr
.delay_slot
	   164    0x12 0x00 0x10 0x19                                                                                                                                                        EVENT #1
.delay_slot
.swstall delay_slot
	   168    0x00 0x01                                                                        NOPX
.delay_slot
.swstall delay_slot
	   170    0x00 0x01                                                                        NOPX
.delay_slot
.swstall delay_slot
	   172    0x00 0x01                                                                        NOPX
.label vector_scalar_mul_int16_scalar__end last
.delay_slot
.swstall delay_slot
	   174    0x00 0x01                                                                        NOPX

.text_segment_name
.text global 10 vector_scalar_mul_int16_vector
.function_start
	     0    0x41 0xc0 0x78 0x2c 0x68 0x00 0x00 0x01 0x18 0x00 0x10 0xb7                      LDA.s16 r1, [p2, #0];         VLDB wh1, [p0, #32];                                        MOVXM p2, #_ZN12me_primitive11control_rndE
	    12    0x40 0x50 0xc8 0x24 0x48 0x00 0x50 0x28 0x87 0xf7 0xc8 0xb7                      LDA r3, [p2, #0];             VLDB wl1, [p0], #64;                                        MOVX r5, #1;                  MOV r4, #-5
	    24    0x00 0x00 0x04 0x60 0x00 0x55                                                                                                                                              MOVXM p2, #_ZN12me_primitive11control_satE
.noswbrkpt
	    30    0x40 0x50 0x88 0x2c 0x68 0x00 0x62 0x6c 0x80 0x1f 0xc8 0xb7                      LDA r2, [p2, #0];             VLDB wh1, [p0, #32];                                        LSHL r6, r0, r4;              MOV r4, #15
.nohwbrkpt
.noswbrkpt
	    42    0x67 0x00 0x08 0x24 0x48 0x0b 0xb3 0x64 0x58 0x03 0x48 0xb7                      MOVA r0, #824;                VLDB wl1, [p0], #64;                                        LTU r27, r5, r6;              MOV s0, #0
.nohwbrkpt
.noswbrkpt
	    54    0x10 0x2c 0x69 0x4a 0x66 0x05                                                                                  VLDB wh1, [p0, #32];                                        SEL.EQZ r5, r5, r6, r27
.nohwbrkpt
.noswbrkpt
	    60    0x00 0x24 0x48 0x00 0x00 0x00 0x38 0x58 0x10 0x3b                                                              VLDB wl1, [p0], #64;                                        MOVXM ls, #(ZLS_Fvector_scalar_mul_int16_vector_176 + 0)
.nohwbrkpt
.noswbrkpt
	    70    0x00 0x2c 0x68 0x00 0x00 0x80 0x10 0x43 0xd8 0x3b                                                              VLDB wh1, [p0, #32];                                        EVENT #0;                     VBCST.16 x0, r1
.nohwbrkpt
.noswbrkpt
	    80    0x00 0x24 0x48 0x00 0x00 0x02 0x38 0x60 0x10 0x3b                                                              VLDB wl1, [p0], #64;                                        MOVXM le, #(ZLE_Fvector_scalar_mul_int16_vector_192 + 0)
.nohwbrkpt
.noswbrkpt
	    90    0x05 0x8d 0x0c 0x24 0x4d 0x72 0xf6 0xfa 0x07 0x84 0x00 0x27                                                    VLDB wh1, [p0, #32];                                        AND r1, r3, r4;               ADD.NC lc, r5, #-7;                     VMUL cm0, x1, x0, r0
.nohwbrkpt
.noswbrkpt
	   102    0x00 0x24 0x48 0x02 0xc1 0x02 0x48 0x8b 0x28 0x3b                                                              VLDB wl1, [p0], #64;                                        MOVX crRnd, r1;               MOV crSat, r2
.nohwbrkpt
.noswbrkpt
	   112    0x05 0x8d 0x00 0x00 0x00 0x00 0x00 0x00 0x00 0x00 0x00 0x03 0x88 0x3c 0x20 0x00  NOPA;                         VLDB wh1, [p0, #32];          NOPS;                         NOPX;                         NOPM;                                   VMUL cm0, x1, x0, r0
.nohwbrkpt
.noswbrkpt
	   128    0x04 0x89 0x00 0x00 0x00 0x00 0x00 0x00 0x00 0x00 0x00 0x03 0x88 0x00 0x03 0xc0  NOPA;                         VLDB wl1, [p0], #64;          NOPS;                         NOPX;                         NOPM;                                   NOPV
.nohwbrkpt
.noswbrkpt
	   144    0x05 0x8d 0x00 0x00 0x00 0x00 0x00 0x00 0x00 0x00 0x00 0x03 0x88 0x3c 0x20 0x00  NOPA;                         VLDB wh1, [p0, #32];          NOPS;                         NOPX;                         NOPM;                                   VMUL cm0, x1, x0, r0
.nohwbrkpt
.noswbrkpt
	   160    0x04 0x89 0x00 0x00 0x01 0x2c 0x43 0x80 0x00 0x00 0x00 0x03 0x88 0x00 0x03 0xc0  NOPA;                         VLDB wl1, [p0], #64;          VST.SRS.s16.s32 bmh0, s0, [p1, #32];NOPX;                   NOPM;                                   NOPV
.label ZLS_Fvector_scalar_mul_int16_vector_176
.loop_nesting 1
.begin_of_loop
.nohwbrkpt
.noswbrkpt
	   176    0x05 0x8d 0x00 0x00 0x01 0x24 0x41 0x80 0x00 0x00 0x00 0x03 0x88 0x3c 0x20 0x00  NOPA;                         VLDB wh1, [p0, #32];          VST.SRS.s16.s32 bml0, s0, [p1], #64;NOPX;                   NOPM;                                   VMUL cm0, x1, x0, r0
.label ZLE_Fvector_scalar_mul_int16_vector_192
.end_of_loop
.nohwbrkpt
.noswbrkpt
	   192    0x04 0x89 0x00 0x00 0x01 0x2c 0x43 0x80 0x00 0x00 0x00 0x03 0x88 0x00 0x03 0xc0  NOPA;                         VLDB wl1, [p0], #64;          VST.SRS.s16.s32 bmh0, s0, [p1, #32];NOPX;                   NOPM;                                   NOPV
.loop_nesting 0
.nohwbrkpt
.noswbrkpt
	   208    0x24 0x88 0x30 0x02 0x07 0x84 0x00 0x23                                                                                                      VST.SRS.s16.s32 bml0, s0, [p1], #64;                                                                VMUL cm0, x1, x0, r0
.nohwbrkpt
.noswbrkpt
	   216    0x09 0x2c 0x43 0x99                                                                                                                          VST.SRS.s16.s32 bmh0, s0, [p1, #32]
.nohwbrkpt
.noswbrkpt
	   220    0x24 0x88 0x30 0x02 0x07 0x84 0x00 0x23                                                                                                      VST.SRS.s16.s32 bml0, s0, [p1], #64;                                                                VMUL cm0, x1, x0, r0
.nohwbrkpt
.noswbrkpt
	   228    0x09 0x2c 0x43 0x99                                                                                                                          VST.SRS.s16.s32 bmh0, s0, [p1, #32]
.nohwbrkpt
.noswbrkpt
	   232    0x24 0x88 0x30 0x02 0x07 0x84 0x00 0x23                                                                                                      VST.SRS.s16.s32 bml0, s0, [p1], #64;                                                                VMUL cm0, x1, x0, r0
.nohwbrkpt
.noswbrkpt
	   240    0x09 0x2c 0x43 0x99                                                                                                                          VST.SRS.s16.s32 bmh0, s0, [p1, #32]
.nohwbrkpt
.noswbrkpt
	   244    0x24 0x88 0x30 0x02 0x07 0x84 0x00 0x23                                                                                                      VST.SRS.s16.s32 bml0, s0, [p1], #64;                                                                VMUL cm0, x1, x0, r0
.nohwbrkpt
.noswbrkpt
	   252    0x09 0x2c 0x43 0x99                                                                                                                          VST.SRS.s16.s32 bmh0, s0, [p1, #32]
.nohwbrkpt
.noswbrkpt
	   256    0x09 0x24 0x41 0x99                                                                                                                          VST.SRS.s16.s32 bml0, s0, [p1], #64
.nohwbrkpt
.noswbrkpt
	   260    0x25 0x88 0x70 0x00 0x18 0x3d                                                                                                                VST.SRS.s16.s32 bmh0, s0, [p1, #32];RET lr
.delay_slot
.nohwbrkpt
.noswbrkpt
	   266    0x09 0x24 0x41 0x99                                                                                                                          VST.SRS.s16.s32 bml0, s0, [p1], #64
.delay_slot
	   270    0x09 0x2c 0x43 0x99                                                                                                                          VST.SRS.s16.s32 bmh0, s0, [p1, #32]
.delay_slot
	   274    0x09 0x24 0x41 0x99                                                                                                                          VST.SRS.s16.s32 bml0, s0, [p1], #64
.delay_slot
.swstall delay_slot
	   278    0x00 0x01                                                                        NOPX
.label vector_scalar_mul_int16_vector__end last
.delay_slot
	   280    0x00 0x10 0x00 0x80 0x00 0x03 0x88 0x43                                                                                                                                    EVENT #1;                     NOPM

.undef global data _ZN12me_primitive11control_satE

.undef global data _ZN12me_primitive11control_rndE



.direct_eval +,-,(,)
