
// File generated by darts version U-2022.12#3eec2545bc#230622, Thu Jul 25 11:16:45 2024
// Copyright 2014-2022 Synopsys, Inc. All rights reserved.
// darts -I/proj/xbuilds/SWIP/2023.2_1013_2256/installs/lin64/Vitis/2023.2/aietools/data/aie_ml/lib -d -h -I/proj/xbuilds/SWIP/2023.2_1013_2256/installs/lin64/Vitis/2023.2/aietools/data/aie_ml/lib/runtime_cxx/libcxx-lite/include -I/proj/xbuilds/SWIP/2023.2_1013_2256/installs/lin64/Vitis/2023.2/aietools/data/aie_ml/lib/runtime_cxx/libs/libcxx-9.0.0/include-lite -I/proj/xbuilds/SWIP/2023.2_1013_2256/installs/lin64/Vitis/2023.2/aietools/data/aie_ml/lib/runtime/include -I<BOOST_DIR> -D__AIENGINE__ -D__AIE_ARCH__=20 -D__AIEARCH__=20 -D__tct_tgt__=230622 -L +Ihex +nanno /scratch/andrab/mlir-aie/programming_examples/mlir/dynamic_objectfifo/sliding_window/build/aie2-objfifo-lowered.mlir.prj/input.o me

// Release: ipp U-2022.12-TGT-230622
.undef global data _ZN12me_primitive11control_satE

.undef global data _ZN12me_primitive11control_rndE

.undef global data input_fifo_cons_buff_2

.undef global data input_fifo_cons_buff_1

.undef global data input_fifo_cons_buff_0

.undef global data output_fifo_buff_1

.undef global data output_fifo_buff_0

.text_segment_name
.text global 16 sequence
.function_start
	     0    0x10 0x00 0x18 0x19                                                                                                                                                        RET lr
.delay_slot
.swstall delay_slot
	     4    0x00 0x01                                                                        NOPX
.delay_slot
.swstall delay_slot
	     6    0x00 0x01                                                                        NOPX
.delay_slot
.swstall delay_slot
	     8    0x00 0x01                                                                        NOPX
.delay_slot
.swstall delay_slot
	    10    0x00 0x01                                                                        NOPX
.label sequence__end last
.delay_slot
.swstall delay_slot
	    12    0x00 0x00 0x00 0x19                                                              NOPA

.text_segment_name
.text global 10 core_0_2
.function_start
	     0    0xff 0xc5 0x48 0x03 0x40 0x01 0xc0 0x48 0x05 0x4b 0x28 0xb7                      MOVA r21, #-2;                PADDB [sp], #64;                                            MOVX r28, #2;                 MOV r0, r21
	    12    0x00 0x04 0x0f 0xfe 0xe0 0x01 0x40 0x08 0x25 0x0b 0x28 0x77                      MOVA r16, #0;                                               ST r16, [sp, #-12];           MOVX r20, #0;                 MOV r1, r20
	    24    0x00 0x04 0x4f 0xff 0x62 0x01 0x70 0x28 0x45 0xcb 0x28 0x77                      MOVA r17, #0;                                               ST r17, [sp, #-8];            MOVX r23, #1;                 MOV r2, r23
	    36    0xff 0x6c 0x80 0x01 0x20 0x08 0x65 0x8b 0x29 0x3b                                                                                            ST r18, [sp, #-40];           MOVX r18, #0;                 MOV r3, r22
	    46    0xff 0x8f 0xd0 0x00 0x00 0x02 0xc0 0x00 0x11 0x3b                                                                                            ST p7, [sp, #-32];            MOVXM r22, #input_fifo_cons_buff_0
	    56    0xff 0x9e 0xd0 0x00 0x00 0x03 0x00 0x00 0x11 0x3b                                                                                            ST p6, [sp, #-28];            MOVXM r24, #input_fifo_cons_buff_2
	    66    0xff 0xa8 0x80 0x00 0x00 0x03 0x20 0x00 0x11 0x3b                                                                                            ST r2, [sp, #-24];            MOVXM r25, #input_fifo_cons_buff_1
	    76    0x0f 0xfd 0xc6 0x19                                                                                                                          ST r3, [sp, #-20]
	    80    0x0f 0xfe 0x40 0x19                                                                                                                          ST r0, [sp, #-16]
	    84    0x0f 0xff 0xc2 0x19                                                                                                                          ST r1, [sp, #-4]
	    88    0x0f 0xfb 0xe6 0x19                                                                                                                          ST r19, [sp, #-36]
	    92    0x0f 0xfa 0xc2 0x99                                                                                                                          ST lr, [sp, #-44]
.label TGT_Fcore_0_2_96
.loop_nesting 1
	    96    0xfe 0xe7 0x88 0x25 0xa4 0xe3 0xa1 0x57 0xc8 0xbb                                MOVA r30, #-9;                                                                            EXTEND.u8 r26, r18;           MOV r29, #171
	   106    0x00 0x3b 0x3d 0x7f 0xe0 0x07 0xc8 0x43                                                                                                                                    MUL r19, r29, r26;            MOV r31, #3
	   114    0x00 0x00 0x0e 0x80 0x00 0x55                                                                                                                                              MOVXM r29, #output_fifo_buff_0
	   120    0x14 0xfd 0xed 0x99                                                                                                                                                        LSHL r30, r19, r30
	   124    0x17 0xff 0xef 0x99                                                                                                                                                        MUL r31, r31, r30
	   128    0x00 0x00 0x0f 0x00 0x00 0x55                                                                                                                                              MOVXM r30, #output_fifo_buff_1
	   134    0x14 0xbf 0xf1 0x99                                                                                                                                                        SUB r31, r18, r31
	   138    0x17 0xfe 0x9c 0x19                                                                                                                                                        EXTEND.u8 r31, r31
	   142    0x17 0xf7 0x78 0x99                                                                                                                                                        NE r27, r31, r23
	   146    0x16 0x65 0x66 0x19                                                                                                                                                        SEL.EQZ r18, r25, r22, r27
	   150    0x16 0x33 0x96 0x19                                                                                                                                                        SEL.EQZ r25, r24, r25, r27
	   154    0x17 0xf7 0xc7 0x99                                                                                                                                                        EQ r27, r31, r28
	   158    0x14 0xb1 0x86 0x19                                                                                                                                                        SEL.EQZ r24, r18, r24, r27
	   162    0x16 0x65 0x66 0x19                                                                                                                                                        SEL.EQZ r18, r25, r22, r27
.no_stack_arguments
	   166    0x00 0x00 0x00 0x00 0x01 0x15                                                                                                                                              JL #llvm___aie2___acquire
.delay_slot
	   172    0x00 0x2f 0x88 0x27 0x1e 0x0b 0x28 0x43                                                                                                                                    AND r24, r23, r16;            MOV p6, r24
.delay_slot
	   180    0x00 0x31 0x86 0xe3 0x40 0x03 0xc8 0x43                                                                                                                                    EQZ r24, r24;                 MOV r26, #1
.delay_slot
	   188    0x16 0xb7 0x84 0x99                                                                                                                                                        AND r27, r26, r24
.delay_slot
	   192    0x17 0xb1 0xd6 0x19                                                                                                                                                        SEL.EQZ r24, r30, r29, r27
.delay_slot
	   196    0x06 0x40 0x08 0x00 0x00 0x3e 0x17 0xeb 0x9e 0x0b 0x28 0xb7                      MOVA r0, #50;                 NOPB;                                                       MOVX r1, #-1;                 MOV p7, r24
.return_address
	   208    0x15 0x71 0x07 0x99                                                                                                                                                        EQ r24, r21, r16
	   212    0x14 0x66 0xdc 0x19                                                                                                                                                        EQZ r19, r17
	   216    0x14 0xf1 0x84 0x99                                                                                                                                                        AND r24, r19, r24
	   220    0xc0 0x00 0xb8 0x40 0x01 0x95                                                                                                                                              JNZ r24, #TGT_Fcore_0_2_368
.delay_slot
.swstall delay_slot
	   226    0x00 0x01                                                                        NOPX
.delay_slot
.swstall delay_slot
	   228    0x00 0x01                                                                        NOPX
.delay_slot
.swstall delay_slot
	   230    0x00 0x01                                                                        NOPX
.delay_slot
.swstall delay_slot
	   232    0x00 0x01                                                                        NOPX
.delay_slot
.swstall delay_slot
	   234    0x00 0x01                                                                        NOPX
	   236    0x14 0x70 0xfc 0x19                                                                                                                                                        NEZ r24, r17
	   240    0x14 0x32 0xfc 0x19                                                                                                                                                        NEZ r25, r16
	   244    0x16 0x71 0x85 0x99                                                                                                                                                        OR r24, r25, r24
	   248    0xc0 0x00 0xc0 0x40 0x01 0x95                                                                                                                                              JNZ r24, #__ll26_core_0_2
.delay_slot
	   254    0xff 0xe0 0x48 0x01 0x70 0x4a 0x46 0x3b 0x28 0xbb                                MOVA r1, #-1;                                                                             MOVX r23, #2;                 MOV r18, p6
.delay_slot
.swstall delay_slot
	   264    0x00 0x01                                                                        NOPX
.delay_slot
.swstall delay_slot
	   266    0x00 0x01                                                                        NOPX
.delay_slot
.swstall delay_slot
	   268    0x00 0x01                                                                        NOPX
.delay_slot
.swstall delay_slot
	   270    0x00 0x01                                                                        NOPX
.no_stack_arguments
	   272    0x00 0x00 0x00 0x00 0x01 0x15                                                                                                                                              JL #llvm___aie2___acquire
.delay_slot
	   278    0x10 0x00 0xc5 0x19                                                                                                                                                        MOVX r0, #49
.delay_slot
.swstall delay_slot
	   282    0x00 0x01                                                                        NOPX
.delay_slot
.swstall delay_slot
	   284    0x00 0x01                                                                        NOPX
.delay_slot
.swstall delay_slot
	   286    0x00 0x01                                                                        NOPX
.delay_slot
.swstall delay_slot
	   288    0x00 0x00 0x00 0x00 0x00 0x00 0x00 0x00 0x00 0x00 0x00 0x03 0x88 0x00 0x03 0xc0  NOPA;                         NOPB;                         NOPS;                         NOPX;                         NOPM;                                   NOPV
.return_address
.no_stack_arguments
	   304    0x00 0x00 0x00 0x00 0x01 0x15                                                                                                                                              JL #sum_64_i32
.delay_slot
	   310    0x1a 0x3e 0x76 0x59                                                                                                                                                                                      MOV p2, p7
.delay_slot
	   314    0x19 0x3c 0x76 0x59                                                                                                                                                                                      MOV p1, p6
.delay_slot
	   318    0x18 0x32 0x76 0x59                                                                                                                                                                                      MOV p0, p1
.delay_slot
.swstall delay_slot
	   322    0x00 0x01                                                                        NOPX
.delay_slot
.swstall delay_slot
	   324    0x00 0x00 0x00 0x00 0x00 0x00 0x00 0x00 0x00 0x00 0x01 0x37                      NOPA;                         NOPB;                         NOPS;                         NOPX
.return_address
	   336    0x00 0x00 0xf0 0x00 0x00 0x95                                                                                                                                              J #TGT_Fcore_0_2_480
.delay_slot
	   342    0x10 0x24 0x01 0x19                                                                                                                                                        MOVX r18, #0
.delay_slot
.swstall delay_slot
	   346    0x00 0x01                                                                        NOPX
.delay_slot
.swstall delay_slot
	   348    0x00 0x01                                                                        NOPX
.delay_slot
.swstall delay_slot
	   350    0x00 0x01                                                                        NOPX
.delay_slot
.swstall delay_slot
	   352    0x00 0x00 0x00 0x00 0x00 0x00 0x00 0x00 0x00 0x00 0x00 0x03 0x88 0x00 0x03 0xc0  NOPA;                         NOPB;                         NOPS;                         NOPX;                         NOPM;                                   NOPV
.label TGT_Fcore_0_2_368
	   368    0x00 0x00 0x00 0x00 0x00 0x00 0x00 0x3e 0x17 0xc8 0x00 0x03 0x88 0x00 0x03 0xc0  NOPA;                         NOPB;                         NOPS;                         MOVX r1, #-2;                 NOPM;                                   NOPV
.label __ll26_core_0_2
.no_stack_arguments
	   384    0x00 0x00 0x00 0x00 0x01 0x15                                                                                                                                              JL #llvm___aie2___acquire
.delay_slot
	   390    0x10 0x00 0xc5 0x19                                                                                                                                                        MOVX r0, #49
.delay_slot
.swstall delay_slot
	   394    0x00 0x01                                                                        NOPX
.delay_slot
.swstall delay_slot
	   396    0x00 0x01                                                                        NOPX
.delay_slot
.swstall delay_slot
	   398    0x00 0x01                                                                        NOPX
.delay_slot
.swstall delay_slot
	   400    0x00 0x00 0x00 0x00 0x00 0x00 0x00 0x00 0x00 0x00 0x00 0x03 0x88 0x00 0x03 0xc0  NOPA;                         NOPB;                         NOPS;                         NOPX;                         NOPM;                                   NOPV
.return_address
.no_stack_arguments
	   416    0x00 0x00 0x00 0x00 0x01 0x15                                                                                                                                              JL #sum_64_i32
.delay_slot
	   422    0x19 0x39 0x16 0x59                                                                                                                                                                                      MOV p1, r18
.delay_slot
	   426    0x1a 0x3e 0x76 0x59                                                                                                                                                                                      MOV p2, p7
.delay_slot
	   430    0x18 0x3c 0x76 0x59                                                                                                                                                                                      MOV p0, p6
.delay_slot
.swstall delay_slot
	   434    0x00 0x01                                                                        NOPX
.delay_slot
.swstall delay_slot
	   436    0x00 0x00 0x00 0x00 0x00 0x00 0x00 0x00 0x00 0x00 0x01 0x37                      NOPA;                         NOPB;                         NOPS;                         NOPX
.return_address
.no_stack_arguments
	   448    0x00 0x00 0x00 0x00 0x01 0x15                                                                                                                                              JL #llvm___aie2___release
.delay_slot
	   454    0x18 0x4b 0x96 0x59                                                                                                                                                                                      MOV r1, r23
.delay_slot
	   458    0x00 0x00 0x06 0x0a 0x40 0x4b 0x28 0x43                                                                                                                                    MOVX r0, #48;                 MOV r18, r1
.delay_slot
.swstall delay_slot
	   466    0x00 0x01                                                                        NOPX
.delay_slot
.swstall delay_slot
	   468    0x00 0x01                                                                        NOPX
.delay_slot
.swstall delay_slot
	   470    0x00 0x00 0x00 0x00 0x00 0x00 0x00 0x03 0x8e 0xbb                                NOPA;                         NOPB;                                                                                     NOPM
.label TGT_Fcore_0_2_480
.return_address
.no_stack_arguments
	   480    0x00 0x00 0x00 0x00 0x01 0x15                                                                                                                                              JL #llvm___aie2___release
.delay_slot
	   486    0x00 0x20 0x48 0x00 0x06 0x6a 0xe0 0x03 0xc8 0xbb                                MOVA r1, #1;                                                                              MOVX r0, #51;                 MOV r23, #1
.delay_slot
.swstall delay_slot
	   496    0x00 0x01                                                                        NOPX
.delay_slot
.swstall delay_slot
	   498    0x00 0x01                                                                        NOPX
.delay_slot
.swstall delay_slot
	   500    0x00 0x01                                                                        NOPX
.delay_slot
.swstall delay_slot
	   502    0x00 0x00 0x00 0x00 0x00 0x00 0x00 0x03 0x8e 0xbb                                NOPA;                         NOPB;                                                                                     NOPM
.return_address
	   512    0x00 0x21 0x9a 0xe7 0x00 0x03 0x48 0x43                                                                                                                                    LTU r25, r16, r21;            MOV r24, #0
	   520    0x14 0xf3 0x94 0x99                                                                                                                                                        AND r25, r19, r25
	   524    0x16 0x75 0x85 0x99                                                                                                                                                        OR r26, r25, r24
	   528    0xd0 0x00 0x30 0x40 0x01 0x95                                                                                                                                              JNZ r26, #TGT_Fcore_0_2_96
.delay_slot
	   534    0x14 0x20 0x07 0x19                                                                                                                                                        ADD r16, r16, #1
.delay_slot
	   538    0x14 0x63 0x42 0x99                                                                                                                                                        ADC r17, r17, r20
.delay_slot
	   542    0x00 0x00 0x0c 0x00 0x00 0x55                                                                                                                                              MOVXM r24, #input_fifo_cons_buff_2
.delay_slot
	   548    0x00 0x47 0x08 0x00 0x00 0x03 0x20 0x00 0x10 0xbb                                MOVA r28, #2;                                                                             MOVXM r25, #input_fifo_cons_buff_1
.delay_slot
.swstall delay_slot
	   558    0x00 0x01                                                                        NOPX
.loop_nesting 0
	   560    0x07 0xfa 0xc2 0xd9                                                              LDA lr, [sp, #-44]
	   564    0x07 0xfb 0x64 0x59                                                              LDA r18, [sp, #-40]
	   568    0x07 0xfb 0xe6 0x59                                                              LDA r19, [sp, #-36]
	   572    0x07 0xff 0xe8 0x59                                                              LDA r20, [sp, #-4]
	   576    0x07 0xff 0x62 0x59                                                              LDA r17, [sp, #-8]
	   580    0x07 0xfe 0xe0 0x59                                                              LDA r16, [sp, #-12]
	   584    0x07 0xfe 0x6a 0x59                                                              LDA r21, [sp, #-16]
	   588    0x07 0xfd 0xec 0x59                                                              LDA r22, [sp, #-20]
	   592    0x07 0xfd 0x6e 0x59                                                              LDA r23, [sp, #-24]
	   596    0x07 0xfc 0xf6 0xd9                                                              LDA p6, [sp, #-28]
	   600    0x07 0xfc 0x7e 0xd9                                                              LDA p7, [sp, #-32]
	   604    0x10 0x00 0x18 0x19                                                                                                                                                        RET lr
.delay_slot
.swstall delay_slot
	   608    0x00 0x01                                                                        NOPX
.delay_slot
.swstall delay_slot
	   610    0x00 0x01                                                                        NOPX
.delay_slot
.swstall delay_slot
	   612    0x00 0x01                                                                        NOPX
.delay_slot
.swstall delay_slot
	   614    0x00 0x01                                                                        NOPX
.label core_0_2__end last
.delay_slot
	   616    0x07 0xff 0xc0 0x00 0x00 0x00 0x78 0x23                                                                        PADDB [sp], #-64;                                                                                                                 NOPV

.undef global data input_fifo_cons_buff_1

.undef global data input_fifo_cons_buff_0

.undef global data input_fifo_cons_buff_2

.undef global data output_fifo_buff_1

.undef global data output_fifo_buff_0

.undef global text llvm___aie2___acquire

.undef global text sum_64_i32

.undef global text llvm___aie2___release

.text_segment_name
.text global 10 llvm___aie2___acquire
.function_start
	     0    0x10 0x12 0x12 0x19                                                                                                                                                        ACQ r0, r1
	     4    0x10 0x00 0x18 0x19                                                                                                                                                        RET lr
.delay_slot
.swstall delay_slot
	     8    0x00 0x01                                                                        NOPX
.delay_slot
.swstall delay_slot
	    10    0x00 0x01                                                                        NOPX
.delay_slot
.swstall delay_slot
	    12    0x00 0x01                                                                        NOPX
.delay_slot
.swstall delay_slot
	    14    0x00 0x01                                                                        NOPX
.label llvm___aie2___acquire__end last
.delay_slot
.swstall delay_slot
	    16    0x00 0x00 0x00 0x00 0x00 0x00 0x00 0x00 0x00 0x00 0x00 0x03 0x88 0x00 0x03 0xc0  NOPA;                         NOPB;                         NOPS;                         NOPX;                         NOPM;                                   NOPV

.text_segment_name
.text global 10 llvm___aie2___release
.function_start
	     0    0x00 0x01                                                                        NOPX
	     2    0x00 0x01                                                                        NOPX
	     4    0x00 0x01                                                                        NOPX
	     6    0x00 0x01                                                                        NOPX
	     8    0x00 0x01                                                                        NOPX
	    10    0x00 0x01                                                                        NOPX
	    12    0x10 0x10 0x12 0x19                                                                                                                                                        REL r0, r1
	    16    0x10 0x00 0x18 0x19                                                                                                                                                        RET lr
.delay_slot
.swstall delay_slot
	    20    0x00 0x01                                                                        NOPX
.delay_slot
.swstall delay_slot
	    22    0x00 0x01                                                                        NOPX
.delay_slot
.swstall delay_slot
	    24    0x00 0x01                                                                        NOPX
.delay_slot
.swstall delay_slot
	    26    0x00 0x01                                                                        NOPX
.label llvm___aie2___release__end last
.delay_slot
.swstall delay_slot
	    28    0x00 0x00 0x00 0x19                                                              NOPA

.text_segment_name
.text global 10 llvm___aie___event0
.function_start
	     0    0x10 0x00 0x18 0x19                                                                                                                                                        RET lr
.delay_slot
	     4    0x10 0x00 0x10 0x19                                                                                                                                                        EVENT #0
.delay_slot
.swstall delay_slot
	     8    0x00 0x01                                                                        NOPX
.delay_slot
.swstall delay_slot
	    10    0x00 0x01                                                                        NOPX
.delay_slot
.swstall delay_slot
	    12    0x00 0x01                                                                        NOPX
.label llvm___aie___event0__end last
.delay_slot
.swstall delay_slot
	    14    0x00 0x01                                                                        NOPX

.text_segment_name
.text global 10 llvm___aie___event1
.function_start
	     0    0x10 0x00 0x18 0x19                                                                                                                                                        RET lr
.delay_slot
	     4    0x12 0x00 0x10 0x19                                                                                                                                                        EVENT #1
.delay_slot
.swstall delay_slot
	     8    0x00 0x01                                                                        NOPX
.delay_slot
.swstall delay_slot
	    10    0x00 0x01                                                                        NOPX
.delay_slot
.swstall delay_slot
	    12    0x00 0x01                                                                        NOPX
.label llvm___aie___event1__end last
.delay_slot
.swstall delay_slot
	    14    0x00 0x01                                                                        NOPX

