
// File generated by darts version U-2022.12#3eec2545bc#230622, Mon Aug 12 15:29:33 2024
// Copyright 2014-2022 Synopsys, Inc. All rights reserved.
// darts -I/proj/xbuilds/2023.2_INT_1013_2256/installs/all_platforms/Vitis/2023.2/aietools/data/aie_ml/lib -d -h -I/proj/xbuilds/2023.2_INT_1013_2256/installs/all_platforms/Vitis/2023.2/aietools/data/aie_ml/lib/runtime_cxx/libcxx-lite/include -I/proj/xbuilds/2023.2_INT_1013_2256/installs/all_platforms/Vitis/2023.2/aietools/data/aie_ml/lib/runtime_cxx/libs/libcxx-9.0.0/include-lite -I/proj/xbuilds/2023.2_INT_1013_2256/installs/all_platforms/Vitis/2023.2/aietools/data/aie_ml/lib/runtime/include -I<BOOST_DIR> -D__AIENGINE__ -D__AIE_ARCH__=20 -D__AIEARCH__=20 -D__tct_tgt__=230622 -L +Ihex +nanno /scratch/aba/micro/mlir-aie/programming_examples/basic/passthrough_kernel/build/aie2_lineBased_8b_20480.mlir.prj/input.o me

// Release: ipp U-2022.12-TGT-230622
.undef global data _ZN12me_primitive11control_satE

.undef global data _ZN12me_primitive11control_rndE

.undef global data in_cons_buff_1

.undef global data in_cons_buff_0

.undef global data out_buff_1

.undef global data out_buff_0

.text_segment_name
.text global 16 core_0_2
.function_start
	     0    0x38 0x03 0x40 0x19                                                                                            PADDB [sp], #64
	     4    0xff 0x5c 0x00 0x20 0x01 0x3d                                                                                                                ST r16, [sp, #-44];           MOVX r16, #0
	    10    0xff 0x7d 0x00 0x28 0x01 0x3d                                                                                                                ST r20, [sp, #-36];           MOVX r20, #0
	    16    0x0f 0xff 0x76 0x99                                                                                                                          ST p6, [sp, #-8]
	    20    0x0f 0xfe 0x7e 0x99                                                                                                                          ST p7, [sp, #-16]
	    24    0x0f 0xfd 0xe6 0x19                                                                                                                          ST r19, [sp, #-20]
	    28    0x0f 0xfd 0x64 0x19                                                                                                                          ST r18, [sp, #-24]
	    32    0x0f 0xfc 0x62 0x19                                                                                                                          ST r17, [sp, #-32]
	    36    0x0f 0xff 0xec 0x19                                                                                                                          ST r22, [sp, #-4]
	    40    0x0f 0xfe 0xea 0x19                                                                                                                          ST r21, [sp, #-12]
	    44    0x0f 0xfc 0xee 0x19                                                                                                                          ST r23, [sp, #-28]
	    48    0x00 0x00 0x00 0x00 0x07 0xfb 0x42 0x80 0x00 0x00 0x00 0x03 0x88 0x00 0x03 0xc0  NOPA;                         NOPB;                         ST lr, [sp, #-40];            NOPX;                         NOPM;                                   NOPV
.label TGT_Fcore_0_2_64
.loop_nesting 1
.no_stack_arguments
	    64    0x00 0x00 0x00 0x00 0x01 0x15                                                                                                                                              JL #llvm___aie2___acquire
.delay_slot
	    70    0x00 0x00 0x06 0x48 0x27 0xff 0xc8 0x43                                                                                                                                    MOVX r0, #50;                 MOV r1, #-1
.delay_slot
.swstall delay_slot
	    78    0x00 0x01                                                                        NOPX
.delay_slot
.swstall delay_slot
	    80    0x00 0x01                                                                        NOPX
.delay_slot
.swstall delay_slot
	    82    0x00 0x01                                                                        NOPX
.delay_slot
.swstall delay_slot
	    84    0x00 0x00 0x00 0x00 0x00 0x00 0x00 0x00 0x00 0x00 0x01 0x37                      NOPA;                         NOPB;                         NOPS;                         NOPX
.return_address
.no_stack_arguments
	    96    0x00 0x00 0x00 0x00 0x01 0x15                                                                                                                                              JL #llvm___aie2___acquire
.delay_slot
	   102    0x00 0x00 0x06 0x28 0x27 0xff 0xc8 0x43                                                                                                                                    MOVX r0, #49;                 MOV r1, #-1
.delay_slot
.swstall delay_slot
	   110    0x00 0x01                                                                        NOPX
.delay_slot
.swstall delay_slot
	   112    0x00 0x01                                                                        NOPX
.delay_slot
.swstall delay_slot
	   114    0x00 0x01                                                                        NOPX
.delay_slot
.swstall delay_slot
	   116    0x00 0x00 0x00 0x00 0x00 0x00 0x00 0x00 0x00 0x00 0x01 0x37                      NOPA;                         NOPB;                         NOPS;                         NOPX
.return_address
.no_stack_arguments
	   128    0x00 0x00 0x00 0x00 0x01 0x15                                                                                                                                              JL #passThroughLine
.delay_slot
	   134    0x00 0x00 0x00 0x60 0x00 0x55                                                                                                                                              MOVXM p0, #in_cons_buff_0
.delay_slot
	   140    0x00 0x00 0x02 0x60 0x00 0x55                                                                                                                                              MOVXM p1, #out_buff_0
.delay_slot
	   146    0x00 0x00 0x10 0x08 0x00 0x55                                                                                                                                              MOVXM r0, #5120
.delay_slot
.swstall delay_slot
	   152    0x00 0x01                                                                        NOPX
.delay_slot
.swstall delay_slot
	   154    0x00 0x00 0x00 0x00 0x00 0x7d                                                    NOPA;                         NOPB
.return_address
.no_stack_arguments
	   160    0x00 0x00 0x00 0x00 0x01 0x15                                                                                                                                              JL #llvm___aie2___release
.delay_slot
	   166    0x00 0x00 0x10 0x28 0x00 0x63 0x48 0x43                                                                                                                                    MOVX r1, #1;                  MOV r0, #48
.delay_slot
.swstall delay_slot
	   174    0x00 0x01                                                                        NOPX
.delay_slot
.swstall delay_slot
	   176    0x00 0x01                                                                        NOPX
.delay_slot
.swstall delay_slot
	   178    0x00 0x01                                                                        NOPX
.delay_slot
.swstall delay_slot
	   180    0x00 0x00 0x00 0x00 0x00 0x00 0x00 0x00 0x00 0x00 0x01 0x37                      NOPA;                         NOPB;                         NOPS;                         NOPX
.return_address
.no_stack_arguments
	   192    0x00 0x00 0x00 0x00 0x01 0x15                                                                                                                                              JL #llvm___aie2___release
.delay_slot
	   198    0x00 0x00 0x06 0x68 0x20 0x03 0xc8 0x43                                                                                                                                    MOVX r0, #51;                 MOV r1, #1
.delay_slot
.swstall delay_slot
	   206    0x00 0x01                                                                        NOPX
.delay_slot
.swstall delay_slot
	   208    0x00 0x01                                                                        NOPX
.delay_slot
.swstall delay_slot
	   210    0x00 0x01                                                                        NOPX
.delay_slot
.swstall delay_slot
	   212    0x00 0x00 0x00 0x00 0x00 0x00 0x00 0x00 0x00 0x00 0x01 0x37                      NOPA;                         NOPB;                         NOPS;                         NOPX
.return_address
.no_stack_arguments
	   224    0x00 0x00 0x00 0x00 0x01 0x15                                                                                                                                              JL #llvm___aie2___acquire
.delay_slot
	   230    0xff 0xe0 0x48 0x3f 0x37 0xc8 0x00 0x67 0x48 0xbb                                MOVA r1, #-1;                                                                             MOVX r19, #-2;                MOV r0, #50
.delay_slot
.swstall delay_slot
	   240    0x00 0x01                                                                        NOPX
.delay_slot
.swstall delay_slot
	   242    0x00 0x01                                                                        NOPX
.delay_slot
.swstall delay_slot
	   244    0x00 0x01                                                                        NOPX
.delay_slot
.swstall delay_slot
	   246    0x00 0x00 0x00 0x00 0x00 0x00 0x00 0x03 0x8e 0xbb                                NOPA;                         NOPB;                                                                                     NOPM
.return_address
.no_stack_arguments
	   256    0x00 0x00 0x00 0x00 0x01 0x15                                                                                                                                              JL #llvm___aie2___acquire
.delay_slot
	   262    0x00 0x3e 0x17 0xe8 0x00 0x63 0xc8 0x43                                                                                                                                    MOVX r1, #-1;                 MOV r0, #49
.delay_slot
.swstall delay_slot
	   270    0x00 0x01                                                                        NOPX
.delay_slot
.swstall delay_slot
	   272    0x00 0x01                                                                        NOPX
.delay_slot
.swstall delay_slot
	   274    0x00 0x01                                                                        NOPX
.delay_slot
.swstall delay_slot
	   276    0x00 0x00 0x00 0x00 0x00 0x00 0x00 0x00 0x00 0x00 0x01 0x37                      NOPA;                         NOPB;                         NOPS;                         NOPX
.return_address
.no_stack_arguments
	   288    0x00 0x00 0x00 0x00 0x01 0x15                                                                                                                                              JL #passThroughLine
.delay_slot
	   294    0x00 0x00 0x00 0x60 0x00 0x55                                                                                                                                              MOVXM p0, #in_cons_buff_1
.delay_slot
	   300    0x00 0x00 0x02 0x60 0x00 0x55                                                                                                                                              MOVXM p1, #out_buff_1
.delay_slot
	   306    0x00 0x00 0x10 0x08 0x00 0x55                                                                                                                                              MOVXM r0, #5120
.delay_slot
.swstall delay_slot
	   312    0x00 0x01                                                                        NOPX
.delay_slot
.swstall delay_slot
	   314    0x00 0x00 0x00 0x00 0x00 0x7d                                                    NOPA;                         NOPB
.return_address
.no_stack_arguments
	   320    0x00 0x00 0x00 0x00 0x01 0x15                                                                                                                                              JL #llvm___aie2___release
.delay_slot
	   326    0x00 0x00 0x06 0x08 0x20 0x03 0xc8 0x43                                                                                                                                    MOVX r0, #48;                 MOV r1, #1
.delay_slot
.swstall delay_slot
	   334    0x00 0x01                                                                        NOPX
.delay_slot
.swstall delay_slot
	   336    0x00 0x01                                                                        NOPX
.delay_slot
.swstall delay_slot
	   338    0x00 0x01                                                                        NOPX
.delay_slot
.swstall delay_slot
	   340    0x00 0x00 0x00 0x00 0x00 0x00 0x00 0x00 0x00 0x00 0x01 0x37                      NOPA;                         NOPB;                         NOPS;                         NOPX
.return_address
.no_stack_arguments
	   352    0x00 0x00 0x00 0x00 0x01 0x15                                                                                                                                              JL #llvm___aie2___release
.delay_slot
	   358    0x00 0x00 0x06 0x68 0x20 0x03 0xc8 0x43                                                                                                                                    MOVX r0, #51;                 MOV r1, #1
.delay_slot
.swstall delay_slot
	   366    0x00 0x01                                                                        NOPX
.delay_slot
.swstall delay_slot
	   368    0x00 0x01                                                                        NOPX
.delay_slot
.swstall delay_slot
	   370    0x00 0x01                                                                        NOPX
.delay_slot
.swstall delay_slot
	   372    0x00 0x00 0x00 0x00 0x00 0x00 0x00 0x00 0x00 0x00 0x01 0x37                      NOPA;                         NOPB;                         NOPS;                         NOPX
.return_address
	   384    0x00 0x21 0x00 0x5b 0x00 0x03 0x48 0x43                                                                                                                                    ADD r16, r16, #2;             MOV r24, #0
	   392    0x15 0x29 0x82 0x99                                                                                                                                                        ADC r20, r20, r24
	   396    0x7f 0xff 0xfc 0x1f 0xfe 0x55                                                                                                                                              MOVXM r24, #2147483647
	   402    0x15 0x31 0x88 0x99                                                                                                                                                        NE r24, r20, r24
	   406    0x14 0xf3 0x08 0x99                                                                                                                                                        NE r25, r19, r16
	   410    0x16 0x71 0x85 0x99                                                                                                                                                        OR r24, r25, r24
	   414    0xc0 0x00 0x20 0x40 0x01 0x95                                                                                                                                              JNZ r24, #TGT_Fcore_0_2_64
.delay_slot
.swstall delay_slot
	   420    0x00 0x01                                                                        NOPX
.delay_slot
.swstall delay_slot
	   422    0x00 0x01                                                                        NOPX
.delay_slot
.swstall delay_slot
	   424    0x00 0x01                                                                        NOPX
.delay_slot
.swstall delay_slot
	   426    0x00 0x01                                                                        NOPX
.delay_slot
.swstall delay_slot
	   428    0x00 0x01                                                                        NOPX
.loop_nesting 0
	   430    0x07 0xfa 0xe0 0x59                                                              LDA r16, [sp, #-44]
	   434    0x07 0xfc 0x62 0x59                                                              LDA r17, [sp, #-32]
	   438    0x07 0xfd 0x64 0x59                                                              LDA r18, [sp, #-24]
	   442    0x07 0xfd 0xe6 0x59                                                              LDA r19, [sp, #-20]
.no_stack_arguments
	   446    0x00 0x00 0x00 0x00 0x01 0x15                                                                                                                                              JL #llvm___aie2___acquire
.delay_slot
.swstall delay_slot
	   452    0x00 0x01                                                                        NOPX
.delay_slot
.swstall delay_slot
	   454    0x00 0x01                                                                        NOPX
.delay_slot
.swstall delay_slot
	   456    0x00 0x01                                                                        NOPX
.delay_slot
.swstall delay_slot
	   458    0x00 0x00 0x00 0x00 0x00 0x7d                                                    NOPA;                         NOPB
.delay_slot
	   464    0x00 0x00 0x00 0x00 0x00 0x00 0x00 0x00 0x06 0x48 0x27 0xff 0xc8 0x00 0x03 0xc0  NOPA;                         NOPB;                         NOPS;                         MOVX r0, #50;                 MOV r1, #-1;                            NOPV
.return_address
	   480    0x07 0xfb 0xe8 0x59                                                              LDA r20, [sp, #-36]
	   484    0x07 0xfe 0x7e 0xd9                                                              LDA p7, [sp, #-16]
	   488    0x07 0xfe 0xea 0x59                                                              LDA r21, [sp, #-12]
.no_stack_arguments
	   492    0x00 0x00 0x00 0x00 0x01 0x15                                                                                                                                              JL #llvm___aie2___acquire
.delay_slot
.swstall delay_slot
	   498    0x00 0x01                                                                        NOPX
.delay_slot
.swstall delay_slot
	   500    0x00 0x01                                                                        NOPX
.delay_slot
.swstall delay_slot
	   502    0x00 0x01                                                                        NOPX
.delay_slot
.swstall delay_slot
	   504    0x00 0x00 0x00 0x04 0x00 0x00 0x78 0x23                                          NOPA;                                                                                                                                                           NOPV
.delay_slot
	   512    0x00 0x00 0x00 0x00 0x00 0x00 0x00 0x00 0x06 0x28 0x27 0xff 0xc8 0x00 0x03 0xc0  NOPA;                         NOPB;                         NOPS;                         MOVX r0, #49;                 MOV r1, #-1;                            NOPV
.return_address
	   528    0x07 0xff 0xec 0x59                                                              LDA r22, [sp, #-4]
	   532    0x07 0xff 0x76 0xd9                                                              LDA p6, [sp, #-8]
.no_stack_arguments
	   536    0x00 0x00 0x00 0x00 0x01 0x15                                                                                                                                              JL #passThroughLine
.delay_slot
.swstall delay_slot
	   542    0x00 0x01                                                                        NOPX
.delay_slot
.swstall delay_slot
	   544    0x00 0x01                                                                        NOPX
.delay_slot
	   546    0x00 0x00 0x00 0x60 0x00 0x55                                                                                                                                              MOVXM p0, #in_cons_buff_0
.delay_slot
	   552    0x00 0x00 0x00 0x00 0x98 0x00 0x10 0x43                                                                                                                                    MOVXM p1, #out_buff_0
.delay_slot
	   560    0x00 0x00 0x00 0x00 0x00 0x00 0x00 0x00 0x00 0x04 0x02 0x00 0x10 0x00 0x03 0xc0  NOPA;                         NOPB;                         NOPS;                         MOVXM r0, #5120;                                                      NOPV
.return_address
.no_stack_arguments
	   576    0x00 0x00 0x00 0x00 0x01 0x15                                                                                                                                              JL #llvm___aie2___release
.delay_slot
	   582    0x00 0x00 0x10 0x28 0x00 0x63 0x48 0x43                                                                                                                                    MOVX r1, #1;                  MOV r0, #48
.delay_slot
.swstall delay_slot
	   590    0x00 0x01                                                                        NOPX
.delay_slot
.swstall delay_slot
	   592    0x00 0x01                                                                        NOPX
.delay_slot
.swstall delay_slot
	   594    0x00 0x01                                                                        NOPX
.delay_slot
.swstall delay_slot
	   596    0x00 0x00 0x00 0x00 0x00 0x00 0x00 0x00 0x00 0x00 0x01 0x37                      NOPA;                         NOPB;                         NOPS;                         NOPX
.return_address
	   608    0x07 0xfb 0x42 0xd9                                                              LDA lr, [sp, #-40]
	   612    0x07 0xfc 0xee 0x59                                                              LDA r23, [sp, #-28]
.tail_call
	   616    0x00 0x00 0x00 0x00 0x00 0x95                                                                                                                                              J #llvm___aie2___release
.delay_slot
.swstall delay_slot
	   622    0x00 0x01                                                                        NOPX
.delay_slot
.swstall delay_slot
	   624    0x00 0x01                                                                        NOPX
.delay_slot
.swstall delay_slot
	   626    0x00 0x01                                                                        NOPX
.delay_slot
.swstall delay_slot
	   628    0x00 0x01                                                                        NOPX
.label core_0_2__end last
.delay_slot
	   630    0x07 0xff 0xc0 0x00 0x10 0x28 0x00 0x67 0xc8 0x3b                                                              PADDB [sp], #-64;                                           MOVX r1, #1;                  MOV r0, #51

.undef global data in_cons_buff_0

.undef global data out_buff_0

.undef global data in_cons_buff_1

.undef global data out_buff_1

.undef global text llvm___aie2___acquire

.undef global text passThroughLine

.undef global text llvm___aie2___release

.text_segment_name
.text global 10 llvm___aie2___acquire
.function_start
	     0    0x10 0x12 0x12 0x19                                                                                                                                                        ACQ r0, r1
	     4    0x10 0x00 0x18 0x19                                                                                                                                                        RET lr
.delay_slot
.swstall delay_slot
	     8    0x00 0x01                                                                        NOPX
.delay_slot
.swstall delay_slot
	    10    0x00 0x01                                                                        NOPX
.delay_slot
.swstall delay_slot
	    12    0x00 0x01                                                                        NOPX
.delay_slot
.swstall delay_slot
	    14    0x00 0x01                                                                        NOPX
.label llvm___aie2___acquire__end last
.delay_slot
.swstall delay_slot
	    16    0x00 0x00 0x00 0x00 0x00 0x00 0x00 0x00 0x00 0x00 0x00 0x03 0x88 0x00 0x03 0xc0  NOPA;                         NOPB;                         NOPS;                         NOPX;                         NOPM;                                   NOPV

.text_segment_name
.text global 10 llvm___aie2___release
.function_start
	     0    0x00 0x01                                                                        NOPX
	     2    0x00 0x01                                                                        NOPX
	     4    0x00 0x01                                                                        NOPX
	     6    0x00 0x01                                                                        NOPX
	     8    0x00 0x01                                                                        NOPX
	    10    0x00 0x01                                                                        NOPX
	    12    0x10 0x10 0x12 0x19                                                                                                                                                        REL r0, r1
	    16    0x10 0x00 0x18 0x19                                                                                                                                                        RET lr
.delay_slot
.swstall delay_slot
	    20    0x00 0x01                                                                        NOPX
.delay_slot
.swstall delay_slot
	    22    0x00 0x01                                                                        NOPX
.delay_slot
.swstall delay_slot
	    24    0x00 0x01                                                                        NOPX
.delay_slot
.swstall delay_slot
	    26    0x00 0x01                                                                        NOPX
.label llvm___aie2___release__end last
.delay_slot
.swstall delay_slot
	    28    0x00 0x00 0x00 0x19                                                              NOPA

.text_segment_name
.text global 10 llvm___aie___event0
.function_start
	     0    0x10 0x00 0x18 0x19                                                                                                                                                        RET lr
.delay_slot
	     4    0x10 0x00 0x10 0x19                                                                                                                                                        EVENT #0
.delay_slot
.swstall delay_slot
	     8    0x00 0x01                                                                        NOPX
.delay_slot
.swstall delay_slot
	    10    0x00 0x01                                                                        NOPX
.delay_slot
.swstall delay_slot
	    12    0x00 0x01                                                                        NOPX
.label llvm___aie___event0__end last
.delay_slot
.swstall delay_slot
	    14    0x00 0x01                                                                        NOPX

.text_segment_name
.text global 10 llvm___aie___event1
.function_start
	     0    0x10 0x00 0x18 0x19                                                                                                                                                        RET lr
.delay_slot
	     4    0x12 0x00 0x10 0x19                                                                                                                                                        EVENT #1
.delay_slot
.swstall delay_slot
	     8    0x00 0x01                                                                        NOPX
.delay_slot
.swstall delay_slot
	    10    0x00 0x01                                                                        NOPX
.delay_slot
.swstall delay_slot
	    12    0x00 0x01                                                                        NOPX
.label llvm___aie___event1__end last
.delay_slot
.swstall delay_slot
	    14    0x00 0x01                                                                        NOPX

