
// File generated by darts version U-2022.12#3eec2545bc#230622, Wed Jan 10 06:22:06 2024
// Copyright 2014-2022 Synopsys, Inc. All rights reserved.
// darts -I/proj/xbuilds/SWIP/2023.2_1013_2256/installs/lin64/Vitis/2023.2/aietools/data/aie_ml/lib -d -h -I/proj/xbuilds/SWIP/2023.2_1013_2256/installs/lin64/Vitis/2023.2/aietools/include -I/proj/xbuilds/SWIP/2023.2_1013_2256/installs/lin64/Vitis/2023.2/aietools/data/aie_ml/lib/runtime_cxx/libcxx-lite/include -I/proj/xbuilds/SWIP/2023.2_1013_2256/installs/lin64/Vitis/2023.2/aietools/data/aie_ml/lib/runtime_cxx/libs/libcxx-9.0.0/include-lite -I/proj/xbuilds/SWIP/2023.2_1013_2256/installs/lin64/Vitis/2023.2/aietools/data/aie_ml/lib/runtime/include -I/proj/xbuilds/2023.2_released/installs/lin64/Vitis/2023.2/aietools/tps/boost_1_64_0 -D__AIENGINE__=2 -D__AIEARCH__=20 -D__tct_tgt__=230622 -L +Ihex +nanno conv2dk3.o me

// Release: ipp U-2022.12-TGT-230622
.undef global data _ZN12me_primitive11control_satE

.undef global data _ZN12me_primitive11control_rndE

.text_segment_name
.text global 16 conv2dk3
.function_start
	     0    0xfc 0x22 0x48 0x03 0x80 0x0e 0x21 0x05 0x07 0xc7 0xc8 0xb7                      MOVA r9, #-31;                PADDB [sp], #128;                                           ADD r2, r7, r2;               MOV r8, #-29
	    12    0xff 0x7d 0x80 0x0e 0xa4 0xf4 0x87 0xfb 0xc9 0x3b                                                                                            ST r22, [sp, #-36];           ASHL r10, r7, r9;             MOV r4, #-3
	    22    0xff 0x8d 0x40 0xac 0x9e 0xbd                                                                                                                ST r21, [sp, #-32];           ASHL r22, r2, r9
	    28    0xff 0x9d 0x02 0xaa 0x8d 0xbd                                                                                                                ST r20, [sp, #-28];           LSHL r21, r10, r8
	    34    0xff 0xac 0xc5 0xa8 0x8d 0xbd                                                                                                                ST r19, [sp, #-24];           LSHL r20, r22, r8
	    40    0xff 0xbc 0x81 0xe7 0x50 0xbd                                                                                                                ST r18, [sp, #-20];           ADD r19, r7, r21
	    46    0xff 0xdc 0x00 0xa5 0x40 0xbd                                                                                                                ST r16, [sp, #-12];           ADD r18, r2, r20
	    52    0xff 0x6d 0xc4 0xd4 0x4e 0xbd                                                                                                                ST r23, [sp, #-40];           ASHL r10, r19, r4
	    58    0xff 0xef 0xd4 0x84 0x4e 0xbd                                                                                                                ST p7, [sp, #-8];             ASHL r2, r18, r4
	    64    0x12 0xa0 0x29 0x99                                                                                                                                                        GE r16, r10, r2
	    68    0x80 0x04 0x50 0x40 0x01 0x95                                                                                                                                              JNZ r16, #TGT_Fconv2dk3_2208
.delay_slot
	    74    0x0f 0xff 0xf6 0x99                                                                                                                          ST p6, [sp, #-4]
.delay_slot
	    78    0x0f 0xf9 0xe6 0x99                                                                                                                          ST p4, [sp, #-52]
.delay_slot
	    82    0x0f 0xfa 0x4e 0x99                                                                                                                          ST p1, [sp, #-48]
.delay_slot
	    86    0x0f 0xfa 0xc6 0x99                                                                                                                          ST p0, [sp, #-44]
.delay_slot
	    90    0xff 0xcc 0x40 0x00 0x00 0x82 0xe4 0x3b 0x29 0x3b                                                                                            ST r17, [sp, #-16];           EVENT #0;                     MOV r23, p4
	   100    0x18 0x05 0x0b 0x1b 0x10 0x03 0x24 0xf5 0xa0 0x3f 0x78 0xb7                      MOVA r20, #192;               PADDB [p3], #192;                                           ASHL r18, r1, r9;             ADD.NC r13, r0, #-3
	   112    0x00 0x04 0x4f 0xf9 0x5a 0x25 0x24 0x6e 0x01 0xbf 0xf8 0x77                      MOVA r17, #0;                                               ST r13, [sp, #-56];           LSHL r18, r18, r8;            ADD.NC r16, r6, #-1
	   124    0x00 0x23 0x88 0x03 0x29 0x05 0x20 0x3f 0xf8 0xbb                                MOVA r14, #1;                                                                             ADD r18, r1, r18;             ADD.NC r9, r0, #-1
	   134    0x01 0x01 0x08 0x25 0x22 0x75 0x00 0x07 0xc8 0xbb                                MOVA r4, #8;                                                                              ASHL r18, r18, r4;            MOV r8, #3
	   144    0x1f 0xe4 0xcb 0x1b 0x10 0x06 0xc5 0x7f 0x1b 0x3b 0x28 0xb7                      MOVA r19, #255;               PADDB [p3], #192;                                           MUL r12, r3, r10;             MOV p6, p3
	   156    0xff 0xe2 0xcb 0xd3 0x10 0x07 0x69 0x7c 0x1b 0x3b 0x28 0xb7                      MOVA r11, #-1;                PADDB [p3], #-384;                                          MUL r22, r3, r18;             MOV p0, p3
	   168    0x00 0x41 0xc8 0x24 0xd6 0x7e 0x44 0xbf 0xf8 0xbb                                MOVA r7, #2;                                                                              MUL r13, r18, r12;            ADD.NC r18, r18, #-1
	   178    0x00 0x2c 0xfa 0x7c 0x30 0x13 0x48 0x43                                                                                                                                    MUL r15, r22, r20;            MOV m1, #8
.noswbrkpt
	   186    0x13 0x69 0x4f 0x99                                                                                                                                                        MUL r20, r13, r20
.nohwbrkpt
.noswbrkpt
	   190    0x00 0x07 0x6a 0x7c 0x53 0xfb 0x38 0x43                                                                                                                                    MUL r22, r3, r20;             ADD.NC m2, r15, #-8
	   198    0xfe 0x88 0xa0 0x14 0xc0 0x7c 0x75 0x0b 0x29 0x3b                                                                                            ST m2, [sp, #-96];            MUL r12, r10, r0;             MOV m3, r20
	   208    0x0d 0x06 0x36 0x6b 0x08 0xff 0xff 0xb4 0xff 0xe2 0x6d 0x06 0x28 0x7f            PADDA [p0], m3;               PADDB [p6], m3;               PADDS [p3], m3;               MOVXM r13, #536870910
	   222    0x14 0x68 0x61 0x99                                                                                                                                                        SUB r20, r17, r6
	   226    0xfe 0xed 0x02 0x4c 0xc0 0xbd                                                                                                                ST r20, [sp, #-72];           ADD r6, r9, r12
	   232    0x10 0x12 0x8d 0x99                                                                                                                                                        LSHL r9, r0, r8
	   236    0xfe 0xca 0x40 0x1d 0x08 0x6d 0xc2 0x7b 0x39 0x3b                                                                                            ST r9, [sp, #-80];            LSHL r16, r14, r16;           ADD.NC r14, r9, #-8
	   246    0xfe 0xac 0x00 0x21 0x4a 0x76 0x03 0x3b 0x29 0x3b                                                                                            ST r16, [sp, #-88];           ASHL r20, r16, r20;           MOV r16, p3
	   256    0xfe 0xbb 0x84 0x77 0x4a 0xbd                                                                                                                ST r14, [sp, #-84];           LT r27, r17, r20
	   262    0x14 0x69 0x46 0x19                                                                                                                                                        SEL.EQZ r20, r17, r20, r27
	   266    0x15 0x37 0x3a 0x99                                                                                                                                                        LT r27, r20, r19
	   270    0x14 0xe7 0x46 0x19                                                                                                                                                        SEL.EQZ r19, r19, r20, r27
	   274    0xfe 0x7c 0xc1 0xe8 0x57 0xbd                                                                                                                ST r19, [sp, #-100];          EQ r20, r7, r5
	   280    0x15 0xa7 0x03 0x19                                                                                                                                                        ADD r19, r22, #-64
	   284    0x13 0x5a 0x00 0x99                                                                                                                                                        ADD r13, r13, r0
	   288    0x10 0x00 0x8a 0x99                                                                                                                                                        LT r0, r0, r8
	   292    0xfe 0xf8 0x03 0x40 0x8d 0xbd                                                                                                                ST r0, [sp, #-68];            LSHL r0, r13, r8
	   298    0xfe 0x98 0x00 0xc0 0x7a 0xbd                                                                                                                ST r0, [sp, #-92];            LT r0, r3, r7
	   304    0xff 0x08 0x00 0x48 0x4a 0xbd                                                                                                                ST r0, [sp, #-64];            LT r4, r1, r4
	   310    0xff 0x19 0x04 0x42 0x39 0xbd                                                                                                                ST r4, [sp, #-60];            GE r1, r17, r3
	   316    0xfe 0xd8 0x41 0x8c 0x8d 0xbd                                                                                                                ST r1, [sp, #-76];            LSHL r6, r6, r8
	   322    0x00 0x16 0x15 0x34 0x71 0x8b 0x28 0x43                                                                                                                                    XOR r1, r11, r10;             MOV m3, r6
	   330    0x04 0x6b 0x08 0x18 0xc4 0x6c 0xc3 0x03 0x78 0x3b                                                              PADDB [p4], m3;                                             LSHL r12, r12, r8;            ADD.NC r6, r12, #1
	   340    0x10 0x42 0x20 0x99                                                                                                                                                        ADD r1, r1, r2
	   344    0x15 0xc4 0xc0 0x99                                                                                                                                                        ADD r2, r23, r12
	   348    0x11 0x90 0x8d 0x99                                                                                                                                                        LSHL r8, r6, r8
.label TGT_Fconv2dk3_352
.loop_nesting 1
	   352    0xfe 0x48 0x40 0x00 0x10 0xe8 0x72 0x0b 0x29 0x3b                                                                                            ST r1, [sp, #-112];           MOVX r1, #7;                  MOV m3, r8
	   362    0x0f 0xf2 0xd2 0x19                                                                                                                          ST r9, [sp, #-108]
	   366    0x0f 0xf3 0x50 0x19                                                                                                                          ST r8, [sp, #-104]
	   370    0xff 0x39 0x88 0x00 0x00 0x00 0x00 0x40 0x00 0x38 0x00 0x00 0x78 0x2f            LDA r6, [sp, #-52];                                         NOPS;                                                       NOPM;                                   NOPV
.label TGT_Fconv2dk3_384
.loop_nesting 2
	   384    0x20 0x02 0xb0 0x40 0x01 0x95                                                                                                                                              JNZ r4, #TGT_Fconv2dk3_1376
.delay_slot
	   390    0x0f 0xf0 0xf6 0x99                                                                                                                          ST p6, [sp, #-124]
.delay_slot
.swstall delay_slot
	   394    0x00 0x01                                                                        NOPX
.delay_slot
.swstall delay_slot
	   396    0x00 0x01                                                                        NOPX
.delay_slot
.swstall delay_slot
	   398    0x00 0x01                                                                        NOPX
.delay_slot
.swstall delay_slot
	   400    0x00 0x01                                                                        NOPX
	   402    0x00 0x86 0x76 0x0b 0x10 0x08 0x01 0x73 0x81 0x65 0xfe 0x38 0xd0 0x7f            PADDA [p0], #64;              PADDB [p6], #64;              ST p0, [sp, #-116];           MOVX r4, #0;                  MOV p7, r16
	   416    0xff 0x5a 0x0f 0x0b 0x10 0x00 0xa1 0x09 0xa6 0x3b 0x28 0xb7                      LDA r8, [sp, #-44];           PADDB [p7], #64;                                            MOVX r10, #8;                 MOV r13, p6
	   428    0x00 0x01 0x2f 0xf1 0x66 0x80 0x00 0x00 0x39 0x18 0x10 0x77                      MOVA m4, #0;                                                ST p4, [sp, #-120];           MOVXM ls, #(ZLS_Fconv2dk3_560 + 0)
	   440    0x00 0x03 0xc8 0x00 0x00 0x02 0x39 0x88 0x10 0xbb                                MOVA r15, #0;                                                                             MOVXM le, #(ZLE_Fconv2dk3_784 + 0)
	   450    0x1b 0x00 0x76 0x59                                                                                                                                                                                      MOV r12, p0
	   454    0x00 0x00 0x0c 0x63 0xe0 0x55                                                                                                                                              MOVXM p6, #(TGT_Fconv2dk3_496 + 0)
	   460    0x1b 0x89 0x16 0x59                                                                                                                                                                                      MOV r14, r18
	   464    0x00 0x00 0x00 0x00 0x00 0x00 0x00 0x00 0x00 0x02 0xe7 0x3b 0x28 0x00 0x03 0xc0  NOPA;                         NOPB;                         NOPS;                         NOPX;                         MOV r23, p7;                            NOPV
.label TGT_Fconv2dk3_480
.loop_nesting 3
	   480    0xf1 0x61 0x00 0x00 0x00 0x00 0x00 0x01 0x90 0xeb 0x07 0xf3 0x48 0x00 0x03 0xc0  NOPA;                         PADDB [p7], m4;               NOPS;                         MOVX r25, #7;                 MOV r24, #-8;                           NOPV
.label TGT_Fconv2dk3_496
.loop_nesting 4
	   496    0x00 0x01 0x98 0x40 0x01 0x95                                                                                                                                              JNZ r0, #TGT_Fconv2dk3_816
.delay_slot
.swstall delay_slot
	   502    0x00 0x01                                                                        NOPX
.delay_slot
.swstall delay_slot
	   504    0x00 0x01                                                                        NOPX
.delay_slot
.swstall delay_slot
	   506    0x00 0x01                                                                        NOPX
.delay_slot
.swstall delay_slot
	   508    0x00 0x01                                                                        NOPX
.delay_slot
.swstall delay_slot
	   510    0x00 0x01                                                                        NOPX
	   512    0xff 0x4e 0xd8 0x15 0xac 0x06 0x1a 0x3b 0x28 0xbb                                LDA p6, [sp, #-48];                                                                       ADD r26, r10, r24;            MOV p4, p2
	   522    0xff 0x5b 0xd9 0x2d 0x16 0x4d                                                    LDA p3, [sp, #-44];                                                                                                     MOV m4, r26
	   528    0x04 0x8b 0x0d 0x71 0xff 0xe5                                                                                  PADDB [p4], m4;                                                                           ADD.NC lc, r3, #-1
	   534    0x18 0x36 0x16 0x59                                                                                                                                                                                      MOV p0, r12
	   538    0x19 0x36 0x96 0x59                                                                                                                                                                                      MOV p1, r13
	   542    0x1d 0x3e 0x76 0x59                                                                                                                                                                                      MOV p5, p7
	   546    0x00 0x01                                                                        NOPX
	   548    0x3e 0x8b 0x08 0x19                                                                                            PADDB [p6], m4
	   552    0x03 0x8b 0x08 0x00 0x00 0x00 0x78 0x23                                                                        PADDB [p3], m4;                                                                                                                   NOPV
.label ZLS_Fconv2dk3_560
.loop_nesting 5
.begin_of_loop
	   560    0x28 0x04 0x70 0x00 0x01 0x95                                                                                                                                              JZ r5, #TGT_Fconv2dk3_2272
.delay_slot
.swstall delay_slot
	   566    0x00 0x01                                                                        NOPX
.delay_slot
.swstall delay_slot
	   568    0x00 0x01                                                                        NOPX
.delay_slot
.swstall delay_slot
	   570    0x00 0x01                                                                        NOPX
.delay_slot
.swstall delay_slot
	   572    0x00 0x01                                                                        NOPX
.delay_slot
.swstall delay_slot
	   574    0x00 0x01                                                                        NOPX
	   576    0x03 0x0d 0x35 0xd9                                                              LDA.u8 r26, [p3, #0]
	   580    0x05 0x0c 0x3b 0xd9                                                              LDA.s8 r29, [p5, #0]
	   584    0x06 0x0d 0x39 0xd9                                                              LDA.u8 r28, [p6, #0]
	   588    0x01 0x0c 0x3d 0xd9                                                              LDA.s8 r30, [p1, #0]
	   592    0x00 0x01                                                                        NOPX
	   594    0x00 0x01                                                                        NOPX
	   596    0x00 0x01                                                                        NOPX
	   598    0x00 0x01                                                                        NOPX
	   600    0x00 0x28 0x00 0x60 0x10 0x00 0x60 0x43                                                                                                                                    JNZ r20, #__ll60_conv2dk3
.delay_slot
	   608    0x00 0x00 0x00 0x00 0x00 0x00 0x00 0x3b 0xad 0x7c 0x00 0x03 0x88 0x00 0x03 0xc0  NOPA;                         NOPB;                         NOPS;                         MUL r26, r29, r26;            NOPM;                                   NOPV
.delay_slot
	   624    0x00 0x00 0x00 0x00 0x00 0x00 0x00 0x3d 0xce 0x7c 0x00 0x03 0x88 0x00 0x03 0xc0  NOPA;                         NOPB;                         NOPS;                         MUL r28, r30, r28;            NOPM;                                   NOPV
.delay_slot
.swstall delay_slot
	   640    0x00 0x00 0x00 0x00 0x00 0x00 0x00 0x00 0x00 0x00 0x00 0x03 0x88 0x00 0x03 0xc0  NOPA;                         NOPB;                         NOPS;                         NOPX;                         NOPM;                                   NOPV
.delay_slot
	   656    0x00 0x00 0x00 0x00 0x00 0x00 0x00 0x1e 0xfd 0x04 0x00 0x03 0x88 0x00 0x03 0xc0  NOPA;                         NOPB;                         NOPS;                         ADD r15, r15, r26;            NOPM;                                   NOPV
.delay_slot
	   672    0x00 0x00 0x00 0x00 0x00 0x00 0x00 0x1e 0xfe 0x04 0x00 0x03 0x88 0x00 0x03 0xc0  NOPA;                         NOPB;                         NOPS;                         ADD r15, r15, r28;            NOPM;                                   NOPV
.label __ll54_conv2dk3
	   688    0x04 0x0d 0x35 0xd9                                                              LDA.u8 r26, [p4, #0]
	   692    0x00 0x0c 0x39 0xd9                                                              LDA.s8 r28, [p0, #0]
	   696    0x00 0x01                                                                        NOPX
	   698    0x00 0x01                                                                        NOPX
	   700    0x00 0x01                                                                        NOPX
	   702    0x00 0x01                                                                        NOPX
	   704    0x00 0x01                                                                        NOPX
	   706    0x00 0x00 0x00 0x00 0x00 0x00 0x00 0x40 0x00 0x38 0x00 0x00 0x78 0x2f            NOPA;                                                       NOPS;                                                       NOPM;                                   NOPV
	   720    0x00 0x00 0x00 0x00 0x00 0x00 0x00 0x35 0xae 0x7c 0x00 0x03 0x88 0x00 0x03 0xc0  NOPA;                         NOPB;                         NOPS;                         MUL r26, r26, r28;            NOPM;                                   NOPV
	   736    0x00 0x00 0x00 0x00 0x00 0x00 0x00 0x00 0x00 0x00 0x00 0x03 0x88 0x00 0x03 0xc0  NOPA;                         NOPB;                         NOPS;                         NOPX;                         NOPM;                                   NOPV
	   752    0x00 0x00 0x00 0x00 0x00 0x00 0x00 0x1e 0xfd 0x04 0x00 0x03 0x88 0x00 0x03 0xc0  NOPA;                         NOPB;                         NOPS;                         ADD r15, r15, r26;            NOPM;                                   NOPV
.label __ll60_conv2dk3
	   768    0xa1 0x62 0x00 0x86 0x71 0x04 0x33 0x40 0x00 0x00 0x00 0x03 0x88 0x00 0x03 0xc0  PADDA [p0], #64;              PADDB [p5], #64;              PADDS [p1], #64;              NOPX;                         NOPM;                                   NOPV
.label ZLE_Fconv2dk3_784
.end_of_loop
	   784    0xc0 0x6a 0x80 0x16 0x73 0x00 0xb3 0x40 0x00 0x00 0x00 0x03 0x88 0x00 0x03 0xc0  PADDA [p4], #8;               PADDB [p6], #8;               PADDS [p3], #8;               NOPX;                         NOPM;                                   NOPV
.loop_nesting 4
	   800    0x00 0x00 0x00 0x00 0x00 0x00 0x00 0x00 0x00 0x03 0x18 0xf8 0x10 0x00 0x03 0xc0  NOPA;                         NOPB;                         NOPS;                         MOVXM p6, #(TGT_Fconv2dk3_496 + 0);                                   NOPV
.label TGT_Fconv2dk3_816
	   816    0x16 0x73 0x8c 0x19                                                                                                                                                        JNZD r25, r25, p6
.delay_slot
	   820    0x1b 0x46 0x96 0x79                                                                                                                                                                                      ADD.NC r13, r13, #8
.delay_slot
	   824    0x07 0x03 0x50 0x31 0x80 0x39 0x83 0x0b 0x38 0x3b                                                              PADDB [p7], #8;                                             ADD r24, r24, #1;             ADD.NC r12, r12, #8
.delay_slot
.swstall delay_slot
	   834    0x00 0x01                                                                        NOPX
.delay_slot
.swstall delay_slot
	   836    0x00 0x01                                                                        NOPX
.delay_slot
.swstall delay_slot
	   838    0x00 0x01                                                                        NOPX
.loop_nesting 3
	   840    0x00 0x00 0x08 0x63 0xc0 0x55                                                                                                                                              MOVXM p4, #(TGT_Fconv2dk3_480 + 0)
	   846    0x13 0x9d 0x0c 0x19                                                                                                                                                        JNZD r14, r14, p4
.delay_slot
	   850    0x15 0x88 0x40 0x99                                                                                                                                                        ADD r4, r22, r4
.delay_slot
	   854    0x12 0x54 0xa0 0x99                                                                                                                                                        ADD r10, r9, r10
.delay_slot
	   858    0x00 0x26 0xd6 0x87 0x9d 0xcb 0x28 0x43                                                                                                                                    ADD r13, r19, r13;            MOV p7, r23
.delay_slot
	   866    0x00 0x26 0xc6 0x04 0x91 0x0b 0x28 0x43                                                                                                                                    ADD r12, r19, r12;            MOV m4, r4
.delay_slot
.swstall delay_slot
	   874    0x00 0x01                                                                        NOPX
.loop_nesting 2
	   876    0xfe 0xaa 0xc8 0x06 0xc7 0xeb 0x18 0x8b 0x28 0xbb                                LDA r11, [sp, #-88];                                                                      MOVX r12, #255;               MOV p6, r2
	   886    0xfe 0xeb 0x48 0x00 0x40 0x0b 0x9a 0x0b 0x28 0xbb                                LDA r13, [sp, #-72];                                                                      MOVX r4, #0;                  MOV p7, r8
	   896    0xfe 0x1d 0xc8 0x00 0x00 0x00 0x3a 0x08 0x10 0xbb                                LDA r23, [sp, #-124];                                                                     MOVXM ls, #(ZLS_Fconv2dk3_1040 + 0)
	   906    0xfe 0x3a 0x88 0x00 0x00 0x02 0x3a 0x80 0x10 0xbb                                LDA r10, [sp, #-116];                                                                     MOVXM le, #(ZLE_Fconv2dk3_1280 + 0)
	   916    0xfe 0x9b 0x8b 0x38 0x16 0x4d                                                    LDA r14, [sp, #-92];                                                                                                    MOV p3, r16
	   922    0xfe 0xba 0x09 0x20 0x06 0x8d                                                    LDA r8, [sp, #-84];                                                                                                     MOV m4, #0
	   928    0x07 0xfa 0x66 0xd9                                                              LDA p4, [sp, #-48]
.noswbrkpt
	   932    0xc1 0xa3 0x03 0xde 0xb0 0x9d                                                    ST.s8 r12, [p6, #0];                                                                      ADD r15, r15, r11
.nohwbrkpt
.noswbrkpt
	   938    0x00 0x1e 0xd6 0xf5 0xe0 0x03 0x48 0x43                                                                                                                                    ASHL r13, r15, r13;           MOV r15, #0
.nohwbrkpt
.noswbrkpt
	   946    0x14 0x76 0xda 0x99                                                                                                                                                        LT r27, r17, r13
.nohwbrkpt
.noswbrkpt
	   950    0x14 0x5a 0xd6 0x19                                                                                                                                                        SEL.EQZ r13, r17, r13, r27
.nohwbrkpt
.noswbrkpt
	   954    0x13 0x76 0xca 0x99                                                                                                                                                        LT r27, r13, r12
.nohwbrkpt
.noswbrkpt
	   958    0x00 0x18 0xc6 0xb1 0xa5 0xcb 0x28 0x43                                                                                                                                    SEL.EQZ r12, r12, r13, r27;   MOV r13, r23
	   966    0x00 0x00 0x0c 0x67 0xc0 0x55                                                                                                                                              MOVXM p6, #(TGT_Fconv2dk3_992 + 0)
	   972    0x1b 0x09 0x16 0x59                                                                                                                                                                                      MOV r12, r18
.label TGT_Fconv2dk3_976
.loop_nesting 3
	   976    0x71 0x61 0x00 0x00 0x00 0x00 0x00 0x01 0x80 0xeb 0x20 0x03 0x48 0x00 0x03 0xc0  NOPA;                         PADDB [p3], m4;               NOPS;                         MOVX r24, #7;                 MOV r25, #0;                            NOPV
.label TGT_Fconv2dk3_992
.loop_nesting 4
	   992    0x00 0x02 0x88 0x40 0x01 0x95                                                                                                                                              JNZ r0, #TGT_Fconv2dk3_1296
.delay_slot
.swstall delay_slot
	   998    0x00 0x01                                                                        NOPX
.delay_slot
.swstall delay_slot
	  1000    0x00 0x01                                                                        NOPX
.delay_slot
.swstall delay_slot
	  1002    0x00 0x01                                                                        NOPX
.delay_slot
.swstall delay_slot
	  1004    0x00 0x01                                                                        NOPX
.delay_slot
.swstall delay_slot
	  1006    0x00 0x01                                                                        NOPX
	  1008    0x00 0x01 0xa0 0x0a 0xb8 0xff 0xf8 0x43                                                                                                                                    MOVX r26, #0;                 ADD.NC lc, r3, #-1
	  1016    0x18 0x35 0x16 0x59                                                                                                                                                                                      MOV p0, r10
	  1020    0x19 0x36 0x96 0x59                                                                                                                                                                                      MOV p1, r13
	  1024    0x1d 0x36 0x76 0x59                                                                                                                                                                                      MOV p5, p3
	  1028    0x00 0x00 0x00 0x00 0x00 0x00 0x00 0x03 0x83 0x8b 0x20 0xf7                      NOPA;                         NOPB;                         NOPS;                                                       MOV r28, r14
.label ZLS_Fconv2dk3_1040
.loop_nesting 5
.begin_of_loop
	  1040    0x28 0x04 0x88 0x00 0x01 0x95                                                                                                                                              JZ r5, #TGT_Fconv2dk3_2320
.delay_slot
	  1046    0x11 0xf7 0xa7 0x99                                                                                                                                                        EQ r27, r7, r26
.delay_slot
	  1050    0x17 0x3a 0x86 0x19                                                                                                                                                        SEL.EQZ r29, r28, r8, r27
.delay_slot
	  1054    0x17 0x7b 0x90 0x99                                                                                                                                                        ADD r29, r29, r25
.delay_slot
	  1058    0x1c 0x2e 0x96 0x59                                                                                                                                                                                      MOV dj0, r29
.delay_slot
.swstall delay_slot
	  1062    0x00 0x01                                                                        NOPX
	  1064    0x05 0x0c 0x3b 0xd9                                                              LDA.s8 r29, [p5, #0]
	  1068    0x07 0x11 0x37 0xd9                                                              LDA.u8 r27, [p7, dj0]
	  1072    0x01 0x0c 0x3d 0xd9                                                              LDA.s8 r30, [p1, #0]
	  1076    0x04 0x11 0x3f 0xd9                                                              LDA.u8 r31, [p4, dj0]
	  1080    0x00 0x01                                                                        NOPX
	  1082    0x00 0x01                                                                        NOPX
	  1084    0x00 0x01                                                                        NOPX
	  1086    0x00 0x01                                                                        NOPX
	  1088    0x00 0x00 0x00 0x00 0x00 0x00 0x00 0x28 0x00 0x9e 0x10 0x00 0x60 0x00 0x03 0xc0  NOPA;                         NOPB;                         NOPS;                         JNZ r20, #__ll126_conv2dk3;                                           NOPV
.delay_slot
	  1104    0x00 0x00 0x00 0x00 0x00 0x00 0x00 0x37 0xde 0xfc 0x00 0x03 0x88 0x00 0x03 0xc0  NOPA;                         NOPB;                         NOPS;                         MUL r29, r27, r29;            NOPM;                                   NOPV
.delay_slot
	  1120    0x00 0x00 0x00 0x00 0x00 0x00 0x00 0x3f 0xef 0x7c 0x00 0x03 0x88 0x00 0x03 0xc0  NOPA;                         NOPB;                         NOPS;                         MUL r30, r31, r30;            NOPM;                                   NOPV
.delay_slot
.swstall delay_slot
	  1136    0x00 0x00 0x00 0x00 0x00 0x00 0x00 0x00 0x00 0x00 0x00 0x03 0x88 0x00 0x03 0xc0  NOPA;                         NOPB;                         NOPS;                         NOPX;                         NOPM;                                   NOPV
.delay_slot
	  1152    0x00 0x00 0x00 0x00 0x00 0x00 0x00 0x1e 0xfe 0x84 0x00 0x03 0x88 0x00 0x03 0xc0  NOPA;                         NOPB;                         NOPS;                         ADD r15, r15, r29;            NOPM;                                   NOPV
.delay_slot
	  1168    0x00 0x00 0x00 0x00 0x00 0x00 0x00 0x1e 0xff 0x04 0x00 0x03 0x88 0x00 0x03 0xc0  NOPA;                         NOPB;                         NOPS;                         ADD r15, r15, r30;            NOPM;                                   NOPV
.label __ll120_conv2dk3
	  1184    0x00 0x0c 0x3b 0xd9                                                              LDA.s8 r29, [p0, #0]
	  1188    0x02 0x11 0x3d 0xd9                                                              LDA.u8 r30, [p2, dj0]
	  1192    0x00 0x01                                                                        NOPX
	  1194    0x00 0x01                                                                        NOPX
	  1196    0x00 0x01                                                                        NOPX
	  1198    0x00 0x01                                                                        NOPX
	  1200    0x00 0x01                                                                        NOPX
	  1202    0x00 0x00 0x00 0x00 0x00 0x00 0x00 0x40 0x00 0x38 0x00 0x00 0x78 0x2f            NOPA;                                                       NOPS;                                                       NOPM;                                   NOPV
	  1216    0x00 0x00 0x00 0x00 0x00 0x00 0x00 0x3b 0xdf 0x7c 0x00 0x03 0x88 0x00 0x03 0xc0  NOPA;                         NOPB;                         NOPS;                         MUL r29, r29, r30;            NOPM;                                   NOPV
	  1232    0x00 0x00 0x00 0x00 0x00 0x00 0x00 0x00 0x00 0x00 0x00 0x03 0x88 0x00 0x03 0xc0  NOPA;                         NOPB;                         NOPS;                         NOPX;                         NOPM;                                   NOPV
	  1248    0x00 0x00 0x00 0x00 0x00 0x00 0x00 0x1e 0xfe 0x84 0x00 0x03 0x88 0x00 0x03 0xc0  NOPA;                         NOPB;                         NOPS;                         ADD r15, r15, r29;            NOPM;                                   NOPV
.label __ll126_conv2dk3
	  1264    0xa1 0x62 0x00 0x86 0x71 0x04 0x33 0x79 0xc1 0x1b 0x46 0x83 0x78 0x00 0x03 0xc0  PADDA [p0], #64;              PADDB [p5], #64;              PADDS [p1], #64;              ADD r28, r28, #8;             ADD.NC r26, r26, #1;                    NOPV
.label ZLE_Fconv2dk3_1280
.end_of_loop
.swstall jump_to_loop_end
	  1280    0x00 0x00 0x00 0x00 0x00 0x00 0x00 0x00 0x00 0x00 0x00 0x03 0x88 0x00 0x03 0xc0  NOPA;                         NOPB;                         NOPS;                         NOPX;                         NOPM;                                   NOPV
.label TGT_Fconv2dk3_1296
.loop_nesting 4
	  1296    0x16 0x31 0x8c 0x19                                                                                                                                                        JNZD r24, r24, p6
.delay_slot
	  1300    0x1b 0x46 0x96 0x79                                                                                                                                                                                      ADD.NC r13, r13, #8
.delay_slot
	  1304    0x03 0x03 0x50 0x33 0x90 0x39 0x42 0x8b 0x38 0x3b                                                              PADDB [p3], #8;                                             ADD r25, r25, #1;             ADD.NC r10, r10, #8
.delay_slot
.swstall delay_slot
	  1314    0x00 0x01                                                                        NOPX
.delay_slot
.swstall delay_slot
	  1316    0x00 0x01                                                                        NOPX
.delay_slot
.swstall delay_slot
	  1318    0x00 0x01                                                                        NOPX
.loop_nesting 3
	  1320    0x00 0x00 0x00 0x67 0xa0 0x55                                                                                                                                              MOVXM p0, #(TGT_Fconv2dk3_976 + 0)
	  1326    0x13 0x18 0x0c 0x19                                                                                                                                                        JNZD r12, r12, p0
.delay_slot
	  1330    0x15 0x88 0x40 0x99                                                                                                                                                        ADD r4, r22, r4
.delay_slot
	  1334    0x12 0x5c 0xe0 0x99                                                                                                                                                        ADD r14, r9, r14
.delay_slot
	  1338    0x12 0x50 0x80 0x99                                                                                                                                                        ADD r8, r9, r8
.delay_slot
	  1342    0x00 0x26 0xd6 0x85 0x9c 0x0b 0x28 0x43                                                                                                                                    ADD r13, r19, r13;            MOV p3, r16
.delay_slot
	  1350    0x00 0x26 0xa5 0x04 0x91 0x0b 0x28 0x43                                                                                                                                    ADD r10, r19, r10;            MOV m4, r4
.loop_nesting 2
	  1358    0x00 0x02 0xc0 0x00 0x00 0x95                                                                                                                                              J #TGT_Fconv2dk3_1408
.delay_slot
.swstall delay_slot
	  1364    0x00 0x01                                                                        NOPX
.delay_slot
.swstall delay_slot
	  1366    0x00 0x01                                                                        NOPX
.delay_slot
.swstall delay_slot
	  1368    0x00 0x01                                                                        NOPX
.delay_slot
.swstall delay_slot
	  1370    0x00 0x01                                                                        NOPX
.delay_slot
.swstall delay_slot
	  1372    0x00 0x00 0x00 0x19                                                              NOPA
.label TGT_Fconv2dk3_1376
	  1376    0xfe 0x79 0x08 0x00 0xf0 0x0b 0x98 0x8b 0x28 0xbb                                LDA r4, [sp, #-100];                                                                      MOVX r15, #0;                 MOV p7, r2
	  1386    0xfe 0xaa 0xcd 0xcc 0x76 0x4d                                                    LDA r11, [sp, #-88];                                                                                                    MOV r23, p6
	  1392    0x0f 0xf1 0xc6 0x99                                                                                                                          ST p0, [sp, #-116]
	  1396    0x0f 0xf1 0x66 0x99                                                                                                                          ST p4, [sp, #-120]
	  1400    0xe1 0xa1 0x00 0x04 0x00 0x00 0x78 0x23                                          ST.s8 r4, [p7, #0];                                                                                                                                             NOPV
.label TGT_Fconv2dk3_1408
	  1408    0xfe 0xfb 0x08 0x00 0x00 0x03 0x98 0xc0 0x10 0xbb                                LDA r12, [sp, #-68];                                                                      MOVXM p7, #(TGT_Fconv2dk3_384 + 0)
	  1418    0x07 0xf7 0x50 0x59                                                              LDA r8, [sp, #-72]
	  1422    0x07 0xf1 0x66 0xd9                                                              LDA p4, [sp, #-120]
	  1426    0x13 0xd6 0xb0 0x99                                                                                                                                                        ADD r11, r15, r11
	  1430    0x00 0x01                                                                        NOPX
	  1432    0x00 0x01                                                                        NOPX
	  1434    0x00 0x01                                                                        NOPX
	  1436    0x60 0x04 0x18 0x40 0x01 0x95                                                                                                                                              JNZ r12, #TGT_Fconv2dk3_2096
.delay_slot
	  1442    0x12 0xd0 0x8e 0x99                                                                                                                                                        ASHL r8, r11, r8
.delay_slot
	  1446    0x14 0x76 0x8a 0x99                                                                                                                                                        LT r27, r17, r8
.delay_slot
	  1450    0x00 0x22 0x84 0x30 0x81 0xff 0xc8 0x43                                                                                                                                    SEL.EQZ r8, r17, r8, r27;     MOV r4, #255
.delay_slot
	  1458    0xfe 0x3a 0x8a 0x36 0x4a 0x9d                                                    LDA r10, [sp, #-116];                                                                     LT r27, r8, r4
.delay_slot
	  1464    0x82 0xa1 0x01 0x08 0x86 0x1d                                                    ST.s8 r4, [p4], #1;                                                                       SEL.EQZ r4, r4, r8, r27
	  1470    0xff 0x18 0x08 0x00 0x70 0x09 0x99 0x8b 0x28 0xbb                                LDA r0, [sp, #-60];                                                                       MOVX r7, #0;                  MOV p3, r6
.noswbrkpt
	  1480    0xfe 0xa8 0x4b 0x6b 0x08 0x00 0x00 0x00 0x3b 0x48 0x10 0xb7                      LDA r1, [sp, #-88];           PADDB [p3], m3;                                             MOVXM ls, #(ZLS_Fconv2dk3_1680 + 0)
.nohwbrkpt
.noswbrkpt
	  1492    0xfe 0xe9 0x88 0x00 0x00 0x02 0x3b 0xb8 0x10 0xbb                                LDA r6, [sp, #-72];                                                                       MOVXM le, #(ZLE_Fconv2dk3_1904 + 0)
.nohwbrkpt
.noswbrkpt
	  1502    0xfe 0xb8 0x8e 0x38 0x16 0x4d                                                    LDA r2, [sp, #-84];                                                                                                     MOV p6, r16
.nohwbrkpt
.noswbrkpt
	  1508    0xff 0x2a 0x08 0x00 0x00 0x00 0x1b 0x08 0x10 0xbb                                LDA r8, [sp, #-56];                                                                       MOVXM p0, #(TGT_Fconv2dk3_1552 + 0)
.nohwbrkpt
.noswbrkpt
	  1518    0x1f 0xe1 0x08 0x00 0x00 0x03 0x9b 0x28 0x10 0xbb                                MOVA r4, #255;                                                                            MOVXM p7, #(TGT_Fconv2dk3_1616 + 0)
.nohwbrkpt
.noswbrkpt
	  1528    0x0f 0xf1 0xc2 0x19                                                                                                                          ST r1, [sp, #-116]
.nohwbrkpt
.noswbrkpt
	  1532    0x0f 0xf0 0x4c 0x19                                                                                                                          ST r6, [sp, #-128]
.nohwbrkpt
.noswbrkpt
	  1536    0x0f 0xf1 0x44 0x19                                                                                                                          ST r2, [sp, #-120]
	  1540    0x0f 0xf0 0xe6 0x99                                                                                                                          ST p4, [sp, #-124]
	  1544    0xfe 0xda 0x48 0x04 0x00 0x00 0x78 0x23                                          LDA r9, [sp, #-76];                                                                                                                                             NOPV
.label TGT_Fconv2dk3_1552
.loop_nesting 3
	  1552    0x00 0x03 0xf0 0x40 0x01 0x95                                                                                                                                              JNZ r0, #TGT_Fconv2dk3_2016
.delay_slot
	  1558    0x10 0x1a 0x01 0x19                                                                                                                                                        MOVX r13, #0
.delay_slot
.swstall delay_slot
	  1562    0x00 0x01                                                                        NOPX
.delay_slot
.swstall delay_slot
	  1564    0x00 0x01                                                                        NOPX
.delay_slot
.swstall delay_slot
	  1566    0x00 0x01                                                                        NOPX
.delay_slot
.swstall delay_slot
	  1568    0x00 0x01                                                                        NOPX
	  1570    0x00 0x01 0x28 0x00 0xe0 0x08 0x83 0x3b 0x28 0xbb                                MOVA m4, #0;                                                                              MOVX r14, #0;                 MOV r4, p3
	  1580    0x00 0x00 0xc0 0x0b 0x05 0xcb 0x28 0x43                                                                                                                                    MOVX r12, #0;                 MOV r24, r23
	  1588    0x1b 0xc5 0x16 0x59                                                                                                                                                                                      MOV r15, r10
	  1592    0x00 0x00 0x00 0x01 0x64 0x8b 0x20 0x03                                                                                                      NOPS;                                                       MOV r11, r18
.label TGT_Fconv2dk3_1600
.loop_nesting 4
	  1600    0xd1 0x61 0x00 0x00 0x00 0x00 0x00 0x01 0x90 0xe8 0x00 0x03 0x88 0x00 0x03 0xc0  NOPA;                         PADDB [p6], m4;               NOPS;                         MOVX r25, #7;                 NOPM;                                   NOPV
.label TGT_Fconv2dk3_1616
.loop_nesting 5
	  1616    0x48 0x03 0xc8 0x40 0x01 0x95                                                                                                                                              JNZ r9, #TGT_Fconv2dk3_1936
.delay_slot
.swstall delay_slot
	  1622    0x00 0x01                                                                        NOPX
.delay_slot
.swstall delay_slot
	  1624    0x00 0x01                                                                        NOPX
.delay_slot
.swstall delay_slot
	  1626    0x00 0x01                                                                        NOPX
.delay_slot
.swstall delay_slot
	  1628    0x00 0x01                                                                        NOPX
.delay_slot
.swstall delay_slot
	  1630    0x00 0x01                                                                        NOPX
	  1632    0xff 0x4b 0xd8 0x0f 0xa7 0x06 0x1a 0x3b 0x28 0xbb                                LDA p3, [sp, #-48];                                                                       ADD r26, r7, r14;             MOV p4, p2
	  1642    0xff 0x5f 0xd9 0x2d 0x16 0x4d                                                    LDA p7, [sp, #-44];                                                                                                     MOV m4, r26
	  1648    0x04 0x8b 0x0d 0x71 0x96 0x45                                                                                  PADDB [p4], m4;                                                                           MOV lc, r3
	  1654    0x18 0x37 0x96 0x59                                                                                                                                                                                      MOV p0, r15
	  1658    0x19 0x3c 0x16 0x59                                                                                                                                                                                      MOV p1, r24
	  1662    0x1d 0x3c 0x76 0x59                                                                                                                                                                                      MOV p5, p6
	  1666    0x00 0x01                                                                        NOPX
	  1668    0x3b 0x8b 0x08 0x19                                                                                            PADDB [p3], m4
	  1672    0x07 0x8b 0x08 0x00 0x00 0x00 0x78 0x23                                                                        PADDB [p7], m4;                                                                                                                   NOPV
.label ZLS_Fconv2dk3_1680
.loop_nesting 6
.begin_of_loop
	  1680    0x28 0x04 0xa0 0x00 0x01 0x95                                                                                                                                              JZ r5, #TGT_Fconv2dk3_2368
.delay_slot
.swstall delay_slot
	  1686    0x00 0x01                                                                        NOPX
.delay_slot
.swstall delay_slot
	  1688    0x00 0x01                                                                        NOPX
.delay_slot
.swstall delay_slot
	  1690    0x00 0x01                                                                        NOPX
.delay_slot
.swstall delay_slot
	  1692    0x00 0x01                                                                        NOPX
.delay_slot
.swstall delay_slot
	  1694    0x00 0x01                                                                        NOPX
	  1696    0x07 0x0d 0x35 0xd9                                                              LDA.u8 r26, [p7, #0]
	  1700    0x05 0x0c 0x3b 0xd9                                                              LDA.s8 r29, [p5, #0]
	  1704    0x03 0x0d 0x39 0xd9                                                              LDA.u8 r28, [p3, #0]
	  1708    0x01 0x0c 0x3d 0xd9                                                              LDA.s8 r30, [p1, #0]
	  1712    0x00 0x01                                                                        NOPX
	  1714    0x00 0x01                                                                        NOPX
	  1716    0x00 0x01                                                                        NOPX
	  1718    0x00 0x01                                                                        NOPX
	  1720    0x00 0x28 0x00 0xec 0x10 0x00 0x60 0x43                                                                                                                                    JNZ r20, #__ll205_conv2dk3
.delay_slot
	  1728    0x00 0x00 0x00 0x00 0x00 0x00 0x00 0x3b 0xad 0x7c 0x00 0x03 0x88 0x00 0x03 0xc0  NOPA;                         NOPB;                         NOPS;                         MUL r26, r29, r26;            NOPM;                                   NOPV
.delay_slot
	  1744    0x00 0x00 0x00 0x00 0x00 0x00 0x00 0x3d 0xce 0x7c 0x00 0x03 0x88 0x00 0x03 0xc0  NOPA;                         NOPB;                         NOPS;                         MUL r28, r30, r28;            NOPM;                                   NOPV
.delay_slot
.swstall delay_slot
	  1760    0x00 0x00 0x00 0x00 0x00 0x00 0x00 0x00 0x00 0x00 0x00 0x03 0x88 0x00 0x03 0xc0  NOPA;                         NOPB;                         NOPS;                         NOPX;                         NOPM;                                   NOPV
.delay_slot
	  1776    0x00 0x00 0x00 0x00 0x00 0x00 0x00 0x1a 0xdd 0x04 0x00 0x03 0x88 0x00 0x03 0xc0  NOPA;                         NOPB;                         NOPS;                         ADD r13, r13, r26;            NOPM;                                   NOPV
.delay_slot
	  1792    0x00 0x00 0x00 0x00 0x00 0x00 0x00 0x1a 0xde 0x04 0x00 0x03 0x88 0x00 0x03 0xc0  NOPA;                         NOPB;                         NOPS;                         ADD r13, r13, r28;            NOPM;                                   NOPV
.label __ll199_conv2dk3
	  1808    0x04 0x0d 0x35 0xd9                                                              LDA.u8 r26, [p4, #0]
	  1812    0x00 0x0c 0x39 0xd9                                                              LDA.s8 r28, [p0, #0]
	  1816    0x00 0x01                                                                        NOPX
	  1818    0x00 0x01                                                                        NOPX
	  1820    0x00 0x01                                                                        NOPX
	  1822    0x00 0x01                                                                        NOPX
	  1824    0x00 0x01                                                                        NOPX
	  1826    0x00 0x00 0x00 0x00 0x00 0x00 0x00 0x40 0x00 0x38 0x00 0x00 0x78 0x2f            NOPA;                                                       NOPS;                                                       NOPM;                                   NOPV
	  1840    0x00 0x00 0x00 0x00 0x00 0x00 0x00 0x35 0xae 0x7c 0x00 0x03 0x88 0x00 0x03 0xc0  NOPA;                         NOPB;                         NOPS;                         MUL r26, r26, r28;            NOPM;                                   NOPV
	  1856    0x00 0x00 0x00 0x00 0x00 0x00 0x00 0x00 0x00 0x00 0x00 0x03 0x88 0x00 0x03 0xc0  NOPA;                         NOPB;                         NOPS;                         NOPX;                         NOPM;                                   NOPV
	  1872    0x00 0x00 0x00 0x00 0x00 0x00 0x00 0x1a 0xdd 0x04 0x00 0x03 0x88 0x00 0x03 0xc0  NOPA;                         NOPB;                         NOPS;                         ADD r13, r13, r26;            NOPM;                                   NOPV
.label __ll205_conv2dk3
	  1888    0xa1 0x62 0x00 0x86 0x71 0x04 0x33 0x40 0x00 0x00 0x00 0x03 0x88 0x00 0x03 0xc0  PADDA [p0], #64;              PADDB [p5], #64;              PADDS [p1], #64;              NOPX;                         NOPM;                                   NOPV
.label ZLE_Fconv2dk3_1904
.end_of_loop
	  1904    0x60 0x6a 0x80 0x16 0x77 0x00 0xb3 0x40 0x00 0x00 0x00 0x03 0x88 0x00 0x03 0xc0  PADDA [p4], #8;               PADDB [p3], #8;               PADDS [p7], #8;               NOPX;                         NOPM;                                   NOPV
.loop_nesting 5
	  1920    0x00 0x00 0x00 0x00 0x00 0x00 0x00 0x00 0x00 0x03 0x9b 0x28 0x10 0x00 0x03 0xc0  NOPA;                         NOPB;                         NOPS;                         MOVXM p7, #(TGT_Fconv2dk3_1616 + 0);                                  NOPV
.label TGT_Fconv2dk3_1936
	  1936    0x16 0x73 0xcc 0x19                                                                                                                                                        JNZD r25, r25, p7
.delay_slot
	  1940    0x1e 0x0c 0x16 0x79                                                                                                                                                                                      ADD.NC r24, r24, #8
.delay_slot
	  1944    0x06 0x03 0x50 0x1c 0xe0 0x39 0xe3 0xcb 0x38 0x3b                                                              PADDB [p6], #8;                                             ADD r14, r14, #1;             ADD.NC r15, r15, #8
.delay_slot
.swstall delay_slot
	  1954    0x00 0x01                                                                        NOPX
.delay_slot
.swstall delay_slot
	  1956    0x00 0x01                                                                        NOPX
.delay_slot
.swstall delay_slot
	  1958    0x00 0x01                                                                        NOPX
.loop_nesting 4
	  1960    0x00 0x00 0x08 0x6c 0x80 0x55                                                                                                                                              MOVXM p4, #(TGT_Fconv2dk3_1600 + 0)
	  1966    0x12 0xd7 0x0c 0x19                                                                                                                                                        JNZD r11, r11, p4
.delay_slot
	  1970    0x15 0x98 0xc0 0x99                                                                                                                                                        ADD r12, r22, r12
.delay_slot
	  1974    0x13 0x9c 0x20 0x99                                                                                                                                                        ADD r14, r14, r2
.delay_slot
	  1978    0x00 0x27 0x8c 0x07 0x1c 0x0b 0x28 0x43                                                                                                                                    ADD r24, r19, r24;            MOV p6, r16
.delay_slot
	  1986    0x00 0x1e 0xf9 0x84 0x93 0x0b 0x28 0x43                                                                                                                                    ADD r15, r15, r19;            MOV m4, r12
.delay_slot
.swstall delay_slot
	  1994    0x00 0x01                                                                        NOPX
.loop_nesting 3
	  1996    0x00 0x06 0x47 0xe9 0x99 0x0b 0x28 0x43                                                                                                                                    MOVX r4, #255;                MOV p3, r4
	  2004    0x00 0x00 0x00 0x00 0x00 0x00 0x00 0x00 0x1b 0x08 0x10 0xb7                      NOPA;                         NOPB;                                                       MOVXM p0, #(TGT_Fconv2dk3_1552 + 0)
.label TGT_Fconv2dk3_2016
	  2016    0x13 0x56 0x10 0x99                                                                                                                                                        ADD r11, r13, r1
	  2020    0x12 0x10 0x0c 0x19                                                                                                                                                        JNZD r8, r8, p0
.delay_slot
	  2024    0x12 0xd6 0x6e 0x99                                                                                                                                                        ASHL r11, r11, r6
.delay_slot
	  2028    0x14 0x76 0xba 0x99                                                                                                                                                        LT r27, r17, r11
.delay_slot
	  2032    0x14 0x56 0xb6 0x19                                                                                                                                                        SEL.EQZ r11, r17, r11, r27
.delay_slot
	  2036    0x12 0xf6 0x4a 0x99                                                                                                                                                        LT r27, r11, r4
.delay_slot
	  2040    0x65 0x22 0xc0 0x08 0xb5 0xb0 0xe1 0xcb 0x38 0xbb                                ST.s8 r11, [p3], m1;                                                                      SEL.EQZ r11, r4, r11, r27;    ADD.NC r7, r7, #8
.loop_nesting 2
	  2050    0xfe 0x09 0x88 0x0e 0x09 0x1d                                                    LDA r6, [sp, #-128];                                                                      MOVX r7, #2
	  2056    0xfe 0x28 0x88 0x00 0x00 0x03 0x98 0xc0 0x10 0xbb                                LDA r2, [sp, #-120];                                                                      MOVXM p7, #(TGT_Fconv2dk3_384 + 0)
	  2066    0x07 0xf1 0xc2 0x59                                                              LDA r1, [sp, #-116]
	  2070    0x07 0xf0 0xe6 0xd9                                                              LDA p4, [sp, #-124]
	  2074    0x07 0xf6 0x52 0x59                                                              LDA r9, [sp, #-80]
	  2078    0x00 0x01                                                                        NOPX
	  2080    0x00 0x00 0xff 0x08 0x08 0x00 0x00 0x00 0x00 0x00 0x00 0x03 0x88 0x00 0x03 0xc0  LDA r0, [sp, #-64];           NOPB;                         NOPS;                         NOPX;                         NOPM;                                   NOPV
.label TGT_Fconv2dk3_2096
	  2096    0x07 0xf8 0xc8 0x59                                                              LDA r4, [sp, #-60]
	  2100    0x00 0x01                                                                        NOPX
	  2102    0x10 0x43 0xcc 0x19                                                                                                                                                        JNZD r1, r1, p7
.delay_slot
.swstall delay_slot
	  2106    0x00 0x01                                                                        NOPX
.delay_slot
	  2108    0x1e 0x3b 0x86 0xf9                                                                                                                                                                                      ADD.NC p6, r23, #1
.delay_slot
	  2112    0x1c 0x08 0x06 0xf9                                                                                                                                                                                      ADD.NC r16, r16, #1
.delay_slot
	  2116    0x18 0x81 0x06 0xf9                                                                                                                                                                                      ADD.NC r2, r2, #1
.delay_slot
	  2120    0x00 0x0c 0x60 0x38 0x1a 0x83 0x78 0x43                                                                                                                                    ADD r6, r6, #1;               ADD.NC p0, r10, #1
.loop_nesting 1
	  2128    0xfe 0x58 0x8a 0x01 0x76 0x6d                                                    LDA r2, [sp, #-108];                                                                                                    ADD.NC r8, r2, #-8
	  2134    0xfe 0x58 0x48 0x00 0x00 0x03 0x98 0xb0 0x10 0xbb                                LDA r1, [sp, #-108];                                                                      MOVXM p7, #(TGT_Fconv2dk3_352 + 0)
	  2144    0x07 0xf3 0x54 0x59                                                              LDA r10, [sp, #-104]
	  2148    0x07 0xf2 0x6e 0x59                                                              LDA r23, [sp, #-112]
	  2152    0x07 0xf4 0x4c 0x59                                                              LDA r6, [sp, #-96]
	  2156    0x00 0x01                                                                        NOPX
	  2158    0x00 0x01                                                                        NOPX
	  2160    0x00 0x04 0x24 0x04 0x70 0x8b 0x28 0x43                                                                                                                                    ADD r2, r2, r8;               MOV m3, r2
	  2168    0x00 0x01                                                                        NOPX
	  2170    0x10 0x50 0xa0 0x99                                                                                                                                                        ADD r8, r1, r10
	  2174    0x15 0xc3 0xcc 0x19                                                                                                                                                        JNZD r1, r23, p7
.delay_slot
.swstall delay_slot
	  2178    0x00 0x01                                                                        NOPX
.delay_slot
.swstall delay_slot
	  2180    0x00 0x01                                                                        NOPX
.delay_slot
.swstall delay_slot
	  2182    0x00 0x01                                                                        NOPX
.delay_slot
	  2184    0x04 0xff 0xd0 0x00 0x00 0x00 0x78 0x23                                                                        PADDB [p4], #-8;                                                                                                                  NOPV
.delay_slot
	  2192    0x09 0x61 0xc9 0x06 0x34 0x68 0x31 0x4d 0x08 0x04 0x00 0x03 0x88 0x00 0x03 0xc0  PADDA [p6], m2;               PADDB [p0], m2;               PADDS [p4], m3;               ADD r16, r6, r16;             NOPM;                                   NOPV
.label TGT_Fconv2dk3_2208
.loop_nesting 0
	  2208    0x07 0xfb 0x6e 0x59                                                              LDA r23, [sp, #-40]
	  2212    0x07 0xfb 0xec 0x59                                                              LDA r22, [sp, #-36]
	  2216    0x07 0xfc 0x6a 0x59                                                              LDA r21, [sp, #-32]
	  2220    0x07 0xfc 0xe8 0x59                                                              LDA r20, [sp, #-28]
	  2224    0x07 0xfd 0x66 0x59                                                              LDA r19, [sp, #-24]
	  2228    0x07 0xfd 0xe4 0x59                                                              LDA r18, [sp, #-20]
	  2232    0x07 0xfe 0x62 0x59                                                              LDA r17, [sp, #-16]
	  2236    0x07 0xfe 0xe0 0x59                                                              LDA r16, [sp, #-12]
	  2240    0x07 0xff 0x7e 0xd9                                                              LDA p7, [sp, #-8]
	  2244    0x07 0xff 0xf6 0xd9                                                              LDA p6, [sp, #-4]
	  2248    0x10 0x00 0x18 0x19                                                                                                                                                        RET lr
.delay_slot
.swstall delay_slot
	  2252    0x00 0x01                                                                        NOPX
.delay_slot
.swstall delay_slot
	  2254    0x00 0x01                                                                        NOPX
.delay_slot
.swstall delay_slot
	  2256    0x00 0x01                                                                        NOPX
.delay_slot
.swstall delay_slot
	  2258    0x00 0x01                                                                        NOPX
.delay_slot
	  2260    0x00 0x00 0x07 0xff 0x80 0x10 0x00 0x80 0x00 0x00 0x01 0x37                      NOPA;                         PADDB [sp], #-128;            NOPS;                         EVENT #1
.label TGT_Fconv2dk3_2272
.loop_nesting 5
	  2272    0x06 0x0d 0x35 0xd9                                                              LDA.u8 r26, [p6, #0]
	  2276    0x01 0x0c 0x39 0xd9                                                              LDA.s8 r28, [p1, #0]
	  2280    0x00 0x01                                                                        NOPX
	  2282    0x00 0x01                                                                        NOPX
	  2284    0x00 0x01                                                                        NOPX
	  2286    0x00 0x01 0x58 0x00 0x00 0x95                                                                                                                                              J #__ll54_conv2dk3
.delay_slot
.swstall delay_slot
	  2292    0x00 0x01                                                                        NOPX
.delay_slot
.swstall delay_slot
	  2294    0x00 0x01                                                                        NOPX
.delay_slot
	  2296    0x16 0xb5 0xcf 0x99                                                                                                                                                        MUL r26, r26, r28
.delay_slot
.swstall delay_slot
	  2300    0x00 0x00 0x00 0x19                                                              NOPA
.delay_slot
	  2304    0x00 0x00 0x00 0x00 0x00 0x00 0x00 0x1e 0xfd 0x04 0x00 0x03 0x88 0x00 0x03 0xc0  NOPA;                         NOPB;                         NOPS;                         ADD r15, r15, r26;            NOPM;                                   NOPV
.label TGT_Fconv2dk3_2320
	  2320    0x01 0x0c 0x3b 0xd9                                                              LDA.s8 r29, [p1, #0]
	  2324    0x04 0x11 0x3d 0xd9                                                              LDA.u8 r30, [p4, dj0]
	  2328    0x00 0x01                                                                        NOPX
	  2330    0x00 0x01                                                                        NOPX
	  2332    0x00 0x01                                                                        NOPX
	  2334    0x00 0x02 0x50 0x00 0x00 0x95                                                                                                                                              J #__ll120_conv2dk3
.delay_slot
.swstall delay_slot
	  2340    0x00 0x01                                                                        NOPX
.delay_slot
.swstall delay_slot
	  2342    0x00 0x01                                                                        NOPX
.delay_slot
	  2344    0x17 0x7b 0xef 0x99                                                                                                                                                        MUL r29, r29, r30
.delay_slot
.swstall delay_slot
	  2348    0x00 0x00 0x00 0x19                                                              NOPA
.delay_slot
	  2352    0x00 0x00 0x00 0x00 0x00 0x00 0x00 0x1e 0xfe 0x84 0x00 0x03 0x88 0x00 0x03 0xc0  NOPA;                         NOPB;                         NOPS;                         ADD r15, r15, r29;            NOPM;                                   NOPV
.label TGT_Fconv2dk3_2368
.loop_nesting 6
	  2368    0x03 0x0d 0x35 0xd9                                                              LDA.u8 r26, [p3, #0]
	  2372    0x01 0x0c 0x39 0xd9                                                              LDA.s8 r28, [p1, #0]
	  2376    0x00 0x01                                                                        NOPX
	  2378    0x00 0x01                                                                        NOPX
	  2380    0x00 0x01                                                                        NOPX
	  2382    0x00 0x03 0x88 0x00 0x00 0x95                                                                                                                                              J #__ll199_conv2dk3
.delay_slot
.swstall delay_slot
	  2388    0x00 0x01                                                                        NOPX
.delay_slot
.swstall delay_slot
	  2390    0x00 0x01                                                                        NOPX
.delay_slot
	  2392    0x16 0xb5 0xcf 0x99                                                                                                                                                        MUL r26, r26, r28
.delay_slot
.swstall delay_slot
	  2396    0x00 0x00 0x00 0x19                                                              NOPA
.label conv2dk3__end last
.delay_slot
	  2400    0x00 0x00 0x00 0x00 0x00 0x00 0x00 0x1a 0xdd 0x04 0x00 0x03 0x88 0x00 0x03 0xc0  NOPA;                         NOPB;                         NOPS;                         ADD r13, r13, r26;            NOPM;                                   NOPV



.direct_eval +,-,(,)
