
// File generated by darts version U-2022.12#3eec2545bc#230622, Wed Jan 10 06:21:44 2024
// Copyright 2014-2022 Synopsys, Inc. All rights reserved.
// darts -I/proj/xbuilds/SWIP/2023.2_1013_2256/installs/lin64/Vitis/2023.2/aietools/data/aie_ml/lib -d -h -I/proj/xbuilds/SWIP/2023.2_1013_2256/installs/lin64/Vitis/2023.2/aietools/include -I/proj/xbuilds/SWIP/2023.2_1013_2256/installs/lin64/Vitis/2023.2/aietools/data/aie_ml/lib/runtime_cxx/libcxx-lite/include -I/proj/xbuilds/SWIP/2023.2_1013_2256/installs/lin64/Vitis/2023.2/aietools/data/aie_ml/lib/runtime_cxx/libs/libcxx-9.0.0/include-lite -I/proj/xbuilds/SWIP/2023.2_1013_2256/installs/lin64/Vitis/2023.2/aietools/data/aie_ml/lib/runtime/include -I/proj/xbuilds/2023.2_released/installs/lin64/Vitis/2023.2/aietools/tps/boost_1_64_0 -D__AIENGINE__=2 -D__AIEARCH__=20 -D__tct_tgt__=230622 -L +Ihex +nanno conv2dk1.o me

// Release: ipp U-2022.12-TGT-230622
.undef global data _ZN12me_primitive11control_satE

.undef global data _ZN12me_primitive11control_rndE

.text_segment_name
.text global 16 conv2dk1
.function_start
	     0    0x10 0x03 0x60 0x10 0x21 0x05                                                                                  PADDB [sp], #96;                                            MOVX r8, #8
	     6    0xff 0x8d 0x40 0xaa 0x8a 0xbd                                                                                                                ST r21, [sp, #-32];           LT r21, r2, r8
	    12    0x0f 0xfb 0x64 0x19                                                                                                                          ST r18, [sp, #-40]
	    16    0x0f 0xfb 0xee 0x19                                                                                                                          ST r23, [sp, #-36]
	    20    0x0f 0xfc 0xec 0x19                                                                                                                          ST r22, [sp, #-28]
	    24    0x0f 0xfd 0x62 0x19                                                                                                                          ST r17, [sp, #-24]
	    28    0xff 0xbd 0x00 0x2a 0x00 0x64 0x10 0x00 0x61 0x3b                                                                                            ST r20, [sp, #-20];           JNZ r21, #TGT_Fconv2dk1_800
.delay_slot
	    38    0xff 0xef 0xd0 0x00 0x00 0x80 0xa7 0xc3 0xc9 0x3b                                                                                            ST p7, [sp, #-8];             EVENT #0;                     MOV r5, #-31
.delay_slot
	    48    0xff 0xfe 0xd0 0x04 0x62 0xf4 0xe7 0xc7 0xc9 0x3b                                                                                            ST p6, [sp, #-4];             ASHL r6, r2, r5;              MOV r7, #-29
.delay_slot
	    58    0xff 0x59 0xd1 0x8c 0x7d 0xbd                                                                                                                ST p1, [sp, #-44];            LSHL r6, r6, r7
.delay_slot
	    64    0xff 0xa1 0x0f 0xfe 0x66 0x0d 0x71 0x06 0x40 0x3b 0x28 0x77                      MOVA r4, #-3;                                               ST r19, [sp, #-16];           ADD r23, r6, r2;              MOV r18, p0
.delay_slot
	    76    0xff 0xdc 0x00 0x2f 0x12 0x74 0xc1 0x3b 0x29 0x3b                                                                                            ST r16, [sp, #-12];           ASHL r17, r23, r4;            MOV r6, p1
	    86    0x00 0x00 0x88 0x03 0x32 0xf6 0xa0 0x3f 0xf8 0xbb                                MOVA r2, #0;                                                                              ASHL r19, r1, r5;             ADD.NC r21, r0, #-1
	    96    0x00 0x65 0x0f 0xf9 0xea 0x27 0x63 0xec 0xa0 0xff 0xf8 0x77                      MOVA r20, #3;                                               ST r21, [sp, #-52];           LSHL r22, r19, r7;            ADD.NC r5, r3, #-1
	   108    0x00 0xc4 0xc8 0x03 0x5b 0x06 0x00 0x03 0xc8 0xbb                                MOVA r19, #6;                                                                             ADD r21, r1, r22;             MOV r16, #1
	   118    0x1f 0xe1 0xc8 0x2a 0x42 0x75 0x10 0x3b 0x28 0xbb                                MOVA r7, #255;                                                                            ASHL r4, r21, r4;             MOV dn0, p0
	   128    0x00 0x45 0x4f 0xf7 0xc8 0x04 0xa0 0x4c 0x10 0x83 0x48 0x77                      MOVA r21, #2;                                               ST r4, [sp, #-68];            GE r10, r2, r0;               MOV m0, #64
	   140    0x00 0xe4 0x4f 0xf9 0x54 0x02 0x84 0x54 0x24 0x7f 0xf8 0x77                      MOVA r17, #7;                                               ST r10, [sp, #-56];           LT r8, r1, r8;                ADD.NC r1, r17, #-1
	   152    0x00 0xa5 0xcf 0xfa 0x50 0x04 0x31 0x8e 0xc0 0x0b 0x48 0x77                      MOVA r23, #5;                                               ST r8, [sp, #-48];            SUB r3, r2, r3;               MOV r22, #4
	   164    0xff 0x18 0xc0 0x00 0x0a 0x6d 0x20 0x03 0x49 0x3b                                                                                            ST r3, [sp, #-60];            LSHL r0, r0, r20;             MOV r9, #0
	   174    0x00 0x20 0x52 0xec 0x30 0x0b 0x28 0x43                                                                                                                                    LSHL r5, r16, r5;             MOV m1, r0
	   182    0xff 0x09 0x41 0x09 0x3d 0xbd                                                                                                                ST r5, [sp, #-64];            LSHL r4, r4, r19
	   188    0xfe 0xe9 0x00 0x00 0x00 0x00 0x38 0xd0 0x11 0x3b                                                                                            ST r4, [sp, #-72];            MOVXM ls, #(ZLS_Fconv2dk1_416 + 0)
	   198    0x00 0x00 0x08 0xe4 0xa0 0x55                                                                                                                                              MOVXM le, #(ZLE_Fconv2dk1_592 + 0)
	   204    0x00 0x00 0x0e 0x61 0xc0 0x55                                                                                                                                              MOVXM p7, #(TGT_Fconv2dk1_224 + 0)
	   210    0x00 0x00 0x00 0x00 0x00 0x00 0x00 0x63 0x12 0x02 0x00 0x00 0x00 0x7f            NOPA;                         NOPB;                         NOPS;                         MOVXM p6, #(TGT_Fconv2dk1_288 + 0)
.label TGT_Fconv2dk1_224
.loop_nesting 1
	   224    0x50 0x01 0x80 0x40 0x01 0x95                                                                                                                                              JNZ r10, #TGT_Fconv2dk1_768
.delay_slot
.swstall delay_slot
	   230    0x00 0x01                                                                        NOPX
.delay_slot
.swstall delay_slot
	   232    0x00 0x01                                                                        NOPX
.delay_slot
.swstall delay_slot
	   234    0x00 0x01                                                                        NOPX
.delay_slot
.swstall delay_slot
	   236    0x00 0x01                                                                        NOPX
.delay_slot
.swstall delay_slot
	   238    0x00 0x01                                                                        NOPX
	   240    0xff 0x39 0x0a 0x64 0x56 0x4d                                                    LDA r4, [sp, #-52];                                                                                                     MOV dn1, dn0
	   246    0x0f 0xf6 0x42 0x19                                                                                                                          ST r1, [sp, #-80]
	   250    0x0f 0xf6 0xd6 0x99                                                                                                                          ST p2, [sp, #-76]
	   254    0x0f 0xf4 0xc4 0x19                                                                                                                          ST r2, [sp, #-92]
	   258    0x0f 0xf5 0xd2 0x19                                                                                                                          ST r9, [sp, #-84]
	   262    0x00 0x01                                                                        NOPX
	   264    0x00 0x00 0x00 0x04 0x00 0x00 0x78 0x23                                          NOPA;                                                                                                                                                           NOPV
.label TGT_Fconv2dk1_272
.loop_nesting 2
	   272    0xfe 0x89 0x00 0x00 0x40 0x08 0x20 0x0f 0xc9 0x3b                                                                                            ST r4, [sp, #-96];            MOVX r4, #0;                  MOV r1, #7
	   282    0x00 0x00 0x07 0xf5 0x53 0x35                                                    NOPA;                                                       ST dn1, [sp, #-88]
.label TGT_Fconv2dk1_288
.loop_nesting 3
	   288    0x40 0x01 0x40 0x40 0x01 0x95                                                                                                                                              JNZ r8, #TGT_Fconv2dk1_640
.delay_slot
	   294    0x10 0x32 0x01 0x19                                                                                                                                                        MOVX r25, #0
.delay_slot
.swstall delay_slot
	   298    0x00 0x01                                                                        NOPX
.delay_slot
.swstall delay_slot
	   300    0x00 0x01                                                                        NOPX
.delay_slot
.swstall delay_slot
	   302    0x00 0x01                                                                        NOPX
.delay_slot
.swstall delay_slot
	   304    0x00 0x01                                                                        NOPX
	   306    0xfe 0xba 0x08 0x0c 0x61 0x18 0x62 0x3b 0x28 0xbb                                LDA r8, [sp, #-84];                                                                       ADD r6, r6, #8;               MOV r3, p2
	   316    0xfe 0xfa 0x49 0xc3 0x16 0x6d                                                    LDA r9, [sp, #-68];                                                                                                     ADD.NC r7, r6, #8
	   322    0xff 0x5e 0xda 0xc3 0x96 0x6d                                                    LDA p6, [sp, #-44];                                                                                                     ADD.NC r11, r7, #8
	   328    0xfe 0x98 0x8a 0x85 0x96 0x6d                                                    LDA r2, [sp, #-92];                                                                                                     ADD.NC r10, r11, #8
	   334    0xfe 0xa9 0x48 0x14 0xa1 0x1b 0x9a 0x8b 0x28 0xbb                                LDA r5, [sp, #-88];                                                                       ADD r10, r10, #8;             MOV p7, r10
	   344    0x1b 0x05 0x16 0x79                                                                                                                                                                                      ADD.NC r12, r10, #8
	   348    0x00 0x18 0xa1 0x19 0x1a 0x8b 0x28 0x43                                                                                                                                    ADD r10, r12, #8;             MOV p2, r10
	   356    0x00 0x08 0x84 0x04 0x9b 0x0b 0x28 0x43                                                                                                                                    ADD r8, r4, r8;               MOV p1, r12
	   364    0x00 0x0c 0x64 0x04 0x52 0x0b 0x28 0x43                                                                                                                                    ADD r6, r6, r8;               MOV m2, r8
	   372    0x49 0x06 0x37 0x4b 0x09 0xce 0x80 0x83 0x59 0x65 0xc9 0x06 0x28 0x7f            PADDA [p2], m2;               PADDB [p7], m2;               PADDS [p6], m2;               ADD r7, r7, r8;               MOV p0, r11
	   386    0x09 0x06 0x31 0x4b 0x08 0x14 0x94 0x06 0xba 0x4b 0x28 0xb7                      PADDA [p0], m2;               PADDB [p1], m2;                                             ADD r9, r10, r8;              MOV lc, r9
	   398    0x1b 0x33 0x96 0x59                                                                                                                                                                                      MOV p3, r7
	   402    0x00 0x00 0x00 0x00 0x00 0x00 0x00 0x61 0x98 0xb2 0x00 0x00 0x78 0x2f            NOPA;                                                       NOPS;                                                       MOV p4, r6;                             NOPV
.label ZLS_Fconv2dk1_416
.loop_nesting 4
.begin_of_loop
	   416    0xc1 0x03 0xb8 0x04 0xd8 0x2e 0x99 0x4b 0x28 0xbb                                LDA.s8 r14, [p6], m0;                                                                     OR r13, r2, r16;              MOV p5, r5
	   426    0xa5 0x03 0x78 0x2b 0xc1 0x2e 0x53 0x4b 0x28 0xbb                                LDA.s8 r13, [p5], m1;                                                                     OR r28, r21, r2;              MOV dj2, r13
	   436    0x81 0x07 0xb8 0x04 0xfa 0x2c 0xa5 0x3b 0x28 0xbb                                LDA.s8 r30, [p4], m0;                                                                     OR r15, r2, r20;              MOV r5, p5
	   446    0x61 0x06 0xb8 0x2d 0x81 0x2e 0x9c 0x8b 0x28 0xbb                                LDA.s8 r26, [p3], m0;                                                                     OR r24, r22, r2;              MOV p5, r18
	   456    0xaa 0x06 0xf8 0x2f 0xc1 0x2e 0x77 0x0b 0x28 0xbb                                LDA.s8 r27, [p5, dj2];                                                                    OR r28, r23, r2;              MOV dj3, r28
	   466    0xae 0x07 0x78 0x26 0xf1 0x2e 0x93 0xcb 0x28 0xbb                                LDA.s8 r29, [p5, dj3];                                                                    OR r15, r19, r2;              MOV dj4, r15
	   476    0xb2 0x06 0x38 0x23 0xf1 0x2e 0xb6 0x0b 0x28 0xbb                                LDA.s8 r24, [p5, dj4];                                                                    OR r31, r17, r2;              MOV dj5, r24
	   486    0x01 0x07 0x38 0x04 0x20 0x06 0x37 0x0b 0x28 0xbb                                LDA.s8 r28, [p0], m0;                                                                     ADD r2, r2, r0;               MOV dj1, r28
	   496    0xb6 0x03 0xb8 0x1a 0xd7 0x7e 0x13 0xcb 0x28 0xbb                                LDA.s8 r14, [p5, dj5];                                                                    MUL r13, r13, r14;            MOV dj0, r15
	   506    0xe1 0x02 0xfd 0xaf 0x96 0x4d                                                    LDA.s8 r11, [p7], m0;                                                                                                   MOV dj6, r31
	   512    0xa6 0x07 0xfb 0x5f 0x90 0x9d                                                    LDA.s8 r31, [p5, dj1];                                                                    ADD r15, r13, r25
	   518    0x41 0x02 0x3e 0xf7 0xef 0x9d                                                    LDA.s8 r8, [p2], m0;                                                                      MUL r27, r27, r30
	   524    0xa2 0x03 0x3f 0x75 0xaf 0x9d                                                    LDA.s8 r12, [p5, dj0];                                                                    MUL r26, r29, r26
	   530    0xba 0x07 0x7d 0x34 0x96 0x4d                                                    LDA.s8 r29, [p5, dj6];                                                                                                  MOV p5, r9
	   536    0x21 0x06 0xfb 0xd5 0xb0 0x9d                                                    LDA.s8 r27, [p1], m0;                                                                     ADD r10, r15, r27
	   542    0xa1 0x01 0xff 0x0d 0x8f 0x9d                                                    LDA.s8 r7, [p5], m0;                                                                      MUL r6, r28, r24
	   548    0x00 0x16 0xb7 0x7d 0x25 0x3b 0x28 0x43                                                                                                                                    MUL r11, r11, r14;            MOV r9, p5
	   556    0x00 0x01                                                                        NOPX
	   558    0x16 0x94 0xa0 0x99                                                                                                                                                        ADD r10, r26, r10
	   562    0x11 0x8c 0xa0 0x99                                                                                                                                                        ADD r6, r6, r10
	   566    0x17 0xd0 0x8f 0x99                                                                                                                                                        MUL r8, r31, r8
	   570    0x16 0xd4 0xcf 0x99                                                                                                                                                        MUL r10, r27, r12
	   574    0x11 0xcf 0xdf 0x99                                                                                                                                                        MUL r7, r7, r29
	   578    0x00 0x01                                                                        NOPX
	   580    0x12 0xcc 0x60 0x99                                                                                                                                                        ADD r6, r11, r6
	   584    0x11 0x8c 0x80 0x99                                                                                                                                                        ADD r6, r6, r8
	   588    0x11 0x8c 0xa0 0x99                                                                                                                                                        ADD r6, r6, r10
.label ZLE_Fconv2dk1_592
.end_of_loop
	   592    0x00 0x00 0x00 0x00 0x00 0x00 0x00 0x0f 0x93 0x04 0x00 0x03 0x88 0x00 0x03 0xc0  NOPA;                         NOPB;                         NOPS;                         ADD r25, r7, r6;              NOPM;                                   NOPV
.loop_nesting 3
	   608    0xff 0x09 0x48 0x00 0x20 0x09 0x18 0xcb 0x28 0xbb                                LDA r5, [sp, #-64];                                                                       MOVX r2, #0;                  MOV p2, r3
	   618    0xff 0x18 0xc8 0xce 0xfd 0x1d                                                    LDA r3, [sp, #-60];                                                                       MOVX r7, #255
	   624    0xff 0x59 0x88 0x00 0x00 0x03 0x18 0x90 0x10 0xbb                                LDA r6, [sp, #-44];                                                                       MOVXM p6, #(TGT_Fconv2dk1_288 + 0)
	   634    0xff 0x4a 0x08 0x00 0x00 0x7d                                                    LDA r8, [sp, #-48];           NOPB
.label TGT_Fconv2dk1_640
	   640    0x00 0x01                                                                        NOPX
	   642    0x00 0x01                                                                        NOPX
	   644    0x00 0x01                                                                        NOPX
	   646    0x11 0x53 0x90 0x99                                                                                                                                                        ADD r9, r5, r25
	   650    0x10 0x43 0x8c 0x19                                                                                                                                                        JNZD r1, r1, p6
.delay_slot
	   654    0x12 0x52 0x3e 0x99                                                                                                                                                        ASHL r9, r9, r3
.delay_slot
	   658    0x10 0xb6 0x9a 0x99                                                                                                                                                        LT r27, r2, r9
.delay_slot
	   662    0x10 0x92 0x96 0x19                                                                                                                                                        SEL.EQZ r9, r2, r9, r27
.delay_slot
	   666    0x12 0x76 0x7a 0x99                                                                                                                                                        LT r27, r9, r7
.delay_slot
	   670    0x42 0xa2 0x40 0x0e 0x94 0xb0 0x81 0x03 0x78 0xbb                                ST.s8 r9, [p2], #1;                                                                       SEL.EQZ r9, r7, r9, r27;      ADD.NC r4, r4, #1
.loop_nesting 2
	   680    0xfe 0x89 0x08 0x00 0x00 0x03 0x98 0x88 0x10 0xbb                                LDA r4, [sp, #-96];                                                                       MOVXM p7, #(TGT_Fconv2dk1_272 + 0)
	   690    0x07 0xf4 0xc2 0x59                                                              LDA r1, [sp, #-92]
	   694    0x07 0xf5 0x52 0x59                                                              LDA r9, [sp, #-88]
	   698    0x00 0x01                                                                        NOPX
	   700    0x00 0x01                                                                        NOPX
	   702    0x00 0x01                                                                        NOPX
	   704    0x00 0x01                                                                        NOPX
	   706    0x11 0x09 0xcc 0x19                                                                                                                                                        JNZD r4, r4, p7
.delay_slot
.swstall delay_slot
	   710    0x00 0x01                                                                        NOPX
.delay_slot
.swstall delay_slot
	   712    0x00 0x01                                                                        NOPX
.delay_slot
.swstall delay_slot
	   714    0x00 0x01                                                                        NOPX
.delay_slot
	   716    0x18 0x40 0x96 0x79                                                                                                                                                                                      ADD.NC r1, r1, #8
.delay_slot
	   720    0xfe 0x98 0x40 0x01 0x32 0x4b 0x30 0x03                                                                                                      ST r1, [sp, #-92];                                          ADD.NC dn1, r9, #8
.loop_nesting 1
	   728    0xff 0x2a 0x88 0x00 0x00 0x03 0x98 0x70 0x10 0xbb                                LDA r10, [sp, #-56];                                                                      MOVXM p7, #(TGT_Fconv2dk1_224 + 0)
	   738    0x07 0xf6 0x42 0x59                                                              LDA r1, [sp, #-80]
	   742    0x07 0xf5 0xd2 0x59                                                              LDA r9, [sp, #-84]
	   746    0xfe 0xda 0xd8 0x00 0x00 0x7d                                                    LDA p2, [sp, #-76];           NOPB
	   752    0x00 0x00 0xfe 0xe9 0x08 0x00 0x00 0x00 0x00 0x00 0x00 0x03 0x88 0x00 0x03 0xc0  LDA r4, [sp, #-72];           NOPB;                         NOPS;                         NOPX;                         NOPM;                                   NOPV
.label TGT_Fconv2dk1_768
	   768    0x00 0x01                                                                        NOPX
	   770    0x00 0x01                                                                        NOPX
	   772    0x00 0x01                                                                        NOPX
	   774    0x00 0x01                                                                        NOPX
	   776    0x00 0x01                                                                        NOPX
	   778    0x10 0x43 0xcc 0x19                                                                                                                                                        JNZD r1, r1, p7
.delay_slot
	   782    0x12 0x2b 0x0a 0x52 0x40 0x85                                                                                  PADDB [p2], m1;                                             ADD r9, r9, r4
.delay_slot
.swstall delay_slot
	   788    0x00 0x01                                                                        NOPX
.delay_slot
.swstall delay_slot
	   790    0x00 0x01                                                                        NOPX
.delay_slot
.swstall delay_slot
	   792    0x00 0x01                                                                        NOPX
.delay_slot
.swstall delay_slot
	   794    0x00 0x00 0x00 0x00 0x00 0x7d                                                    NOPA;                         NOPB
.label TGT_Fconv2dk1_800
.loop_nesting 0
	   800    0x07 0xfb 0x64 0x59                                                              LDA r18, [sp, #-40]
	   804    0x07 0xfb 0xee 0x59                                                              LDA r23, [sp, #-36]
	   808    0x07 0xfc 0x6a 0x59                                                              LDA r21, [sp, #-32]
	   812    0x07 0xfc 0xec 0x59                                                              LDA r22, [sp, #-28]
	   816    0x07 0xfd 0x62 0x59                                                              LDA r17, [sp, #-24]
	   820    0x07 0xfd 0xe8 0x59                                                              LDA r20, [sp, #-20]
	   824    0x07 0xfe 0x66 0x59                                                              LDA r19, [sp, #-16]
	   828    0x07 0xfe 0xe0 0x59                                                              LDA r16, [sp, #-12]
	   832    0x07 0xff 0x7e 0xd9                                                              LDA p7, [sp, #-8]
	   836    0x07 0xff 0xf6 0xd9                                                              LDA p6, [sp, #-4]
	   840    0x10 0x00 0x18 0x19                                                                                                                                                        RET lr
.delay_slot
.swstall delay_slot
	   844    0x00 0x01                                                                        NOPX
.delay_slot
.swstall delay_slot
	   846    0x00 0x01                                                                        NOPX
.delay_slot
.swstall delay_slot
	   848    0x00 0x01                                                                        NOPX
.delay_slot
.swstall delay_slot
	   850    0x00 0x01                                                                        NOPX
.label conv2dk1__end last
.delay_slot
	   852    0x00 0x00 0x07 0xff 0xa0 0x10 0x00 0x80 0x00 0x00 0x01 0x37                      NOPA;                         PADDB [sp], #-96;             NOPS;                         EVENT #1



.direct_eval +,-,(,)
