
// File generated by darts version U-2022.12#3eec2545bc#230622, Wed Jan 10 06:22:47 2024
// Copyright 2014-2022 Synopsys, Inc. All rights reserved.
// darts -I/proj/xbuilds/SWIP/2023.2_1013_2256/installs/lin64/Vitis/2023.2/aietools/data/aie_ml/lib -d -h -I/proj/xbuilds/SWIP/2023.2_1013_2256/installs/lin64/Vitis/2023.2/aietools/include -I/proj/xbuilds/SWIP/2023.2_1013_2256/installs/lin64/Vitis/2023.2/aietools/data/aie_ml/lib/runtime_cxx/libcxx-lite/include -I/proj/xbuilds/SWIP/2023.2_1013_2256/installs/lin64/Vitis/2023.2/aietools/data/aie_ml/lib/runtime_cxx/libs/libcxx-9.0.0/include-lite -I/proj/xbuilds/SWIP/2023.2_1013_2256/installs/lin64/Vitis/2023.2/aietools/data/aie_ml/lib/runtime/include -I/proj/xbuilds/2023.2_released/installs/lin64/Vitis/2023.2/aietools/tps/boost_1_64_0 -D__AIENGINE__=2 -D__AIEARCH__=20 -D__tct_tgt__=230622 -L +Ihex +nanno conv2dk1_skip.o me

// Release: ipp U-2022.12-TGT-230622
.undef global data _ZN12me_primitive11control_satE

.undef global data _ZN12me_primitive11control_rndE

.text_segment_name
.text global 16 conv2dk1_skip
.function_start
	     0    0x00 0x07 0x20 0x03 0x91 0x7d 0x80 0x13 0x48 0x3b                                                              PADDB [sp], #288;                                           MUL r25, r1, r2;              MOV r12, #8
	    10    0x0f 0xfc 0xe8 0x19                                                                                                                          ST r20, [sp, #-28]
	    14    0xff 0x6d 0xc0 0xa8 0xca 0xbd                                                                                                                ST r23, [sp, #-40];           LT r20, r2, r12
	    20    0x0f 0xfb 0xec 0x19                                                                                                                          ST r22, [sp, #-36]
	    24    0x0f 0xfc 0x6a 0x19                                                                                                                          ST r21, [sp, #-32]
	    28    0x0f 0xfd 0x66 0x19                                                                                                                          ST r19, [sp, #-24]
	    32    0x0f 0xfd 0xe4 0x19                                                                                                                          ST r18, [sp, #-20]
	    36    0x0f 0xfe 0x62 0x19                                                                                                                          ST r17, [sp, #-16]
	    40    0x0f 0xfe 0xe0 0x19                                                                                                                          ST r16, [sp, #-12]
	    44    0x0f 0xff 0x7e 0x99                                                                                                                          ST p7, [sp, #-8]
	    48    0xff 0xfe 0xd0 0x28 0x01 0x10 0x10 0x00 0x61 0x3b                                                                                            ST p6, [sp, #-4];             JNZ r20, #TGT_Fconv2dk1_skip_2176
.delay_slot
	    58    0xff 0x2c 0xd0 0x00 0x00 0x80 0xe7 0xc3 0xc9 0x3b                                                                                            ST p4, [sp, #-56];            EVENT #0;                     MOV r7, #-31
.delay_slot
	    68    0xff 0x3a 0xd0 0x04 0x83 0xf5 0xa7 0xc7 0xc9 0x3b                                                                                            ST p2, [sp, #-52];            ASHL r8, r2, r7;              MOV r13, #-29
.delay_slot
	    78    0xff 0x49 0xd2 0x2c 0xdd 0xbd                                                                                                                ST p1, [sp, #-48];            LSHL r22, r8, r13
.delay_slot
	    84    0xff 0x58 0xd0 0x2d 0x51 0x05 0x27 0xfb 0xc9 0x3b                                                                                            ST p0, [sp, #-44];            ADD r21, r22, r2;             MOV r9, #-3
.delay_slot
	    94    0xff 0x19 0x40 0x2b 0x34 0xf6 0xe3 0x3b 0x29 0x3b                                                                                            ST r5, [sp, #-60];            ASHL r19, r21, r9;            MOV r23, p3
	   104    0xff 0x82 0xc8 0x07 0x43 0xf6 0x47 0xcb 0x48 0xbb                                MOVA r11, #-4;                                                                            ASHL r20, r3, r7;             MOV r18, #-28
	   114    0x00 0x00 0x88 0x28 0xf6 0xee 0x80 0x3f 0xf8 0xbb                                MOVA r2, #0;                                                                              LSHL r15, r20, r13;           ADD.NC r20, r0, #-1
	   124    0xff 0xe2 0x8f 0xf6 0x68 0x03 0x13 0xf6 0xa4 0xff 0xf8 0x77                      MOVA r10, #-1;                                              ST r20, [sp, #-80];           ASHL r17, r1, r7;             ADD.NC r21, r19, #-1
	   136    0x00 0x27 0x0f 0xf7 0xc4 0x23 0x46 0xee 0x00 0x0f 0x48 0x77                      MOVA r28, #1;                                               ST r2, [sp, #-68];            LSHL r20, r17, r13;           MOV r16, #6
	   148    0x04 0x03 0x88 0x23 0x29 0x6d 0x01 0xbf 0xf8 0xbb                                MOVA r14, #32;                                                                            LSHL r18, r17, r18;           ADD.NC r8, r6, #-1
	   158    0x02 0x04 0x48 0x02 0xd9 0x06 0xc1 0x7f 0xf8 0xbb                                MOVA r17, #16;                                                                            ADD r13, r1, r18;             ADD.NC r22, r5, #-1
	   168    0x00 0x64 0x88 0x1b 0xa5 0xf7 0xe1 0x3f 0xf8 0xbb                                MOVA r18, #3;                                                                             ASHL r26, r13, r11;           ADD.NC r31, r4, #-1
	   178    0x0f 0xe3 0x4f 0xef 0xf4 0x1f 0x31 0x87 0xc0 0x03 0x48 0x77                      MOVA r13, #127;                                             ST r26, [sp, #-132];          ADD r19, r15, r3;             MOV r30, #0
	   190    0xff 0x0f 0x80 0x06 0xc6 0x54 0x10 0x13 0x49 0x3b                                                                                            ST r30, [sp, #-64];           LT r12, r3, r12;              MOV m0, #8
	   200    0xfe 0xdb 0x00 0x34 0x30 0x7c 0x30 0x83 0x49 0x3b                                                                                            ST r12, [sp, #-76];           MUL r3, r26, r0;              MOV m1, #64
	   210    0x00 0x00 0x0e 0x63 0x00 0x55                                                                                                                                              MOVXM p7, #(TGT_Fconv2dk1_skip_384 + 0)
	   216    0xfd 0xc8 0xc0 0x69 0x40 0xbd                                                                                                                ST r3, [sp, #-144];           ADD r20, r1, r20
	   222    0x15 0x28 0x9e 0x99                                                                                                                                                        ASHL r20, r20, r9
	   226    0x16 0xb6 0xa6 0x99                                                                                                                                                        XOR r27, r26, r10
	   230    0x14 0xe6 0x9e 0x99                                                                                                                                                        ASHL r19, r19, r9
	   234    0xfe 0x1c 0xc0 0xb0 0x61 0xbd                                                                                                                ST r19, [sp, #-124];          SUB r24, r2, r6
	   240    0xfe 0x8e 0x07 0x13 0x6d 0xbd                                                                                                                ST r24, [sp, #-96];           LSHL r9, r28, r22
	   246    0xfe 0x2a 0x46 0x87 0x49 0xbd                                                                                                                ST r9, [sp, #-120];           GE r3, r26, r20
	   252    0xfd 0xb8 0xc5 0x17 0x0d 0xbd                                                                                                                ST r3, [sp, #-148];           LSHL r11, r20, r16
	   258    0xfd 0xea 0xc3 0x94 0x51 0xbd                                                                                                                ST r11, [sp, #-136];          SUB r10, r14, r5
	   264    0xfe 0x6a 0x87 0x10 0x8d 0xbd                                                                                                                ST r10, [sp, #-104];          LSHL r8, r28, r8
	   270    0xfe 0x3a 0x06 0x8d 0x0d 0xbd                                                                                                                ST r8, [sp, #-116];           LSHL r6, r26, r16
	   276    0xfe 0xe9 0x80 0x02 0xb8 0xd6 0x20 0x0b 0xc9 0x3b                                                                                            ST r6, [sp, #-72];            LT r11, r1, r17;              MOV r17, #5
	   286    0xfe 0xba 0xc0 0xac 0x09 0xbd                                                                                                                ST r11, [sp, #-84];           GE r22, r2, r0
	   292    0xfe 0xad 0x80 0x04 0xf2 0x0c 0x87 0x03 0x49 0x3b                                                                                            ST r22, [sp, #-88];           SUB r15, r2, r4;              MOV r4, #-128
	   302    0xfe 0x9b 0xc0 0x01 0x29 0x6c 0x01 0xff 0xc9 0x3b                                                                                            ST r15, [sp, #-92];           LSHL r18, r0, r18;            MOV r0, #255
	   312    0x00 0x27 0x38 0x6c 0x54 0x8b 0x28 0x43                                                                                                                                    LSHL r19, r19, r16;           MOV m2, r18
	   320    0xfd 0xdc 0xc0 0x37 0x4a 0x06 0x60 0x0f 0xc9 0x3b                                                                                            ST r19, [sp, #-140];          ADD r20, r27, r20;            MOV r19, #7
	   330    0xfd 0xad 0x00 0x0a 0xe7 0x56 0x80 0x03 0x49 0x3b                                                                                            ST r20, [sp, #-152];          LT r14, r5, r14;              MOV r20, #0
	   340    0xfe 0x7b 0x80 0xba 0x51 0xbd                                                                                                                ST r14, [sp, #-100];          SUB r29, r2, r5
	   346    0xfe 0x5f 0x47 0x39 0xfd 0xbd                                                                                                                ST r29, [sp, #-108];          LSHL r28, r28, r31
	   352    0xfe 0x4f 0x02 0x74 0x7e 0xbd                                                                                                                ST r28, [sp, #-112];          ASHL r26, r9, r7
	   358    0xfe 0x0e 0x80 0x00 0x00 0x03 0x19 0x60 0x11 0x3b                                                                                            ST r26, [sp, #-128];          MOVXM p6, #(TGT_Fconv2dk1_skip_704 + 0)
.label TGT_Fconv2dk1_skip_368
.loop_nesting 1
	   368    0xfd 0x8d 0x40 0x01 0x50 0xe8 0x77 0x8b 0x29 0x3b                                                                                            ST r21, [sp, #-160];          MOVX r21, #7;                 MOV m3, r30
	   378    0xfd 0x9d 0x00 0x28 0x01 0x3d                                                                                                                ST r20, [sp, #-156];          MOVX r20, #0
.label TGT_Fconv2dk1_skip_384
.loop_nesting 2
	   384    0xb0 0x04 0x08 0x40 0x01 0x95                                                                                                                                              JNZ r22, #TGT_Fconv2dk1_skip_2064
.delay_slot
.swstall delay_slot
	   390    0x00 0x01                                                                        NOPX
.delay_slot
.swstall delay_slot
	   392    0x00 0x01                                                                        NOPX
.delay_slot
.swstall delay_slot
	   394    0x00 0x01                                                                        NOPX
.delay_slot
.swstall delay_slot
	   396    0x00 0x01                                                                        NOPX
.delay_slot
.swstall delay_slot
	   398    0x00 0x01                                                                        NOPX
	   400    0xff 0x38 0x48 0x3b 0x96 0x4d                                                    LDA r1, [sp, #-52];                                                                                                     MOV p0, r23
.noswbrkpt
	   406    0xfe 0xfd 0x48 0x6b 0x08 0x7d                                                    LDA r21, [sp, #-68];          PADDB [p0], m3
.nohwbrkpt
.noswbrkpt
	   412    0x0f 0xde 0x6a 0x19                                                                                                                          ST r21, [sp, #-272]
	   416    0x0f 0xdf 0xee 0x19                                                                                                                          ST r23, [sp, #-260]
	   420    0x0f 0xdf 0x68 0x19                                                                                                                          ST r20, [sp, #-264]
	   424    0x0f 0xde 0xf2 0x19                                                                                                                          ST r25, [sp, #-268]
	   428    0x07 0xfa 0xde 0xd9                                                              LDA p3, [sp, #-44]
	   432    0x1d 0xc0 0x96 0x79                                                                                                                                                                                      ADD.NC r23, r1, #8
.noswbrkpt
	   436    0xfe 0xef 0x88 0x2b 0x5a 0x07 0xc5 0xcb 0x38 0xbb                                LDA r30, [sp, #-72];                                                                      ADD r21, r21, r20;            ADD.NC r30, r23, #8
.nohwbrkpt
.noswbrkpt
	   446    0xfd 0x9f 0x88 0x2b 0xf0 0x84 0xc7 0x8b 0x38 0xbb                                LDA r30, [sp, #-156];                                                                     ADD r31, r21, r1;             ADD.NC r6, r30, #8
.nohwbrkpt
.noswbrkpt
	   456    0xfd 0x7f 0xc0 0x2b 0xff 0x06 0xc1 0x8b 0x39 0x3b                                                                                            ST r31, [sp, #-164];          ADD r31, r21, r30;            ADD.NC r22, r6, #8
.nohwbrkpt
.noswbrkpt
	   466    0xfd 0x5f 0xc0 0x2b 0x6b 0x04 0x25 0x8b 0x39 0x3b                                                                                            ST r31, [sp, #-172];          ADD r22, r21, r22;            ADD.NC r1, r22, #8
.nohwbrkpt
.noswbrkpt
	   476    0xfd 0x3d 0x80 0x2f 0x7a 0x87 0xc0 0x4b 0x39 0x3b                                                                                            ST r22, [sp, #-180];          ADD r23, r23, r21;            ADD.NC r30, r1, #8
.nohwbrkpt
.noswbrkpt
	   486    0xfd 0x6d 0xc0 0x2b 0x60 0x86 0xe7 0x8b 0x39 0x3b                                                                                            ST r23, [sp, #-168];          ADD r22, r21, r1;             ADD.NC r23, r30, #8
.nohwbrkpt
.noswbrkpt
	   496    0xfd 0x2d 0x85 0x6d 0xe0 0xbd                                                                                                                ST r22, [sp, #-184];          ADD r22, r21, r30
.nohwbrkpt
.noswbrkpt
	   502    0xfd 0x1d 0x87 0xa9 0x40 0xbd                                                                                                                ST r22, [sp, #-188];          ADD r20, r30, r20
	   508    0x15 0xc3 0x23 0x19                                                                                                                                                        ADD r1, r23, #-56
	   512    0x00 0x2a 0x63 0x07 0xe0 0x4b 0x38 0x43                                                                                                                                    ADD r6, r21, r6;              ADD.NC r31, r1, #8
	   520    0xfd 0x49 0x80 0x2f 0x5a 0x86 0xe7 0xcb 0x39 0x3b                                                                                            ST r6, [sp, #-176];           ADD r21, r23, r21;            ADD.NC r23, r31, #8
	   530    0xfd 0x0d 0x40 0x2f 0x7a 0x06 0xa5 0xcb 0x39 0x3b                                                                                            ST r21, [sp, #-192];          ADD r23, r23, r20;            ADD.NC r21, r23, #8
	   540    0xfc 0xdd 0xc0 0x2b 0x5a 0x06 0xc5 0x4b 0x39 0x3b                                                                                            ST r23, [sp, #-204];          ADD r21, r21, r20;            ADD.NC r22, r21, #8
	   550    0xfc 0xcd 0x40 0x2d 0x5a 0x04 0xc5 0x8b 0x39 0x3b                                                                                            ST r21, [sp, #-208];          ADD r21, r22, r20;            ADD.NC r6, r22, #8
	   560    0xfc 0xbd 0x40 0x0d 0x7a 0x06 0xc1 0x8b 0x39 0x3b                                                                                            ST r21, [sp, #-212];          ADD r23, r6, r20;             ADD.NC r22, r6, #8
	   570    0xfc 0xad 0xc0 0x02 0x1a 0x04 0xc5 0x8b 0x39 0x3b                                                                                            ST r23, [sp, #-216];          ADD r1, r1, r20;              ADD.NC r6, r22, #8
	   580    0xfc 0xf8 0x41 0xaf 0x23 0x3d                                                                                                                ST r1, [sp, #-196];           ADD r23, r6, #-56
	   586    0x17 0xc3 0x40 0x99                                                                                                                                                        ADD r1, r31, r20
	   590    0xfc 0xe8 0x40 0x2c 0x1a 0x06 0xc5 0xcb 0x39 0x3b                                                                                            ST r1, [sp, #-200];           ADD r1, r22, r20;             ADD.NC r22, r23, #8
	   600    0x00 0x00 0x4f 0xe4 0xc2 0x0c 0x6a 0x06 0x85 0x8b 0x38 0x77                      MOVA r1, #0;                                                ST r1, [sp, #-220];           ADD r6, r6, r20;              ADD.NC r20, r22, #8
	   612    0xfc 0x89 0x86 0x6b 0xe0 0xbd                                                                                                                ST r6, [sp, #-224];           ADD r21, r25, r30
.noswbrkpt
	   618    0xff 0x2d 0x08 0x2a 0x6a 0x06 0x85 0x0b 0x38 0xbb                                LDA r20, [sp, #-56];                                                                      ADD r6, r21, r20;             ADD.NC r20, r20, #8
.nohwbrkpt
.noswbrkpt
	   628    0xfc 0x59 0x80 0x2e 0x6a 0x86 0xe5 0x0b 0x39 0x3b                                                                                            ST r6, [sp, #-236];           ADD r6, r23, r21;             ADD.NC r23, r20, #8
.nohwbrkpt
.noswbrkpt
	   638    0xfc 0x79 0x80 0x2a 0x6b 0x06 0xc5 0xcb 0x39 0x3b                                                                                            ST r6, [sp, #-228];           ADD r6, r21, r22;             ADD.NC r22, r23, #8
.nohwbrkpt
.noswbrkpt
	   648    0xfc 0x69 0x80 0x2a 0x6a 0x06 0x85 0x8b 0x39 0x3b                                                                                            ST r6, [sp, #-232];           ADD r6, r21, r20;             ADD.NC r20, r22, #8
.nohwbrkpt
.noswbrkpt
	   658    0xfc 0x49 0x80 0x2a 0x6a 0x06 0x85 0x0b 0x39 0x3b                                                                                            ST r6, [sp, #-240];           ADD r6, r21, r20;             ADD.NC r20, r20, #8
.nohwbrkpt
.noswbrkpt
	   668    0xfc 0x19 0x85 0x69 0x40 0xbd                                                                                                                ST r6, [sp, #-252];           ADD r20, r21, r20
.nohwbrkpt
.noswbrkpt
	   674    0xfc 0x0d 0x05 0x6d 0x60 0xbd                                                                                                                ST r20, [sp, #-256];          ADD r22, r21, r22
	   680    0xfc 0x2d 0x80 0x2f 0x7a 0x86 0xc0 0x03 0x49 0x3b                                                                                            ST r22, [sp, #-248];          ADD r23, r23, r21;            MOV r22, #0
	   690    0x0f 0xe1 0xee 0x19                                                                                                                          ST r23, [sp, #-244]
	   694    0xfe 0xcd 0x48 0x00 0x00 0x00 0x00 0x03 0x8e 0xbb                                LDA r21, [sp, #-80];          NOPB;                                                                                     NOPM
.label TGT_Fconv2dk1_skip_704
.loop_nesting 3
	   704    0x58 0x02 0x28 0x40 0x01 0x95                                                                                                                                              JNZ r11, #TGT_Fconv2dk1_skip_1104
.delay_slot
	   710    0x10 0x2e 0x01 0x19                                                                                                                                                        MOVX r23, #0
.delay_slot
.swstall delay_slot
	   714    0x00 0x01                                                                        NOPX
.delay_slot
.swstall delay_slot
	   716    0x00 0x01                                                                        NOPX
.delay_slot
.swstall delay_slot
	   718    0x00 0x01                                                                        NOPX
.delay_slot
.swstall delay_slot
	   720    0x00 0x01                                                                        NOPX
	   722    0xfd 0xf8 0x88 0x00 0x50 0x28 0x63 0x3b 0x28 0xbb                                LDA r2, [sp, #-132];                                                                      MOVX r5, #1;                  MOV r3, p3
	   732    0xfd 0x7e 0xd8 0x00 0x00 0x00 0x39 0x98 0x10 0xbb                                LDA p6, [sp, #-164];                                                                      MOVXM ls, #(ZLS_Fconv2dk1_skip_816 + 0)
	   742    0xfd 0x6f 0xd8 0x00 0x00 0x02 0x39 0xf8 0x10 0xbb                                LDA p7, [sp, #-168];                                                                      MOVXM le, #(ZLE_Fconv2dk1_skip_1008 + 0)
	   752    0xfd 0x59 0xd8 0x00 0x40 0x68 0xc0 0x07 0x48 0xbb                                LDA p1, [sp, #-172];                                                                      MOVX r4, #3;                  MOV r6, #2
	   762    0xfd 0x4a 0xd8 0x00 0x11 0x1d                                                    LDA p2, [sp, #-176];                                                                      MOVX r0, #4
	   768    0x0f 0xdd 0xde 0x99                                                                                                                          ST p3, [sp, #-276]
	   772    0xfb 0xa8 0x40 0x00 0x25 0x8b 0x20 0x03                                                                                                      ST r1, [sp, #-280];                                         MOV r1, r22
	   780    0xfd 0x3c 0xdd 0x71 0x16 0x4d                                                    LDA p4, [sp, #-180];                                                                                                    MOV lc, r2
	   786    0x07 0xe9 0x5e 0xd9                                                              LDA p3, [sp, #-184]
	   790    0x07 0xe8 0xee 0xd9                                                              LDA p5, [sp, #-188]
	   794    0xfd 0x0b 0x08 0x00 0x00 0x7d                                                    LDA r12, [sp, #-192];         NOPB
	   800    0x00 0x00 0x00 0x00 0x07 0xdc 0xc6 0x80 0x00 0x00 0x00 0x03 0x88 0x00 0x03 0xc0  NOPA;                         NOPB;                         ST p0, [sp, #-284];           NOPX;                         NOPM;                                   NOPV
.label ZLS_Fconv2dk1_skip_816
.loop_nesting 4
.begin_of_loop
.noswbrkpt
	   816    0xff 0x58 0xd8 0x0b 0xd0 0xac 0x18 0xcb 0x28 0xbb                                LDA p0, [sp, #-44];                                                                       OR r29, r5, r1;               MOV p0, r3
.nohwbrkpt
.noswbrkpt
	   826    0x09 0x21 0xf8 0x03 0xa3 0x2e 0x57 0x4b 0x28 0xbb                                LDA.u8 r7, [p0], m2;                                                                      OR r26, r1, r6;               MOV dj2, r29
.nohwbrkpt
.noswbrkpt
	   836    0xc5 0x02 0x38 0x03 0xb2 0x2c 0x60 0x3b 0x28 0xbb                                LDA.s8 r8, [p6], m1;                                                                      OR r27, r1, r4;               MOV r3, p0
	   846    0xe5 0x02 0x78 0x03 0xd0 0x2e 0x76 0x8b 0x28 0xbb                                LDA.s8 r9, [p7], m1;                                                                      OR r29, r1, r0;               MOV dj3, r26
	   856    0x25 0x02 0xb8 0x23 0xa0 0xae 0x96 0xcb 0x28 0xbb                                LDA.s8 r10, [p1], m1;                                                                     OR r26, r17, r1;              MOV dj4, r27
.noswbrkpt
	   866    0x45 0x06 0xb8 0x03 0x88 0x2e 0xb7 0x4b 0x28 0xbb                                LDA.s8 r26, [p2], m1;                                                                     OR r24, r1, r16;              MOV dj5, r29
.nohwbrkpt
.noswbrkpt
	   876    0x85 0x07 0xf8 0x27 0xd0 0xae 0x16 0x8b 0x28 0xbb                                LDA.s8 r31, [p4], m1;                                                                     OR r29, r19, r1;              MOV dj0, r26
	   886    0x0a 0x23 0xb8 0x02 0x19 0x06 0xd6 0x0b 0x28 0xbb                                LDA.u8 r14, [p0, dj2];                                                                    ADD r1, r1, r18;              MOV dj6, r24
	   896    0x0e 0x27 0x3c 0x6e 0x96 0x4d                                                    LDA.u8 r28, [p0, dj3];                                                                                                  MOV dj1, r29
	   902    0x12 0x26 0xf9 0xce 0x8f 0x9d                                                    LDA.u8 r27, [p0, dj4];                                                                    MUL r7, r7, r8
	   908    0x00 0xb1 0x31 0xd9                                                              LDA.u8 r24, [p0, dj5]
	   912    0x02 0x23 0xfd 0xce 0x70 0x9d                                                    LDA.u8 r15, [p0, dj0];                                                                    ADD r7, r23, r7
.noswbrkpt
	   918    0x03 0x28 0x15 0xd9                                                              LDA.s8 r10, [p3], m1
.nohwbrkpt
.noswbrkpt
	   922    0x00 0xd1 0x3d 0xd9                                                              LDA.u8 r30, [p0, dj6]
.nohwbrkpt
.noswbrkpt
	   926    0x06 0x22 0xf8 0x12 0xe7 0x7c 0x1b 0x0b 0x28 0xbb                                LDA.u8 r11, [p0, dj1];                                                                    MUL r14, r9, r14;             MOV p0, r12
.nohwbrkpt
.noswbrkpt
	   936    0xa5 0x06 0x7a 0xb9 0xcf 0x9d                                                    LDA.s8 r25, [p5], m1;                                                                     MUL r28, r10, r28
	   942    0x05 0x03 0x7e 0xc5 0xaf 0x9d                                                    LDA.s8 r13, [p0], m1;                                                                     MUL r2, r27, r26
	   948    0x00 0x3f 0xfc 0x7d 0x80 0x3b 0x28 0x43                                                                                                                                    MUL r31, r31, r24;            MOV r12, p0
	   956    0x00 0x01                                                                        NOPX
	   958    0x11 0xdc 0xe0 0x99                                                                                                                                                        ADD r14, r7, r14
	   962    0x13 0xb9 0xc0 0x99                                                                                                                                                        ADD r28, r14, r28
	   966    0x10 0x85 0xc0 0x99                                                                                                                                                        ADD r2, r2, r28
	   970    0x13 0xde 0xaf 0x99                                                                                                                                                        MUL r15, r15, r10
	   974    0x16 0x73 0xef 0x99                                                                                                                                                        MUL r25, r25, r30
	   978    0x12 0xda 0xdf 0x99                                                                                                                                                        MUL r13, r11, r13
	   982    0x00 0x01                                                                        NOPX
	   984    0x17 0xc4 0x20 0x99                                                                                                                                                        ADD r2, r31, r2
	   988    0x13 0xc4 0x20 0x99                                                                                                                                                        ADD r2, r15, r2
	   992    0x00 0x00 0x00 0x00 0x00 0x00 0x00 0x32 0x21 0x04 0x00 0x03 0x88 0x00 0x03 0xc0  NOPA;                         NOPB;                         NOPS;                         ADD r2, r25, r2;              NOPM;                                   NOPV
.label ZLE_Fconv2dk1_skip_1008
.end_of_loop
	  1008    0x00 0x00 0x00 0x00 0x00 0x00 0x00 0x1b 0x71 0x04 0x00 0x03 0x88 0x00 0x03 0xc0  NOPA;                         NOPB;                         NOPS;                         ADD r23, r13, r2;             NOPM;                                   NOPV
.loop_nesting 3
	  1024    0xfd 0xb8 0xc8 0x3c 0x40 0x08 0x40 0x03 0x48 0xbb                                LDA r3, [sp, #-148];                                                                      MOVX r4, #-128;               MOV r2, #0
	  1034    0xfb 0xa8 0x48 0x06 0x07 0xe9 0xa0 0xff 0xc8 0xbb                                LDA r1, [sp, #-280];                                                                      MOVX r0, #255;                MOV r13, #127
	  1044    0xfb 0x98 0xdf 0xce 0x85 0x1d                                                    LDA p0, [sp, #-284];                                                                      MOVX r7, #-31
	  1050    0xfb 0xbb 0xd8 0x00 0x00 0x03 0x19 0x60 0x10 0xbb                                LDA p3, [sp, #-276];                                                                      MOVXM p6, #(TGT_Fconv2dk1_skip_704 + 0)
	  1060    0x07 0xf2 0x78 0x59                                                              LDA r28, [sp, #-112]
	  1064    0x07 0xf4 0xde 0x59                                                              LDA r15, [sp, #-92]
	  1068    0x07 0xf6 0xd8 0x59                                                              LDA r12, [sp, #-76]
	  1072    0x07 0xf3 0x54 0x59                                                              LDA r10, [sp, #-104]
	  1076    0x07 0xf5 0xd6 0x59                                                              LDA r11, [sp, #-84]
	  1080    0x07 0xf1 0xd0 0x59                                                              LDA r8, [sp, #-116]
	  1084    0x07 0xf4 0x70 0x59                                                              LDA r24, [sp, #-96]
	  1088    0x07 0xf1 0x52 0x59                                                              LDA r9, [sp, #-120]
	  1092    0x07 0xf0 0x74 0x59                                                              LDA r26, [sp, #-128]
	  1096    0xfe 0x5f 0x48 0x04 0x00 0x00 0x78 0x23                                          LDA r29, [sp, #-108];                                                                                                                                           NOPV
.label TGT_Fconv2dk1_skip_1104
	  1104    0x18 0x02 0xf0 0x40 0x01 0x95                                                                                                                                              JNZ r3, #TGT_Fconv2dk1_skip_1504
.delay_slot
.swstall delay_slot
	  1110    0x00 0x01                                                                        NOPX
.delay_slot
.swstall delay_slot
	  1112    0x00 0x01                                                                        NOPX
.delay_slot
.swstall delay_slot
	  1114    0x00 0x01                                                                        NOPX
.delay_slot
.swstall delay_slot
	  1116    0x00 0x01                                                                        NOPX
.delay_slot
.swstall delay_slot
	  1118    0x00 0x01                                                                        NOPX
	  1120    0xfd 0xc8 0xc8 0x00 0x60 0x28 0xa0 0x07 0xc8 0xbb                                LDA r3, [sp, #-144];                                                                      MOVX r6, #1;                  MOV r5, #3
	  1130    0xff 0x48 0x88 0x00 0x00 0x00 0x3a 0x60 0x10 0xbb                                LDA r2, [sp, #-48];                                                                       MOVXM ls, #(ZLS_Fconv2dk1_skip_1216 + 0)
	  1140    0xfd 0xa9 0xc8 0x00 0x00 0x02 0x3a 0xc0 0x10 0xbb                                LDA r7, [sp, #-152];                                                                      MOVXM le, #(ZLE_Fconv2dk1_skip_1408 + 0)
	  1150    0xfc 0xfe 0xd8 0x00 0x00 0x88 0x80 0x07 0x48 0xbb                                LDA p6, [sp, #-196];                                                                      MOVX r0, #4;                  MOV r4, #2
	  1160    0x07 0xe7 0x7e 0xd9                                                              LDA p7, [sp, #-200]
	  1164    0x0f 0xdd 0x6c 0x19                                                                                                                          ST r22, [sp, #-280]
	  1168    0x07 0xe6 0xce 0xd9                                                              LDA p1, [sp, #-204]
	  1172    0xfc 0xca 0xd8 0xec 0x10 0x9d                                                    LDA p2, [sp, #-208];                                                                      ADD r22, r3, r1
	  1178    0xfb 0xb8 0xd5 0xac 0x5d 0xbd                                                                                                                ST p0, [sp, #-276];           LSHL r22, r22, r5
	  1184    0xfc 0xbc 0xd8 0x2c 0x31 0x06 0xb9 0xc3 0x78 0xbb                                LDA p4, [sp, #-212];                                                                      ADD r3, r22, r2;              ADD.NC lc, r7, #1
	  1194    0x07 0xe5 0x46 0xd9                                                              LDA p0, [sp, #-216]
	  1198    0x07 0xe4 0xee 0xd9                                                              LDA p5, [sp, #-220]
	  1202    0x07 0xe4 0x58 0x59                                                              LDA r12, [sp, #-224]
	  1206    0x00 0x00 0x07 0xdc 0xde 0x80 0x00 0x00 0x00 0x7b                                NOPA;                                                       ST p3, [sp, #-284];           NOPX
.label ZLS_Fconv2dk1_skip_1216
.loop_nesting 4
.begin_of_loop
.noswbrkpt
	  1216    0xff 0x4b 0xd8 0x2d 0xd3 0x2d 0x98 0xcb 0x28 0xbb                                LDA p3, [sp, #-48];                                                                       OR r29, r22, r6;              MOV p3, r3
.nohwbrkpt
.noswbrkpt
	  1226    0x69 0x22 0x78 0x2d 0xa2 0x2e 0x57 0x4b 0x28 0xbb                                LDA.u8 r9, [p3], m2;                                                                      OR r26, r22, r4;              MOV dj2, r29
.nohwbrkpt
.noswbrkpt
	  1236    0xc5 0x02 0x38 0x0b 0xbb 0x2c 0x63 0x3b 0x28 0xbb                                LDA.s8 r8, [p6], m1;                                                                      OR r27, r5, r22;              MOV r3, p3
	  1246    0xe5 0x02 0xb8 0x2d 0xd0 0x2e 0x76 0x8b 0x28 0xbb                                LDA.s8 r10, [p7], m1;                                                                     OR r29, r22, r0;              MOV dj3, r26
	  1256    0x25 0x02 0xf8 0x23 0xab 0x2e 0x96 0xcb 0x28 0xbb                                LDA.s8 r11, [p1], m1;                                                                     OR r26, r17, r22;             MOV dj4, r27
.noswbrkpt
	  1266    0x45 0x06 0xb8 0x2d 0x88 0x2e 0xb7 0x4b 0x28 0xbb                                LDA.s8 r26, [p2], m1;                                                                     OR r24, r22, r16;             MOV dj5, r29
.nohwbrkpt
.noswbrkpt
	  1276    0x85 0x07 0xf8 0x27 0xdb 0x2e 0x16 0x8b 0x28 0xbb                                LDA.s8 r31, [p4], m1;                                                                     OR r29, r19, r22;             MOV dj0, r26
	  1286    0x6a 0x23 0xb8 0x2d 0x69 0x06 0xd6 0x0b 0x28 0xbb                                LDA.u8 r14, [p3, dj2];                                                                    ADD r22, r22, r18;            MOV dj6, r24
	  1296    0x6e 0x27 0x3c 0x6e 0x96 0x4d                                                    LDA.u8 r28, [p3, dj3];                                                                                                  MOV dj1, r29
	  1302    0x72 0x26 0xfa 0x52 0x8f 0x9d                                                    LDA.u8 r27, [p3, dj4];                                                                    MUL r9, r9, r8
	  1308    0x03 0xb1 0x31 0xd9                                                              LDA.u8 r24, [p3, dj5]
	  1312    0x62 0x23 0xfd 0xd2 0x90 0x9d                                                    LDA.u8 r15, [p3, dj0];                                                                    ADD r9, r23, r9
.noswbrkpt
	  1318    0x00 0x28 0x17 0xd9                                                              LDA.s8 r11, [p0], m1
.nohwbrkpt
.noswbrkpt
	  1322    0x03 0xd1 0x3d 0xd9                                                              LDA.u8 r30, [p3, dj6]
.nohwbrkpt
.noswbrkpt
	  1326    0x66 0x23 0x78 0x1c 0xe5 0x7d 0x9b 0x0b 0x28 0xbb                                LDA.u8 r13, [p3, dj1];                                                                    MUL r14, r14, r10;            MOV p3, r12
.nohwbrkpt
.noswbrkpt
	  1336    0xa5 0x06 0x7a 0xf9 0xcf 0x9d                                                    LDA.s8 r25, [p5], m1;                                                                     MUL r28, r11, r28
	  1342    0x65 0x00 0xbe 0xcf 0xaf 0x9d                                                    LDA.s8 r2, [p3], m1;                                                                      MUL r7, r27, r26
	  1348    0x00 0x3f 0xfc 0x7d 0x83 0x3b 0x28 0x43                                                                                                                                    MUL r31, r31, r24;            MOV r12, p3
	  1356    0x00 0x01                                                                        NOPX
	  1358    0x12 0x5c 0xe0 0x99                                                                                                                                                        ADD r14, r9, r14
	  1362    0x13 0xb9 0xc0 0x99                                                                                                                                                        ADD r28, r14, r28
	  1366    0x11 0xcf 0xc0 0x99                                                                                                                                                        ADD r7, r7, r28
	  1370    0x13 0xde 0xbf 0x99                                                                                                                                                        MUL r15, r15, r11
	  1374    0x16 0x73 0xef 0x99                                                                                                                                                        MUL r25, r25, r30
	  1378    0x13 0x44 0x2f 0x99                                                                                                                                                        MUL r2, r13, r2
	  1382    0x00 0x01                                                                        NOPX
	  1384    0x17 0xce 0x70 0x99                                                                                                                                                        ADD r7, r31, r7
	  1388    0x13 0xce 0x70 0x99                                                                                                                                                        ADD r7, r15, r7
	  1392    0x00 0x00 0x00 0x00 0x00 0x00 0x00 0x0e 0x7c 0x84 0x00 0x03 0x88 0x00 0x03 0xc0  NOPA;                         NOPB;                         NOPS;                         ADD r7, r7, r25;              NOPM;                                   NOPV
.label ZLE_Fconv2dk1_skip_1408
.end_of_loop
	  1408    0x00 0x00 0x00 0x00 0x00 0x00 0x00 0x0f 0x71 0x04 0x00 0x03 0x88 0x00 0x03 0xc0  NOPA;                         NOPB;                         NOPS;                         ADD r23, r7, r2;              NOPM;                                   NOPV
.loop_nesting 3
	  1424    0xfb 0xad 0x88 0x3c 0x40 0x08 0x40 0x03 0x48 0xbb                                LDA r22, [sp, #-280];                                                                     MOVX r4, #-128;               MOV r2, #0
	  1434    0xfb 0xb8 0xd8 0x3e 0x74 0x28 0x01 0xff 0xc8 0xbb                                LDA p0, [sp, #-276];                                                                      MOVX r7, #-31;                MOV r0, #255
	  1444    0xfb 0x9b 0xd8 0x00 0x00 0x03 0x19 0x60 0x10 0xbb                                LDA p3, [sp, #-284];                                                                      MOVXM p6, #(TGT_Fconv2dk1_skip_704 + 0)
	  1454    0xfd 0xb8 0xc8 0x5a 0xfd 0x1d                                                    LDA r3, [sp, #-148];                                                                      MOVX r13, #127
	  1460    0x07 0xf2 0x78 0x59                                                              LDA r28, [sp, #-112]
	  1464    0x07 0xf4 0xde 0x59                                                              LDA r15, [sp, #-92]
	  1468    0x07 0xf6 0xd8 0x59                                                              LDA r12, [sp, #-76]
	  1472    0x07 0xf3 0x54 0x59                                                              LDA r10, [sp, #-104]
	  1476    0x07 0xf5 0xd6 0x59                                                              LDA r11, [sp, #-84]
	  1480    0x07 0xf1 0xd0 0x59                                                              LDA r8, [sp, #-116]
	  1484    0x07 0xf4 0x70 0x59                                                              LDA r24, [sp, #-96]
	  1488    0x07 0xf1 0x52 0x59                                                              LDA r9, [sp, #-120]
	  1492    0x07 0xf0 0x74 0x59                                                              LDA r26, [sp, #-128]
	  1496    0xfe 0x5f 0x48 0x04 0x00 0x00 0x78 0x23                                          LDA r29, [sp, #-108];                                                                                                                                           NOPV
.label TGT_Fconv2dk1_skip_1504
	  1504    0x15 0xef 0xc0 0x99                                                                                                                                                        ADD r23, r23, r28
	  1508    0x60 0x03 0xc0 0x40 0x01 0x95                                                                                                                                              JNZ r12, #TGT_Fconv2dk1_skip_1920
.delay_slot
	  1514    0x15 0xee 0xfe 0x99                                                                                                                                                        ASHL r23, r23, r15
.delay_slot
	  1518    0x11 0x37 0x7a 0x99                                                                                                                                                        LT r27, r4, r23
.delay_slot
	  1522    0x11 0x2f 0x76 0x19                                                                                                                                                        SEL.EQZ r23, r4, r23, r27
.delay_slot
	  1526    0x15 0xf6 0xda 0x99                                                                                                                                                        LT r27, r23, r13
.delay_slot
	  1530    0x00 0x1b 0x7b 0xb0 0xc0 0x03 0x48 0x43                                                                                                                                    SEL.EQZ r23, r13, r23, r27;   MOV r6, #0
	  1538    0xfe 0x18 0x88 0x00 0x00 0x00 0x3b 0x30 0x10 0xbb                                LDA r2, [sp, #-124];                                                                      MOVXM ls, #(ZLS_Fconv2dk1_skip_1632 + 0)
	  1548    0xfc 0x7e 0xd8 0x00 0x00 0x02 0x3b 0x90 0x10 0xbb                                LDA p6, [sp, #-228];                                                                      MOVXM le, #(ZLE_Fconv2dk1_skip_1824 + 0)
	  1558    0xfc 0x6f 0xd8 0x00 0x00 0x48 0x80 0x03 0xc8 0xbb                                LDA p7, [sp, #-232];                                                                      MOVX r0, #2;                  MOV r4, #1
	  1568    0xfc 0x59 0xd8 0x00 0x30 0x68 0xa0 0x0b 0x48 0xbb                                LDA p1, [sp, #-236];                                                                      MOVX r3, #3;                  MOV r5, #4
	  1578    0x07 0xe2 0x6e 0xd9                                                              LDA p5, [sp, #-240]
	  1582    0x0f 0xdd 0xc6 0x99                                                                                                                          ST p0, [sp, #-276]
	  1586    0xfb 0x88 0x40 0x00 0x25 0x0b 0x20 0x03                                                                                                      ST r1, [sp, #-288];                                         MOV r1, r20
	  1594    0xfb 0x9d 0x80 0x02 0xb8 0x8b 0x20 0x03                                                                                                      ST r22, [sp, #-284];                                        MOV lc, r2
	  1602    0x0f 0xdd 0x5e 0x99                                                                                                                          ST p3, [sp, #-280]
	  1606    0x07 0xe1 0xc6 0xd9                                                              LDA p0, [sp, #-244]
	  1610    0x07 0xe1 0x66 0xd9                                                              LDA p4, [sp, #-248]
	  1614    0x07 0xe0 0xd6 0xd9                                                              LDA p2, [sp, #-252]
	  1618    0xfc 0x0b 0x08 0x00 0x00 0x00 0x00 0x40 0x00 0x38 0x00 0x00 0x78 0x2f            LDA r12, [sp, #-256];                                       NOPS;                                                       NOPM;                                   NOPV
.label ZLS_Fconv2dk1_skip_1632
.loop_nesting 4
.begin_of_loop
.noswbrkpt
	  1632    0xff 0x2b 0xd8 0x2d 0xd2 0x2d 0x98 0x4b 0x28 0xbb                                LDA p3, [sp, #-56];                                                                       OR r29, r22, r4;              MOV p3, r1
.nohwbrkpt
.noswbrkpt
	  1642    0x69 0x01 0xf8 0x2d 0xa0 0x2e 0x57 0x4b 0x28 0xbb                                LDA.s8 r7, [p3], m2;                                                                      OR r26, r22, r0;              MOV dj2, r29
.nohwbrkpt
.noswbrkpt
	  1652    0xc5 0x02 0x38 0x07 0xbb 0x2c 0x23 0x3b 0x28 0xbb                                LDA.s8 r8, [p6], m1;                                                                      OR r27, r3, r22;              MOV r1, p3
	  1662    0xe5 0x02 0x78 0x0b 0xdb 0x2e 0x76 0x8b 0x28 0xbb                                LDA.s8 r9, [p7], m1;                                                                      OR r29, r5, r22;              MOV dj3, r26
	  1672    0x25 0x02 0xf8 0x23 0xab 0x2e 0x96 0xcb 0x28 0xbb                                LDA.s8 r11, [p1], m1;                                                                     OR r26, r17, r22;             MOV dj4, r27
.noswbrkpt
	  1682    0xa5 0x06 0xb8 0x2d 0x88 0x2e 0xb7 0x4b 0x28 0xbb                                LDA.s8 r26, [p5], m1;                                                                     OR r24, r22, r16;             MOV dj5, r29
.nohwbrkpt
.noswbrkpt
	  1692    0x05 0x07 0xf8 0x27 0xdb 0x2e 0x36 0x8b 0x28 0xbb                                LDA.s8 r31, [p0], m1;                                                                     OR r29, r19, r22;             MOV dj1, r26
	  1702    0x6a 0x03 0xb8 0x2d 0x69 0x06 0x16 0x0b 0x28 0xbb                                LDA.s8 r14, [p3, dj2];                                                                    ADD r22, r22, r18;            MOV dj0, r24
	  1712    0x6e 0x07 0x3d 0xae 0x96 0x4d                                                    LDA.s8 r28, [p3, dj3];                                                                                                  MOV dj6, r29
	  1718    0x72 0x06 0xf9 0xce 0x8f 0x9d                                                    LDA.s8 r27, [p3, dj4];                                                                    MUL r7, r7, r8
	  1724    0x03 0xb0 0x31 0xd9                                                              LDA.s8 r24, [p3, dj5]
	  1728    0x66 0x03 0xf9 0xce 0x60 0x9d                                                    LDA.s8 r15, [p3, dj1];                                                                    ADD r7, r7, r6
.noswbrkpt
	  1734    0x04 0x28 0x17 0xd9                                                              LDA.s8 r11, [p4], m1
.nohwbrkpt
.noswbrkpt
	  1738    0x03 0x10 0x3d 0xd9                                                              LDA.s8 r30, [p3, dj0]
.nohwbrkpt
.noswbrkpt
	  1742    0x7a 0x02 0xb8 0x12 0xe7 0x7d 0x9b 0x0b 0x28 0xbb                                LDA.s8 r10, [p3, dj6];                                                                    MUL r14, r9, r14;             MOV p3, r12
.nohwbrkpt
.noswbrkpt
	  1752    0x45 0x06 0x7a 0xf9 0xcf 0x9d                                                    LDA.s8 r25, [p2], m1;                                                                     MUL r28, r11, r28
	  1758    0x65 0x03 0x7e 0xc5 0xaf 0x9d                                                    LDA.s8 r13, [p3], m1;                                                                     MUL r2, r27, r26
	  1764    0x00 0x3f 0xfc 0x7d 0x83 0x3b 0x28 0x43                                                                                                                                    MUL r31, r31, r24;            MOV r12, p3
	  1772    0x00 0x01                                                                        NOPX
	  1774    0x11 0xdc 0xe0 0x99                                                                                                                                                        ADD r14, r7, r14
	  1778    0x13 0xb9 0xc0 0x99                                                                                                                                                        ADD r28, r14, r28
	  1782    0x10 0x85 0xc0 0x99                                                                                                                                                        ADD r2, r2, r28
	  1786    0x13 0xde 0xbf 0x99                                                                                                                                                        MUL r15, r15, r11
	  1790    0x16 0x73 0xef 0x99                                                                                                                                                        MUL r25, r25, r30
	  1794    0x13 0x5a 0xaf 0x99                                                                                                                                                        MUL r13, r13, r10
	  1798    0x00 0x01                                                                        NOPX
	  1800    0x17 0xc4 0x20 0x99                                                                                                                                                        ADD r2, r31, r2
	  1804    0x13 0xc4 0x20 0x99                                                                                                                                                        ADD r2, r15, r2
	  1808    0x00 0x00 0x00 0x00 0x00 0x00 0x00 0x32 0x21 0x04 0x00 0x03 0x88 0x00 0x03 0xc0  NOPA;                         NOPB;                         NOPS;                         ADD r2, r25, r2;              NOPM;                                   NOPV
.label ZLE_Fconv2dk1_skip_1824
.end_of_loop
	  1824    0x00 0x00 0x00 0x00 0x00 0x00 0x00 0x1a 0x61 0x04 0x00 0x03 0x88 0x00 0x03 0xc0  NOPA;                         NOPB;                         NOPS;                         ADD r6, r13, r2;              NOPM;                                   NOPV
.loop_nesting 3
	  1840    0xfb 0x88 0x48 0x3c 0x40 0x08 0x40 0x03 0x48 0xbb                                LDA r1, [sp, #-288];                                                                      MOVX r4, #-128;               MOV r2, #0
	  1850    0xfb 0x9d 0x88 0x06 0x07 0xe9 0xa0 0xff 0xc8 0xbb                                LDA r22, [sp, #-284];                                                                     MOVX r0, #255;                MOV r13, #127
	  1860    0xfb 0xb8 0xdf 0xce 0x85 0x1d                                                    LDA p0, [sp, #-276];                                                                      MOVX r7, #-31
	  1866    0xfb 0xab 0xd8 0x00 0x00 0x03 0x19 0x60 0x10 0xbb                                LDA p3, [sp, #-280];                                                                      MOVXM p6, #(TGT_Fconv2dk1_skip_704 + 0)
	  1876    0x07 0xf3 0x54 0x59                                                              LDA r10, [sp, #-104]
	  1880    0x07 0xf1 0xd0 0x59                                                              LDA r8, [sp, #-116]
	  1884    0x07 0xf4 0x70 0x59                                                              LDA r24, [sp, #-96]
	  1888    0x07 0xf1 0x52 0x59                                                              LDA r9, [sp, #-120]
	  1892    0x07 0xf0 0x74 0x59                                                              LDA r26, [sp, #-128]
	  1896    0x07 0xf2 0xfa 0x59                                                              LDA r29, [sp, #-108]
	  1900    0x07 0xf5 0xd6 0x59                                                              LDA r11, [sp, #-84]
	  1904    0x07 0xed 0xc6 0x59                                                              LDA r3, [sp, #-148]
	  1908    0x07 0xf2 0x78 0x59                                                              LDA r28, [sp, #-112]
	  1912    0x07 0xf4 0xde 0x59                                                              LDA r15, [sp, #-92]
	  1916    0x07 0xf6 0xd8 0x59                                                              LDA r12, [sp, #-76]
.label TGT_Fconv2dk1_skip_1920
.noswbrkpt
	  1920    0xfe 0x7e 0xc8 0x0c 0x64 0x04 0x20 0x43 0x78 0xbb                                LDA r27, [sp, #-100];                                                                     ADD r6, r6, r8;               ADD.NC r1, r1, #1
.nohwbrkpt
.noswbrkpt
	  1930    0x11 0x8d 0x8e 0x99                                                                                                                                                        ASHL r6, r6, r24
.nohwbrkpt
.noswbrkpt
	  1934    0x11 0x36 0x6a 0x99                                                                                                                                                        LT r27, r4, r6
.nohwbrkpt
.noswbrkpt
	  1938    0x11 0x0c 0x66 0x19                                                                                                                                                        SEL.EQZ r6, r4, r6, r27
.nohwbrkpt
.noswbrkpt
	  1942    0x11 0xb6 0xda 0x99                                                                                                                                                        LT r27, r6, r13
.nohwbrkpt
.noswbrkpt
	  1946    0x13 0x4c 0x66 0x19                                                                                                                                                        SEL.EQZ r6, r13, r6, r27
	  1950    0x15 0xcc 0x60 0x99                                                                                                                                                        ADD r6, r23, r6
	  1954    0x12 0x6e 0x60 0x99                                                                                                                                                        ADD r23, r9, r6
.noswbrkpt
	  1958    0xff 0x1e 0xc9 0x8c 0x7e 0x9d                                                    LDA r27, [sp, #-60];                                                                      ASHL r6, r6, r7
.nohwbrkpt
.noswbrkpt
	  1964    0x11 0x8d 0xa2 0x99                                                                                                                                                        ADC r6, r6, r26
.nohwbrkpt
.noswbrkpt
	  1968    0x11 0xb2 0xad 0x99                                                                                                                                                        LSHL r25, r6, r10
.nohwbrkpt
.noswbrkpt
	  1972    0x15 0xfd 0xdd 0x99                                                                                                                                                        LSHL r30, r23, r29
.nohwbrkpt
.noswbrkpt
	  1976    0x16 0x73 0xe5 0x99                                                                                                                                                        OR r25, r25, r30
.nohwbrkpt
.noswbrkpt
	  1980    0x11 0x8c 0xae 0x99                                                                                                                                                        ASHL r6, r6, r10
.nohwbrkpt
.noswbrkpt
	  1984    0x11 0x8d 0x96 0x19                                                                                                                                                        SEL.EQZ r6, r6, r25, r27
	  1988    0x15 0x6b 0x8c 0x19                                                                                                                                                        JNZD r21, r21, p6
.delay_slot
.noswbrkpt
	  1992    0x01 0x25 0xc5 0xee 0x66 0x1d                                                    ST.s8 r23, [p0], m0;                                                                      SEL.EQZ r23, r23, r6, r27
.delay_slot
.nohwbrkpt
.noswbrkpt
	  1998    0x10 0xb7 0x7a 0x99                                                                                                                                                        LT r27, r2, r23
.delay_slot
.nohwbrkpt
.noswbrkpt
	  2002    0x10 0xaf 0x76 0x19                                                                                                                                                        SEL.EQZ r23, r2, r23, r27
.delay_slot
.nohwbrkpt
.noswbrkpt
	  2006    0x00 0x2f 0xb0 0x56 0x85 0x0b 0x38 0x43                                                                                                                                    LT r27, r23, r0;              ADD.NC r20, r20, #8
.delay_slot
.nohwbrkpt
.noswbrkpt
	  2014    0x03 0x03 0x50 0x01 0x7b 0xb2 0xc5 0x8b 0x38 0x3b                                                              PADDB [p3], #8;                                             SEL.EQZ r23, r0, r23, r27;    ADD.NC r22, r22, #8
.loop_nesting 2
	  2024    0xfe 0xad 0x88 0x00 0x00 0x03 0x98 0xc0 0x10 0xbb                                LDA r22, [sp, #-88];                                                                      MOVXM p7, #(TGT_Fconv2dk1_skip_384 + 0)
	  2034    0x00 0x01                                                                        NOPX
	  2036    0x07 0xde 0x6a 0x59                                                              LDA r21, [sp, #-272]
	  2040    0x07 0xde 0xf2 0x59                                                              LDA r25, [sp, #-268]
	  2044    0x07 0xdf 0x68 0x59                                                              LDA r20, [sp, #-264]
	  2048    0x00 0x00 0xfb 0xfd 0xc8 0x00 0x00 0x00 0x00 0x00 0x00 0x03 0x88 0x00 0x03 0xc0  LDA r23, [sp, #-260];         NOPB;                         NOPS;                         NOPX;                         NOPM;                                   NOPV
.label TGT_Fconv2dk1_skip_2064
	  2064    0x00 0x01                                                                        NOPX
	  2066    0x00 0x01                                                                        NOPX
	  2068    0x00 0x01                                                                        NOPX
	  2070    0x00 0x01                                                                        NOPX
	  2072    0x15 0x6b 0xcc 0x19                                                                                                                                                        JNZD r21, r21, p7
.delay_slot
	  2076    0x1e 0x4c 0x86 0xf9                                                                                                                                                                                      ADD.NC r25, r25, #1
.delay_slot
	  2080    0x00 0x29 0x40 0x3a 0xe5 0xc3 0x78 0x43                                                                                                                                    ADD r20, r20, #1;             ADD.NC r23, r23, #1
.delay_slot
.swstall delay_slot
	  2088    0x00 0x01                                                                        NOPX
.delay_slot
.swstall delay_slot
	  2090    0x00 0x01                                                                        NOPX
.delay_slot
.swstall delay_slot
	  2092    0x00 0x01                                                                        NOPX
.loop_nesting 1
	  2094    0xfd 0xed 0x48 0x00 0x00 0x00 0x98 0xb8 0x10 0xbb                                LDA r21, [sp, #-136];                                                                     MOVXM p1, #(TGT_Fconv2dk1_skip_368 + 0)
	  2104    0x07 0xf7 0x7c 0x59                                                              LDA r30, [sp, #-72]
	  2108    0x07 0xf7 0xc2 0x59                                                              LDA r1, [sp, #-68]
.noswbrkpt
	  2112    0x07 0xec 0x6a 0x59                                                              LDA r21, [sp, #-160]
.nohwbrkpt
.noswbrkpt
	  2116    0x07 0xf8 0x4c 0x59                                                              LDA r6, [sp, #-64]
.nohwbrkpt
.noswbrkpt
	  2120    0x07 0xec 0xe8 0x59                                                              LDA r20, [sp, #-156]
.nohwbrkpt
.noswbrkpt
	  2124    0x07 0xee 0xfe 0x59                                                              LDA r31, [sp, #-140]
.nohwbrkpt
.noswbrkpt
	  2128    0x00 0x01                                                                        NOPX
.nohwbrkpt
.noswbrkpt
	  2130    0x15 0x7d 0xe0 0x99                                                                                                                                                        ADD r30, r21, r30
.nohwbrkpt
.noswbrkpt
	  2134    0x15 0x42 0x10 0x99                                                                                                                                                        ADD r1, r21, r1
	  2138    0x15 0x6a 0x4c 0x19                                                                                                                                                        JNZD r21, r21, p1
.delay_slot
.swstall delay_slot
	  2142    0x00 0x01                                                                        NOPX
.delay_slot
.swstall delay_slot
	  2144    0x00 0x01                                                                        NOPX
.delay_slot
	  2146    0x0f 0xf7 0x7c 0x19                                                                                                                          ST r30, [sp, #-72]
.delay_slot
	  2150    0xfe 0xf8 0x40 0x0d 0xe9 0x07 0x26 0x7b 0x39 0x3b                                                                                            ST r1, [sp, #-68];            ADD r30, r6, r18;             ADD.NC r25, r25, #-8
.delay_slot
	  2160    0x00 0x00 0x00 0x00 0x07 0xf8 0x7c 0x3f 0x4a 0x06 0xe5 0xfb 0x38 0x00 0x03 0xc0  NOPA;                         NOPB;                         ST r30, [sp, #-64];           ADD r20, r31, r20;            ADD.NC r23, r23, #-8;                   NOPV
.label TGT_Fconv2dk1_skip_2176
.loop_nesting 0
	  2176    0x07 0xfb 0x6e 0x59                                                              LDA r23, [sp, #-40]
	  2180    0x07 0xfb 0xec 0x59                                                              LDA r22, [sp, #-36]
	  2184    0x07 0xfc 0x6a 0x59                                                              LDA r21, [sp, #-32]
	  2188    0x07 0xfc 0xe8 0x59                                                              LDA r20, [sp, #-28]
	  2192    0x07 0xfd 0x66 0x59                                                              LDA r19, [sp, #-24]
	  2196    0x07 0xfd 0xe4 0x59                                                              LDA r18, [sp, #-20]
	  2200    0x07 0xfe 0x62 0x59                                                              LDA r17, [sp, #-16]
	  2204    0x07 0xfe 0xe0 0x59                                                              LDA r16, [sp, #-12]
	  2208    0x07 0xff 0x7e 0xd9                                                              LDA p7, [sp, #-8]
	  2212    0x07 0xff 0xf6 0xd9                                                              LDA p6, [sp, #-4]
	  2216    0x10 0x00 0x18 0x19                                                                                                                                                        RET lr
.delay_slot
.swstall delay_slot
	  2220    0x00 0x01                                                                        NOPX
.delay_slot
.swstall delay_slot
	  2222    0x00 0x01                                                                        NOPX
.delay_slot
.swstall delay_slot
	  2224    0x00 0x01                                                                        NOPX
.delay_slot
.swstall delay_slot
	  2226    0x00 0x01                                                                        NOPX
.label conv2dk1_skip__end last
.delay_slot
	  2228    0x00 0x00 0x07 0xfb 0xe0 0x10 0x00 0x80 0x00 0x00 0x01 0x37                      NOPA;                         PADDB [sp], #-288;            NOPS;                         EVENT #1



.direct_eval +,-,(,)
