
// File generated by darts version U-2022.12#3eec2545bc#230622, Thu Aug 15 10:40:14 2024
// Copyright 2014-2022 Synopsys, Inc. All rights reserved.
// darts -I/proj/xbuilds/SWIP/2023.2_1013_2256/installs/lin64/Vitis/2023.2/aietools/data/aie_ml/lib -d -h -I/proj/xbuilds/SWIP/2023.2_1013_2256/installs/lin64/Vitis/2023.2/aietools/data/aie_ml/lib/runtime_cxx/libcxx-lite/include -I/proj/xbuilds/SWIP/2023.2_1013_2256/installs/lin64/Vitis/2023.2/aietools/data/aie_ml/lib/runtime_cxx/libs/libcxx-9.0.0/include-lite -I/proj/xbuilds/SWIP/2023.2_1013_2256/installs/lin64/Vitis/2023.2/aietools/data/aie_ml/lib/runtime/include -I<BOOST_DIR> -D__AIENGINE__ -D__AIE_ARCH__=20 -D__AIEARCH__=20 -D__tct_tgt__=230622 -L +Ihex +nanno /scratch/andrab/mlir-aie/programming_examples/mlir/dynamic_objectfifo/reduction/build/aie2-objfifo-lowered.mlir.prj/input.o me

// Release: ipp U-2022.12-TGT-230622
.undef global data _ZN12me_primitive11control_satE

.undef global data _ZN12me_primitive11control_rndE

.undef global data input_fifo_cons_buff_3

.undef global data input_fifo_cons_buff_2

.undef global data input_fifo_cons_buff_1

.undef global data input_fifo_cons_buff_0

.undef global data output_fifo_buff_1

.undef global data output_fifo_buff_0

.text_segment_name
.text global 16 core_0_2
.function_start
	     0    0x00 0x03 0x40 0x01 0x70 0x28 0x85 0xcb 0x28 0x3b                                                              PADDB [sp], #64;                                            MOVX r23, #1;                 MOV r4, r23
	    10    0x00 0x04 0x0f 0xff 0xe0 0x3f 0x54 0x28 0x65 0x4b 0x28 0x77                      MOVA r16, #0;                                               ST r16, [sp, #-4];            MOVX r21, #-31;               MOV r3, r21
	    22    0xff 0x8f 0xd0 0x01 0x20 0x08 0x04 0x8b 0x29 0x3b                                                                                            ST p7, [sp, #-32];            MOVX r18, #0;                 MOV r0, r18
	    32    0xff 0x9e 0xd0 0x3f 0x37 0xc8 0x24 0xcb 0x29 0x3b                                                                                            ST p6, [sp, #-28];            MOVX r19, #-2;                MOV r1, r19
	    42    0xff 0xa9 0x00 0x00 0xa5 0x8b 0x20 0x03                                                                                                      ST r4, [sp, #-24];                                          MOV r5, r22
	    50    0xff 0xb9 0x40 0x01 0x41 0x28 0x45 0x0b 0x29 0x3b                                                                                            ST r5, [sp, #-20];            MOVX r20, #9;                 MOV r2, r20
	    60    0xff 0xc8 0xc0 0x00 0x00 0x02 0xc0 0x00 0x11 0x3b                                                                                            ST r3, [sp, #-16];            MOVXM r22, #input_fifo_cons_buff_1
	    70    0x0f 0xfe 0xc4 0x19                                                                                                                          ST r2, [sp, #-12]
	    74    0x0f 0xff 0x42 0x19                                                                                                                          ST r1, [sp, #-8]
	    78    0x0f 0xfb 0xe2 0x19                                                                                                                          ST r17, [sp, #-36]
	    82    0x0f 0xfb 0x40 0x19                                                                                                                          ST r0, [sp, #-40]
	    86    0x00 0x00 0x07 0xfa 0xc2 0x80 0x00 0x00 0x00 0x7b                                NOPA;                                                       ST lr, [sp, #-44];            NOPX
.label TGT_Fcore_0_2_96
.loop_nesting 1
	    96    0x14 0x31 0x5d 0x99                                                                                                                                                        LSHL r24, r16, r21
	   100    0x14 0xb1 0x80 0x99                                                                                                                                                        ADD r24, r18, r24
	   104    0x14 0xf1 0x84 0x99                                                                                                                                                        AND r24, r19, r24
	   108    0x14 0xb7 0x81 0x99                                                                                                                                                        SUB r27, r18, r24
	   112    0x00 0x00 0x0c 0x00 0x00 0x55                                                                                                                                              MOVXM r24, #output_fifo_buff_0
	   118    0x00 0x00 0x0c 0x80 0x00 0x55                                                                                                                                              MOVXM r25, #output_fifo_buff_1
	   124    0x16 0x31 0x96 0x19                                                                                                                                                        SEL.EQZ r24, r24, r25, r27
	   128    0x00 0x00 0x0c 0x80 0x00 0x55                                                                                                                                              MOVXM r25, #input_fifo_cons_buff_0
.no_stack_arguments
	   134    0x00 0x00 0x00 0x00 0x01 0x15                                                                                                                                              JL #llvm___aie2___acquire
.delay_slot
	   140    0x00 0x2f 0xbd 0xbf 0x1e 0x0b 0x28 0x43                                                                                                                                    EQ r27, r23, r27;             MOV p6, r24
.delay_slot
	   148    0x00 0x00 0x0c 0x00 0x00 0x55                                                                                                                                              MOVXM r24, #input_fifo_cons_buff_3
.delay_slot
	   154    0x15 0xa3 0x86 0x19                                                                                                                                                        SEL.EQZ r17, r22, r24, r27
.delay_slot
	   158    0x00 0x00 0x0c 0x00 0x00 0x55                                                                                                                                              MOVXM r24, #input_fifo_cons_buff_2
.delay_slot
	   164    0x06 0x40 0x08 0x00 0x00 0x33 0x7c 0x30 0x27 0xff 0xc8 0xb7                      MOVA r0, #50;                 NOPB;                                                       SEL.EQZ r23, r25, r24, r27;   MOV r1, #-1
.return_address
.no_stack_arguments
	   176    0x00 0x00 0x00 0x00 0x01 0x15                                                                                                                                              JL #llvm___aie2___acquire
.delay_slot
	   182    0x06 0x20 0x08 0x3e 0x17 0xcb 0x9d 0xcb 0x28 0xbb                                MOVA r0, #49;                                                                             MOVX r1, #-2;                 MOV p7, r23
.delay_slot
.swstall delay_slot
	   192    0x00 0x01                                                                        NOPX
.delay_slot
.swstall delay_slot
	   194    0x00 0x01                                                                        NOPX
.delay_slot
.swstall delay_slot
	   196    0x00 0x01                                                                        NOPX
.delay_slot
.swstall delay_slot
	   198    0x00 0x00 0x00 0x00 0x00 0x00 0x00 0x03 0x8e 0xbb                                NOPA;                         NOPB;                                                                                     NOPM
.return_address
.no_stack_arguments
	   208    0x00 0x00 0x00 0x00 0x01 0x15                                                                                                                                              JL #sum_10_i32
.delay_slot
	   214    0x19 0x38 0x96 0x59                                                                                                                                                                                      MOV p1, r17
.delay_slot
	   218    0x1a 0x3c 0x76 0x59                                                                                                                                                                                      MOV p2, p6
.delay_slot
	   222    0x18 0x3e 0x76 0x59                                                                                                                                                                                      MOV p0, p7
.delay_slot
.swstall delay_slot
	   226    0x00 0x01                                                                        NOPX
.delay_slot
.swstall delay_slot
	   228    0x00 0x00 0x00 0x00 0x00 0x00 0x00 0x00 0x00 0x00 0x01 0x37                      NOPA;                         NOPB;                         NOPS;                         NOPX
.return_address
.no_stack_arguments
	   240    0x00 0x00 0x00 0x00 0x01 0x15                                                                                                                                              JL #llvm___aie2___release
.delay_slot
	   246    0x00 0x20 0x48 0x00 0x06 0x6a 0xe0 0x03 0xc8 0xbb                                MOVA r1, #1;                                                                              MOVX r0, #51;                 MOV r23, #1
.delay_slot
.swstall delay_slot
	   256    0x00 0x01                                                                        NOPX
.delay_slot
.swstall delay_slot
	   258    0x00 0x01                                                                        NOPX
.delay_slot
.swstall delay_slot
	   260    0x00 0x01                                                                        NOPX
.delay_slot
.swstall delay_slot
	   262    0x00 0x00 0x00 0x00 0x00 0x00 0x00 0x03 0x8e 0xbb                                NOPA;                         NOPB;                                                                                     NOPM
.return_address
.no_stack_arguments
	   272    0x00 0x00 0x00 0x00 0x01 0x15                                                                                                                                              JL #llvm___aie2___release
.delay_slot
	   278    0x00 0x00 0x06 0x08 0x20 0x07 0x48 0x43                                                                                                                                    MOVX r0, #48;                 MOV r1, #2
.delay_slot
.swstall delay_slot
	   286    0x00 0x01                                                                        NOPX
.delay_slot
.swstall delay_slot
	   288    0x00 0x01                                                                        NOPX
.delay_slot
.swstall delay_slot
	   290    0x00 0x01                                                                        NOPX
.delay_slot
.swstall delay_slot
	   292    0x00 0x00 0x00 0x00 0x00 0x00 0x00 0x00 0x00 0x00 0x01 0x37                      NOPA;                         NOPB;                         NOPS;                         NOPX
.return_address
	   304    0x00 0x25 0x20 0x3b 0x00 0x03 0x48 0x43                                                                                                                                    ADD r18, r18, #1;             MOV r24, #0
	   312    0x16 0x21 0x02 0x99                                                                                                                                                        ADC r16, r24, r16
	   316    0x00 0x00 0x0c 0x60 0xc0 0x55                                                                                                                                              MOVXM p6, #(TGT_Fcore_0_2_96 + 0)
	   322    0x15 0x29 0x8c 0x19                                                                                                                                                        JNZD r20, r20, p6
.delay_slot
.swstall delay_slot
	   326    0x00 0x01                                                                        NOPX
.delay_slot
.swstall delay_slot
	   328    0x00 0x01                                                                        NOPX
.delay_slot
.swstall delay_slot
	   330    0x00 0x01                                                                        NOPX
.delay_slot
.swstall delay_slot
	   332    0x00 0x01                                                                        NOPX
.delay_slot
.swstall delay_slot
	   334    0x00 0x01                                                                        NOPX
.loop_nesting 0
	   336    0x07 0xfa 0xc2 0xd9                                                              LDA lr, [sp, #-44]
	   340    0x07 0xfb 0x64 0x59                                                              LDA r18, [sp, #-40]
	   344    0x07 0xfb 0xe2 0x59                                                              LDA r17, [sp, #-36]
	   348    0x07 0xff 0xe0 0x59                                                              LDA r16, [sp, #-4]
	   352    0x07 0xff 0x66 0x59                                                              LDA r19, [sp, #-8]
	   356    0x07 0xfe 0xe8 0x59                                                              LDA r20, [sp, #-12]
	   360    0x07 0xfe 0x6a 0x59                                                              LDA r21, [sp, #-16]
	   364    0x07 0xfd 0xec 0x59                                                              LDA r22, [sp, #-20]
	   368    0x07 0xfd 0x6e 0x59                                                              LDA r23, [sp, #-24]
	   372    0x07 0xfc 0xf6 0xd9                                                              LDA p6, [sp, #-28]
	   376    0x07 0xfc 0x7e 0xd9                                                              LDA p7, [sp, #-32]
	   380    0x10 0x00 0x18 0x19                                                                                                                                                        RET lr
.delay_slot
.swstall delay_slot
	   384    0x00 0x01                                                                        NOPX
.delay_slot
.swstall delay_slot
	   386    0x00 0x01                                                                        NOPX
.delay_slot
.swstall delay_slot
	   388    0x00 0x01                                                                        NOPX
.delay_slot
.swstall delay_slot
	   390    0x00 0x01                                                                        NOPX
.label core_0_2__end last
.delay_slot
	   392    0x07 0xff 0xc0 0x00 0x00 0x00 0x78 0x23                                                                        PADDB [sp], #-64;                                                                                                                 NOPV

.undef global data input_fifo_cons_buff_0

.undef global data input_fifo_cons_buff_2

.undef global data input_fifo_cons_buff_1

.undef global data input_fifo_cons_buff_3

.undef global data output_fifo_buff_1

.undef global data output_fifo_buff_0

.undef global text llvm___aie2___acquire

.undef global text sum_10_i32

.undef global text llvm___aie2___release

.text_segment_name
.text global 10 llvm___aie2___acquire
.function_start
	     0    0x10 0x12 0x12 0x19                                                                                                                                                        ACQ r0, r1
	     4    0x10 0x00 0x18 0x19                                                                                                                                                        RET lr
.delay_slot
.swstall delay_slot
	     8    0x00 0x01                                                                        NOPX
.delay_slot
.swstall delay_slot
	    10    0x00 0x01                                                                        NOPX
.delay_slot
.swstall delay_slot
	    12    0x00 0x01                                                                        NOPX
.delay_slot
.swstall delay_slot
	    14    0x00 0x01                                                                        NOPX
.label llvm___aie2___acquire__end last
.delay_slot
.swstall delay_slot
	    16    0x00 0x00 0x00 0x00 0x00 0x00 0x00 0x00 0x00 0x00 0x00 0x03 0x88 0x00 0x03 0xc0  NOPA;                         NOPB;                         NOPS;                         NOPX;                         NOPM;                                   NOPV

.text_segment_name
.text global 10 llvm___aie2___release
.function_start
	     0    0x00 0x01                                                                        NOPX
	     2    0x00 0x01                                                                        NOPX
	     4    0x00 0x01                                                                        NOPX
	     6    0x00 0x01                                                                        NOPX
	     8    0x00 0x01                                                                        NOPX
	    10    0x00 0x01                                                                        NOPX
	    12    0x10 0x10 0x12 0x19                                                                                                                                                        REL r0, r1
	    16    0x10 0x00 0x18 0x19                                                                                                                                                        RET lr
.delay_slot
.swstall delay_slot
	    20    0x00 0x01                                                                        NOPX
.delay_slot
.swstall delay_slot
	    22    0x00 0x01                                                                        NOPX
.delay_slot
.swstall delay_slot
	    24    0x00 0x01                                                                        NOPX
.delay_slot
.swstall delay_slot
	    26    0x00 0x01                                                                        NOPX
.label llvm___aie2___release__end last
.delay_slot
.swstall delay_slot
	    28    0x00 0x00 0x00 0x19                                                              NOPA

.text_segment_name
.text global 10 llvm___aie___event0
.function_start
	     0    0x10 0x00 0x18 0x19                                                                                                                                                        RET lr
.delay_slot
	     4    0x10 0x00 0x10 0x19                                                                                                                                                        EVENT #0
.delay_slot
.swstall delay_slot
	     8    0x00 0x01                                                                        NOPX
.delay_slot
.swstall delay_slot
	    10    0x00 0x01                                                                        NOPX
.delay_slot
.swstall delay_slot
	    12    0x00 0x01                                                                        NOPX
.label llvm___aie___event0__end last
.delay_slot
.swstall delay_slot
	    14    0x00 0x01                                                                        NOPX

.text_segment_name
.text global 10 llvm___aie___event1
.function_start
	     0    0x10 0x00 0x18 0x19                                                                                                                                                        RET lr
.delay_slot
	     4    0x12 0x00 0x10 0x19                                                                                                                                                        EVENT #1
.delay_slot
.swstall delay_slot
	     8    0x00 0x01                                                                        NOPX
.delay_slot
.swstall delay_slot
	    10    0x00 0x01                                                                        NOPX
.delay_slot
.swstall delay_slot
	    12    0x00 0x01                                                                        NOPX
.label llvm___aie___event1__end last
.delay_slot
.swstall delay_slot
	    14    0x00 0x01                                                                        NOPX



.direct_eval +,-,(,)
