
// File generated by darts version U-2022.12#3eec2545bc#230622, Wed Jan 10 06:33:56 2024
// Copyright 2014-2022 Synopsys, Inc. All rights reserved.
// darts -I/proj/xbuilds/SWIP/2023.2_1013_2256/installs/lin64/Vitis/2023.2/aietools/data/aie_ml/lib -d -h -I/proj/xbuilds/SWIP/2023.2_1013_2256/installs/lin64/Vitis/2023.2/aietools/include -I/proj/xbuilds/SWIP/2023.2_1013_2256/installs/lin64/Vitis/2023.2/aietools/data/aie_ml/lib/runtime_cxx/libcxx-lite/include -I/proj/xbuilds/SWIP/2023.2_1013_2256/installs/lin64/Vitis/2023.2/aietools/data/aie_ml/lib/runtime_cxx/libs/libcxx-9.0.0/include-lite -I/proj/xbuilds/SWIP/2023.2_1013_2256/installs/lin64/Vitis/2023.2/aietools/data/aie_ml/lib/runtime/include -I/proj/xbuilds/2023.2_released/installs/lin64/Vitis/2023.2/aietools/tps/boost_1_64_0 -D__AIENGINE__=2 -D__AIEARCH__=20 -D__tct_tgt__=230622 -L +Ihex +nanno pass_through.o me

// Release: ipp U-2022.12-TGT-230622
.undef global data _ZN12me_primitive11control_satE

.undef global data _ZN12me_primitive11control_rndE

.text_segment_name
.text global 16 pass_through
.function_start
	     0    0x10 0x0a 0x21 0x19                                                                                                                                                        MOVX r5, #8
	     4    0x10 0x8a 0x5a 0x99                                                                                                                                                        LT r5, r2, r5
	     8    0x28 0x04 0xf0 0x40 0x01 0x95                                                                                                                                              JNZ r5, #TGT_Fpass_through_2528
.delay_slot
	    14    0x00 0x00 0x00 0x80 0x27 0xc3 0xc8 0x43                                                                                                                                    EVENT #0;                     MOV r1, #-31
.delay_slot
	    22    0x00 0x04 0x60 0xf4 0x67 0xc7 0xc8 0x43                                                                                                                                    ASHL r6, r2, r1;              MOV r3, #-29
.delay_slot
	    30    0x00 0x03 0x20 0x0c 0x61 0xec 0x87 0x3b 0x28 0x3b                                                              PADDB [sp], #32;                                            LSHL r6, r6, r3;              MOV r4, p7
.delay_slot
	    40    0xff 0xf8 0xd0 0x0c 0x61 0x04 0x27 0xfb 0xc9 0x3b                                                                                            ST p0, [sp, #-4];             ADD r6, r6, r2;               MOV r1, #-3
.delay_slot
	    50    0x00 0x0c 0x10 0xf4 0x66 0x3b 0x28 0x43                                                                                                                                    ASHL r1, r6, r1;              MOV r3, p6
	    58    0x00 0x01 0x88 0x3e 0x77 0x88 0xa0 0x07 0xc8 0xbb                                MOVA r6, #0;                                                                              MOVX r7, #-4;                 MOV r5, #3
	    68    0x01 0x00 0x28 0x00 0x82 0xec 0x20 0x7f 0xf8 0xbb                                MOVA m0, #8;                                                                              LSHL r8, r0, r5;              ADD.NC r1, r1, #-1
	    78    0x00 0x22 0x48 0x04 0x73 0xec 0x32 0x0b 0x28 0xbb                                MOVA r9, #1;                                                                              LSHL r7, r2, r7;              MOV m1, r8
	    88    0x00 0x80 0x88 0x0c 0xa0 0x4d 0x60 0x07 0x48 0xbb                                MOVA r2, #4;                                                                              GE r10, r6, r0;               MOV r11, #2
	    98    0x00 0xa3 0x08 0x00 0x00 0x03 0x18 0x40 0x10 0xbb                                MOVA r12, #5;                                                                             MOVXM p6, #(TGT_Fpass_through_128 + 0)
	   108    0x00 0xe3 0x48 0x00 0xe0 0xcb 0x99 0x3b 0x28 0xbb                                MOVA r13, #7;                                                                             MOVX r14, #6;                 MOV p7, p1
	   118    0x00 0x00 0x00 0x00 0xf0 0x09 0x9a 0x3b 0x28 0xbb                                NOPA;                                                                                     MOVX r15, #0;                 MOV p3, p2
.label TGT_Fpass_through_128
.loop_nesting 1
	   128    0x11 0xb0 0x7c 0x99                                                                                                                                                        LTU r24, r6, r7
	   132    0xc0 0x02 0x98 0x40 0x01 0x95                                                                                                                                              JNZ r24, #TGT_Fpass_through_1328
.delay_slot
.swstall delay_slot
	   138    0x00 0x01                                                                        NOPX
.delay_slot
.swstall delay_slot
	   140    0x00 0x01                                                                        NOPX
.delay_slot
.swstall delay_slot
	   142    0x00 0x01                                                                        NOPX
.delay_slot
.swstall delay_slot
	   144    0x00 0x01                                                                        NOPX
.delay_slot
.swstall delay_slot
	   146    0x00 0x01                                                                        NOPX
	   148    0x50 0x04 0xe0 0x40 0x01 0x95                                                                                                                                              JNZ r10, #TGT_Fpass_through_2496
.delay_slot
.swstall delay_slot
	   154    0x00 0x01                                                                        NOPX
.delay_slot
.swstall delay_slot
	   156    0x00 0x01                                                                        NOPX
.delay_slot
.swstall delay_slot
	   158    0x00 0x01                                                                        NOPX
.delay_slot
.swstall delay_slot
	   160    0x00 0x01                                                                        NOPX
.delay_slot
.swstall delay_slot
	   162    0x00 0x01                                                                        NOPX
	   164    0x1d 0x70 0x16 0x59                                                                                                                                                                                      MOV lc, r0
	   168    0x00 0x00 0x00 0xe1 0x80 0x55                                                                                                                                              MOVXM ls, #(ZLS_Fpass_through_192 + 0)
	   174    0x00 0x00 0x08 0xe2 0x40 0x55                                                                                                                                              MOVXM le, #(ZLE_Fpass_through_288 + 0)
	   180    0x1c 0x3e 0x76 0x59                                                                                                                                                                                      MOV p4, p7
	   184    0x00 0x00 0x00 0x02 0x9b 0x3b 0x20 0x03                                                                                                      NOPS;                                                       MOV p5, p3
.label ZLS_Fpass_through_192
.loop_nesting 2
.begin_of_loop
	   192    0x04 0x09 0x31 0xd9                                                              LDA.u8 r24, [p4], m0
	   196    0xa1 0x26 0x00 0x00 0x00 0x00 0x00 0x00 0x00 0x00 0x01 0x37                      ST.s8 r24, [p5], m0;          NOPB;                         NOPS;                         NOPX
	   208    0x00 0x00 0x00 0x00 0x00 0x00 0x00 0x00 0x00 0x00 0x00 0x03 0x88 0x00 0x03 0xc0  NOPA;                         NOPB;                         NOPS;                         NOPX;                         NOPM;                                   NOPV
	   224    0x00 0x00 0x00 0x00 0x00 0x00 0x00 0x00 0x00 0x00 0x00 0x03 0x88 0x00 0x03 0xc0  NOPA;                         NOPB;                         NOPS;                         NOPX;                         NOPM;                                   NOPV
	   240    0x00 0x00 0x00 0x00 0x00 0x00 0x00 0x00 0x00 0x00 0x00 0x03 0x88 0x00 0x03 0xc0  NOPA;                         NOPB;                         NOPS;                         NOPX;                         NOPM;                                   NOPV
	   256    0x00 0x00 0x00 0x00 0x00 0x00 0x00 0x00 0x00 0x00 0x00 0x03 0x88 0x00 0x03 0xc0  NOPA;                         NOPB;                         NOPS;                         NOPX;                         NOPM;                                   NOPV
	   272    0x00 0x00 0x00 0x00 0x00 0x00 0x00 0x00 0x00 0x00 0x00 0x03 0x88 0x00 0x03 0xc0  NOPA;                         NOPB;                         NOPS;                         NOPX;                         NOPM;                                   NOPV
.label ZLE_Fpass_through_288
.end_of_loop
	   288    0x00 0x00 0x00 0x00 0x00 0x00 0x00 0x00 0x00 0x00 0x00 0x03 0x88 0x00 0x03 0xc0  NOPA;                         NOPB;                         NOPS;                         NOPX;                         NOPM;                                   NOPV
.loop_nesting 1
	   304    0x1d 0x70 0x16 0x59                                                                                                                                                                                      MOV lc, r0
	   308    0x00 0x00 0x00 0xe2 0xa0 0x55                                                                                                                                              MOVXM ls, #(ZLS_Fpass_through_336 + 0)
	   314    0x00 0x00 0x08 0xe3 0x60 0x55                                                                                                                                              MOVXM le, #(ZLE_Fpass_through_432 + 0)
	   320    0x00 0x00 0x00 0x00 0x00 0x00 0x00 0x00 0x00 0x03 0x03 0xcb 0x28 0x00 0x03 0xc0  NOPA;                         NOPB;                         NOPS;                         NOPX;                         MOV r24, r15;                           NOPV
.label ZLS_Fpass_through_336
.loop_nesting 2
.begin_of_loop
	   336    0x00 0x13 0xac 0x2f 0x06 0x0b 0x38 0x43                                                                                                                                    OR r26, r9, r24;              ADD.NC r24, r24, #8
	   344    0x00 0x00 0x00 0x02 0x16 0x8b 0x20 0x03                                                                                                      NOPS;                                                       MOV dj0, r26
	   352    0x00 0x00 0x22 0x26 0x78 0x00 0x00 0x00 0x00 0x00 0x00 0x03 0x88 0x00 0x03 0xc0  LDA.u8 r25, [p1, dj0];        NOPB;                         NOPS;                         NOPX;                         NOPM;                                   NOPV
	   368    0x00 0x00 0x42 0x26 0x40 0x00 0x00 0x00 0x00 0x00 0x00 0x03 0x88 0x00 0x03 0xc0  ST.s8 r25, [p2, dj0];         NOPB;                         NOPS;                         NOPX;                         NOPM;                                   NOPV
	   384    0x00 0x00 0x00 0x00 0x00 0x00 0x00 0x00 0x00 0x00 0x00 0x03 0x88 0x00 0x03 0xc0  NOPA;                         NOPB;                         NOPS;                         NOPX;                         NOPM;                                   NOPV
	   400    0x00 0x00 0x00 0x00 0x00 0x00 0x00 0x00 0x00 0x00 0x00 0x03 0x88 0x00 0x03 0xc0  NOPA;                         NOPB;                         NOPS;                         NOPX;                         NOPM;                                   NOPV
	   416    0x00 0x00 0x00 0x00 0x00 0x00 0x00 0x00 0x00 0x00 0x00 0x03 0x88 0x00 0x03 0xc0  NOPA;                         NOPB;                         NOPS;                         NOPX;                         NOPM;                                   NOPV
.label ZLE_Fpass_through_432
.end_of_loop
	   432    0x00 0x00 0x00 0x00 0x00 0x00 0x00 0x00 0x00 0x00 0x00 0x03 0x88 0x00 0x03 0xc0  NOPA;                         NOPB;                         NOPS;                         NOPX;                         NOPM;                                   NOPV
.loop_nesting 1
	   448    0x1d 0x70 0x16 0x59                                                                                                                                                                                      MOV lc, r0
	   452    0x00 0x00 0x00 0xe3 0xc0 0x55                                                                                                                                              MOVXM ls, #(ZLS_Fpass_through_480 + 0)
	   458    0x00 0x00 0x08 0xe4 0x80 0x55                                                                                                                                              MOVXM le, #(ZLE_Fpass_through_576 + 0)
	   464    0x00 0x00 0x00 0x00 0x00 0x00 0x00 0x00 0x00 0x03 0x03 0xcb 0x28 0x00 0x03 0xc0  NOPA;                         NOPB;                         NOPS;                         NOPX;                         MOV r24, r15;                           NOPV
.label ZLS_Fpass_through_480
.loop_nesting 2
.begin_of_loop
	   480    0x00 0x17 0xac 0x2f 0x06 0x0b 0x38 0x43                                                                                                                                    OR r26, r11, r24;             ADD.NC r24, r24, #8
	   488    0x00 0x00 0x00 0x02 0x16 0x8b 0x20 0x03                                                                                                      NOPS;                                                       MOV dj0, r26
	   496    0x00 0x00 0x22 0x26 0x78 0x00 0x00 0x00 0x00 0x00 0x00 0x03 0x88 0x00 0x03 0xc0  LDA.u8 r25, [p1, dj0];        NOPB;                         NOPS;                         NOPX;                         NOPM;                                   NOPV
	   512    0x00 0x00 0x42 0x26 0x40 0x00 0x00 0x00 0x00 0x00 0x00 0x03 0x88 0x00 0x03 0xc0  ST.s8 r25, [p2, dj0];         NOPB;                         NOPS;                         NOPX;                         NOPM;                                   NOPV
	   528    0x00 0x00 0x00 0x00 0x00 0x00 0x00 0x00 0x00 0x00 0x00 0x03 0x88 0x00 0x03 0xc0  NOPA;                         NOPB;                         NOPS;                         NOPX;                         NOPM;                                   NOPV
	   544    0x00 0x00 0x00 0x00 0x00 0x00 0x00 0x00 0x00 0x00 0x00 0x03 0x88 0x00 0x03 0xc0  NOPA;                         NOPB;                         NOPS;                         NOPX;                         NOPM;                                   NOPV
	   560    0x00 0x00 0x00 0x00 0x00 0x00 0x00 0x00 0x00 0x00 0x00 0x03 0x88 0x00 0x03 0xc0  NOPA;                         NOPB;                         NOPS;                         NOPX;                         NOPM;                                   NOPV
.label ZLE_Fpass_through_576
.end_of_loop
	   576    0x00 0x00 0x00 0x00 0x00 0x00 0x00 0x00 0x00 0x00 0x00 0x03 0x88 0x00 0x03 0xc0  NOPA;                         NOPB;                         NOPS;                         NOPX;                         NOPM;                                   NOPV
.loop_nesting 1
	   592    0x1d 0x70 0x16 0x59                                                                                                                                                                                      MOV lc, r0
	   596    0x00 0x00 0x00 0xe4 0xe0 0x55                                                                                                                                              MOVXM ls, #(ZLS_Fpass_through_624 + 0)
	   602    0x00 0x00 0x08 0xe5 0xa0 0x55                                                                                                                                              MOVXM le, #(ZLE_Fpass_through_720 + 0)
	   608    0x00 0x00 0x00 0x00 0x00 0x00 0x00 0x00 0x00 0x03 0x03 0xcb 0x28 0x00 0x03 0xc0  NOPA;                         NOPB;                         NOPS;                         NOPX;                         MOV r24, r15;                           NOPV
.label ZLS_Fpass_through_624
.loop_nesting 2
.begin_of_loop
	   624    0x00 0x0b 0xac 0x2f 0x06 0x0b 0x38 0x43                                                                                                                                    OR r26, r5, r24;              ADD.NC r24, r24, #8
	   632    0x00 0x00 0x00 0x02 0x16 0x8b 0x20 0x03                                                                                                      NOPS;                                                       MOV dj0, r26
	   640    0x00 0x00 0x22 0x26 0x78 0x00 0x00 0x00 0x00 0x00 0x00 0x03 0x88 0x00 0x03 0xc0  LDA.u8 r25, [p1, dj0];        NOPB;                         NOPS;                         NOPX;                         NOPM;                                   NOPV
	   656    0x00 0x00 0x42 0x26 0x40 0x00 0x00 0x00 0x00 0x00 0x00 0x03 0x88 0x00 0x03 0xc0  ST.s8 r25, [p2, dj0];         NOPB;                         NOPS;                         NOPX;                         NOPM;                                   NOPV
	   672    0x00 0x00 0x00 0x00 0x00 0x00 0x00 0x00 0x00 0x00 0x00 0x03 0x88 0x00 0x03 0xc0  NOPA;                         NOPB;                         NOPS;                         NOPX;                         NOPM;                                   NOPV
	   688    0x00 0x00 0x00 0x00 0x00 0x00 0x00 0x00 0x00 0x00 0x00 0x03 0x88 0x00 0x03 0xc0  NOPA;                         NOPB;                         NOPS;                         NOPX;                         NOPM;                                   NOPV
	   704    0x00 0x00 0x00 0x00 0x00 0x00 0x00 0x00 0x00 0x00 0x00 0x03 0x88 0x00 0x03 0xc0  NOPA;                         NOPB;                         NOPS;                         NOPX;                         NOPM;                                   NOPV
.label ZLE_Fpass_through_720
.end_of_loop
	   720    0x00 0x00 0x00 0x00 0x00 0x00 0x00 0x00 0x00 0x00 0x00 0x03 0x88 0x00 0x03 0xc0  NOPA;                         NOPB;                         NOPS;                         NOPX;                         NOPM;                                   NOPV
.loop_nesting 1
	   736    0x1d 0x70 0x16 0x59                                                                                                                                                                                      MOV lc, r0
	   740    0x00 0x00 0x00 0xe6 0x00 0x55                                                                                                                                              MOVXM ls, #(ZLS_Fpass_through_768 + 0)
	   746    0x00 0x00 0x08 0xe6 0xc0 0x55                                                                                                                                              MOVXM le, #(ZLE_Fpass_through_864 + 0)
	   752    0x00 0x00 0x00 0x00 0x00 0x00 0x00 0x00 0x00 0x03 0x03 0xcb 0x28 0x00 0x03 0xc0  NOPA;                         NOPB;                         NOPS;                         NOPX;                         MOV r24, r15;                           NOPV
.label ZLS_Fpass_through_768
.loop_nesting 2
.begin_of_loop
	   768    0x00 0x05 0xac 0x2f 0x06 0x0b 0x38 0x43                                                                                                                                    OR r26, r2, r24;              ADD.NC r24, r24, #8
	   776    0x00 0x00 0x00 0x02 0x16 0x8b 0x20 0x03                                                                                                      NOPS;                                                       MOV dj0, r26
	   784    0x00 0x00 0x22 0x26 0x78 0x00 0x00 0x00 0x00 0x00 0x00 0x03 0x88 0x00 0x03 0xc0  LDA.u8 r25, [p1, dj0];        NOPB;                         NOPS;                         NOPX;                         NOPM;                                   NOPV
	   800    0x00 0x00 0x42 0x26 0x40 0x00 0x00 0x00 0x00 0x00 0x00 0x03 0x88 0x00 0x03 0xc0  ST.s8 r25, [p2, dj0];         NOPB;                         NOPS;                         NOPX;                         NOPM;                                   NOPV
	   816    0x00 0x00 0x00 0x00 0x00 0x00 0x00 0x00 0x00 0x00 0x00 0x03 0x88 0x00 0x03 0xc0  NOPA;                         NOPB;                         NOPS;                         NOPX;                         NOPM;                                   NOPV
	   832    0x00 0x00 0x00 0x00 0x00 0x00 0x00 0x00 0x00 0x00 0x00 0x03 0x88 0x00 0x03 0xc0  NOPA;                         NOPB;                         NOPS;                         NOPX;                         NOPM;                                   NOPV
	   848    0x00 0x00 0x00 0x00 0x00 0x00 0x00 0x00 0x00 0x00 0x00 0x03 0x88 0x00 0x03 0xc0  NOPA;                         NOPB;                         NOPS;                         NOPX;                         NOPM;                                   NOPV
.label ZLE_Fpass_through_864
.end_of_loop
	   864    0x00 0x00 0x00 0x00 0x00 0x00 0x00 0x00 0x00 0x00 0x00 0x03 0x88 0x00 0x03 0xc0  NOPA;                         NOPB;                         NOPS;                         NOPX;                         NOPM;                                   NOPV
.loop_nesting 1
	   880    0x1d 0x70 0x16 0x59                                                                                                                                                                                      MOV lc, r0
	   884    0x00 0x00 0x00 0xe7 0x20 0x55                                                                                                                                              MOVXM ls, #(ZLS_Fpass_through_912 + 0)
	   890    0x00 0x00 0x08 0xe7 0xe0 0x55                                                                                                                                              MOVXM le, #(ZLE_Fpass_through_1008 + 0)
	   896    0x00 0x00 0x00 0x00 0x00 0x00 0x00 0x00 0x00 0x03 0x03 0xcb 0x28 0x00 0x03 0xc0  NOPA;                         NOPB;                         NOPS;                         NOPX;                         MOV r24, r15;                           NOPV
.label ZLS_Fpass_through_912
.loop_nesting 2
.begin_of_loop
	   912    0x00 0x19 0xac 0x2f 0x06 0x0b 0x38 0x43                                                                                                                                    OR r26, r12, r24;             ADD.NC r24, r24, #8
	   920    0x00 0x00 0x00 0x02 0x16 0x8b 0x20 0x03                                                                                                      NOPS;                                                       MOV dj0, r26
	   928    0x00 0x00 0x22 0x26 0x78 0x00 0x00 0x00 0x00 0x00 0x00 0x03 0x88 0x00 0x03 0xc0  LDA.u8 r25, [p1, dj0];        NOPB;                         NOPS;                         NOPX;                         NOPM;                                   NOPV
	   944    0x00 0x00 0x42 0x26 0x40 0x00 0x00 0x00 0x00 0x00 0x00 0x03 0x88 0x00 0x03 0xc0  ST.s8 r25, [p2, dj0];         NOPB;                         NOPS;                         NOPX;                         NOPM;                                   NOPV
	   960    0x00 0x00 0x00 0x00 0x00 0x00 0x00 0x00 0x00 0x00 0x00 0x03 0x88 0x00 0x03 0xc0  NOPA;                         NOPB;                         NOPS;                         NOPX;                         NOPM;                                   NOPV
	   976    0x00 0x00 0x00 0x00 0x00 0x00 0x00 0x00 0x00 0x00 0x00 0x03 0x88 0x00 0x03 0xc0  NOPA;                         NOPB;                         NOPS;                         NOPX;                         NOPM;                                   NOPV
	   992    0x00 0x00 0x00 0x00 0x00 0x00 0x00 0x00 0x00 0x00 0x00 0x03 0x88 0x00 0x03 0xc0  NOPA;                         NOPB;                         NOPS;                         NOPX;                         NOPM;                                   NOPV
.label ZLE_Fpass_through_1008
.end_of_loop
	  1008    0x00 0x00 0x00 0x00 0x00 0x00 0x00 0x00 0x00 0x00 0x00 0x03 0x88 0x00 0x03 0xc0  NOPA;                         NOPB;                         NOPS;                         NOPX;                         NOPM;                                   NOPV
.loop_nesting 1
	  1024    0x1d 0x70 0x16 0x59                                                                                                                                                                                      MOV lc, r0
	  1028    0x00 0x00 0x00 0xe8 0x40 0x55                                                                                                                                              MOVXM ls, #(ZLS_Fpass_through_1056 + 0)
	  1034    0x00 0x00 0x08 0xe9 0x00 0x55                                                                                                                                              MOVXM le, #(ZLE_Fpass_through_1152 + 0)
	  1040    0x00 0x00 0x00 0x00 0x00 0x00 0x00 0x00 0x00 0x03 0x03 0xcb 0x28 0x00 0x03 0xc0  NOPA;                         NOPB;                         NOPS;                         NOPX;                         MOV r24, r15;                           NOPV
.label ZLS_Fpass_through_1056
.loop_nesting 2
.begin_of_loop
	  1056    0x00 0x1d 0xac 0x2f 0x06 0x0b 0x38 0x43                                                                                                                                    OR r26, r14, r24;             ADD.NC r24, r24, #8
	  1064    0x00 0x00 0x00 0x02 0x16 0x8b 0x20 0x03                                                                                                      NOPS;                                                       MOV dj0, r26
	  1072    0x00 0x00 0x22 0x26 0x78 0x00 0x00 0x00 0x00 0x00 0x00 0x03 0x88 0x00 0x03 0xc0  LDA.u8 r25, [p1, dj0];        NOPB;                         NOPS;                         NOPX;                         NOPM;                                   NOPV
	  1088    0x00 0x00 0x42 0x26 0x40 0x00 0x00 0x00 0x00 0x00 0x00 0x03 0x88 0x00 0x03 0xc0  ST.s8 r25, [p2, dj0];         NOPB;                         NOPS;                         NOPX;                         NOPM;                                   NOPV
	  1104    0x00 0x00 0x00 0x00 0x00 0x00 0x00 0x00 0x00 0x00 0x00 0x03 0x88 0x00 0x03 0xc0  NOPA;                         NOPB;                         NOPS;                         NOPX;                         NOPM;                                   NOPV
	  1120    0x00 0x00 0x00 0x00 0x00 0x00 0x00 0x00 0x00 0x00 0x00 0x03 0x88 0x00 0x03 0xc0  NOPA;                         NOPB;                         NOPS;                         NOPX;                         NOPM;                                   NOPV
	  1136    0x00 0x00 0x00 0x00 0x00 0x00 0x00 0x00 0x00 0x00 0x00 0x03 0x88 0x00 0x03 0xc0  NOPA;                         NOPB;                         NOPS;                         NOPX;                         NOPM;                                   NOPV
.label ZLE_Fpass_through_1152
.end_of_loop
	  1152    0x00 0x00 0x00 0x00 0x00 0x00 0x00 0x00 0x00 0x00 0x00 0x03 0x88 0x00 0x03 0xc0  NOPA;                         NOPB;                         NOPS;                         NOPX;                         NOPM;                                   NOPV
.loop_nesting 1
	  1168    0x1d 0x70 0x16 0x59                                                                                                                                                                                      MOV lc, r0
	  1172    0x00 0x00 0x00 0xe9 0x60 0x55                                                                                                                                              MOVXM ls, #(ZLS_Fpass_through_1200 + 0)
	  1178    0x00 0x00 0x08 0xea 0x20 0x55                                                                                                                                              MOVXM le, #(ZLE_Fpass_through_1296 + 0)
	  1184    0x00 0x00 0x00 0x00 0x00 0x00 0x00 0x00 0x00 0x03 0x03 0xcb 0x28 0x00 0x03 0xc0  NOPA;                         NOPB;                         NOPS;                         NOPX;                         MOV r24, r15;                           NOPV
.label ZLS_Fpass_through_1200
.loop_nesting 2
.begin_of_loop
	  1200    0x00 0x1b 0xac 0x2f 0x06 0x0b 0x38 0x43                                                                                                                                    OR r26, r13, r24;             ADD.NC r24, r24, #8
	  1208    0x00 0x00 0x00 0x02 0x16 0x8b 0x20 0x03                                                                                                      NOPS;                                                       MOV dj0, r26
	  1216    0x00 0x00 0x22 0x26 0x78 0x00 0x00 0x00 0x00 0x00 0x00 0x03 0x88 0x00 0x03 0xc0  LDA.u8 r25, [p1, dj0];        NOPB;                         NOPS;                         NOPX;                         NOPM;                                   NOPV
	  1232    0x00 0x00 0x42 0x26 0x40 0x00 0x00 0x00 0x00 0x00 0x00 0x03 0x88 0x00 0x03 0xc0  ST.s8 r25, [p2, dj0];         NOPB;                         NOPS;                         NOPX;                         NOPM;                                   NOPV
	  1248    0x00 0x00 0x00 0x00 0x00 0x00 0x00 0x00 0x00 0x00 0x00 0x03 0x88 0x00 0x03 0xc0  NOPA;                         NOPB;                         NOPS;                         NOPX;                         NOPM;                                   NOPV
	  1264    0x00 0x00 0x00 0x00 0x00 0x00 0x00 0x00 0x00 0x00 0x00 0x03 0x88 0x00 0x03 0xc0  NOPA;                         NOPB;                         NOPS;                         NOPX;                         NOPM;                                   NOPV
	  1280    0x00 0x00 0x00 0x00 0x00 0x00 0x00 0x00 0x00 0x00 0x00 0x03 0x88 0x00 0x03 0xc0  NOPA;                         NOPB;                         NOPS;                         NOPX;                         NOPM;                                   NOPV
.label ZLE_Fpass_through_1296
.end_of_loop
	  1296    0x00 0x00 0x00 0x00 0x00 0x00 0x00 0x00 0x00 0x00 0x00 0x03 0x88 0x00 0x03 0xc0  NOPA;                         NOPB;                         NOPS;                         NOPX;                         NOPM;                                   NOPV
.loop_nesting 1
	  1312    0x00 0x04 0xe0 0x00 0x00 0x95                                                                                                                                              J #TGT_Fpass_through_2496
.delay_slot
.swstall delay_slot
	  1318    0x00 0x01                                                                        NOPX
.delay_slot
.swstall delay_slot
	  1320    0x00 0x01                                                                        NOPX
.delay_slot
.swstall delay_slot
	  1322    0x00 0x01                                                                        NOPX
.delay_slot
.swstall delay_slot
	  1324    0x00 0x01                                                                        NOPX
.delay_slot
.swstall delay_slot
	  1326    0x00 0x01                                                                        NOPX
.label TGT_Fpass_through_1328
	  1328    0x50 0x04 0xe0 0x40 0x01 0x95                                                                                                                                              JNZ r10, #TGT_Fpass_through_2496
.delay_slot
.swstall delay_slot
	  1334    0x00 0x01                                                                        NOPX
.delay_slot
.swstall delay_slot
	  1336    0x00 0x01                                                                        NOPX
.delay_slot
.swstall delay_slot
	  1338    0x00 0x01                                                                        NOPX
.delay_slot
.swstall delay_slot
	  1340    0x00 0x01                                                                        NOPX
.delay_slot
.swstall delay_slot
	  1342    0x00 0x01                                                                        NOPX
	  1344    0x1d 0x70 0x16 0x59                                                                                                                                                                                      MOV lc, r0
	  1348    0x00 0x00 0x00 0xea 0xc0 0x55                                                                                                                                              MOVXM ls, #(ZLS_Fpass_through_1376 + 0)
	  1354    0x00 0x00 0x08 0xeb 0x80 0x55                                                                                                                                              MOVXM le, #(ZLE_Fpass_through_1472 + 0)
	  1360    0x1c 0x30 0x76 0x59                                                                                                                                                                                      MOV p4, p0
	  1364    0x00 0x00 0x00 0x00 0x00 0x00 0x00 0x02 0x9b 0x3b 0x20 0xf7                      NOPA;                         NOPB;                         NOPS;                                                       MOV p5, p3
.label ZLS_Fpass_through_1376
.loop_nesting 2
.begin_of_loop
	  1376    0x04 0x09 0x31 0xd9                                                              LDA.u8 r24, [p4], m0
	  1380    0xa1 0x26 0x00 0x00 0x00 0x00 0x00 0x00 0x00 0x00 0x01 0x37                      ST.s8 r24, [p5], m0;          NOPB;                         NOPS;                         NOPX
	  1392    0x00 0x00 0x00 0x00 0x00 0x00 0x00 0x00 0x00 0x00 0x00 0x03 0x88 0x00 0x03 0xc0  NOPA;                         NOPB;                         NOPS;                         NOPX;                         NOPM;                                   NOPV
	  1408    0x00 0x00 0x00 0x00 0x00 0x00 0x00 0x00 0x00 0x00 0x00 0x03 0x88 0x00 0x03 0xc0  NOPA;                         NOPB;                         NOPS;                         NOPX;                         NOPM;                                   NOPV
	  1424    0x00 0x00 0x00 0x00 0x00 0x00 0x00 0x00 0x00 0x00 0x00 0x03 0x88 0x00 0x03 0xc0  NOPA;                         NOPB;                         NOPS;                         NOPX;                         NOPM;                                   NOPV
	  1440    0x00 0x00 0x00 0x00 0x00 0x00 0x00 0x00 0x00 0x00 0x00 0x03 0x88 0x00 0x03 0xc0  NOPA;                         NOPB;                         NOPS;                         NOPX;                         NOPM;                                   NOPV
	  1456    0x00 0x00 0x00 0x00 0x00 0x00 0x00 0x00 0x00 0x00 0x00 0x03 0x88 0x00 0x03 0xc0  NOPA;                         NOPB;                         NOPS;                         NOPX;                         NOPM;                                   NOPV
.label ZLE_Fpass_through_1472
.end_of_loop
	  1472    0x00 0x00 0x00 0x00 0x00 0x00 0x00 0x00 0x00 0x00 0x00 0x03 0x88 0x00 0x03 0xc0  NOPA;                         NOPB;                         NOPS;                         NOPX;                         NOPM;                                   NOPV
.loop_nesting 1
	  1488    0xff 0xfc 0xdd 0x70 0x16 0x4d                                                    LDA p4, [sp, #-4];                                                                                                      MOV lc, r0
	  1494    0x00 0x00 0x00 0xeb 0xe0 0x55                                                                                                                                              MOVXM ls, #(ZLS_Fpass_through_1520 + 0)
	  1500    0x00 0x00 0x08 0xec 0xa0 0x55                                                                                                                                              MOVXM le, #(ZLE_Fpass_through_1616 + 0)
	  1506    0x1e 0x07 0x96 0x59                                                                                                                                                                                      MOV r24, r15
	  1510    0x00 0x00 0x00 0x00 0x00 0x00 0x00 0x03 0x8e 0xbb                                NOPA;                         NOPB;                                                                                     NOPM
.label ZLS_Fpass_through_1520
.loop_nesting 2
.begin_of_loop
	  1520    0x00 0x13 0xac 0x2f 0x06 0x0b 0x38 0x43                                                                                                                                    OR r26, r9, r24;              ADD.NC r24, r24, #8
	  1528    0x00 0x00 0x00 0x02 0x16 0x8b 0x20 0x03                                                                                                      NOPS;                                                       MOV dj0, r26
	  1536    0x00 0x00 0x82 0x26 0x78 0x00 0x00 0x00 0x00 0x00 0x00 0x03 0x88 0x00 0x03 0xc0  LDA.u8 r25, [p4, dj0];        NOPB;                         NOPS;                         NOPX;                         NOPM;                                   NOPV
	  1552    0x00 0x00 0x42 0x26 0x40 0x00 0x00 0x00 0x00 0x00 0x00 0x03 0x88 0x00 0x03 0xc0  ST.s8 r25, [p2, dj0];         NOPB;                         NOPS;                         NOPX;                         NOPM;                                   NOPV
	  1568    0x00 0x00 0x00 0x00 0x00 0x00 0x00 0x00 0x00 0x00 0x00 0x03 0x88 0x00 0x03 0xc0  NOPA;                         NOPB;                         NOPS;                         NOPX;                         NOPM;                                   NOPV
	  1584    0x00 0x00 0x00 0x00 0x00 0x00 0x00 0x00 0x00 0x00 0x00 0x03 0x88 0x00 0x03 0xc0  NOPA;                         NOPB;                         NOPS;                         NOPX;                         NOPM;                                   NOPV
	  1600    0x00 0x00 0x00 0x00 0x00 0x00 0x00 0x00 0x00 0x00 0x00 0x03 0x88 0x00 0x03 0xc0  NOPA;                         NOPB;                         NOPS;                         NOPX;                         NOPM;                                   NOPV
.label ZLE_Fpass_through_1616
.end_of_loop
	  1616    0x00 0x00 0x00 0x00 0x00 0x00 0x00 0x00 0x00 0x00 0x00 0x03 0x88 0x00 0x03 0xc0  NOPA;                         NOPB;                         NOPS;                         NOPX;                         NOPM;                                   NOPV
.loop_nesting 1
	  1632    0x1d 0x70 0x16 0x59                                                                                                                                                                                      MOV lc, r0
	  1636    0x00 0x00 0x00 0xed 0x00 0x55                                                                                                                                              MOVXM ls, #(ZLS_Fpass_through_1664 + 0)
	  1642    0x00 0x00 0x08 0xed 0xc0 0x55                                                                                                                                              MOVXM le, #(ZLE_Fpass_through_1760 + 0)
	  1648    0x00 0x00 0x00 0x00 0x00 0x00 0x00 0x00 0x00 0x03 0x03 0xcb 0x28 0x00 0x03 0xc0  NOPA;                         NOPB;                         NOPS;                         NOPX;                         MOV r24, r15;                           NOPV
.label ZLS_Fpass_through_1664
.loop_nesting 2
.begin_of_loop
	  1664    0x00 0x17 0xac 0x2f 0x06 0x0b 0x38 0x43                                                                                                                                    OR r26, r11, r24;             ADD.NC r24, r24, #8
	  1672    0x00 0x00 0x00 0x02 0x16 0x8b 0x20 0x03                                                                                                      NOPS;                                                       MOV dj0, r26
	  1680    0x00 0x00 0x82 0x26 0x78 0x00 0x00 0x00 0x00 0x00 0x00 0x03 0x88 0x00 0x03 0xc0  LDA.u8 r25, [p4, dj0];        NOPB;                         NOPS;                         NOPX;                         NOPM;                                   NOPV
	  1696    0x00 0x00 0x42 0x26 0x40 0x00 0x00 0x00 0x00 0x00 0x00 0x03 0x88 0x00 0x03 0xc0  ST.s8 r25, [p2, dj0];         NOPB;                         NOPS;                         NOPX;                         NOPM;                                   NOPV
	  1712    0x00 0x00 0x00 0x00 0x00 0x00 0x00 0x00 0x00 0x00 0x00 0x03 0x88 0x00 0x03 0xc0  NOPA;                         NOPB;                         NOPS;                         NOPX;                         NOPM;                                   NOPV
	  1728    0x00 0x00 0x00 0x00 0x00 0x00 0x00 0x00 0x00 0x00 0x00 0x03 0x88 0x00 0x03 0xc0  NOPA;                         NOPB;                         NOPS;                         NOPX;                         NOPM;                                   NOPV
	  1744    0x00 0x00 0x00 0x00 0x00 0x00 0x00 0x00 0x00 0x00 0x00 0x03 0x88 0x00 0x03 0xc0  NOPA;                         NOPB;                         NOPS;                         NOPX;                         NOPM;                                   NOPV
.label ZLE_Fpass_through_1760
.end_of_loop
	  1760    0x00 0x00 0x00 0x00 0x00 0x00 0x00 0x00 0x00 0x00 0x00 0x03 0x88 0x00 0x03 0xc0  NOPA;                         NOPB;                         NOPS;                         NOPX;                         NOPM;                                   NOPV
.loop_nesting 1
	  1776    0x1d 0x70 0x16 0x59                                                                                                                                                                                      MOV lc, r0
	  1780    0x00 0x00 0x00 0xee 0x20 0x55                                                                                                                                              MOVXM ls, #(ZLS_Fpass_through_1808 + 0)
	  1786    0x00 0x00 0x08 0xee 0xe0 0x55                                                                                                                                              MOVXM le, #(ZLE_Fpass_through_1904 + 0)
	  1792    0x00 0x00 0x00 0x00 0x00 0x00 0x00 0x00 0x00 0x03 0x03 0xcb 0x28 0x00 0x03 0xc0  NOPA;                         NOPB;                         NOPS;                         NOPX;                         MOV r24, r15;                           NOPV
.label ZLS_Fpass_through_1808
.loop_nesting 2
.begin_of_loop
	  1808    0x00 0x0b 0xac 0x2f 0x06 0x0b 0x38 0x43                                                                                                                                    OR r26, r5, r24;              ADD.NC r24, r24, #8
	  1816    0x00 0x00 0x00 0x02 0x16 0x8b 0x20 0x03                                                                                                      NOPS;                                                       MOV dj0, r26
	  1824    0x00 0x00 0x82 0x26 0x78 0x00 0x00 0x00 0x00 0x00 0x00 0x03 0x88 0x00 0x03 0xc0  LDA.u8 r25, [p4, dj0];        NOPB;                         NOPS;                         NOPX;                         NOPM;                                   NOPV
	  1840    0x00 0x00 0x42 0x26 0x40 0x00 0x00 0x00 0x00 0x00 0x00 0x03 0x88 0x00 0x03 0xc0  ST.s8 r25, [p2, dj0];         NOPB;                         NOPS;                         NOPX;                         NOPM;                                   NOPV
	  1856    0x00 0x00 0x00 0x00 0x00 0x00 0x00 0x00 0x00 0x00 0x00 0x03 0x88 0x00 0x03 0xc0  NOPA;                         NOPB;                         NOPS;                         NOPX;                         NOPM;                                   NOPV
	  1872    0x00 0x00 0x00 0x00 0x00 0x00 0x00 0x00 0x00 0x00 0x00 0x03 0x88 0x00 0x03 0xc0  NOPA;                         NOPB;                         NOPS;                         NOPX;                         NOPM;                                   NOPV
	  1888    0x00 0x00 0x00 0x00 0x00 0x00 0x00 0x00 0x00 0x00 0x00 0x03 0x88 0x00 0x03 0xc0  NOPA;                         NOPB;                         NOPS;                         NOPX;                         NOPM;                                   NOPV
.label ZLE_Fpass_through_1904
.end_of_loop
	  1904    0x00 0x00 0x00 0x00 0x00 0x00 0x00 0x00 0x00 0x00 0x00 0x03 0x88 0x00 0x03 0xc0  NOPA;                         NOPB;                         NOPS;                         NOPX;                         NOPM;                                   NOPV
.loop_nesting 1
	  1920    0x1d 0x70 0x16 0x59                                                                                                                                                                                      MOV lc, r0
	  1924    0x00 0x00 0x00 0xef 0x40 0x55                                                                                                                                              MOVXM ls, #(ZLS_Fpass_through_1952 + 0)
	  1930    0x00 0x00 0x08 0xf0 0x00 0x55                                                                                                                                              MOVXM le, #(ZLE_Fpass_through_2048 + 0)
	  1936    0x00 0x00 0x00 0x00 0x00 0x00 0x00 0x00 0x00 0x03 0x03 0xcb 0x28 0x00 0x03 0xc0  NOPA;                         NOPB;                         NOPS;                         NOPX;                         MOV r24, r15;                           NOPV
.label ZLS_Fpass_through_1952
.loop_nesting 2
.begin_of_loop
	  1952    0x00 0x05 0xac 0x2f 0x06 0x0b 0x38 0x43                                                                                                                                    OR r26, r2, r24;              ADD.NC r24, r24, #8
	  1960    0x00 0x00 0x00 0x02 0x16 0x8b 0x20 0x03                                                                                                      NOPS;                                                       MOV dj0, r26
	  1968    0x00 0x00 0x82 0x26 0x78 0x00 0x00 0x00 0x00 0x00 0x00 0x03 0x88 0x00 0x03 0xc0  LDA.u8 r25, [p4, dj0];        NOPB;                         NOPS;                         NOPX;                         NOPM;                                   NOPV
	  1984    0x00 0x00 0x42 0x26 0x40 0x00 0x00 0x00 0x00 0x00 0x00 0x03 0x88 0x00 0x03 0xc0  ST.s8 r25, [p2, dj0];         NOPB;                         NOPS;                         NOPX;                         NOPM;                                   NOPV
	  2000    0x00 0x00 0x00 0x00 0x00 0x00 0x00 0x00 0x00 0x00 0x00 0x03 0x88 0x00 0x03 0xc0  NOPA;                         NOPB;                         NOPS;                         NOPX;                         NOPM;                                   NOPV
	  2016    0x00 0x00 0x00 0x00 0x00 0x00 0x00 0x00 0x00 0x00 0x00 0x03 0x88 0x00 0x03 0xc0  NOPA;                         NOPB;                         NOPS;                         NOPX;                         NOPM;                                   NOPV
	  2032    0x00 0x00 0x00 0x00 0x00 0x00 0x00 0x00 0x00 0x00 0x00 0x03 0x88 0x00 0x03 0xc0  NOPA;                         NOPB;                         NOPS;                         NOPX;                         NOPM;                                   NOPV
.label ZLE_Fpass_through_2048
.end_of_loop
	  2048    0x00 0x00 0x00 0x00 0x00 0x00 0x00 0x00 0x00 0x00 0x00 0x03 0x88 0x00 0x03 0xc0  NOPA;                         NOPB;                         NOPS;                         NOPX;                         NOPM;                                   NOPV
.loop_nesting 1
	  2064    0x1d 0x70 0x16 0x59                                                                                                                                                                                      MOV lc, r0
	  2068    0x00 0x00 0x00 0xf0 0x60 0x55                                                                                                                                              MOVXM ls, #(ZLS_Fpass_through_2096 + 0)
	  2074    0x00 0x00 0x08 0xf1 0x20 0x55                                                                                                                                              MOVXM le, #(ZLE_Fpass_through_2192 + 0)
	  2080    0x00 0x00 0x00 0x00 0x00 0x00 0x00 0x00 0x00 0x03 0x03 0xcb 0x28 0x00 0x03 0xc0  NOPA;                         NOPB;                         NOPS;                         NOPX;                         MOV r24, r15;                           NOPV
.label ZLS_Fpass_through_2096
.loop_nesting 2
.begin_of_loop
	  2096    0x00 0x19 0xac 0x2f 0x06 0x0b 0x38 0x43                                                                                                                                    OR r26, r12, r24;             ADD.NC r24, r24, #8
	  2104    0x00 0x00 0x00 0x02 0x16 0x8b 0x20 0x03                                                                                                      NOPS;                                                       MOV dj0, r26
	  2112    0x00 0x00 0x82 0x26 0x78 0x00 0x00 0x00 0x00 0x00 0x00 0x03 0x88 0x00 0x03 0xc0  LDA.u8 r25, [p4, dj0];        NOPB;                         NOPS;                         NOPX;                         NOPM;                                   NOPV
	  2128    0x00 0x00 0x42 0x26 0x40 0x00 0x00 0x00 0x00 0x00 0x00 0x03 0x88 0x00 0x03 0xc0  ST.s8 r25, [p2, dj0];         NOPB;                         NOPS;                         NOPX;                         NOPM;                                   NOPV
	  2144    0x00 0x00 0x00 0x00 0x00 0x00 0x00 0x00 0x00 0x00 0x00 0x03 0x88 0x00 0x03 0xc0  NOPA;                         NOPB;                         NOPS;                         NOPX;                         NOPM;                                   NOPV
	  2160    0x00 0x00 0x00 0x00 0x00 0x00 0x00 0x00 0x00 0x00 0x00 0x03 0x88 0x00 0x03 0xc0  NOPA;                         NOPB;                         NOPS;                         NOPX;                         NOPM;                                   NOPV
	  2176    0x00 0x00 0x00 0x00 0x00 0x00 0x00 0x00 0x00 0x00 0x00 0x03 0x88 0x00 0x03 0xc0  NOPA;                         NOPB;                         NOPS;                         NOPX;                         NOPM;                                   NOPV
.label ZLE_Fpass_through_2192
.end_of_loop
	  2192    0x00 0x00 0x00 0x00 0x00 0x00 0x00 0x00 0x00 0x00 0x00 0x03 0x88 0x00 0x03 0xc0  NOPA;                         NOPB;                         NOPS;                         NOPX;                         NOPM;                                   NOPV
.loop_nesting 1
	  2208    0x1d 0x70 0x16 0x59                                                                                                                                                                                      MOV lc, r0
	  2212    0x00 0x00 0x00 0xf1 0x80 0x55                                                                                                                                              MOVXM ls, #(ZLS_Fpass_through_2240 + 0)
	  2218    0x00 0x00 0x08 0xf2 0x40 0x55                                                                                                                                              MOVXM le, #(ZLE_Fpass_through_2336 + 0)
	  2224    0x00 0x00 0x00 0x00 0x00 0x00 0x00 0x00 0x00 0x03 0x03 0xcb 0x28 0x00 0x03 0xc0  NOPA;                         NOPB;                         NOPS;                         NOPX;                         MOV r24, r15;                           NOPV
.label ZLS_Fpass_through_2240
.loop_nesting 2
.begin_of_loop
	  2240    0x00 0x1d 0xac 0x2f 0x06 0x0b 0x38 0x43                                                                                                                                    OR r26, r14, r24;             ADD.NC r24, r24, #8
	  2248    0x00 0x00 0x00 0x02 0x16 0x8b 0x20 0x03                                                                                                      NOPS;                                                       MOV dj0, r26
	  2256    0x00 0x00 0x82 0x26 0x78 0x00 0x00 0x00 0x00 0x00 0x00 0x03 0x88 0x00 0x03 0xc0  LDA.u8 r25, [p4, dj0];        NOPB;                         NOPS;                         NOPX;                         NOPM;                                   NOPV
	  2272    0x00 0x00 0x42 0x26 0x40 0x00 0x00 0x00 0x00 0x00 0x00 0x03 0x88 0x00 0x03 0xc0  ST.s8 r25, [p2, dj0];         NOPB;                         NOPS;                         NOPX;                         NOPM;                                   NOPV
	  2288    0x00 0x00 0x00 0x00 0x00 0x00 0x00 0x00 0x00 0x00 0x00 0x03 0x88 0x00 0x03 0xc0  NOPA;                         NOPB;                         NOPS;                         NOPX;                         NOPM;                                   NOPV
	  2304    0x00 0x00 0x00 0x00 0x00 0x00 0x00 0x00 0x00 0x00 0x00 0x03 0x88 0x00 0x03 0xc0  NOPA;                         NOPB;                         NOPS;                         NOPX;                         NOPM;                                   NOPV
	  2320    0x00 0x00 0x00 0x00 0x00 0x00 0x00 0x00 0x00 0x00 0x00 0x03 0x88 0x00 0x03 0xc0  NOPA;                         NOPB;                         NOPS;                         NOPX;                         NOPM;                                   NOPV
.label ZLE_Fpass_through_2336
.end_of_loop
	  2336    0x00 0x00 0x00 0x00 0x00 0x00 0x00 0x00 0x00 0x00 0x00 0x03 0x88 0x00 0x03 0xc0  NOPA;                         NOPB;                         NOPS;                         NOPX;                         NOPM;                                   NOPV
.loop_nesting 1
	  2352    0x1d 0x70 0x16 0x59                                                                                                                                                                                      MOV lc, r0
	  2356    0x00 0x00 0x00 0xf2 0xa0 0x55                                                                                                                                              MOVXM ls, #(ZLS_Fpass_through_2384 + 0)
	  2362    0x00 0x00 0x08 0xf3 0x60 0x55                                                                                                                                              MOVXM le, #(ZLE_Fpass_through_2480 + 0)
	  2368    0x00 0x00 0x00 0x00 0x00 0x00 0x00 0x00 0x00 0x03 0x03 0xcb 0x28 0x00 0x03 0xc0  NOPA;                         NOPB;                         NOPS;                         NOPX;                         MOV r24, r15;                           NOPV
.label ZLS_Fpass_through_2384
.loop_nesting 2
.begin_of_loop
	  2384    0x00 0x1b 0xac 0x2f 0x06 0x0b 0x38 0x43                                                                                                                                    OR r26, r13, r24;             ADD.NC r24, r24, #8
	  2392    0x00 0x00 0x00 0x02 0x16 0x8b 0x20 0x03                                                                                                      NOPS;                                                       MOV dj0, r26
	  2400    0x00 0x00 0x82 0x26 0x78 0x00 0x00 0x00 0x00 0x00 0x00 0x03 0x88 0x00 0x03 0xc0  LDA.u8 r25, [p4, dj0];        NOPB;                         NOPS;                         NOPX;                         NOPM;                                   NOPV
	  2416    0x00 0x00 0x42 0x26 0x40 0x00 0x00 0x00 0x00 0x00 0x00 0x03 0x88 0x00 0x03 0xc0  ST.s8 r25, [p2, dj0];         NOPB;                         NOPS;                         NOPX;                         NOPM;                                   NOPV
	  2432    0x00 0x00 0x00 0x00 0x00 0x00 0x00 0x00 0x00 0x00 0x00 0x03 0x88 0x00 0x03 0xc0  NOPA;                         NOPB;                         NOPS;                         NOPX;                         NOPM;                                   NOPV
	  2448    0x00 0x00 0x00 0x00 0x00 0x00 0x00 0x00 0x00 0x00 0x00 0x03 0x88 0x00 0x03 0xc0  NOPA;                         NOPB;                         NOPS;                         NOPX;                         NOPM;                                   NOPV
	  2464    0x00 0x00 0x00 0x00 0x00 0x00 0x00 0x00 0x00 0x00 0x00 0x03 0x88 0x00 0x03 0xc0  NOPA;                         NOPB;                         NOPS;                         NOPX;                         NOPM;                                   NOPV
.label ZLE_Fpass_through_2480
.end_of_loop
	  2480    0x00 0x00 0x00 0x00 0x00 0x00 0x00 0x00 0x00 0x00 0x00 0x03 0x88 0x00 0x03 0xc0  NOPA;                         NOPB;                         NOPS;                         NOPX;                         NOPM;                                   NOPV
.label TGT_Fpass_through_2496
.loop_nesting 1
	  2496    0x10 0x43 0x8c 0x19                                                                                                                                                        JNZD r1, r1, p6
.delay_slot
	  2500    0x12 0x00 0x10 0x19                                                                                                                                                        EVENT #1
.delay_slot
	  2504    0x05 0x06 0x33 0x2b 0x0b 0xde 0x80 0x98 0x30 0x6f 0xe5 0x06 0x28 0x7f            PADDA [p0], m1;               PADDB [p3], m1;               PADDS [p7], m1;               ADD r15, r15, r8;             ADD.NC r6, r6, #1
.delay_slot
.swstall delay_slot
	  2518    0x00 0x01                                                                        NOPX
.delay_slot
.swstall delay_slot
	  2520    0x00 0x01                                                                        NOPX
.delay_slot
.swstall delay_slot
	  2522    0x00 0x00 0x00 0x00 0x00 0x7d                                                    NOPA;                         NOPB
.label TGT_Fpass_through_2528
.loop_nesting 0
	  2528    0x10 0x00 0x18 0x19                                                                                                                                                        RET lr
.delay_slot
	  2532    0x1f 0x32 0x16 0x59                                                                                                                                                                                      MOV p7, r4
.delay_slot
	  2536    0x07 0xff 0xe6 0x31 0x96 0x45                                                                                  PADDB [sp], #-32;                                                                         MOV p6, r3
.delay_slot
.swstall delay_slot
	  2542    0x00 0x01                                                                        NOPX
.delay_slot
.swstall delay_slot
	  2544    0x00 0x01                                                                        NOPX
.label pass_through__end last
.delay_slot
.swstall delay_slot
	  2546    0x00 0x00 0x00 0x00 0x00 0x00 0x00 0x40 0x00 0x38 0x00 0x00 0x78 0x2f            NOPA;                                                       NOPS;                                                       NOPM;                                   NOPV



.direct_eval +,-,(,)
