
// File generated by darts version U-2022.12#3eec2545bc#230622, Thu Jul 25 11:16:48 2024
// Copyright 2014-2022 Synopsys, Inc. All rights reserved.
// darts -I/proj/xbuilds/SWIP/2023.2_1013_2256/installs/lin64/Vitis/2023.2/aietools/data/aie_ml/lib -d -h -I/proj/xbuilds/SWIP/2023.2_1013_2256/installs/lin64/Vitis/2023.2/aietools/data/aie_ml/lib/runtime_cxx/libcxx-lite/include -I/proj/xbuilds/SWIP/2023.2_1013_2256/installs/lin64/Vitis/2023.2/aietools/data/aie_ml/lib/runtime_cxx/libs/libcxx-9.0.0/include-lite -I/proj/xbuilds/SWIP/2023.2_1013_2256/installs/lin64/Vitis/2023.2/aietools/data/aie_ml/lib/runtime/include -I<BOOST_DIR> -D__AIENGINE__ -D__AIE_ARCH__=20 -D__AIEARCH__=20 -D__tct_tgt__=230622 -L +Ihex +nanno +u core_0_2.elf me

// Release: ipp U-2022.12-TGT-230622

.text_segment PM      0
.entry_point
.label __AIE_ARCH_MODEL_VERSION__20010300__inlined__1__me_basic___main_init_
.label _main_init
.function_start
           0    0x00 0x00 0x01 0xc3 0x38 0x00 0x10 0x43                                                                                                                                    MOVXM sp, #458752
           8    0x00 0x00 0x08 0x00 0x00 0x55                                                                                                                                              MOVXM r16, #0
          14    0x00 0x00 0x0c 0x00 0x00 0x55                                                                                                                                              MOVXM r24, #0
          20    0x16 0x31 0x07 0x99                                                                                                                                                        EQ r24, r24, r16
          24    0xc0 0x00 0x40 0x40 0x01 0x95                                                                                                                                              JNZ r24, #128
.delay_slot
.swstall delay_slot
          30    0x00 0x01                                                                        NOPX
.delay_slot
.swstall delay_slot
          32    0x00 0x01                                                                        NOPX
.delay_slot
.swstall delay_slot
          34    0x00 0x01                                                                        NOPX
.delay_slot
.swstall delay_slot
          36    0x00 0x01                                                                        NOPX
.delay_slot
.swstall delay_slot
          38    0x00 0x01                                                                        NOPX
          40    0xff 0xff 0xfc 0x7f 0xf8 0x55                                                                                                                                              MOVXM p6, #-4
          46    0x1f 0x30 0x76 0x59                                                                                                                                                                                      MOV p7, p0
          50    0x00 0x00 0x00 0x00 0x00 0x00 0x00 0x62 0x04 0xb2 0x00 0x00 0x78 0x2f            NOPA;                                                       NOPS;                                                       MOV r17, r1;                            NOPV
.label TGT_F_main_init_64
.loop_nesting 1
          64    0xdf 0xf0 0xdc 0x8c 0x76 0x4d                                                    LDA p0, [p6], #-4;                                                                                                      MOV r18, p6
          70    0x00 0x01                                                                        NOPX
          72    0x00 0x01                                                                        NOPX
          74    0x00 0x01                                                                        NOPX
          76    0x00 0x01                                                                        NOPX
          78    0x00 0x01                                                                        NOPX
          80    0x00 0x01                                                                        NOPX
.no_stack_arguments
          82    0x10 0x00 0x14 0x19                                                                                                                                                        JL p0
.delay_slot
.swstall delay_slot
          86    0x00 0x01                                                                        NOPX
.delay_slot
.swstall delay_slot
          88    0x00 0x01                                                                        NOPX
.delay_slot
.swstall delay_slot
          90    0x00 0x01                                                                        NOPX
.delay_slot
.swstall delay_slot
          92    0x00 0x01                                                                        NOPX
.delay_slot
.swstall delay_slot
          94    0x00 0x01                                                                        NOPX
.return_address
          96    0x14 0xb1 0x08 0x99                                                                                                                                                        NE r24, r18, r16
         100    0xc0 0x00 0x20 0x40 0x01 0x95                                                                                                                                              JNZ r24, #64
.delay_slot
.swstall delay_slot
         106    0x00 0x01                                                                        NOPX
.delay_slot
.swstall delay_slot
         108    0x00 0x01                                                                        NOPX
.delay_slot
.swstall delay_slot
         110    0x00 0x01                                                                        NOPX
.delay_slot
.swstall delay_slot
         112    0x00 0x01                                                                        NOPX
.delay_slot
.swstall delay_slot
         114    0x00 0x01                                                                        NOPX
.loop_nesting 0
         116    0x18 0x3e 0x76 0x59                                                                                                                                                                                      MOV p0, p7
         120    0x00 0x00 0x00 0x00 0x24 0x4b 0x20 0x03                                                                                                      NOPS;                                                       MOV r1, r17
.label TGT_F_main_init_128
.no_stack_arguments
         128    0x00 0x00 0x70 0x00 0x01 0x15                                                                                                                                              JL #224
.delay_slot
.swstall delay_slot
         134    0x00 0x01                                                                        NOPX
.delay_slot
.swstall delay_slot
         136    0x00 0x01                                                                        NOPX
.delay_slot
.swstall delay_slot
         138    0x00 0x01                                                                        NOPX
.delay_slot
.swstall delay_slot
         140    0x00 0x01                                                                        NOPX
.delay_slot
.swstall delay_slot
         142    0x00 0x01                                                                        NOPX
.return_address
.no_stack_arguments
         144    0x00 0x02 0x80 0x00 0x01 0x15                                                                                                                                              JL #1280
.delay_slot
         150    0x18 0x30 0x06 0x99                                                                                                                                                                                      MOV p0, #0
.delay_slot
.swstall delay_slot
         154    0x00 0x01                                                                        NOPX
.delay_slot
.swstall delay_slot
         156    0x00 0x01                                                                        NOPX
.delay_slot
.swstall delay_slot
         158    0x00 0x01                                                                        NOPX
.delay_slot
.swstall delay_slot
         160    0x00 0x00 0x00 0x00 0x00 0x00 0x00 0x00 0x00 0x00 0x00 0x03 0x88 0x00 0x03 0xc0  NOPA;                         NOPB;                         NOPS;                         NOPX;                         NOPM;                                   NOPV
.return_address
.swstall chess_separator_scheduler
         176    0x00 0x01                                                                        NOPX
.swstall chess_separator_scheduler
         178    0x00 0x01                                                                        NOPX
.swstall chess_separator_scheduler
         180    0x00 0x01                                                                        NOPX
.swstall chess_separator_scheduler
         182    0x00 0x01                                                                        NOPX
.swstall chess_separator_scheduler
         184    0x00 0x01                                                                        NOPX
.swstall chess_separator_scheduler
         186    0x00 0x01                                                                        NOPX
         188    0x10 0x00 0x08 0x19                                                                                                                                                        DONE
.swstall chess_separator_scheduler
         192    0x00 0x01                                                                        NOPX
.swstall chess_separator_scheduler
         194    0x00 0x01                                                                        NOPX
.swstall chess_separator_scheduler
         196    0x00 0x01                                                                        NOPX
.swstall chess_separator_scheduler
         198    0x00 0x01                                                                        NOPX
.swstall chess_separator_scheduler
         200    0x00 0x01                                                                        NOPX
.swstall chess_separator_scheduler
         202    0x00 0x01                                                                        NOPX
.swstall for_chess_exit
.exit
         204    0x00 0x00 0x00 0x19                                                              NOPA
.label TGT_F_main_init_208
.loop_nesting 1
         208    0x00 0x00 0x68 0x00 0x00 0x95                                                                                                                                              J #208
.delay_slot
.swstall delay_slot
         214    0x00 0x01                                                                        NOPX
.delay_slot
.swstall delay_slot
         216    0x00 0x01                                                                        NOPX
.delay_slot
.swstall delay_slot
         218    0x00 0x01                                                                        NOPX
.delay_slot
.swstall delay_slot
         220    0x00 0x01                                                                        NOPX
.delay_slot
.swstall delay_slot
         222    0x00 0x01                                                                        NOPX
.label _main_init__end
.label core_0_2
.function_start
         224    0xff 0xc5 0x48 0x03 0x40 0x01 0xc0 0x48 0x05 0x4b 0x28 0xb7                      MOVA r21, #-2;                PADDB [sp], #64;                                            MOVX r28, #2;                 MOV r0, r21
         236    0x00 0x04 0x0f 0xfe 0xe0 0x01 0x40 0x08 0x25 0x0b 0x28 0x77                      MOVA r16, #0;                                               ST r16, [sp, #-12];           MOVX r20, #0;                 MOV r1, r20
         248    0x00 0x04 0x4f 0xff 0x62 0x01 0x70 0x28 0x45 0xcb 0x28 0x77                      MOVA r17, #0;                                               ST r17, [sp, #-8];            MOVX r23, #1;                 MOV r2, r23
         260    0xff 0x6c 0x80 0x01 0x20 0x08 0x65 0x8b 0x29 0x3b                                                                                            ST r18, [sp, #-40];           MOVX r18, #0;                 MOV r3, r22
         270    0xff 0x8f 0xd0 0x00 0x01 0xe2 0xc0 0x00 0x11 0x3b                                                                                            ST p7, [sp, #-32];            MOVXM r22, #491520
         280    0xff 0x9e 0xd0 0x00 0x01 0xc3 0x02 0x80 0x11 0x3b                                                                                            ST p6, [sp, #-28];            MOVXM r24, #460032
         290    0xff 0xa8 0x80 0x00 0x01 0xf3 0x20 0x00 0x11 0x3b                                                                                            ST r2, [sp, #-24];            MOVXM r25, #507904
         300    0x0f 0xfd 0xc6 0x19                                                                                                                          ST r3, [sp, #-20]
         304    0x0f 0xfe 0x40 0x19                                                                                                                          ST r0, [sp, #-16]
         308    0x0f 0xff 0xc2 0x19                                                                                                                          ST r1, [sp, #-4]
         312    0x0f 0xfb 0xe6 0x19                                                                                                                          ST r19, [sp, #-36]
         316    0x0f 0xfa 0xc2 0x99                                                                                                                          ST lr, [sp, #-44]
.label TGT_Fcore_0_2_96
.loop_nesting 1
         320    0xfe 0xe7 0x88 0x25 0xa4 0xe3 0xa1 0x57 0xc8 0xbb                                MOVA r30, #-9;                                                                            EXTEND.u8 r26, r18;           MOV r29, #171
         330    0x00 0x3b 0x3d 0x7f 0xe0 0x07 0xc8 0x43                                                                                                                                    MUL r19, r29, r26;            MOV r31, #3
         338    0x00 0x07 0x0e 0x88 0x00 0x55                                                                                                                                              MOVXM r29, #459776
         344    0x14 0xfd 0xed 0x99                                                                                                                                                        LSHL r30, r19, r30
         348    0x17 0xff 0xef 0x99                                                                                                                                                        MUL r31, r31, r30
         352    0x00 0x07 0x4f 0x00 0x00 0x55                                                                                                                                              MOVXM r30, #475136
         358    0x14 0xbf 0xf1 0x99                                                                                                                                                        SUB r31, r18, r31
         362    0x17 0xfe 0x9c 0x19                                                                                                                                                        EXTEND.u8 r31, r31
         366    0x17 0xf7 0x78 0x99                                                                                                                                                        NE r27, r31, r23
         370    0x16 0x65 0x66 0x19                                                                                                                                                        SEL.EQZ r18, r25, r22, r27
         374    0x16 0x33 0x96 0x19                                                                                                                                                        SEL.EQZ r25, r24, r25, r27
         378    0x17 0xf7 0xc7 0x99                                                                                                                                                        EQ r27, r31, r28
         382    0x14 0xb1 0x86 0x19                                                                                                                                                        SEL.EQZ r24, r18, r24, r27
         386    0x16 0x65 0x66 0x19                                                                                                                                                        SEL.EQZ r18, r25, r22, r27
.no_stack_arguments
         390    0x00 0x01 0xa8 0x00 0x01 0x15                                                                                                                                              JL #848
.delay_slot
         396    0x00 0x2f 0x88 0x27 0x1e 0x0b 0x28 0x43                                                                                                                                    AND r24, r23, r16;            MOV p6, r24
.delay_slot
         404    0x00 0x31 0x86 0xe3 0x40 0x03 0xc8 0x43                                                                                                                                    EQZ r24, r24;                 MOV r26, #1
.delay_slot
         412    0x16 0xb7 0x84 0x99                                                                                                                                                        AND r27, r26, r24
.delay_slot
         416    0x17 0xb1 0xd6 0x19                                                                                                                                                        SEL.EQZ r24, r30, r29, r27
.delay_slot
         420    0x06 0x40 0x08 0x00 0x00 0x3e 0x17 0xeb 0x9e 0x0b 0x28 0xb7                      MOVA r0, #50;                 NOPB;                                                       MOVX r1, #-1;                 MOV p7, r24
.return_address
         432    0x15 0x71 0x07 0x99                                                                                                                                                        EQ r24, r21, r16
         436    0x14 0x66 0xdc 0x19                                                                                                                                                        EQZ r19, r17
         440    0x14 0xf1 0x84 0x99                                                                                                                                                        AND r24, r19, r24
         444    0xc0 0x01 0x28 0x40 0x01 0x95                                                                                                                                              JNZ r24, #592
.delay_slot
.swstall delay_slot
         450    0x00 0x01                                                                        NOPX
.delay_slot
.swstall delay_slot
         452    0x00 0x01                                                                        NOPX
.delay_slot
.swstall delay_slot
         454    0x00 0x01                                                                        NOPX
.delay_slot
.swstall delay_slot
         456    0x00 0x01                                                                        NOPX
.delay_slot
.swstall delay_slot
         458    0x00 0x01                                                                        NOPX
         460    0x14 0x70 0xfc 0x19                                                                                                                                                        NEZ r24, r17
         464    0x14 0x32 0xfc 0x19                                                                                                                                                        NEZ r25, r16
         468    0x16 0x71 0x85 0x99                                                                                                                                                        OR r24, r25, r24
         472    0xc0 0x01 0x30 0x40 0x01 0x95                                                                                                                                              JNZ r24, #608
.delay_slot
         478    0xff 0xe0 0x48 0x01 0x70 0x4a 0x46 0x3b 0x28 0xbb                                MOVA r1, #-1;                                                                             MOVX r23, #2;                 MOV r18, p6
.delay_slot
.swstall delay_slot
         488    0x00 0x01                                                                        NOPX
.delay_slot
.swstall delay_slot
         490    0x00 0x01                                                                        NOPX
.delay_slot
.swstall delay_slot
         492    0x00 0x01                                                                        NOPX
.delay_slot
.swstall delay_slot
         494    0x00 0x01                                                                        NOPX
.no_stack_arguments
         496    0x00 0x01 0xa8 0x00 0x01 0x15                                                                                                                                              JL #848
.delay_slot
         502    0x10 0x00 0xc5 0x19                                                                                                                                                        MOVX r0, #49
.delay_slot
.swstall delay_slot
         506    0x00 0x01                                                                        NOPX
.delay_slot
.swstall delay_slot
         508    0x00 0x01                                                                        NOPX
.delay_slot
.swstall delay_slot
         510    0x00 0x01                                                                        NOPX
.delay_slot
.swstall delay_slot
         512    0x00 0x00 0x00 0x00 0x00 0x00 0x00 0x00 0x00 0x00 0x00 0x03 0x88 0x00 0x03 0xc0  NOPA;                         NOPB;                         NOPS;                         NOPX;                         NOPM;                                   NOPV
.return_address
.no_stack_arguments
         528    0x00 0x01 0xc8 0x00 0x01 0x15                                                                                                                                              JL #912
.delay_slot
         534    0x1a 0x3e 0x76 0x59                                                                                                                                                                                      MOV p2, p7
.delay_slot
         538    0x19 0x3c 0x76 0x59                                                                                                                                                                                      MOV p1, p6
.delay_slot
         542    0x18 0x32 0x76 0x59                                                                                                                                                                                      MOV p0, p1
.delay_slot
.swstall delay_slot
         546    0x00 0x01                                                                        NOPX
.delay_slot
.swstall delay_slot
         548    0x00 0x00 0x00 0x00 0x00 0x00 0x00 0x00 0x00 0x00 0x01 0x37                      NOPA;                         NOPB;                         NOPS;                         NOPX
.return_address
         560    0x00 0x01 0x60 0x00 0x00 0x95                                                                                                                                              J #704
.delay_slot
         566    0x10 0x24 0x01 0x19                                                                                                                                                        MOVX r18, #0
.delay_slot
.swstall delay_slot
         570    0x00 0x01                                                                        NOPX
.delay_slot
.swstall delay_slot
         572    0x00 0x01                                                                        NOPX
.delay_slot
.swstall delay_slot
         574    0x00 0x01                                                                        NOPX
.delay_slot
.swstall delay_slot
         576    0x00 0x00 0x00 0x00 0x00 0x00 0x00 0x00 0x00 0x00 0x00 0x03 0x88 0x00 0x03 0xc0  NOPA;                         NOPB;                         NOPS;                         NOPX;                         NOPM;                                   NOPV
.label TGT_Fcore_0_2_368
         592    0x00 0x00 0x00 0x00 0x00 0x00 0x00 0x3e 0x17 0xc8 0x00 0x03 0x88 0x00 0x03 0xc0  NOPA;                         NOPB;                         NOPS;                         MOVX r1, #-2;                 NOPM;                                   NOPV
.label __ll26_core_0_2
.no_stack_arguments
         608    0x00 0x01 0xa8 0x00 0x01 0x15                                                                                                                                              JL #848
.delay_slot
         614    0x10 0x00 0xc5 0x19                                                                                                                                                        MOVX r0, #49
.delay_slot
.swstall delay_slot
         618    0x00 0x01                                                                        NOPX
.delay_slot
.swstall delay_slot
         620    0x00 0x01                                                                        NOPX
.delay_slot
.swstall delay_slot
         622    0x00 0x01                                                                        NOPX
.delay_slot
.swstall delay_slot
         624    0x00 0x00 0x00 0x00 0x00 0x00 0x00 0x00 0x00 0x00 0x00 0x03 0x88 0x00 0x03 0xc0  NOPA;                         NOPB;                         NOPS;                         NOPX;                         NOPM;                                   NOPV
.return_address
.no_stack_arguments
         640    0x00 0x01 0xc8 0x00 0x01 0x15                                                                                                                                              JL #912
.delay_slot
         646    0x19 0x39 0x16 0x59                                                                                                                                                                                      MOV p1, r18
.delay_slot
         650    0x1a 0x3e 0x76 0x59                                                                                                                                                                                      MOV p2, p7
.delay_slot
         654    0x18 0x3c 0x76 0x59                                                                                                                                                                                      MOV p0, p6
.delay_slot
.swstall delay_slot
         658    0x00 0x01                                                                        NOPX
.delay_slot
.swstall delay_slot
         660    0x00 0x00 0x00 0x00 0x00 0x00 0x00 0x00 0x00 0x00 0x01 0x37                      NOPA;                         NOPB;                         NOPS;                         NOPX
.return_address
.no_stack_arguments
         672    0x00 0x01 0xb8 0x00 0x01 0x15                                                                                                                                              JL #880
.delay_slot
         678    0x18 0x4b 0x96 0x59                                                                                                                                                                                      MOV r1, r23
.delay_slot
         682    0x00 0x00 0x06 0x0a 0x40 0x4b 0x28 0x43                                                                                                                                    MOVX r0, #48;                 MOV r18, r1
.delay_slot
.swstall delay_slot
         690    0x00 0x01                                                                        NOPX
.delay_slot
.swstall delay_slot
         692    0x00 0x01                                                                        NOPX
.delay_slot
.swstall delay_slot
         694    0x00 0x00 0x00 0x00 0x00 0x00 0x00 0x03 0x8e 0xbb                                NOPA;                         NOPB;                                                                                     NOPM
.label TGT_Fcore_0_2_480
.return_address
.no_stack_arguments
         704    0x00 0x01 0xb8 0x00 0x01 0x15                                                                                                                                              JL #880
.delay_slot
         710    0x00 0x20 0x48 0x00 0x06 0x6a 0xe0 0x03 0xc8 0xbb                                MOVA r1, #1;                                                                              MOVX r0, #51;                 MOV r23, #1
.delay_slot
.swstall delay_slot
         720    0x00 0x01                                                                        NOPX
.delay_slot
.swstall delay_slot
         722    0x00 0x01                                                                        NOPX
.delay_slot
.swstall delay_slot
         724    0x00 0x01                                                                        NOPX
.delay_slot
.swstall delay_slot
         726    0x00 0x00 0x00 0x00 0x00 0x00 0x00 0x03 0x8e 0xbb                                NOPA;                         NOPB;                                                                                     NOPM
.return_address
         736    0x00 0x21 0x9a 0xe7 0x00 0x03 0x48 0x43                                                                                                                                    LTU r25, r16, r21;            MOV r24, #0
         744    0x14 0xf3 0x94 0x99                                                                                                                                                        AND r25, r19, r25
         748    0x16 0x75 0x85 0x99                                                                                                                                                        OR r26, r25, r24
         752    0xd0 0x00 0xa0 0x40 0x01 0x95                                                                                                                                              JNZ r26, #320
.delay_slot
         758    0x14 0x20 0x07 0x19                                                                                                                                                        ADD r16, r16, #1
.delay_slot
         762    0x14 0x63 0x42 0x99                                                                                                                                                        ADC r17, r17, r20
.delay_slot
         766    0x00 0x07 0x0c 0x0a 0x00 0x55                                                                                                                                              MOVXM r24, #460032
.delay_slot
         772    0x00 0x47 0x08 0x00 0x01 0xf3 0x20 0x00 0x10 0xbb                                MOVA r28, #2;                                                                             MOVXM r25, #507904
.delay_slot
.swstall delay_slot
         782    0x00 0x01                                                                        NOPX
.loop_nesting 0
         784    0x07 0xfa 0xc2 0xd9                                                              LDA lr, [sp, #-44]
         788    0x07 0xfb 0x64 0x59                                                              LDA r18, [sp, #-40]
         792    0x07 0xfb 0xe6 0x59                                                              LDA r19, [sp, #-36]
         796    0x07 0xff 0xe8 0x59                                                              LDA r20, [sp, #-4]
         800    0x07 0xff 0x62 0x59                                                              LDA r17, [sp, #-8]
         804    0x07 0xfe 0xe0 0x59                                                              LDA r16, [sp, #-12]
         808    0x07 0xfe 0x6a 0x59                                                              LDA r21, [sp, #-16]
         812    0x07 0xfd 0xec 0x59                                                              LDA r22, [sp, #-20]
         816    0x07 0xfd 0x6e 0x59                                                              LDA r23, [sp, #-24]
         820    0x07 0xfc 0xf6 0xd9                                                              LDA p6, [sp, #-28]
         824    0x07 0xfc 0x7e 0xd9                                                              LDA p7, [sp, #-32]
         828    0x10 0x00 0x18 0x19                                                                                                                                                        RET lr
.delay_slot
.swstall delay_slot
         832    0x00 0x01                                                                        NOPX
.delay_slot
.swstall delay_slot
         834    0x00 0x01                                                                        NOPX
.delay_slot
.swstall delay_slot
         836    0x00 0x01                                                                        NOPX
.delay_slot
.swstall delay_slot
         838    0x00 0x01                                                                        NOPX
.delay_slot
         840    0x07 0xff 0xc0 0x00 0x00 0x00 0x78 0x23                                                                        PADDB [sp], #-64;                                                                                                                 NOPV
.label core_0_2__end
.label llvm___aie2___acquire
.function_start
         848    0x10 0x12 0x12 0x19                                                                                                                                                        ACQ r0, r1
         852    0x10 0x00 0x18 0x19                                                                                                                                                        RET lr
.delay_slot
.swstall delay_slot
         856    0x00 0x01                                                                        NOPX
.delay_slot
.swstall delay_slot
         858    0x00 0x01                                                                        NOPX
.delay_slot
.swstall delay_slot
         860    0x00 0x01                                                                        NOPX
.delay_slot
.swstall delay_slot
         862    0x00 0x01                                                                        NOPX
.delay_slot
.swstall delay_slot
         864    0x00 0x00 0x00 0x00 0x00 0x00 0x00 0x00 0x00 0x00 0x00 0x03 0x88 0x00 0x03 0xc0  NOPA;                         NOPB;                         NOPS;                         NOPX;                         NOPM;                                   NOPV
.label llvm___aie2___acquire__end
.label llvm___aie2___release
.function_start
         880    0x00 0x01                                                                        NOPX
         882    0x00 0x01                                                                        NOPX
         884    0x00 0x01                                                                        NOPX
         886    0x00 0x01                                                                        NOPX
         888    0x00 0x01                                                                        NOPX
         890    0x00 0x01                                                                        NOPX
         892    0x10 0x10 0x12 0x19                                                                                                                                                        REL r0, r1
         896    0x10 0x00 0x18 0x19                                                                                                                                                        RET lr
.delay_slot
.swstall delay_slot
         900    0x00 0x01                                                                        NOPX
.delay_slot
.swstall delay_slot
         902    0x00 0x01                                                                        NOPX
.delay_slot
.swstall delay_slot
         904    0x00 0x01                                                                        NOPX
.delay_slot
.swstall delay_slot
         906    0x00 0x01                                                                        NOPX
.delay_slot
.swstall delay_slot
         908    0x00 0x00 0x00 0x19                                                              NOPA
.label llvm___aie2___release__end
.label sum_64_i32
.function_start
         912    0x00 0x70 0x88 0x01 0xf1 0x1d                                                    LDA r2, [p0], #4;                                                                         MOVX lc, #60
         918    0x20 0x70 0x48 0x00 0x00 0x00 0x3a 0x00 0x10 0xbb                                LDA r1, [p1], #4;                                                                         MOVXM ls, #1024
.noswbrkpt
         928    0x00 0x00 0x00 0x70 0x88 0x00 0x00 0x00 0x00 0x02 0x3a 0x08 0x10 0x00 0x03 0xc0  LDA r2, [p0], #4;             NOPB;                         NOPS;                         MOVXM le, #1040;                                                      NOPV
.nohwbrkpt
.noswbrkpt
         944    0x00 0x00 0x20 0x70 0x48 0x00 0x00 0x00 0x00 0x00 0x00 0x03 0x88 0x00 0x03 0xc0  LDA r1, [p1], #4;             NOPB;                         NOPS;                         NOPX;                         NOPM;                                   NOPV
.nohwbrkpt
.noswbrkpt
         960    0x00 0x00 0x00 0x70 0x88 0x00 0x00 0x00 0x00 0x00 0x00 0x03 0x88 0x00 0x03 0xc0  LDA r2, [p0], #4;             NOPB;                         NOPS;                         NOPX;                         NOPM;                                   NOPV
.nohwbrkpt
.noswbrkpt
         976    0x00 0x00 0x20 0x70 0x48 0x00 0x00 0x00 0x00 0x00 0x00 0x03 0x88 0x00 0x03 0xc0  LDA r1, [p1], #4;             NOPB;                         NOPS;                         NOPX;                         NOPM;                                   NOPV
.nohwbrkpt
.noswbrkpt
         992    0x00 0x00 0x00 0x70 0x88 0x00 0x00 0x00 0x00 0x00 0x00 0x03 0x88 0x00 0x03 0xc0  LDA r2, [p0], #4;             NOPB;                         NOPS;                         NOPX;                         NOPM;                                   NOPV
.nohwbrkpt
.noswbrkpt
        1008    0x00 0x00 0x20 0x70 0x48 0x00 0x00 0x00 0x00 0x00 0x00 0x03 0x88 0x00 0x03 0xc0  LDA r1, [p1], #4;             NOPB;                         NOPS;                         NOPX;                         NOPM;                                   NOPV
.label ZLS_Fsum_64_i32_112
.loop_nesting 1
.begin_of_loop
.nohwbrkpt
.noswbrkpt
        1024    0x00 0x00 0x00 0x70 0x88 0x00 0x00 0x02 0x01 0x04 0x00 0x03 0x88 0x00 0x03 0xc0  LDA r2, [p0], #4;             NOPB;                         NOPS;                         ADD r0, r1, r2;               NOPM;                                   NOPV
.label ZLE_Fsum_64_i32_128
.end_of_loop
.nohwbrkpt
.noswbrkpt
        1040    0x00 0x00 0x20 0x70 0x4a 0x03 0x80 0x00 0x00 0x00 0x00 0x03 0x88 0x00 0x03 0xc0  LDA r1, [p1], #4;             NOPB;                         ST r0, [p2], #4;              NOPX;                         NOPM;                                   NOPV
.loop_nesting 0
.nohwbrkpt
.noswbrkpt
        1056    0x10 0x40 0x20 0x99                                                                                                                                                        ADD r0, r1, r2
.nohwbrkpt
.noswbrkpt
        1060    0x0a 0x03 0x80 0x19                                                                                                                          ST r0, [p2], #4
.nohwbrkpt
.noswbrkpt
        1064    0x10 0x40 0x20 0x99                                                                                                                                                        ADD r0, r1, r2
.nohwbrkpt
.noswbrkpt
        1068    0x0a 0x03 0x80 0x19                                                                                                                          ST r0, [p2], #4
.nohwbrkpt
.noswbrkpt
        1072    0x10 0x40 0x20 0x99                                                                                                                                                        ADD r0, r1, r2
        1076    0x10 0x00 0x18 0x19                                                                                                                                                        RET lr
.delay_slot
        1080    0x40 0x70 0x00 0x40 0x20 0xbd                                                                                                                ST r0, [p2], #4;              ADD r0, r1, r2
.delay_slot
        1086    0x0a 0x03 0x80 0x19                                                                                                                          ST r0, [p2], #4
.delay_slot
.swstall delay_slot
        1090    0x00 0x01                                                                        NOPX
.delay_slot
.swstall delay_slot
        1092    0x00 0x01                                                                        NOPX
.delay_slot
.swstall delay_slot
        1094    0x00 0x00 0x00 0x00 0x00 0x00 0x00 0x03 0x8e 0xbb                                NOPA;                         NOPB;                                                                                     NOPM
.label sum_64_i32__end
.label _fini
.function_start
        1104    0x18 0x0b 0x96 0x59                                                                                                                                                                                      MOV r0, r23
        1108    0x00 0x00 0x0c 0x00 0x00 0x55                                                                                                                                              MOVXM r24, #0
        1114    0x18 0x3e 0x76 0x59                                                                                                                                                                                      MOV p0, p7
        1118    0x00 0x00 0x0b 0x80 0x00 0x55                                                                                                                                              MOVXM r23, #0
        1124    0x00 0x2f 0x8c 0x3f 0x9e 0x0b 0x28 0x43                                                                                                                                    EQ r24, r23, r24;             MOV p7, r24
        1132    0xc0 0x02 0x68 0x40 0x01 0x95                                                                                                                                              JNZ r24, #1232
.delay_slot
        1138    0x38 0x03 0x20 0x19                                                                                            PADDB [sp], #32
.delay_slot
        1142    0x0f 0xff 0xec 0x19                                                                                                                          ST r22, [sp, #-4]
.delay_slot
        1146    0x0f 0xfe 0x42 0x99                                                                                                                          ST lr, [sp, #-16]
.delay_slot
        1150    0x0f 0xfe 0xc0 0x19                                                                                                                          ST r0, [sp, #-12]
.delay_slot
        1154    0x00 0x00 0x07 0xff 0x46 0x80 0x00 0x40 0x00 0x38 0x00 0x00 0x78 0x2f            NOPA;                                                       ST p0, [sp, #-8];                                           NOPM;                                   NOPV
.label TGT_F_fini_64
.loop_nesting 1
        1168    0x07 0x03 0x86 0xd9                                                              LDA p0, [p7], #4
        1172    0x00 0x01                                                                        NOPX
        1174    0x00 0x01                                                                        NOPX
        1176    0x00 0x01                                                                        NOPX
        1178    0x00 0x01                                                                        NOPX
        1180    0x00 0x01                                                                        NOPX
        1182    0x00 0x01                                                                        NOPX
.no_stack_arguments
        1184    0x10 0x00 0x14 0x19                                                                                                                                                        JL p0
.delay_slot
        1188    0x1d 0x8e 0x76 0x59                                                                                                                                                                                      MOV r22, p7
.delay_slot
.swstall delay_slot
        1192    0x00 0x01                                                                        NOPX
.delay_slot
.swstall delay_slot
        1194    0x00 0x01                                                                        NOPX
.delay_slot
.swstall delay_slot
        1196    0x00 0x01                                                                        NOPX
.delay_slot
.swstall delay_slot
        1198    0x00 0x01                                                                        NOPX
.return_address
        1200    0x15 0xf1 0x68 0x99                                                                                                                                                        NE r24, r23, r22
        1204    0xc0 0x02 0x48 0x40 0x01 0x95                                                                                                                                              JNZ r24, #1168
.delay_slot
.swstall delay_slot
        1210    0x00 0x01                                                                        NOPX
.delay_slot
.swstall delay_slot
        1212    0x00 0x01                                                                        NOPX
.delay_slot
.swstall delay_slot
        1214    0x00 0x01                                                                        NOPX
.delay_slot
.swstall delay_slot
        1216    0x00 0x01                                                                        NOPX
.delay_slot
.swstall delay_slot
        1218    0x00 0x00 0x00 0x00 0x00 0x00 0x00 0x40 0x00 0x38 0x00 0x00 0x78 0x2f            NOPA;                                                       NOPS;                                                       NOPM;                                   NOPV
.label TGT_F_fini_128
.loop_nesting 0
        1232    0x07 0xfe 0x42 0xd9                                                              LDA lr, [sp, #-16]
        1236    0x07 0xfe 0xee 0x59                                                              LDA r23, [sp, #-12]
        1240    0x07 0xff 0xec 0x59                                                              LDA r22, [sp, #-4]
        1244    0x07 0xff 0x7e 0xd9                                                              LDA p7, [sp, #-8]
        1248    0x00 0x01                                                                        NOPX
        1250    0x00 0x01                                                                        NOPX
        1252    0x00 0x01                                                                        NOPX
        1254    0x10 0x00 0x18 0x19                                                                                                                                                        RET lr
.delay_slot
.swstall delay_slot
        1258    0x00 0x01                                                                        NOPX
.delay_slot
.swstall delay_slot
        1260    0x00 0x01                                                                        NOPX
.delay_slot
.swstall delay_slot
        1262    0x00 0x01                                                                        NOPX
.delay_slot
.swstall delay_slot
        1264    0x00 0x01                                                                        NOPX
.delay_slot
        1266    0x00 0x00 0x07 0xff 0xe0 0x00 0x00 0x00 0x00 0x71 0x00 0x00 0x00 0x7f            NOPA;                         PADDB [sp], #-32;             NOPS;                         NOPX;                         NOPM
.label _fini__end
.label __cxa_finalize
.function_start
        1280    0x01 0x00 0x48 0x00 0x01 0xc0 0x1b 0x10 0x10 0xbb                                MOVA r1, #8;                                                                              MOVXM p0, #460320
        1290    0x00 0x50 0xc8 0x00 0x01 0xc0 0x43 0x00 0x10 0xbb                                LDA r3, [p0, #0];                                                                         MOVXM r2, #460288
        1300    0x00 0x50 0x40 0x3e 0x17 0xaa 0x24 0x9b 0x29 0x3b                                                                                            ST r1, [p0, #0];              MOVX r1, #-3;                 MOV r17, crSat
        1310    0x1c 0x06 0x36 0x59                                                                                                                                                                                      MOV r16, crRnd
        1314    0x1c 0x84 0xf6 0x59                                                                                                                                                                                      MOV r18, lr
        1318    0x00 0x00 0x0c 0x6a 0x80 0x55                                                                                                                                              MOVXM p6, #1344
        1324    0x00 0x01                                                                        NOPX
        1326    0x00 0x01                                                                        NOPX
        1328    0x18 0xc1 0xf6 0x79                                                                                                                                                                                      ADD.NC r3, r3, #-8
        1332    0x10 0xc4 0x20 0x99                                                                                                                                                        ADD r2, r3, r2
        1336    0x00 0x07 0x30 0xf7 0x98 0x8b 0x28 0x43                                                                                                                                    ASHL r19, r3, r1;             MOV p7, r2
.label TGT_F__cxa_finalize_64
.loop_nesting 1
        1344    0x07 0x03 0x8e 0xd9                                                              LDA p1, [p7], #4
        1348    0x07 0xfb 0x86 0xd9                                                              LDA p0, [p7], #-12
        1352    0x00 0x01                                                                        NOPX
        1354    0x00 0x01                                                                        NOPX
        1356    0x00 0x01                                                                        NOPX
        1358    0x00 0x01                                                                        NOPX
        1360    0x00 0x01                                                                        NOPX
.no_stack_arguments
        1362    0x10 0x00 0x54 0x19                                                                                                                                                        JL p1
.delay_slot
.swstall delay_slot
        1366    0x00 0x01                                                                        NOPX
.delay_slot
.swstall delay_slot
        1368    0x00 0x01                                                                        NOPX
.delay_slot
.swstall delay_slot
        1370    0x00 0x01                                                                        NOPX
.delay_slot
.swstall delay_slot
        1372    0x00 0x00 0x00 0x19                                                              NOPA
.delay_slot
        1376    0x00 0x00 0x00 0x00 0x00 0x00 0x00 0x00 0x00 0x02 0x80 0x0b 0x28 0x00 0x03 0xc0  NOPA;                         NOPB;                         NOPS;                         NOPX;                         MOV r20, r0;                            NOPV
.return_address
        1392    0x14 0xe7 0x8c 0x19                                                                                                                                                        JNZD r19, r19, p6
.delay_slot
        1396    0x18 0x0a 0x16 0x59                                                                                                                                                                                      MOV r0, r20
.delay_slot
.swstall delay_slot
        1400    0x00 0x01                                                                        NOPX
.delay_slot
.swstall delay_slot
        1402    0x00 0x01                                                                        NOPX
.delay_slot
.swstall delay_slot
        1404    0x00 0x01                                                                        NOPX
.delay_slot
.swstall delay_slot
        1406    0x00 0x01                                                                        NOPX
.loop_nesting 0
        1408    0x1a 0x79 0x16 0x59                                                                                                                                                                                      MOV lr, r18
        1412    0x10 0x00 0x18 0x19                                                                                                                                                        RET lr
.delay_slot
        1416    0x00 0x23 0x21 0x01 0x8c 0x0b 0x28 0x43                                                                                                                                    MOVX crSat, r17;              MOV crRnd, r16
.delay_slot
.swstall delay_slot
        1424    0x00 0x01                                                                        NOPX
.delay_slot
.swstall delay_slot
        1426    0x00 0x01                                                                        NOPX
.delay_slot
.swstall delay_slot
        1428    0x00 0x01                                                                        NOPX
.delay_slot
.swstall delay_slot
        1430    0x00 0x00 0x00 0x00 0x00 0x00 0x00 0x03 0x8e 0xbb                                NOPA;                         NOPB;                                                                                     NOPM
.label __cxa_finalize__end

.data_segment DMb 460288
.label _ZL7atexits
	0x50
	0x4
	0x0
	0x0
	0x0
	0x0
	0x0
	0x0
	0x0
	0x0
	0x0
	0x0
	0x0
	0x0
	0x0
	0x0
	0x0
	0x0
	0x0
	0x0
	0x0
	0x0
	0x0
	0x0
	0x0
	0x0
	0x0
	0x0
	0x0
	0x0
	0x0
	0x0
.label _ZL10atexit_cnt
	0x8
	0x0
	0x0
	0x0

.stack DM_stack 458752 459776
