
// File generated by darts version U-2022.12#3eec2545bc#230622, Fri Jul 19 09:36:03 2024
// Copyright 2014-2022 Synopsys, Inc. All rights reserved.
// darts -I/proj/xbuilds/SWIP/2023.2_1013_2256/installs/lin64/Vitis/2023.2/aietools/data/aie_ml/lib -d -h -I/proj/xbuilds/2023.2_daily_latest/installs/lin64/Vitis/2023.2/aietools/include -I/proj/xbuilds/SWIP/2023.2_1013_2256/installs/lin64/Vitis/2023.2/aietools/data/aie_ml/lib/runtime_cxx/libcxx-lite/include -I/proj/xbuilds/SWIP/2023.2_1013_2256/installs/lin64/Vitis/2023.2/aietools/data/aie_ml/lib/runtime_cxx/libs/libcxx-9.0.0/include-lite -I/proj/xbuilds/SWIP/2023.2_1013_2256/installs/lin64/Vitis/2023.2/aietools/data/aie_ml/lib/runtime/include -I<BOOST_DIR> -D__AIENGINE__ -D__AIE_ARCH__=20 -D__AIEARCH__=20 -D__tct_tgt__=230622 -L +Ihex +nanno kernel.o me

// Release: ipp U-2022.12-TGT-230622
.undef global data _ZN12me_primitive11control_satE

.undef global data _ZN12me_primitive11control_rndE

.text_segment_name
.text global 16 sum_64_i32
.function_start
	     0    0x00 0x70 0x88 0x01 0xf1 0x1d                                                    LDA r2, [p0], #4;                                                                         MOVX lc, #60
	     6    0x20 0x70 0x48 0x00 0x00 0x00 0x38 0x38 0x10 0xbb                                LDA r1, [p1], #4;                                                                         MOVXM ls, #(ZLS_Fsum_64_i32_112 + 0)
.noswbrkpt
	    16    0x00 0x00 0x00 0x70 0x88 0x00 0x00 0x00 0x00 0x02 0x38 0x40 0x10 0x00 0x03 0xc0  LDA r2, [p0], #4;             NOPB;                         NOPS;                         MOVXM le, #(ZLE_Fsum_64_i32_128 + 0);                                 NOPV
.nohwbrkpt
.noswbrkpt
	    32    0x00 0x00 0x20 0x70 0x48 0x00 0x00 0x00 0x00 0x00 0x00 0x03 0x88 0x00 0x03 0xc0  LDA r1, [p1], #4;             NOPB;                         NOPS;                         NOPX;                         NOPM;                                   NOPV
.nohwbrkpt
.noswbrkpt
	    48    0x00 0x00 0x00 0x70 0x88 0x00 0x00 0x00 0x00 0x00 0x00 0x03 0x88 0x00 0x03 0xc0  LDA r2, [p0], #4;             NOPB;                         NOPS;                         NOPX;                         NOPM;                                   NOPV
.nohwbrkpt
.noswbrkpt
	    64    0x00 0x00 0x20 0x70 0x48 0x00 0x00 0x00 0x00 0x00 0x00 0x03 0x88 0x00 0x03 0xc0  LDA r1, [p1], #4;             NOPB;                         NOPS;                         NOPX;                         NOPM;                                   NOPV
.nohwbrkpt
.noswbrkpt
	    80    0x00 0x00 0x00 0x70 0x88 0x00 0x00 0x00 0x00 0x00 0x00 0x03 0x88 0x00 0x03 0xc0  LDA r2, [p0], #4;             NOPB;                         NOPS;                         NOPX;                         NOPM;                                   NOPV
.nohwbrkpt
.noswbrkpt
	    96    0x00 0x00 0x20 0x70 0x48 0x00 0x00 0x00 0x00 0x00 0x00 0x03 0x88 0x00 0x03 0xc0  LDA r1, [p1], #4;             NOPB;                         NOPS;                         NOPX;                         NOPM;                                   NOPV
.label ZLS_Fsum_64_i32_112
.loop_nesting 1
.begin_of_loop
.nohwbrkpt
.noswbrkpt
	   112    0x00 0x00 0x00 0x70 0x88 0x00 0x00 0x02 0x01 0x04 0x00 0x03 0x88 0x00 0x03 0xc0  LDA r2, [p0], #4;             NOPB;                         NOPS;                         ADD r0, r1, r2;               NOPM;                                   NOPV
.label ZLE_Fsum_64_i32_128
.end_of_loop
.nohwbrkpt
.noswbrkpt
	   128    0x00 0x00 0x20 0x70 0x4a 0x03 0x80 0x00 0x00 0x00 0x00 0x03 0x88 0x00 0x03 0xc0  LDA r1, [p1], #4;             NOPB;                         ST r0, [p2], #4;              NOPX;                         NOPM;                                   NOPV
.loop_nesting 0
.nohwbrkpt
.noswbrkpt
	   144    0x10 0x40 0x20 0x99                                                                                                                                                        ADD r0, r1, r2
.nohwbrkpt
.noswbrkpt
	   148    0x0a 0x03 0x80 0x19                                                                                                                          ST r0, [p2], #4
.nohwbrkpt
.noswbrkpt
	   152    0x10 0x40 0x20 0x99                                                                                                                                                        ADD r0, r1, r2
.nohwbrkpt
.noswbrkpt
	   156    0x0a 0x03 0x80 0x19                                                                                                                          ST r0, [p2], #4
.nohwbrkpt
.noswbrkpt
	   160    0x10 0x40 0x20 0x99                                                                                                                                                        ADD r0, r1, r2
	   164    0x10 0x00 0x18 0x19                                                                                                                                                        RET lr
.delay_slot
	   168    0x40 0x70 0x00 0x40 0x20 0xbd                                                                                                                ST r0, [p2], #4;              ADD r0, r1, r2
.delay_slot
	   174    0x0a 0x03 0x80 0x19                                                                                                                          ST r0, [p2], #4
.delay_slot
.swstall delay_slot
	   178    0x00 0x01                                                                        NOPX
.delay_slot
.swstall delay_slot
	   180    0x00 0x01                                                                        NOPX
.label sum_64_i32__end last
.delay_slot
.swstall delay_slot
	   182    0x00 0x00 0x00 0x00 0x00 0x00 0x00 0x03 0x8e 0xbb                                NOPA;                         NOPB;                                                                                     NOPM



.direct_eval +,-,(,)
