
// File generated by darts version U-2022.12#3eec2545bc#230622, Wed Jan 10 05:43:09 2024
// Copyright 2014-2022 Synopsys, Inc. All rights reserved.
// darts -I/proj/xbuilds/SWIP/2023.2_1013_2256/installs/lin64/Vitis/2023.2/aietools/data/aie_ml/lib -d -h -I/proj/xbuilds/SWIP/2023.2_1013_2256/installs/lin64/Vitis/2023.2/aietools/include -I/proj/xbuilds/SWIP/2023.2_1013_2256/installs/lin64/Vitis/2023.2/aietools/data/aie_ml/lib/runtime_cxx/libcxx-lite/include -I/proj/xbuilds/SWIP/2023.2_1013_2256/installs/lin64/Vitis/2023.2/aietools/data/aie_ml/lib/runtime_cxx/libs/libcxx-9.0.0/include-lite -I/proj/xbuilds/SWIP/2023.2_1013_2256/installs/lin64/Vitis/2023.2/aietools/data/aie_ml/lib/runtime/include -I/proj/xbuilds/2023.2_released/installs/lin64/Vitis/2023.2/aietools/tps/boost_1_64_0 -D__AIENGINE__=2 -D__AIEARCH__=20 -D__tct_tgt__=230622 -L +Ihex +nanno conv2dk1_skip.o me

// Release: ipp U-2022.12-TGT-230622
.undef global data _ZN12me_primitive11control_satE

.undef global data _ZN12me_primitive11control_rndE

.text_segment_name
.text global 16 conv2dk1_skip
.function_start
	     0    0x10 0x03 0xe0 0x0e 0x21 0x05                                                                                  PADDB [sp], #224;                                           MOVX r7, #8
	     6    0xff 0x8d 0x40 0xaa 0x7a 0xbd                                                                                                                ST r21, [sp, #-32];           LT r21, r2, r7
	    12    0x0f 0xfb 0x6e 0x19                                                                                                                          ST r23, [sp, #-40]
	    16    0x0f 0xfb 0xec 0x19                                                                                                                          ST r22, [sp, #-36]
	    20    0x0f 0xfc 0xe8 0x19                                                                                                                          ST r20, [sp, #-28]
	    24    0x0f 0xfd 0x66 0x19                                                                                                                          ST r19, [sp, #-24]
	    28    0x0f 0xfd 0xe4 0x19                                                                                                                          ST r18, [sp, #-20]
	    32    0x0f 0xfe 0x62 0x19                                                                                                                          ST r17, [sp, #-16]
	    36    0x0f 0xfe 0xe0 0x19                                                                                                                          ST r16, [sp, #-12]
	    40    0x0f 0xff 0x7e 0x99                                                                                                                          ST p7, [sp, #-8]
	    44    0x0f 0xff 0xf6 0x99                                                                                                                          ST p6, [sp, #-4]
	    48    0xff 0x09 0x00 0x2a 0x00 0xc0 0x10 0x00 0x61 0x3b                                                                                            ST r4, [sp, #-64];            JNZ r21, #TGT_Fconv2dk1_skip_1536
.delay_slot
	    58    0xff 0x1c 0xd0 0x00 0x00 0x81 0x47 0xc3 0xc9 0x3b                                                                                            ST p4, [sp, #-60];            EVENT #0;                     MOV r10, #-31
.delay_slot
	    68    0xff 0x2b 0xd0 0x04 0x55 0x75 0x07 0xc7 0xc9 0x3b                                                                                            ST p3, [sp, #-56];            ASHL r5, r2, r10;             MOV r8, #-29
.delay_slot
	    78    0xff 0x3a 0xd1 0x6e 0x8d 0xbd                                                                                                                ST p2, [sp, #-52];            LSHL r23, r5, r8
.delay_slot
	    84    0xff 0x49 0xd0 0x2f 0x61 0x04 0xc7 0xfb 0xc9 0x3b                                                                                            ST p1, [sp, #-48];            ADD r22, r23, r2;             MOV r6, #-3
.delay_slot
	    94    0xff 0x58 0xd5 0xa8 0x6e 0xbd                                                                                                                ST p0, [sp, #-44];            ASHL r20, r22, r6
	   100    0xff 0x84 0x48 0x03 0x55 0x76 0x67 0xcb 0x48 0xbb                                MOVA r17, #-4;                                                                            ASHL r21, r1, r10;            MOV r19, #-28
	   110    0x00 0x05 0x88 0x2b 0x24 0x6d 0x25 0x3f 0xf8 0xbb                                MOVA r22, #0;                                                                             LSHL r18, r21, r8;            ADD.NC r9, r20, #-1
	   120    0x00 0xc4 0x0f 0xf7 0xec 0x2b 0x39 0xee 0xe1 0x3f 0xf8 0x77                      MOVA r16, #6;                                               ST r22, [sp, #-68];           LSHL r19, r21, r19;           ADD.NC r23, r4, #-1
	   132    0x00 0x22 0xc8 0x27 0x50 0x86 0x67 0xff 0xc8 0xbb                                MOVA r11, #1;                                                                             ADD r21, r19, r1;             MOV r19, #-1
	   142    0x02 0x06 0x88 0x2a 0xd8 0xf7 0x00 0x43 0x48 0xbb                                MOVA r26, #16;                                                                            ASHL r13, r21, r17;           MOV r24, #32
	   152    0x00 0x64 0x4f 0xf1 0xda 0x03 0x59 0x07 0x80 0xff 0xf8 0x77                      MOVA r17, #3;                                               ST r13, [sp, #-116];          ADD r21, r1, r18;             ADD.NC r28, r3, #-1
	   164    0x01 0x00 0x28 0x2a 0x63 0x76 0x40 0x3f 0xf8 0xbb                                MOVA m0, #8;                                                                              ASHL r6, r21, r6;             ADD.NC r18, r0, #-1
	   174    0x0f 0xe5 0x4f 0xf6 0xe4 0x1b 0x40 0x7e 0x40 0x0f 0xc8 0x77                      MOVA r21, #127;                                             ST r18, [sp, #-76];           MUL r20, r13, r0;             MOV r18, #7
	   186    0x1f 0xe1 0xc8 0x00 0x00 0x03 0x18 0xa8 0x10 0xbb                                MOVA r7, #255;                                                                            MOVXM p6, #(TGT_Fconv2dk1_skip_336 + 0)
	   196    0x08 0x00 0x6f 0xf0 0xe8 0x26 0xf6 0xb6 0x87 0x03 0x48 0x77                      MOVA m1, #64;                                               ST r20, [sp, #-124];          XOR r15, r19, r13;            MOV r20, #-128
	   208    0x00 0xa4 0xc8 0x1b 0x93 0x4c 0x40 0x0b 0x48 0xbb                                MOVA r19, #5;                                                                             GE r25, r13, r6;              MOV r2, #4
	   218    0xfe 0x0e 0x40 0x16 0xcb 0xee 0xe0 0x07 0x49 0x3b                                                                                            ST r25, [sp, #-128];          LSHL r12, r11, r23;           MOV r23, #2
	   228    0xfe 0x5b 0x01 0xbb 0x0d 0xbd                                                                                                                ST r12, [sp, #-108];          LSHL r29, r6, r16
	   234    0xfe 0x2f 0x40 0x75 0xaa 0xbd                                                                                                                ST r29, [sp, #-120];          LT r26, r1, r26
	   240    0xfe 0xce 0x85 0x90 0x09 0xbd                                                                                                                ST r26, [sp, #-80];           GE r8, r22, r0
	   246    0xfe 0xba 0x06 0x1c 0x41 0xbd                                                                                                                ST r8, [sp, #-84];            SUB r14, r24, r4
	   252    0xfe 0x8b 0x83 0x5b 0x0d 0xbd                                                                                                                ST r14, [sp, #-96];           LSHL r13, r13, r16
	   258    0xfe 0xeb 0x43 0xcc 0x60 0xbd                                                                                                                ST r13, [sp, #-72];           ADD r6, r15, r6
	   264    0xfd 0xf9 0x80 0x2c 0x31 0x8c 0xc0 0x03 0x49 0x3b                                                                                            ST r6, [sp, #-132];           SUB r3, r22, r3;              MOV r6, #0
	   274    0xfe 0xa8 0xc1 0x31 0x8a 0xbd                                                                                                                ST r3, [sp, #-88];            LT r24, r4, r24
	   280    0xfe 0x9e 0x05 0x82 0x41 0xbd                                                                                                                ST r24, [sp, #-92];           SUB r1, r22, r4
	   286    0xfe 0x78 0x40 0x01 0x1d 0xbd                                                                                                                ST r1, [sp, #-100];           LSHL r0, r0, r17
	   292    0x00 0x16 0xbe 0x6c 0x50 0x0b 0x28 0x43                                                                                                                                    LSHL r11, r11, r28;           MOV m2, r0
	   300    0xfe 0x6a 0xc3 0x1a 0xae 0xbd                                                                                                                ST r11, [sp, #-104];          ASHL r13, r12, r10
	   306    0x00 0x00 0x00 0x00 0x00 0x00 0x00 0x73 0x24 0x02 0xfe 0x4b 0x40 0x7f            NOPA;                         NOPB;                         ST r13, [sp, #-112];          MOVXM p7, #(TGT_Fconv2dk1_skip_576 + 0)
.label TGT_Fconv2dk1_skip_320
.loop_nesting 1
	   320    0xfd 0xe9 0x80 0x00 0xf0 0x08 0xc0 0x0f 0xc9 0x3b                                                                                            ST r6, [sp, #-136];           MOVX r15, #0;                 MOV r6, #7
	   330    0x00 0x00 0x07 0xee 0xd2 0x35                                                    NOPA;                                                       ST r9, [sp, #-140]
.label TGT_Fconv2dk1_skip_336
.loop_nesting 2
	   336    0x40 0x02 0xd0 0x40 0x01 0x95                                                                                                                                              JNZ r8, #TGT_Fconv2dk1_skip_1440
.delay_slot
.swstall delay_slot
	   342    0x00 0x01                                                                        NOPX
.delay_slot
.swstall delay_slot
	   344    0x00 0x01                                                                        NOPX
.delay_slot
.swstall delay_slot
	   346    0x00 0x01                                                                        NOPX
.delay_slot
.swstall delay_slot
	   348    0x00 0x01                                                                        NOPX
.delay_slot
.swstall delay_slot
	   350    0x00 0x01                                                                        NOPX
	   352    0x07 0xef 0x50 0x59                                                              LDA r8, [sp, #-136]
	   356    0x07 0xf9 0xd2 0x59                                                              LDA r9, [sp, #-52]
.noswbrkpt
	   360    0x07 0xf7 0x4c 0x59                                                              LDA r6, [sp, #-72]
.nohwbrkpt
.noswbrkpt
	   364    0x07 0xf7 0xf8 0x59                                                              LDA r28, [sp, #-68]
.nohwbrkpt
.noswbrkpt
	   368    0x0f 0xe5 0xcc 0x19                                                                                                                          ST r6, [sp, #-212]
	   372    0x0f 0xe6 0x5e 0x19                                                                                                                          ST r15, [sp, #-208]
	   376    0x07 0xf8 0xf6 0xd9                                                              LDA p6, [sp, #-60]
	   380    0xff 0x2d 0xdb 0xd0 0x80 0x9d                                                    LDA p5, [sp, #-56];                                                                       ADD r8, r15, r8
	   386    0x18 0xe4 0x16 0x59                                                                                                                                                                                      MOV m3, r8
	   390    0x00 0x1e 0x63 0x05 0x02 0x4b 0x38 0x43                                                                                                                                    ADD r6, r15, r6;              ADD.NC r8, r9, #8
	   398    0x00 0x1e 0xfe 0x07 0xa2 0x0b 0x38 0x43                                                                                                                                    ADD r15, r15, r28;            ADD.NC r29, r8, #8
	   406    0x00 0x1e 0x94 0x87 0xe7 0x4b 0x38 0x43                                                                                                                                    ADD r9, r15, r9;              ADD.NC r31, r29, #8
	   414    0xfd 0xca 0x40 0x1e 0x94 0x07 0xc7 0xcb 0x39 0x3b                                                                                            ST r9, [sp, #-144];           ADD r9, r15, r8;              ADD.NC r30, r31, #8
	   424    0xfd 0xba 0x46 0x6b 0x08 0x1f 0xde 0x87 0x67 0x8b 0x38 0x37                                                    PADDB [p6], m3;               ST r9, [sp, #-148];           ADD r29, r15, r29;            ADD.NC r27, r30, #8
	   436    0xfd 0xaf 0x45 0x6b 0x08 0x3f 0xd7 0x87 0x86 0xcb 0x38 0x37                                                    PADDB [p5], m3;               ST r29, [sp, #-152];          ADD r29, r31, r15;            ADD.NC r28, r27, #8
	   448    0xfd 0x9f 0x40 0x1f 0xdf 0x05 0x07 0x0b 0x39 0x3b                                                                                            ST r29, [sp, #-156];          ADD r29, r15, r30;            ADD.NC r8, r28, #8
	   458    0xfd 0x8f 0x42 0x13 0x23 0x3d                                                                                                                ST r29, [sp, #-160];          ADD r9, r8, #-56
	   464    0x00 0x1f 0xbd 0x87 0xe2 0x4b 0x38 0x43                                                                                                                                    ADD r27, r15, r27;            ADD.NC r31, r9, #8
	   472    0xfd 0x7e 0xc0 0x1f 0xbe 0x07 0xc7 0xcb 0x39 0x3b                                                                                            ST r27, [sp, #-164];          ADD r27, r15, r28;            ADD.NC r30, r31, #8
	   482    0xfd 0x6e 0xc0 0x1e 0xf4 0x07 0xa7 0x8b 0x39 0x3b                                                                                            ST r27, [sp, #-168];          ADD r15, r15, r8;             ADD.NC r29, r30, #8
	   492    0xfd 0x5b 0xc0 0x12 0xf3 0x07 0x87 0x4b 0x39 0x3b                                                                                            ST r15, [sp, #-172];          ADD r15, r9, r6;              ADD.NC r28, r29, #8
	   502    0xfd 0x4b 0xc0 0x01 0x07 0x0b 0x30 0x03                                                                                                      ST r15, [sp, #-176];                                        ADD.NC r8, r28, #8
.noswbrkpt
	   510    0xff 0x5a 0x48 0x0c 0x84 0x05 0x22 0x0b 0x38 0xbb                                LDA r9, [sp, #-44];                                                                       ADD r8, r6, r8;               ADD.NC r9, r8, #8
.nohwbrkpt
.noswbrkpt
	   520    0x00 0x02 0x0f 0xe7 0xd0 0x12 0xf3 0x05 0x22 0x4b 0x38 0x77                      MOVA r8, #0;                                                ST r8, [sp, #-196];           ADD r15, r9, r6;              ADD.NC r9, r9, #8
.nohwbrkpt
.noswbrkpt
	   532    0xfc 0xeb 0xc7 0xde 0x60 0xbd                                                                                                                ST r15, [sp, #-200];          ADD r15, r31, r6
.nohwbrkpt
.noswbrkpt
	   538    0xfd 0x3b 0xc7 0x9e 0x60 0xbd                                                                                                                ST r15, [sp, #-180];          ADD r15, r30, r6
.nohwbrkpt
.noswbrkpt
	   544    0xfd 0x2b 0xc7 0x5e 0x60 0xbd                                                                                                                ST r15, [sp, #-184];          ADD r15, r29, r6
.nohwbrkpt
.noswbrkpt
	   550    0xfd 0x1b 0xc1 0x9f 0xc0 0xbd                                                                                                                ST r15, [sp, #-188];          ADD r15, r6, r28
.nohwbrkpt
.noswbrkpt
	   556    0xfd 0x0b 0xc0 0x12 0x63 0x05 0xe0 0x03 0x49 0x3b                                                                                            ST r15, [sp, #-192];          ADD r6, r9, r6;               MOV r15, #0
	   566    0x0f 0xe6 0xcc 0x19                                                                                                                          ST r6, [sp, #-204]
	   570    0xfe 0xd9 0x88 0x00 0x00 0x7d                                                    LDA r6, [sp, #-76];           NOPB
.label TGT_Fconv2dk1_skip_576
.loop_nesting 3
	   576    0xd0 0x01 0xd8 0x40 0x01 0x95                                                                                                                                              JNZ r26, #TGT_Fconv2dk1_skip_944
.delay_slot
	   582    0x10 0x38 0x01 0x19                                                                                                                                                        MOVX r28, #0
.delay_slot
.swstall delay_slot
	   586    0x00 0x01                                                                        NOPX
.delay_slot
.swstall delay_slot
	   588    0x00 0x01                                                                        NOPX
.delay_slot
.swstall delay_slot
	   590    0x00 0x01                                                                        NOPX
.delay_slot
.swstall delay_slot
	   592    0x00 0x01                                                                        NOPX
	   594    0xfe 0x3d 0x08 0x00 0x00 0x00 0x39 0x50 0x10 0xbb                                LDA r20, [sp, #-116];                                                                     MOVXM ls, #(ZLS_Fconv2dk1_skip_672 + 0)
	   604    0xfd 0xc8 0xd8 0x00 0x00 0x02 0x39 0xb0 0x10 0xbb                                LDA p0, [sp, #-144];                                                                      MOVXM le, #(ZLE_Fconv2dk1_skip_864 + 0)
	   614    0xfd 0xbc 0xd8 0x01 0x50 0x2a 0xc2 0x4b 0x28 0xbb                                LDA p4, [sp, #-148];                                                                      MOVX r21, #1;                 MOV r22, r9
	   624    0x07 0xed 0x5e 0xd9                                                              LDA p3, [sp, #-152]
	   628    0x07 0xec 0xd6 0xd9                                                              LDA p2, [sp, #-156]
	   632    0x0f 0xe5 0x76 0x99                                                                                                                          ST p6, [sp, #-216]
	   636    0x0f 0xe4 0x5e 0x19                                                                                                                          ST r15, [sp, #-224]
	   640    0xfd 0x89 0xdd 0x7a 0x16 0x4d                                                    LDA p1, [sp, #-160];                                                                                                    MOV lc, r20
	   646    0xfd 0x7f 0xdd 0x04 0x16 0x4d                                                    LDA p7, [sp, #-164];                                                                                                    MOV r20, r8
	   652    0x07 0xeb 0x76 0xd9                                                              LDA p6, [sp, #-168]
	   656    0x07 0xea 0xce 0x59                                                              LDA r7, [sp, #-172]
	   660    0x00 0x00 0x00 0x00 0x00 0x00 0x00 0x03 0xf2 0x77 0x41 0x37                      NOPA;                         NOPB;                         ST p5, [sp, #-220];           NOPX
.label ZLS_Fconv2dk1_skip_672
.loop_nesting 4
.begin_of_loop
.noswbrkpt
	   672    0xff 0x5d 0xd8 0x2b 0x9a 0x2e 0x9d 0x8b 0x28 0xbb                                LDA p5, [sp, #-44];                                                                       OR r25, r21, r20;             MOV p5, r22
.nohwbrkpt
.noswbrkpt
	   682    0xa9 0x20 0xf8 0x2f 0x9a 0x2e 0x56 0x4b 0x28 0xbb                                LDA.u8 r3, [p5], m2;                                                                      OR r25, r23, r20;             MOV dj2, r25
.nohwbrkpt
.noswbrkpt
	   692    0x05 0x00 0x78 0x22 0xda 0x2e 0xc5 0x3b 0x28 0xbb                                LDA.s8 r1, [p0], m1;                                                                      OR r13, r17, r20;             MOV r22, p5
	   702    0x85 0x01 0x38 0x04 0xaa 0x2e 0x76 0x4b 0x28 0xbb                                LDA.s8 r4, [p4], m1;                                                                      OR r10, r2, r20;              MOV dj3, r25
	   712    0x65 0x06 0x38 0x27 0x9a 0x2e 0x93 0x4b 0x28 0xbb                                LDA.s8 r24, [p3], m1;                                                                     OR r25, r19, r20;             MOV dj4, r13
	   722    0x45 0x03 0x38 0x28 0xd8 0x2e 0xb2 0x8b 0x28 0xbb                                LDA.s8 r12, [p2], m1;                                                                     OR r13, r20, r16;             MOV dj5, r10
	   732    0x25 0x06 0xb8 0x25 0xea 0x2e 0x36 0x4b 0x28 0xbb                                LDA.s8 r26, [p1], m1;                                                                     OR r30, r18, r20;             MOV dj1, r25
	   742    0xaa 0x22 0xf8 0x29 0x40 0x06 0x13 0x4b 0x28 0xbb                                LDA.u8 r11, [p5, dj2];                                                                    ADD r20, r20, r0;             MOV dj0, r13
	   752    0xae 0x23 0xbd 0xaf 0x16 0x4d                                                    LDA.u8 r14, [p5, dj3];                                                                                                  MOV dj6, r30
	   758    0xb2 0x22 0xb8 0xc6 0x1f 0x9d                                                    LDA.u8 r10, [p5, dj4];                                                                    MUL r3, r3, r1
	   764    0x05 0xb1 0x03 0xd9                                                              LDA.u8 r1, [p5, dj5]
	   768    0xa6 0x27 0xb8 0xdb 0xc0 0x9d                                                    LDA.u8 r30, [p5, dj1];                                                                    ADD r13, r3, r28
	   774    0x07 0x28 0x3b 0xd9                                                              LDA.s8 r29, [p7], m1
	   778    0x05 0x11 0x37 0xd9                                                              LDA.u8 r27, [p5, dj0]
.noswbrkpt
	   782    0xba 0x23 0xb8 0x16 0xb2 0x7e 0x99 0xcb 0x28 0xbb                                LDA.u8 r14, [p5, dj6];                                                                    MUL r11, r11, r4;             MOV p5, r7
.nohwbrkpt
.noswbrkpt
	   792    0xc5 0x02 0xfb 0xb1 0x8f 0x9d                                                    LDA.s8 r11, [p6], m1;                                                                     MUL r24, r14, r24
.nohwbrkpt
.noswbrkpt
	   798    0xa5 0x03 0xfa 0x98 0xcf 0x9d                                                    LDA.s8 r15, [p5], m1;                                                                     MUL r12, r10, r12
.nohwbrkpt
.noswbrkpt
	   804    0x00 0x03 0xad 0x7c 0xe5 0x3b 0x28 0x43                                                                                                                                    MUL r26, r1, r26;             MOV r7, p5
.nohwbrkpt
.noswbrkpt
	   812    0x00 0x01                                                                        NOPX
.nohwbrkpt
.noswbrkpt
	   814    0x12 0xfe 0xd0 0x99                                                                                                                                                        ADD r31, r11, r13
	   818    0x17 0xff 0x80 0x99                                                                                                                                                        ADD r31, r31, r24
	   822    0x17 0xfe 0xc0 0x99                                                                                                                                                        ADD r31, r31, r12
	   826    0x17 0x7b 0xef 0x99                                                                                                                                                        MUL r29, r29, r30
	   830    0x16 0xf6 0xbf 0x99                                                                                                                                                        MUL r27, r27, r11
	   834    0x13 0xde 0xef 0x99                                                                                                                                                        MUL r15, r15, r14
	   838    0x00 0x01                                                                        NOPX
	   840    0x17 0xff 0xa0 0x99                                                                                                                                                        ADD r31, r31, r26
	   844    0x17 0xff 0xd0 0x99                                                                                                                                                        ADD r31, r31, r29
	   848    0x00 0x00 0x00 0x00 0x00 0x00 0x00 0x3f 0xfd 0x84 0x00 0x03 0x88 0x00 0x03 0xc0  NOPA;                         NOPB;                         NOPS;                         ADD r31, r31, r27;            NOPM;                                   NOPV
.label ZLE_Fconv2dk1_skip_864
.end_of_loop
	   864    0x00 0x00 0x00 0x00 0x00 0x00 0x00 0x3f 0xc7 0x84 0x00 0x03 0x88 0x00 0x03 0xc0  NOPA;                         NOPB;                         NOPS;                         ADD r28, r31, r15;            NOPM;                                   NOPV
.loop_nesting 3
	   880    0xfe 0x0e 0x48 0x3d 0x40 0x0a 0xc0 0x03 0x48 0xbb                                LDA r25, [sp, #-128];                                                                     MOVX r20, #-128;              MOV r22, #0
	   890    0xfc 0x8b 0xc8 0x06 0x77 0xea 0xa0 0xff 0xc8 0xbb                                LDA r15, [sp, #-224];                                                                     MOVX r7, #255;                MOV r21, #127
	   900    0xfc 0xae 0xd8 0x00 0x00 0x03 0x99 0x20 0x10 0xbb                                LDA p6, [sp, #-216];                                                                      MOVXM p7, #(TGT_Fconv2dk1_skip_576 + 0)
	   910    0xfc 0x9d 0xdf 0xd4 0x85 0x1d                                                    LDA p5, [sp, #-220];                                                                      MOVX r10, #-31
	   916    0x07 0xf4 0x5c 0x59                                                              LDA r14, [sp, #-96]
	   920    0x07 0xf3 0x56 0x59                                                              LDA r11, [sp, #-104]
	   924    0x07 0xf5 0x46 0x59                                                              LDA r3, [sp, #-88]
	   928    0x07 0xf2 0xd8 0x59                                                              LDA r12, [sp, #-108]
	   932    0x07 0xf2 0x5a 0x59                                                              LDA r13, [sp, #-112]
	   936    0x07 0xf3 0xc2 0x59                                                              LDA r1, [sp, #-100]
	   940    0x07 0xf6 0x74 0x59                                                              LDA r26, [sp, #-80]
.label TGT_Fconv2dk1_skip_944
	   944    0xc8 0x02 0x90 0x40 0x01 0x95                                                                                                                                              JNZ r25, #TGT_Fconv2dk1_skip_1312
.delay_slot
.swstall delay_slot
	   950    0x00 0x01                                                                        NOPX
.delay_slot
.swstall delay_slot
	   952    0x00 0x01                                                                        NOPX
.delay_slot
.swstall delay_slot
	   954    0x00 0x01                                                                        NOPX
.delay_slot
.swstall delay_slot
	   956    0x00 0x01                                                                        NOPX
.delay_slot
.swstall delay_slot
	   958    0x00 0x01                                                                        NOPX
	   960    0xfe 0x1d 0x48 0x28 0x05 0x1d                                                    LDA r21, [sp, #-124];                                                                     MOVX r20, #1
	   966    0xfd 0xf9 0x08 0x00 0x00 0x02 0x3a 0x68 0x10 0xbb                                LDA r4, [sp, #-132];                                                                      MOVXM le, #(ZLE_Fconv2dk1_skip_1232 + 0)
	   976    0xff 0x4d 0x88 0x00 0x00 0x00 0x3a 0x08 0x10 0xbb                                LDA r22, [sp, #-48];                                                                      MOVXM ls, #(ZLS_Fconv2dk1_skip_1040 + 0)
	   986    0x0f 0xe5 0x76 0x99                                                                                                                          ST p6, [sp, #-216]
	   990    0x07 0xea 0x76 0xd9                                                              LDA p6, [sp, #-176]
	   994    0x07 0xe9 0xfe 0xd9                                                              LDA p7, [sp, #-180]
	   998    0x07 0xe9 0x4e 0xd9                                                              LDA p1, [sp, #-184]
	  1002    0xfd 0x1a 0xdb 0xeb 0x50 0x9d                                                    LDA p2, [sp, #-188];                                                                      ADD r21, r15, r21
	  1008    0xfc 0xd9 0x48 0x2b 0x58 0xee 0xb9 0x03 0x78 0xbb                                LDA r5, [sp, #-204];                                                                      LSHL r21, r21, r17;           ADD.NC lc, r4, #1
	  1018    0xfc 0xe8 0xdd 0x6d 0x60 0x9d                                                    LDA p0, [sp, #-200];                                                                      ADD r22, r21, r22
	  1024    0x07 0xe7 0xe6 0xd9                                                              LDA p4, [sp, #-196]
	  1028    0x07 0xe8 0x5e 0xd9                                                              LDA p3, [sp, #-192]
	  1032    0x0f 0xe4 0x6e 0x99                                                                                                                          ST p5, [sp, #-224]
	  1036    0x0f 0xe4 0xde 0x19                                                                                                                          ST r15, [sp, #-220]
.label ZLS_Fconv2dk1_skip_1040
.loop_nesting 4
.begin_of_loop
.noswbrkpt
	  1040    0xff 0x4d 0xd8 0x2a 0xea 0x2e 0x9d 0x8b 0x28 0xbb                                LDA p5, [sp, #-48];                                                                       OR r14, r21, r20;             MOV p5, r22
.nohwbrkpt
.noswbrkpt
	  1050    0xa9 0x27 0xb8 0x2f 0xaa 0xae 0x53 0x8b 0x28 0xbb                                LDA.u8 r30, [p5], m2;                                                                     OR r26, r23, r21;             MOV dj2, r14
.nohwbrkpt
.noswbrkpt
	  1060    0xc5 0x00 0x78 0x2a 0xe8 0xae 0xc5 0x3b 0x28 0xbb                                LDA.s8 r1, [p6], m1;                                                                      OR r14, r21, r17;             MOV r22, p5
	  1070    0xe5 0x00 0xf8 0x2b 0xf1 0x2e 0x76 0x8b 0x28 0xbb                                LDA.s8 r3, [p7], m1;                                                                      OR r31, r21, r2;              MOV dj3, r26
	  1080    0x25 0x02 0xf8 0x26 0xaa 0xae 0x93 0x8b 0x28 0xbb                                LDA.s8 r11, [p1], m1;                                                                     OR r10, r19, r21;             MOV dj4, r14
.noswbrkpt
	  1090    0x45 0x02 0xb8 0x2a 0xe8 0x2e 0xb7 0xcb 0x28 0xbb                                LDA.s8 r10, [p2], m1;                                                                     OR r14, r21, r16;             MOV dj5, r31
.nohwbrkpt
.noswbrkpt
	  1100    0x65 0x06 0xb8 0x2a 0xd9 0x2e 0x32 0x8b 0x28 0xbb                                LDA.s8 r26, [p3], m1;                                                                     OR r13, r21, r18;             MOV dj1, r10
	  1110    0xaa 0x21 0xf8 0x2b 0x50 0x06 0x13 0x8b 0x28 0xbb                                LDA.u8 r7, [p5, dj2];                                                                     ADD r21, r21, r0;             MOV dj0, r14
	  1120    0xae 0x23 0x3d 0xa6 0x96 0x4d                                                    LDA.u8 r12, [p5, dj3];                                                                                                  MOV dj6, r13
	  1126    0xb2 0x27 0xf8 0x5d 0xef 0x9d                                                    LDA.u8 r31, [p5, dj4];                                                                    MUL r14, r1, r30
	  1132    0x05 0xb1 0x03 0xd9                                                              LDA.u8 r1, [p5, dj5]
	  1136    0xa6 0x23 0x7b 0xbd 0xc0 0x9d                                                    LDA.u8 r13, [p5, dj1];                                                                    ADD r30, r14, r28
	  1142    0x04 0x28 0x33 0xd9                                                              LDA.s8 r25, [p4], m1
	  1146    0x05 0x11 0x31 0xd9                                                              LDA.u8 r24, [p5, dj0]
.noswbrkpt
	  1150    0xba 0x23 0x38 0x0e 0x71 0xfe 0x99 0x4b 0x28 0xbb                                LDA.u8 r12, [p5, dj6];                                                                    MUL r7, r7, r3;               MOV p5, r5
.nohwbrkpt
.noswbrkpt
	  1160    0x05 0x07 0x7a 0xf6 0xcf 0x9d                                                    LDA.s8 r29, [p0], m1;                                                                     MUL r27, r11, r12
	  1166    0xa5 0x03 0xff 0xd4 0xaf 0x9d                                                    LDA.s8 r15, [p5], m1;                                                                     MUL r10, r31, r10
	  1172    0x00 0x02 0x4d 0x7c 0xa5 0x3b 0x28 0x43                                                                                                                                    MUL r4, r1, r26;              MOV r5, p5
	  1180    0x00 0x01                                                                        NOPX
	  1182    0x11 0xcf 0xe0 0x99                                                                                                                                                        ADD r7, r7, r30
	  1186    0x11 0xf7 0xb0 0x99                                                                                                                                                        ADD r27, r7, r27
	  1190    0x16 0xf6 0xa0 0x99                                                                                                                                                        ADD r27, r27, r10
	  1194    0x13 0x73 0x9f 0x99                                                                                                                                                        MUL r25, r13, r25
	  1198    0x17 0x7b 0x8f 0x99                                                                                                                                                        MUL r29, r29, r24
	  1202    0x13 0xde 0xcf 0x99                                                                                                                                                        MUL r15, r15, r12
	  1206    0x00 0x01                                                                        NOPX
	  1208    0x16 0xc8 0x40 0x99                                                                                                                                                        ADD r4, r27, r4
	  1212    0x16 0x48 0x40 0x99                                                                                                                                                        ADD r4, r25, r4
	  1216    0x00 0x00 0x00 0x00 0x00 0x00 0x00 0x3a 0x42 0x04 0x00 0x03 0x88 0x00 0x03 0xc0  NOPA;                         NOPB;                         NOPS;                         ADD r4, r29, r4;              NOPM;                                   NOPV
.label ZLE_Fconv2dk1_skip_1232
.end_of_loop
	  1232    0x00 0x00 0x00 0x00 0x00 0x00 0x00 0x1f 0xc2 0x04 0x00 0x03 0x88 0x00 0x03 0xc0  NOPA;                         NOPB;                         NOPS;                         ADD r28, r15, r4;             NOPM;                                   NOPV
.loop_nesting 3
	  1248    0xfc 0x9b 0xc8 0x3d 0x40 0x0a 0xc0 0x03 0x48 0xbb                                LDA r15, [sp, #-220];                                                                     MOVX r20, #-128;              MOV r22, #0
	  1258    0xfc 0xae 0xd8 0x06 0x77 0xea 0xa0 0xff 0xc8 0xbb                                LDA p6, [sp, #-216];                                                                      MOVX r7, #255;                MOV r21, #127
	  1268    0xfc 0x8d 0xd8 0x00 0x00 0x03 0x99 0x20 0x10 0xbb                                LDA p5, [sp, #-224];                                                                      MOVXM p7, #(TGT_Fconv2dk1_skip_576 + 0)
	  1278    0xfe 0x8b 0x8f 0xd4 0x85 0x1d                                                    LDA r14, [sp, #-96];                                                                      MOVX r10, #-31
	  1284    0x07 0xf3 0x56 0x59                                                              LDA r11, [sp, #-104]
	  1288    0x07 0xf5 0x46 0x59                                                              LDA r3, [sp, #-88]
	  1292    0x07 0xf2 0xd8 0x59                                                              LDA r12, [sp, #-108]
	  1296    0x07 0xf2 0x5a 0x59                                                              LDA r13, [sp, #-112]
	  1300    0x07 0xf3 0xc2 0x59                                                              LDA r1, [sp, #-100]
	  1304    0x07 0xf6 0x74 0x59                                                              LDA r26, [sp, #-80]
	  1308    0x07 0xf0 0x72 0x59                                                              LDA r25, [sp, #-128]
.label TGT_Fconv2dk1_skip_1312
	  1312    0xc1 0x07 0x38 0x17 0xde 0x05 0x02 0x0b 0x38 0xbb                                LDA.s8 r28, [p6], m0;                                                                     ADD r29, r11, r28;            ADD.NC r8, r8, #8
.noswbrkpt
	  1322    0xfe 0x9e 0xcf 0x7a 0x3e 0x9d                                                    LDA r27, [sp, #-92];                                                                      ASHL r29, r29, r3
.nohwbrkpt
.noswbrkpt
	  1328    0x15 0x37 0xda 0x99                                                                                                                                                        LT r27, r20, r29
.nohwbrkpt
.noswbrkpt
	  1332    0x15 0x3b 0xd6 0x19                                                                                                                                                        SEL.EQZ r29, r20, r29, r27
.nohwbrkpt
.noswbrkpt
	  1336    0x17 0x77 0x5a 0x99                                                                                                                                                        LT r27, r29, r21
.nohwbrkpt
.noswbrkpt
	  1340    0x15 0x7b 0xd6 0x19                                                                                                                                                        SEL.EQZ r29, r21, r29, r27
	  1344    0x00 0x01                                                                        NOPX
	  1346    0x17 0x79 0xc0 0x99                                                                                                                                                        ADD r28, r29, r28
	  1350    0x17 0x3a 0xc0 0x99                                                                                                                                                        ADD r29, r28, r12
.noswbrkpt
	  1354    0xff 0x0e 0xcf 0x38 0xae 0x9d                                                    LDA r27, [sp, #-64];                                                                      ASHL r28, r28, r10
.nohwbrkpt
.noswbrkpt
	  1360    0x13 0x79 0xc2 0x99                                                                                                                                                        ADC r28, r13, r28
.nohwbrkpt
.noswbrkpt
	  1364    0x17 0x3c 0xed 0x99                                                                                                                                                        LSHL r30, r28, r14
.nohwbrkpt
.noswbrkpt
	  1368    0x17 0x7e 0x1d 0x99                                                                                                                                                        LSHL r31, r29, r1
.nohwbrkpt
.noswbrkpt
	  1372    0x17 0xfd 0xe5 0x99                                                                                                                                                        OR r30, r31, r30
.nohwbrkpt
.noswbrkpt
	  1376    0x17 0x38 0xee 0x99                                                                                                                                                        ASHL r28, r28, r14
.nohwbrkpt
.noswbrkpt
	  1380    0x17 0x39 0xe6 0x19                                                                                                                                                        SEL.EQZ r28, r28, r30, r27
	  1384    0x11 0x8d 0xcc 0x19                                                                                                                                                        JNZD r6, r6, p7
.delay_slot
.noswbrkpt
	  1388    0xa1 0x27 0x07 0x79 0xc6 0x1d                                                    ST.s8 r28, [p5], m0;                                                                      SEL.EQZ r28, r29, r28, r27
.delay_slot
.nohwbrkpt
.noswbrkpt
	  1394    0x15 0xb7 0xca 0x99                                                                                                                                                        LT r27, r22, r28
.delay_slot
.nohwbrkpt
.noswbrkpt
	  1398    0x15 0xb9 0xc6 0x19                                                                                                                                                        SEL.EQZ r28, r22, r28, r27
.delay_slot
.nohwbrkpt
.noswbrkpt
	  1402    0x00 0x39 0xb3 0xd5 0x22 0x4b 0x38 0x43                                                                                                                                    LT r27, r28, r7;              ADD.NC r9, r9, #8
.delay_slot
.nohwbrkpt
.noswbrkpt
	  1410    0x00 0x0f 0xce 0x31 0xe3 0xc3 0x78 0x43                                                                                                                                    SEL.EQZ r28, r7, r28, r27;    ADD.NC r15, r15, #1
.loop_nesting 2
	  1418    0xfe 0xba 0x08 0x00 0x00 0x03 0x18 0xa8 0x10 0xbb                                LDA r8, [sp, #-84];                                                                       MOVXM p6, #(TGT_Fconv2dk1_skip_336 + 0)
	  1428    0x00 0x01                                                                        NOPX
	  1430    0x07 0xe5 0xcc 0x59                                                              LDA r6, [sp, #-212]
	  1434    0xfc 0xcb 0xc8 0x00 0x00 0x7d                                                    LDA r15, [sp, #-208];         NOPB
.label TGT_Fconv2dk1_skip_1440
	  1440    0x00 0x01                                                                        NOPX
	  1442    0x00 0x01                                                                        NOPX
	  1444    0x00 0x01                                                                        NOPX
	  1446    0x00 0x01                                                                        NOPX
	  1448    0x00 0x01                                                                        NOPX
	  1450    0x11 0x8d 0x8c 0x19                                                                                                                                                        JNZD r6, r6, p6
.delay_slot
	  1454    0x1b 0xc7 0x86 0xf9                                                                                                                                                                                      ADD.NC r15, r15, #1
.delay_slot
.swstall delay_slot
	  1458    0x00 0x01                                                                        NOPX
.delay_slot
.swstall delay_slot
	  1460    0x00 0x01                                                                        NOPX
.delay_slot
.swstall delay_slot
	  1462    0x00 0x01                                                                        NOPX
.delay_slot
.swstall delay_slot
	  1464    0x00 0x01                                                                        NOPX
.loop_nesting 1
	  1466    0xfe 0xf9 0x88 0x00 0x00 0x00 0x98 0xa0 0x10 0xbb                                LDA r6, [sp, #-68];                                                                       MOVXM p1, #(TGT_Fconv2dk1_skip_320 + 0)
	  1476    0x07 0xf1 0x52 0x59                                                              LDA r9, [sp, #-120]
	  1480    0x07 0xf7 0x7a 0x59                                                              LDA r29, [sp, #-72]
	  1484    0x07 0xee 0xf8 0x59                                                              LDA r28, [sp, #-140]
	  1488    0x07 0xef 0x5e 0x59                                                              LDA r15, [sp, #-136]
	  1492    0x00 0x01                                                                        NOPX
	  1494    0x00 0x01                                                                        NOPX
	  1496    0x00 0x01                                                                        NOPX
	  1498    0x12 0x4c 0x60 0x99                                                                                                                                                        ADD r6, r9, r6
	  1502    0xfe 0xf9 0x87 0x4c 0x90 0xbd                                                                                                                ST r6, [sp, #-68];            ADD r6, r29, r9
	  1508    0x17 0x12 0x4c 0x19                                                                                                                                                        JNZD r9, r28, p1
.delay_slot
.swstall delay_slot
	  1512    0x00 0x01                                                                        NOPX
.delay_slot
.swstall delay_slot
	  1514    0x00 0x01                                                                        NOPX
.delay_slot
.swstall delay_slot
	  1516    0x00 0x01                                                                        NOPX
.delay_slot
.swstall delay_slot
	  1518    0x00 0x01                                                                        NOPX
.delay_slot
	  1520    0x00 0x00 0x00 0x00 0x07 0xf7 0x4c 0x1e 0x60 0x04 0x00 0x03 0x88 0x00 0x03 0xc0  NOPA;                         NOPB;                         ST r6, [sp, #-72];            ADD r6, r15, r0;              NOPM;                                   NOPV
.label TGT_Fconv2dk1_skip_1536
.loop_nesting 0
	  1536    0x07 0xfb 0x6e 0x59                                                              LDA r23, [sp, #-40]
	  1540    0x07 0xfb 0xec 0x59                                                              LDA r22, [sp, #-36]
	  1544    0x07 0xfc 0x6a 0x59                                                              LDA r21, [sp, #-32]
	  1548    0x07 0xfc 0xe8 0x59                                                              LDA r20, [sp, #-28]
	  1552    0x07 0xfd 0x66 0x59                                                              LDA r19, [sp, #-24]
	  1556    0x07 0xfd 0xe4 0x59                                                              LDA r18, [sp, #-20]
	  1560    0x07 0xfe 0x62 0x59                                                              LDA r17, [sp, #-16]
	  1564    0x07 0xfe 0xe0 0x59                                                              LDA r16, [sp, #-12]
	  1568    0x07 0xff 0x7e 0xd9                                                              LDA p7, [sp, #-8]
	  1572    0x07 0xff 0xf6 0xd9                                                              LDA p6, [sp, #-4]
	  1576    0x10 0x00 0x18 0x19                                                                                                                                                        RET lr
.delay_slot
.swstall delay_slot
	  1580    0x00 0x01                                                                        NOPX
.delay_slot
.swstall delay_slot
	  1582    0x00 0x01                                                                        NOPX
.delay_slot
.swstall delay_slot
	  1584    0x00 0x01                                                                        NOPX
.delay_slot
.swstall delay_slot
	  1586    0x00 0x01                                                                        NOPX
.label conv2dk1_skip__end last
.delay_slot
	  1588    0x00 0x00 0x07 0xff 0x20 0x10 0x00 0x80 0x00 0x00 0x01 0x37                      NOPA;                         PADDB [sp], #-224;            NOPS;                         EVENT #1



.direct_eval +,-,(,)
