
// File generated by darts version U-2023.06#da42d6af5a#240507, Mon Mar  3 12:18:00 2025
// Copyright 2014-2023 Synopsys, Inc. All rights reserved.
// darts -I/proj/xbuilds/2024.2_INT_1113_1001/installs/all_platforms/Vitis/2024.2/aietools/data/aie_ml/lib -d -h -I/proj/xbuilds/2024.2_INT_1113_1001/installs/all_platforms/Vitis/2024.2/aietools/include -I/proj/xbuilds/2024.2_INT_1113_1001/installs/all_platforms/Vitis/2024.2/aietools/include -I/proj/xbuilds/2024.2_INT_1113_1001/installs/all_platforms/Vitis/2024.2/aietools/data/aie_ml/lib/runtime_cxx/libcxx-lite/include -I/proj/xbuilds/2024.2_INT_1113_1001/installs/all_platforms/Vitis/2024.2/aietools/data/aie_ml/lib/runtime_cxx/libs/libcxx-9.0.0/include-lite -I/proj/xbuilds/2024.2_INT_1113_1001/installs/all_platforms/Vitis/2024.2/aietools/data/aie_ml/lib/runtime/include -I/proj/xbuilds/2024.2_INT_daily_latest/installs/lin64/Vitis/2024.2/aietools/tps/boost_1_64_0 -D__AIENGINE__ -D__AIE_ARCH__=20 -D__AIEARCH__=20 -DBIT_WIDTH=8 -DOPT_PERF_ENABLED -Di8_i32_ONLY -DDIM_M=32 -DDIM_K=32 -DDIM_N=32 -D__tct_tgt__=240507 -L +Ihex +nanno mm_b_row_maj_32x32x32.o me

// Release: ipp U-2023.06-TGT-240507
.undef global data _ZN12me_primitive11control_satE

.undef global data _ZN12me_primitive11control_rndE

.text_segment_name
.text global 16 matmul_i8_i32
.function_start
	     0    0x00 0x41 0x58 0x03 0x20 0x00 0x00 0x83 0x47 0x3b 0x28 0xb7                      MOVA lc, #2;                  PADDB [sp], #32;                                            EVENT #0;                     MOV r26, p7
	    12    0x61 0x06 0x48 0x00 0x00 0x00 0x38 0x10 0x10 0xbb                                MOVA r25, #776;                                                                           MOVXM ls, #(ZLS_Fmatmul_i8_i32_32 + 0)
	    22    0x00 0x00 0x08 0xe9 0x60 0x55                                                                                                                                              MOVXM le, #(ZLE_Fmatmul_i8_i32_1200 + 0)
	    28    0x1e 0x0c 0x76 0x59                                                                                                                                                                                      MOV r24, p6
.label ZLS_Fmatmul_i8_i32_32
.loop_nesting 1
.begin_of_loop
	    32    0x02 0x43 0x15 0x34 0x76 0x45                                                                                  PADDB [p2], #512;                                                                         MOV p5, p2
	    38    0xa0 0xd2 0x7a 0x43 0x10 0x02 0x1a 0x3b 0x2e 0xbb                                VLDA wh4, [p5, #32];          PADDB [p2], #512;                                                                         MOV p4, p2
	    48    0x44 0x06 0x74 0x2e 0xe8 0x01 0x9a 0x3b 0x2e 0xbb                                PADDA [p2], #512;             VLDB wh11, [p4, #32];                                                                     MOV p3, p2
	    58    0x04 0x26 0xcf 0x44 0x76 0x45                                                                                  VLDB wl11, [p4], #64;                                                                     MOV r29, p2
	    64    0x40 0xd5 0x78 0x44 0x08 0x03 0x60 0x3b 0x2e 0xbb                                VLDA wh10, [p2, #32];         VLDB wl0, [p0], #128;                                                                     MOV r27, p0
	    74    0x00 0x46 0x74 0x2d 0xa8 0x37 0xf4 0x1b 0x18 0x3b 0x28 0xb7                      PADDA [p0], #32;              VLDB wh6, [p4, #32];                                        ADD r31, r27, #32;            MOV p6, p0
	    86    0x40 0xb5 0x3e 0x44 0x48 0x7d                                                    VLDA wl10, [p2], #64;         VLDB wl1, [p6], #128
.aggressive_scheduled_block_id 1
.aggressive_scheduled_block_id first
	    92    0x80 0xb3 0x3e 0x44 0x88 0x03 0x9e 0x3b 0x2e 0xbb                                VLDA wl6, [p4], #64;          VLDB wl2, [p6], #128;                                                                     MOV p7, p6
.aggressive_scheduled_block_id 1
.noswbrkpt
	   102    0x80 0xd5 0x7e 0x14 0xcf 0x02 0x33 0x43 0x66 0x3b 0x20 0xf7                      VLDA wh10, [p4, #32];         VLDB wl3, [p6], #32;          PADDS [p7], #32;                                            MOV r27, p6
.aggressive_scheduled_block_id 1
.nohwbrkpt
.noswbrkpt
	   114    0x3c 0x26 0x88 0x19                                                                                            VLDB wl10, [p4], #64
.aggressive_scheduled_block_id 1
.nohwbrkpt
.noswbrkpt
	   118    0x05 0x25 0x09 0xac 0x5e 0xc5                                                                                  VLDB wl4, [p5], #64;                                                                      VMOV bml3, x11
.aggressive_scheduled_block_id 1
.nohwbrkpt
.noswbrkpt
	   124    0x3c 0x2d 0xa8 0x19                                                                                            VLDB wh6, [p4, #32]
.aggressive_scheduled_block_id 1
.nohwbrkpt
.noswbrkpt
	   128    0x3d 0x2d 0x28 0x19                                                                                            VLDB wh4, [p5, #32]
.aggressive_scheduled_block_id 1
.nohwbrkpt
.noswbrkpt
	   132    0x03 0x2e 0x6c 0x2c 0x56 0xc5                                                                                  VLDB wh9, [p3, #32];                                                                      VMOV bml8, x10
.aggressive_scheduled_block_id 1
.nohwbrkpt
.noswbrkpt
	   138    0x04 0xa5 0x89 0xec 0x36 0xc5                                                                                  VLDB wl6, [p4], #-192;                                                                    VMOV bmh3, x6
.aggressive_scheduled_block_id 1
.nohwbrkpt
.noswbrkpt
	   144    0x05 0x25 0x0f 0x88 0x76 0x45                                                                                  VLDB wl4, [p5], #64;                                                                      MOV r30, p4
.aggressive_scheduled_block_id 1
.nohwbrkpt
.noswbrkpt
	   150    0x03 0x26 0x4c 0x32 0x76 0x45                                                                                  VLDB wl9, [p3], #64;                                                                      MOV p4, p1
.aggressive_scheduled_block_id 1
.nohwbrkpt
.noswbrkpt
	   156    0x20 0xd4 0xfb 0x2d 0x28 0x01 0x16 0x13 0x6e 0xbb                                VLDA wh9, [p1, #32];          VLDB wh4, [p3, #32];                                                                      VMOV bml4, x4
.aggressive_scheduled_block_id 1
.nohwbrkpt
.noswbrkpt
	   166    0x20 0xb4 0xba 0x2e 0x28 0x00 0x96 0x2b 0x6e 0xbb                                VLDA wl9, [p1], #64;          VLDB wh8, [p2, #32];                                                                      VMOV bml2, x10
.aggressive_scheduled_block_id 1
.nohwbrkpt
.noswbrkpt
	   176    0x0b 0x25 0x0f 0xff 0xce 0x85                                                                                  VLDB wl4, [p3], #64;          ST p1, [sp, #-4]
.aggressive_scheduled_block_id 1
.nohwbrkpt
.noswbrkpt
	   182    0xa0 0xd3 0x79 0x2d 0x28 0x7d                                                    VLDA wh6, [p5, #32];          VLDB wh4, [p1, #32]
.aggressive_scheduled_block_id 1
.nohwbrkpt
.noswbrkpt
	   188    0x22 0x32 0x3a 0x26 0x08 0x00 0xb6 0x1b 0x6e 0xbb                                VLDA wl4, [p1], #256;         VLDB wl8, [p2], #64;                                                                      VMOV bmh2, x6
.aggressive_scheduled_block_id 1
.nohwbrkpt
.noswbrkpt
	   198    0xa0 0xb3 0x3e 0x16 0x48 0x01 0x36 0x13 0x6e 0xbb                                VLDA wl6, [p5], #64;          VLDB wl9, [p6], #32;                                                                      VMOV bmh4, x4
.aggressive_scheduled_block_id 1
.nohwbrkpt
.noswbrkpt
	   208    0x03 0x2e 0xaa 0xac 0x4e 0xc5                                                                                  VLDB wh10, [p3, #32];                                                                     VMOV bml5, x9
.aggressive_scheduled_block_id 1
.nohwbrkpt
.noswbrkpt
	   214    0x3a 0x2e 0xe8 0x19                                                                                            VLDB wh11, [p2, #32]
.aggressive_scheduled_block_id 1
.nohwbrkpt
.noswbrkpt
	   218    0x05 0x2d 0x68 0x00 0xca 0x02 0x50 0x23                                                                        VLDB wh5, [p5, #32];                                                                                                              VMAC cm4, cm4, x0, x9, r25
.aggressive_scheduled_block_id 1
.nohwbrkpt
.noswbrkpt
	   226    0x03 0x26 0x8a 0xec 0x26 0xc6 0xc9 0x86 0x4c 0x0b                                                              VLDB wl10, [p3], #64;                                                                     VMOV bmh5, x4;                          VMAC cm3, cm3, x1, x9, r25
.aggressive_scheduled_block_id 1
.nohwbrkpt
.noswbrkpt
	   236    0x82 0x35 0x3a 0x26 0xc8 0x1d 0xca 0x8a 0x54 0x0b                                VLDA wl10, [p4], #256;        VLDB wl11, [p2], #64;                                                                                                             VMAC cm5, cm5, x2, x9, r25
.aggressive_scheduled_block_id 1
.nohwbrkpt
.noswbrkpt
	   246    0xbe 0xb2 0xbc 0x2e 0x2c 0x6c 0x46 0xc2 0xcc 0x0e 0x40 0x27                      VLDA wl5, [p5], #-192;        VLDB wh8, [p4, #32];                                                                      VMOV bmh8, x8;                          VMAC cm0, cm8, x3, x9, r25
.aggressive_scheduled_block_id 1
.nohwbrkpt
.noswbrkpt
	   258    0x40 0xd3 0xf9 0x2d 0x6f 0x0a 0x76 0x42 0xc9 0x05 0x04 0x27                      VLDA wh7, [p2, #32];          VLDB wh5, [p1, #32];                                                                      MOV r28, p5;                            VMAC cm1, cm2, x1, x4, r25
.aggressive_scheduled_block_id 1
.nohwbrkpt
.noswbrkpt
	   270    0x82 0x34 0x3b 0x2d 0xa8 0x02 0x9f 0xcb 0x2e 0xbb                                VLDA wl8, [p4], #256;         VLDB wh6, [p3, #32];                                                                      MOV p5, r31
.aggressive_scheduled_block_id 1
.nohwbrkpt
.noswbrkpt
	   280    0x22 0x32 0xba 0xa5 0xc8 0x00 0x96 0x1b 0x6e 0xbb                                VLDA wl5, [p1], #256;         VLDB wl7, [p2], #-192;                                                                    VMOV bml2, x6
.aggressive_scheduled_block_id 1
.nohwbrkpt
.noswbrkpt
	   290    0x7e 0xb3 0x3f 0x15 0xc8 0x7d                                                    VLDA wl6, [p3], #-192;        VLDB wl7, [p7], #32
.aggressive_scheduled_block_id 1
.nohwbrkpt
.noswbrkpt
	   296    0x05 0x15 0x0c 0x2c 0x56 0xc5                                                                                  VLDB wl4, [p5], #32;                                                                      VMOV bml8, x10
.aggressive_scheduled_block_id 1
.nohwbrkpt
.noswbrkpt
	   302    0x00 0x15 0x8b 0xac 0x5e 0xc5                                                                                  VLDB wl6, [p0], #32;                                                                      VMOV bml7, x11
.aggressive_scheduled_block_id 1
.nohwbrkpt
.noswbrkpt
	   308    0x05 0x15 0x09 0x6c 0x2e 0xc6 0xc9 0x01 0x08 0x0b                                                              VLDB wl4, [p5], #32;                                                                      VMOV bmh2, x5;                          VMAC cm2, cm2, x0, x4, r25
.aggressive_scheduled_block_id 1
.nohwbrkpt
.noswbrkpt
	   318    0x3e 0x16 0x48 0x19                                                                                            VLDB wl9, [p6], #32
.aggressive_scheduled_block_id 1
.nohwbrkpt
.noswbrkpt
	   322    0xc8 0x26 0x00 0x09                                                                                                                                                                                                                              VMAC cm0, cm0, x9, x8, r25
.aggressive_scheduled_block_id 1
.nohwbrkpt
.noswbrkpt
	   326    0x04 0x2e 0x2b 0xec 0x3e 0xc6 0xcb 0x8d 0x18 0x0b                                                              VLDB wh8, [p4, #32];                                                                      VMOV bmh7, x7;                          VMAC cm6, cm7, x3, x4, r25
.aggressive_scheduled_block_id 1
.nohwbrkpt
.noswbrkpt
	   336    0x82 0x34 0x3f 0x15 0xcc 0x6c 0x36 0xc2 0xcc 0x09 0x1c 0x27                      VLDA wl8, [p4], #256;         VLDB wl7, [p7], #32;                                                                      VMOV bmh8, x6;                          VMAC cm7, cm8, x2, x4, r25
.aggressive_scheduled_block_id 1
.nohwbrkpt
.noswbrkpt
	   348    0x20 0xd2 0xf8 0x15 0x88 0x1d 0xca 0x12 0x10 0x0b                                VLDA wh5, [p1, #32];          VLDB wl6, [p0], #32;                                                                                                              VMAC cm4, cm4, x4, x8, r25
.aggressive_scheduled_block_id 1
.nohwbrkpt
.noswbrkpt
	   358    0x22 0x32 0xb8 0x04 0xc9 0x11 0x48 0x23                                          VLDA wl5, [p1], #256;                                                                                                                                           VMAC cm2, cm2, x4, x5, r25
.aggressive_scheduled_block_id 1
.nohwbrkpt
.noswbrkpt
	   366    0x00 0x15 0x88 0x00 0xcb 0x25 0x58 0x23                                                                        VLDB wl6, [p0], #32;                                                                                                              VMAC cm6, cm6, x9, x5, r25
.aggressive_scheduled_block_id 1
.nohwbrkpt
.noswbrkpt
	   374    0x00 0xf7 0x10 0x00 0xc9 0x9a 0x0c 0x23                                                                        PADDB [p0], #-96;                                                                                                                 VMAC cm3, cm3, x6, x8, r25
.aggressive_scheduled_block_id 1
.nohwbrkpt
.noswbrkpt
	   382    0x06 0x16 0x48 0x00 0xca 0x9e 0x14 0x23                                                                        VLDB wl9, [p6], #32;                                                                                                              VMAC cm5, cm5, x7, x8, r25
.aggressive_scheduled_block_id 1
.nohwbrkpt
.noswbrkpt
	   390    0x06 0xf7 0x10 0x00 0xcb 0x9d 0x5c 0x23                                                                        PADDB [p6], #-96;                                                                                                                 VMAC cm7, cm7, x7, x5, r25
.aggressive_scheduled_block_id 1
.nohwbrkpt
.noswbrkpt
	   398    0x04 0x2e 0x28 0x00 0xc8 0x99 0x44 0x23                                                                        VLDB wh8, [p4, #32];                                                                                                              VMAC cm1, cm1, x6, x5, r25
.aggressive_scheduled_block_id 1
.nohwbrkpt
.noswbrkpt
	   406    0x82 0x34 0x3d 0x15 0x08 0x1d 0xc9 0x9a 0x0c 0x0b                                VLDA wl8, [p4], #256;         VLDB wl4, [p5], #32;                                                                                                              VMAC cm3, cm3, x6, x8, r25
.aggressive_scheduled_block_id 1
.nohwbrkpt
.noswbrkpt
	   416    0x20 0xd2 0xff 0x15 0xcc 0x3a 0x76 0x42 0xc8 0x99 0x44 0x27                      VLDA wh5, [p1, #32];          VLDB wl7, [p7], #32;                                                                      MOV p4, p5;                             VMAC cm1, cm1, x6, x5, r25
.aggressive_scheduled_block_id 1
.nohwbrkpt
.noswbrkpt
	   428    0xfe 0xe2 0x22 0x32 0xbc 0xfa 0x33 0x40 0x00 0x02 0x9f 0x0b 0x2e 0x41 0x30 0x00  VLDA wl5, [p1], #256;         PADDB [p7], #-96;             PADDS [p4], #-96;             NOPX;                         MOV p5, r28;                            VMAC cm0, cm0, x9, x8, r25
.aggressive_scheduled_block_id 1
.nohwbrkpt
.noswbrkpt
	   444    0xff 0xf9 0xdf 0xc8 0x76 0x42 0xcb 0x25 0x58 0x0b                                LDA p1, [sp, #-4];                                                                                                      MOV r31, p4;                            VMAC cm6, cm6, x9, x5, r25
.aggressive_scheduled_block_id 1
.nohwbrkpt
.noswbrkpt
	   454    0x01 0x3f 0x16 0x46 0xca 0x9e 0x14 0x23                                                                                                                                                                  MOV p1, r30;                            VMAC cm5, cm5, x7, x8, r25
.aggressive_scheduled_block_id 1
.nohwbrkpt
.noswbrkpt
	   462    0x04 0x32 0x76 0x46 0xca 0x12 0x10 0x23                                                                                                                                                                  MOV p4, p1;                             VMAC cm4, cm4, x4, x8, r25
.aggressive_scheduled_block_id 1
.nohwbrkpt
.noswbrkpt
	   470    0xc9 0x11 0x48 0x09                                                                                                                                                                                                                              VMAC cm2, cm2, x4, x5, r25
.aggressive_scheduled_block_id 1
.aggressive_scheduled_block_id last
.nohwbrkpt
.noswbrkpt
	   474    0xcb 0x9d 0x5c 0x09                                                                                                                                                                                                                              VMAC cm7, cm7, x7, x5, r25
	   478    0xc9 0x9a 0x0c 0x09                                                                                                                                                                                                                              VMAC cm3, cm3, x6, x8, r25
	   482    0xc8 0x26 0x00 0x09                                                                                                                                                                                                                              VMAC cm0, cm0, x9, x8, r25
	   486    0x01 0x0b 0x10 0x00 0xca 0x12 0x10 0x23                                                                        PADDB [p1], #64;                                                                                                                  VMAC cm4, cm4, x4, x8, r25
	   494    0xc8 0x99 0x44 0x09                                                                                                                                                                                                                              VMAC cm1, cm1, x6, x5, r25
	   498    0xca 0x9e 0x14 0x09                                                                                                                                                                                                                              VMAC cm5, cm5, x7, x8, r25
	   502    0x80 0xd1 0xa8 0x02 0xcb 0x25 0x58 0x23                                                                                                      VST amlh3, [p4, #32];                                                                               VMAC cm6, cm6, x9, x5, r25
	   510    0x80 0xb1 0x88 0x02 0xc9 0x11 0x48 0x23                                                                                                      VST amll3, [p4], #64;                                                                               VMAC cm2, cm2, x4, x5, r25
	   518    0x40 0xd0 0x28 0x02 0xcb 0x9d 0x5c 0x23                                                                                                      VST amlh0, [p2, #32];                                                                               VMAC cm7, cm7, x7, x5, r25
	   526    0x0c 0x06 0x8f 0x59                                                                                                                          VST amhh3, [p4, #32]
	   530    0x0a 0x05 0x80 0x59                                                                                                                          VST amll0, [p2], #64
	   534    0x0c 0x05 0x8e 0x59                                                                                                                          VST amhl3, [p4], #64
	   538    0x0a 0x06 0x83 0x59                                                                                                                          VST amhh0, [p2, #32]
	   542    0x0c 0x06 0x85 0x59                                                                                                                          VST amlh1, [p4, #32]
	   546    0x0d 0x06 0x91 0x59                                                                                                                          VST amlh4, [p5, #32]
	   550    0x0a 0x05 0x82 0x59                                                                                                                          VST amhl0, [p2], #64
	   554    0x0c 0x05 0x84 0x59                                                                                                                          VST amll1, [p4], #64
	   558    0x0d 0x05 0x90 0x59                                                                                                                          VST amll4, [p5], #64
	   562    0x0a 0x06 0x99 0x59                                                                                                                          VST amlh6, [p2, #32]
	   566    0x0c 0x06 0x87 0x59                                                                                                                          VST amhh1, [p4, #32]
	   570    0x0d 0x06 0x93 0x59                                                                                                                          VST amhh4, [p5, #32]
	   574    0x0b 0x06 0x95 0x59                                                                                                                          VST amlh5, [p3, #32]
	   578    0x0a 0x05 0x98 0x59                                                                                                                          VST amll6, [p2], #64
	   582    0x0c 0x05 0x86 0x59                                                                                                                          VST amhl1, [p4], #64
	   586    0x0d 0x05 0x92 0x59                                                                                                                          VST amhl4, [p5], #64
	   590    0x0b 0x05 0x94 0x59                                                                                                                          VST amll5, [p3], #64
	   594    0x3c 0x2e 0xe8 0x19                                                                                            VLDB wh11, [p4, #32]
	   598    0x0d 0x06 0x89 0x59                                                                                                                          VST amlh2, [p5, #32]
	   602    0x0a 0x06 0x9b 0x59                                                                                                                          VST amhh6, [p2, #32]
	   606    0x0b 0x06 0x97 0x59                                                                                                                          VST amhh5, [p3, #32]
	   610    0x3c 0x26 0xc8 0x19                                                                                            VLDB wl11, [p4], #64
	   614    0x0d 0x05 0x88 0x59                                                                                                                          VST amll2, [p5], #64
	   618    0x0a 0x05 0x9a 0x59                                                                                                                          VST amhl6, [p2], #64
	   622    0x0b 0x05 0x96 0x59                                                                                                                          VST amhl5, [p3], #64
	   626    0x3a 0x2e 0xa8 0x19                                                                                            VLDB wh10, [p2, #32]
	   630    0x3c 0x2d 0xa8 0x19                                                                                            VLDB wh6, [p4, #32]
	   634    0x0d 0x06 0x8b 0x59                                                                                                                          VST amhh2, [p5, #32]
	   638    0x60 0xd3 0xa8 0x00 0xd6 0x2f 0x60 0x03                                                                                                      VST amlh7, [p3, #32];                                       VMOV bml3, x11
	   646    0x3a 0x26 0x88 0x19                                                                                            VLDB wl10, [p2], #64
	   650    0x3c 0x25 0x88 0x19                                                                                            VLDB wl6, [p4], #64
	   654    0x0d 0x05 0x8a 0x59                                                                                                                          VST amhl2, [p5], #64
.aggressive_scheduled_block_id 2
.aggressive_scheduled_block_id first
	   658    0x0b 0x05 0x9c 0x59                                                                                                                          VST amll7, [p3], #64
.aggressive_scheduled_block_id 2
.noswbrkpt
	   662    0x3c 0x2e 0xa8 0x19                                                                                            VLDB wh10, [p4, #32]
.aggressive_scheduled_block_id 2
.nohwbrkpt
.noswbrkpt
	   666    0x3d 0x2d 0x28 0x19                                                                                            VLDB wh4, [p5, #32]
.aggressive_scheduled_block_id 2
.nohwbrkpt
.noswbrkpt
	   670    0x0b 0x06 0x9f 0x59                                                                                                                          VST amhh7, [p3, #32]
.aggressive_scheduled_block_id 2
.aggressive_scheduled_block_id last
.nohwbrkpt
.noswbrkpt
	   674    0x04 0x26 0x8c 0x2c 0x56 0xc5                                                                                  VLDB wl10, [p4], #64;                                                                     VMOV bml8, x10
	   680    0x60 0xb3 0xc8 0x00 0xf6 0x1b 0x60 0x03                                                                                                      VST amhl7, [p3], #64;                                       VMOV bmh3, x6
	   688    0x3d 0x25 0x08 0x19                                                                                            VLDB wl4, [p5], #64
.aggressive_scheduled_block_id 3
.aggressive_scheduled_block_id first
	   692    0x3c 0x2d 0xa8 0x19                                                                                            VLDB wh6, [p4, #32]
.aggressive_scheduled_block_id 3
.noswbrkpt
	   696    0x3d 0x2d 0x28 0x19                                                                                            VLDB wh4, [p5, #32]
.aggressive_scheduled_block_id 3
.nohwbrkpt
.noswbrkpt
	   700    0x3b 0x2e 0x68 0x19                                                                                            VLDB wh9, [p3, #32]
.aggressive_scheduled_block_id 3
.nohwbrkpt
.noswbrkpt
	   704    0x3c 0xa5 0x88 0x19                                                                                            VLDB wl6, [p4], #-192
.aggressive_scheduled_block_id 3
.nohwbrkpt
.noswbrkpt
	   708    0x05 0x25 0x0f 0x88 0x76 0x45                                                                                  VLDB wl4, [p5], #64;                                                                      MOV r30, p4
.aggressive_scheduled_block_id 3
.nohwbrkpt
.noswbrkpt
	   714    0x03 0x26 0x4c 0x32 0x76 0x45                                                                                  VLDB wl9, [p3], #64;                                                                      MOV p4, p1
.aggressive_scheduled_block_id 3
.nohwbrkpt
.noswbrkpt
	   720    0x20 0xd4 0xfb 0x2d 0x28 0x01 0x16 0x13 0x6e 0xbb                                VLDA wh9, [p1, #32];          VLDB wh4, [p3, #32];                                                                      VMOV bml4, x4
.aggressive_scheduled_block_id 3
.nohwbrkpt
.noswbrkpt
	   730    0x20 0xb4 0xba 0x2e 0x28 0x00 0x96 0x2b 0x6e 0xbb                                VLDA wl9, [p1], #64;          VLDB wh8, [p2, #32];                                                                      VMOV bml2, x10
.aggressive_scheduled_block_id 3
.nohwbrkpt
.noswbrkpt
	   740    0x0b 0x25 0x0f 0xff 0xce 0x85                                                                                  VLDB wl4, [p3], #64;          ST p1, [sp, #-4]
.aggressive_scheduled_block_id 3
.nohwbrkpt
.noswbrkpt
	   746    0xa0 0xd3 0x79 0x2d 0x28 0x7d                                                    VLDA wh6, [p5, #32];          VLDB wh4, [p1, #32]
.aggressive_scheduled_block_id 3
.nohwbrkpt
.noswbrkpt
	   752    0x22 0x32 0x3a 0x26 0x08 0x00 0xb6 0x1b 0x6e 0xbb                                VLDA wl4, [p1], #256;         VLDB wl8, [p2], #64;                                                                      VMOV bmh2, x6
.aggressive_scheduled_block_id 3
.nohwbrkpt
.noswbrkpt
	   762    0xa0 0xb3 0x3e 0x16 0x48 0x01 0x36 0x13 0x6e 0xbb                                VLDA wl6, [p5], #64;          VLDB wl9, [p6], #32;                                                                      VMOV bmh4, x4
.aggressive_scheduled_block_id 3
.nohwbrkpt
.noswbrkpt
	   772    0x03 0x2e 0xaa 0xac 0x4e 0xc5                                                                                  VLDB wh10, [p3, #32];                                                                     VMOV bml5, x9
.aggressive_scheduled_block_id 3
.nohwbrkpt
.noswbrkpt
	   778    0x3a 0x2e 0xe8 0x19                                                                                            VLDB wh11, [p2, #32]
.aggressive_scheduled_block_id 3
.nohwbrkpt
.noswbrkpt
	   782    0x05 0x2d 0x68 0x00 0xca 0x02 0x50 0x23                                                                        VLDB wh5, [p5, #32];                                                                                                              VMAC cm4, cm4, x0, x9, r25
.aggressive_scheduled_block_id 3
.nohwbrkpt
.noswbrkpt
	   790    0x03 0x26 0x8a 0xec 0x26 0xc6 0xc9 0x86 0x4c 0x0b                                                              VLDB wl10, [p3], #64;                                                                     VMOV bmh5, x4;                          VMAC cm3, cm3, x1, x9, r25
.aggressive_scheduled_block_id 3
.nohwbrkpt
.noswbrkpt
	   800    0x82 0x35 0x3a 0x26 0xc8 0x1d 0xca 0x8a 0x54 0x0b                                VLDA wl10, [p4], #256;        VLDB wl11, [p2], #64;                                                                                                             VMAC cm5, cm5, x2, x9, r25
.aggressive_scheduled_block_id 3
.nohwbrkpt
.noswbrkpt
	   810    0xbe 0xb2 0xbc 0x2e 0x2c 0x6c 0x46 0xc2 0xcc 0x0e 0x40 0x27                      VLDA wl5, [p5], #-192;        VLDB wh8, [p4, #32];                                                                      VMOV bmh8, x8;                          VMAC cm0, cm8, x3, x9, r25
.aggressive_scheduled_block_id 3
.nohwbrkpt
.noswbrkpt
	   822    0x40 0xd3 0xf9 0x2d 0x6f 0x0a 0x76 0x42 0xc9 0x05 0x04 0x27                      VLDA wh7, [p2, #32];          VLDB wh5, [p1, #32];                                                                      MOV r28, p5;                            VMAC cm1, cm2, x1, x4, r25
.aggressive_scheduled_block_id 3
.nohwbrkpt
.noswbrkpt
	   834    0x82 0x34 0x3b 0x2d 0xa8 0x02 0x9f 0xcb 0x2e 0xbb                                VLDA wl8, [p4], #256;         VLDB wh6, [p3, #32];                                                                      MOV p5, r31
.aggressive_scheduled_block_id 3
.nohwbrkpt
.noswbrkpt
	   844    0x22 0x32 0xba 0xa5 0xc8 0x00 0x96 0x1b 0x6e 0xbb                                VLDA wl5, [p1], #256;         VLDB wl7, [p2], #-192;                                                                    VMOV bml2, x6
.aggressive_scheduled_block_id 3
.nohwbrkpt
.noswbrkpt
	   854    0x7e 0xb3 0x3f 0x15 0xc8 0x7d                                                    VLDA wl6, [p3], #-192;        VLDB wl7, [p7], #32
.aggressive_scheduled_block_id 3
.nohwbrkpt
.noswbrkpt
	   860    0x05 0x15 0x0c 0x2c 0x56 0xc5                                                                                  VLDB wl4, [p5], #32;                                                                      VMOV bml8, x10
.aggressive_scheduled_block_id 3
.nohwbrkpt
.noswbrkpt
	   866    0x00 0x15 0x8b 0xac 0x5e 0xc5                                                                                  VLDB wl6, [p0], #32;                                                                      VMOV bml7, x11
.aggressive_scheduled_block_id 3
.nohwbrkpt
.noswbrkpt
	   872    0x05 0x15 0x09 0x6c 0x2e 0xc6 0xc9 0x01 0x08 0x0b                                                              VLDB wl4, [p5], #32;                                                                      VMOV bmh2, x5;                          VMAC cm2, cm2, x0, x4, r25
.aggressive_scheduled_block_id 3
.nohwbrkpt
.noswbrkpt
	   882    0x3e 0x16 0x48 0x19                                                                                            VLDB wl9, [p6], #32
.aggressive_scheduled_block_id 3
.nohwbrkpt
.noswbrkpt
	   886    0xc8 0x26 0x00 0x09                                                                                                                                                                                                                              VMAC cm0, cm0, x9, x8, r25
.aggressive_scheduled_block_id 3
.nohwbrkpt
.noswbrkpt
	   890    0x04 0x2e 0x2b 0xec 0x3e 0xc6 0xcb 0x8d 0x18 0x0b                                                              VLDB wh8, [p4, #32];                                                                      VMOV bmh7, x7;                          VMAC cm6, cm7, x3, x4, r25
.aggressive_scheduled_block_id 3
.nohwbrkpt
.noswbrkpt
	   900    0x82 0x34 0x38 0x15 0x8c 0x6c 0x36 0xc2 0xcc 0x09 0x1c 0x27                      VLDA wl8, [p4], #256;         VLDB wl6, [p0], #32;                                                                      VMOV bmh8, x6;                          VMAC cm7, cm8, x2, x4, r25
.aggressive_scheduled_block_id 3
.nohwbrkpt
.noswbrkpt
	   912    0x20 0xd2 0xff 0x15 0xc8 0x1d 0xca 0x12 0x10 0x0b                                VLDA wh5, [p1, #32];          VLDB wl7, [p7], #32;                                                                                                              VMAC cm4, cm4, x4, x8, r25
.aggressive_scheduled_block_id 3
.nohwbrkpt
.noswbrkpt
	   922    0x22 0x32 0xb8 0x04 0xc9 0x11 0x48 0x23                                          VLDA wl5, [p1], #256;                                                                                                                                           VMAC cm2, cm2, x4, x5, r25
.aggressive_scheduled_block_id 3
.nohwbrkpt
.noswbrkpt
	   930    0x06 0x16 0x48 0x00 0xcb 0x25 0x58 0x23                                                                        VLDB wl9, [p6], #32;                                                                                                              VMAC cm6, cm6, x9, x5, r25
.aggressive_scheduled_block_id 3
.nohwbrkpt
.noswbrkpt
	   938    0xc9 0x9a 0x0c 0x09                                                                                                                                                                                                                              VMAC cm3, cm3, x6, x8, r25
.aggressive_scheduled_block_id 3
.nohwbrkpt
.noswbrkpt
	   942    0x05 0x15 0x08 0x00 0xca 0x9e 0x14 0x23                                                                        VLDB wl4, [p5], #32;                                                                                                              VMAC cm5, cm5, x7, x8, r25
.aggressive_scheduled_block_id 3
.nohwbrkpt
.noswbrkpt
	   950    0x05 0x3e 0x16 0x46 0xc8 0x99 0x44 0x23                                                                                                                                                                  MOV p5, r28;                            VMAC cm1, cm1, x6, x5, r25
.aggressive_scheduled_block_id 3
.nohwbrkpt
.noswbrkpt
	   958    0xff 0xf9 0xdc 0x2e 0x28 0x1d 0xcb 0x9d 0x5c 0x0b                                LDA p1, [sp, #-4];            VLDB wh8, [p4, #32];                                                                                                              VMAC cm7, cm7, x7, x5, r25
.aggressive_scheduled_block_id 3
.nohwbrkpt
.noswbrkpt
	   968    0x82 0x34 0x3f 0x15 0xc8 0x1d 0xc8 0x26 0x00 0x0b                                VLDA wl8, [p4], #256;         VLDB wl7, [p7], #32;                                                                                                              VMAC cm0, cm0, x9, x8, r25
.aggressive_scheduled_block_id 3
.nohwbrkpt
.noswbrkpt
	   978    0x20 0xd2 0xf8 0x15 0x88 0x1d 0xcb 0x25 0x58 0x0b                                VLDA wh5, [p1, #32];          VLDB wl6, [p0], #32;                                                                                                              VMAC cm6, cm6, x9, x5, r25
.aggressive_scheduled_block_id 3
.nohwbrkpt
.noswbrkpt
	   988    0x22 0x32 0xb8 0x3d 0x96 0x42 0xca 0x12 0x10 0x0b                                VLDA wl5, [p1], #256;                                                                                                   MOV p0, r27;                            VMAC cm4, cm4, x4, x8, r25
.aggressive_scheduled_block_id 3
.nohwbrkpt
.noswbrkpt
	   998    0x00 0x13 0x11 0x3f 0x16 0x46 0xc9 0x11 0x48 0x0b                                                              PADDB [p0], #128;                                                                         MOV p1, r30;                            VMAC cm2, cm2, x4, x5, r25
.aggressive_scheduled_block_id 3
.nohwbrkpt
.noswbrkpt
	  1008    0x04 0x32 0x76 0x46 0xc9 0x9a 0x0c 0x23                                                                                                                                                                  MOV p4, p1;                             VMAC cm3, cm3, x6, x8, r25
.aggressive_scheduled_block_id 3
.nohwbrkpt
.noswbrkpt
	  1016    0xca 0x9e 0x14 0x09                                                                                                                                                                                                                              VMAC cm5, cm5, x7, x8, r25
.aggressive_scheduled_block_id 3
.nohwbrkpt
.noswbrkpt
	  1020    0x01 0x0b 0x10 0x00 0xcb 0x9d 0x5c 0x23                                                                        PADDB [p1], #64;                                                                                                                  VMAC cm7, cm7, x7, x5, r25
.aggressive_scheduled_block_id 3
.aggressive_scheduled_block_id last
.nohwbrkpt
.noswbrkpt
	  1028    0x01 0xe3 0x10 0x00 0xc8 0x99 0x44 0x23                                                                        PADDB [p1], #-256;                                                                                                                VMAC cm1, cm1, x6, x5, r25
	  1036    0xc8 0x26 0x00 0x09                                                                                                                                                                                                                              VMAC cm0, cm0, x9, x8, r25
	  1040    0xca 0x12 0x10 0x09                                                                                                                                                                                                                              VMAC cm4, cm4, x4, x8, r25
	  1044    0xc9 0x9a 0x0c 0x09                                                                                                                                                                                                                              VMAC cm3, cm3, x6, x8, r25
	  1048    0xca 0x9e 0x14 0x09                                                                                                                                                                                                                              VMAC cm5, cm5, x7, x8, r25
	  1052    0xcb 0x25 0x58 0x09                                                                                                                                                                                                                              VMAC cm6, cm6, x9, x5, r25
	  1056    0x40 0xd0 0x28 0x02 0xc9 0x11 0x48 0x23                                                                                                      VST amlh0, [p2, #32];                                                                               VMAC cm2, cm2, x4, x5, r25
	  1064    0x40 0xb0 0x08 0x02 0xc8 0x99 0x44 0x23                                                                                                      VST amll0, [p2], #64;                                                                               VMAC cm1, cm1, x6, x5, r25
	  1072    0xa0 0xd2 0x28 0x02 0xcb 0x9d 0x5c 0x23                                                                                                      VST amlh4, [p5, #32];                                                                               VMAC cm7, cm7, x7, x5, r25
	  1080    0x0c 0x06 0x8d 0x59                                                                                                                          VST amlh3, [p4, #32]
	  1084    0x0b 0x06 0x95 0x59                                                                                                                          VST amlh5, [p3, #32]
	  1088    0x0a 0x06 0x83 0x59                                                                                                                          VST amhh0, [p2, #32]
	  1092    0x0d 0x05 0x90 0x59                                                                                                                          VST amll4, [p5], #64
	  1096    0x0c 0x05 0x8c 0x59                                                                                                                          VST amll3, [p4], #64
	  1100    0x0b 0x05 0x94 0x59                                                                                                                          VST amll5, [p3], #64
	  1104    0x0a 0x05 0x82 0x59                                                                                                                          VST amhl0, [p2], #64
	  1108    0x0d 0x06 0x93 0x59                                                                                                                          VST amhh4, [p5, #32]
	  1112    0x0c 0x06 0x8f 0x59                                                                                                                          VST amhh3, [p4, #32]
	  1116    0x0b 0x06 0x97 0x59                                                                                                                          VST amhh5, [p3, #32]
	  1120    0x0a 0x06 0x99 0x59                                                                                                                          VST amlh6, [p2, #32]
	  1124    0x0d 0x05 0x92 0x59                                                                                                                          VST amhl4, [p5], #64
	  1128    0x0c 0x05 0x8e 0x59                                                                                                                          VST amhl3, [p4], #64
	  1132    0x0b 0x05 0x96 0x59                                                                                                                          VST amhl5, [p3], #64
	  1136    0x0a 0x05 0x98 0x59                                                                                                                          VST amll6, [p2], #64
	  1140    0x0d 0x06 0x89 0x59                                                                                                                          VST amlh2, [p5, #32]
	  1144    0x0c 0x06 0x85 0x59                                                                                                                          VST amlh1, [p4, #32]
	  1148    0x0b 0x06 0x9d 0x59                                                                                                                          VST amlh7, [p3, #32]
	  1152    0x0a 0x06 0x9b 0x59                                                                                                                          VST amhh6, [p2, #32]
	  1156    0x0d 0x05 0x88 0x59                                                                                                                          VST amll2, [p5], #64
	  1160    0x0c 0x05 0x84 0x59                                                                                                                          VST amll1, [p4], #64
	  1164    0x0b 0x05 0x9c 0x59                                                                                                                          VST amll7, [p3], #64
	  1168    0x0a 0x05 0x9a 0x59                                                                                                                          VST amhl6, [p2], #64
	  1172    0xa0 0xd1 0x68 0x01 0x1f 0x4b 0x20 0x03                                                                                                      VST amhh2, [p5, #32];                                       MOV p2, r29
	  1180    0x0a 0x43 0x14 0x06 0x87 0x45                                                                                  PADDB [p2], #512;             VST amhh1, [p4, #32]
	  1186    0x0b 0x06 0x9f 0x59                                                                                                                          VST amhh7, [p3, #32]
	  1190    0x0d 0x05 0x8a 0x59                                                                                                                          VST amhl2, [p5], #64
	  1194    0x00 0x00 0x04 0x05 0x86 0x75                                                    NOPA;                                                       VST amhl1, [p4], #64
.label ZLE_Fmatmul_i8_i32_1200
.end_of_loop
	  1200    0x00 0x00 0x00 0x00 0x03 0x05 0x9e 0x40 0x00 0x00 0x00 0x03 0x88 0x00 0x03 0xc0  NOPA;                         NOPB;                         VST amhl7, [p3], #64;         NOPX;                         NOPM;                                   NOPV
.loop_nesting 0
	  1216    0x10 0x00 0x18 0x19                                                                                                                                                        RET lr
.delay_slot
	  1220    0x1f 0x3d 0x16 0x59                                                                                                                                                                                      MOV p7, r26
.delay_slot
	  1224    0x07 0xff 0xe0 0x10 0x00 0x83 0x1e 0x0b 0x28 0x3b                                                              PADDB [sp], #-32;                                           EVENT #1;                     MOV p6, r24
.delay_slot
.swstall delay_slot
	  1234    0x00 0x01                                                                        NOPX
.delay_slot
.swstall delay_slot
	  1236    0x00 0x01                                                                        NOPX
.label matmul_i8_i32__end last
.delay_slot
.swstall delay_slot
	  1238    0x00 0x00 0x00 0x00 0x00 0x00 0x00 0x03 0x8e 0xbb                                NOPA;                         NOPB;                                                                                     NOPM

.text_segment_name
.text global 10 matmul_scalar_i8_i32
.function_start
	     0    0x03 0xe6 0x48 0x00 0x00 0x80 0x10 0x43 0x48 0xbb                                MOVA r25, #31;                                                                            EVENT #0;                     MOV m0, #32
	    10    0x80 0x20 0x68 0x00 0x00 0x00 0x38 0x48 0x10 0xbb                                MOVA m1, #-1023;                                                                          MOVXM ls, #(ZLS_Fmatmul_scalar_i8_i32_144 + 0)
	    20    0x00 0x00 0x08 0xe1 0x60 0x55                                                                                                                                              MOVXM le, #(ZLE_Fmatmul_scalar_i8_i32_176 + 0)
	    26    0x00 0x00 0x06 0x60 0x80 0x55                                                                                                                                              MOVXM p3, #(TGT_Fmatmul_scalar_i8_i32_64 + 0)
	    32    0x00 0x00 0x00 0x00 0x00 0x00 0x00 0x00 0x00 0x02 0x18 0x18 0x10 0x00 0x03 0xc0  NOPA;                         NOPB;                         NOPS;                         MOVXM p4, #(TGT_Fmatmul_scalar_i8_i32_48 + 0);                        NOPV
.label TGT_Fmatmul_scalar_i8_i32_48
.loop_nesting 1
	    48    0x00 0x00 0x00 0x00 0x00 0x00 0x00 0x01 0x83 0xe8 0x00 0x03 0x88 0x00 0x03 0xc0  NOPA;                         NOPB;                         NOPS;                         MOVX r24, #31;                NOPM;                                   NOPV
.label TGT_Fmatmul_scalar_i8_i32_64
.loop_nesting 2
	    64    0x21 0x07 0x78 0x01 0xc0 0x0a 0xb8 0x3b 0xc8 0xbb                                LDA.s8 r29, [p1], m0;                                                                     MOVX r28, #0;                 MOV lc, #29
.aggressive_scheduled_block_id 1
.aggressive_scheduled_block_id first
	    74    0x00 0x14 0x3d 0xd9                                                              LDA.s8 r30, [p0], #1
.aggressive_scheduled_block_id 1
.noswbrkpt
	    78    0x01 0x08 0x3b 0xd9                                                              LDA.s8 r29, [p1], m0
.aggressive_scheduled_block_id 1
.nohwbrkpt
.noswbrkpt
	    82    0x00 0x14 0x3d 0xd9                                                              LDA.s8 r30, [p0], #1
.aggressive_scheduled_block_id 1
.nohwbrkpt
.noswbrkpt
	    86    0x00 0x01                                                                        NOPX
.aggressive_scheduled_block_id 1
.nohwbrkpt
.noswbrkpt
	    88    0x00 0x00 0x00 0x04 0x00 0x00 0x78 0x23                                          NOPA;                                                                                                                                                           NOPV
.aggressive_scheduled_block_id 1
.nohwbrkpt
.noswbrkpt
	    96    0x00 0x00 0x21 0x07 0x78 0x00 0x00 0x00 0x00 0x00 0x00 0x03 0x88 0x00 0x03 0xc0  LDA.s8 r29, [p1], m0;         NOPB;                         NOPS;                         NOPX;                         NOPM;                                   NOPV
.aggressive_scheduled_block_id 1
.nohwbrkpt
.noswbrkpt
	   112    0x00 0x00 0x02 0x87 0xb8 0x00 0x00 0x00 0x00 0x00 0x00 0x03 0x88 0x00 0x03 0xc0  LDA.s8 r30, [p0], #1;         NOPB;                         NOPS;                         NOPX;                         NOPM;                                   NOPV
.aggressive_scheduled_block_id 1
.nohwbrkpt
.noswbrkpt
	   128    0x00 0x00 0x00 0x00 0x00 0x00 0x00 0x3a 0x0f 0x7c 0x00 0x03 0x88 0x00 0x03 0xc0  NOPA;                         NOPB;                         NOPS;                         MUL r0, r29, r30;             NOPM;                                   NOPV
.label ZLS_Fmatmul_scalar_i8_i32_144
.loop_nesting 3
.begin_of_loop
.aggressive_scheduled_block_id 1
.nohwbrkpt
.noswbrkpt
	   144    0x00 0x00 0x21 0x07 0x78 0x00 0x00 0x00 0x00 0x00 0x00 0x03 0x88 0x00 0x03 0xc0  LDA.s8 r29, [p1], m0;         NOPB;                         NOPS;                         NOPX;                         NOPM;                                   NOPV
.aggressive_scheduled_block_id 1
.nohwbrkpt
.noswbrkpt
	   160    0x00 0x00 0x02 0x87 0xb8 0x00 0x00 0x39 0xc0 0x04 0x00 0x03 0x88 0x00 0x03 0xc0  LDA.s8 r30, [p0], #1;         NOPB;                         NOPS;                         ADD r28, r28, r0;             NOPM;                                   NOPV
.label ZLE_Fmatmul_scalar_i8_i32_176
.end_of_loop
.aggressive_scheduled_block_id 1
.nohwbrkpt
.noswbrkpt
	   176    0x00 0x00 0x00 0x00 0x00 0x00 0x00 0x3a 0x0f 0x7c 0x00 0x03 0x88 0x00 0x03 0xc0  NOPA;                         NOPB;                         NOPS;                         MUL r0, r29, r30;             NOPM;                                   NOPV
.loop_nesting 2
.aggressive_scheduled_block_id 1
.nohwbrkpt
.noswbrkpt
	   192    0x02 0x02 0x82 0x59                                                              LDA r1, [p2, #0]
.aggressive_scheduled_block_id 1
.nohwbrkpt
.noswbrkpt
	   196    0x17 0x38 0x00 0x99                                                                                                                                                        ADD r28, r28, r0
.aggressive_scheduled_block_id 1
.aggressive_scheduled_block_id last
.nohwbrkpt
.noswbrkpt
	   200    0x17 0x41 0xef 0x99                                                                                                                                                        MUL r0, r29, r30
	   204    0x00 0x01                                                                        NOPX
	   206    0x17 0x38 0x00 0x99                                                                                                                                                        ADD r28, r28, r0
	   210    0x16 0x30 0xcc 0x19                                                                                                                                                        JNZD r24, r24, p3
.delay_slot
	   214    0x17 0x41 0xef 0x99                                                                                                                                                        MUL r0, r29, r30
.delay_slot
.swstall delay_slot
	   218    0x00 0x01                                                                        NOPX
.delay_slot
	   220    0x17 0x38 0x00 0x99                                                                                                                                                        ADD r28, r28, r0
.delay_slot
	   224    0x10 0x79 0xc0 0x99                                                                                                                                                        ADD r28, r1, r28
.delay_slot
	   228    0x1f 0xc6 0x71 0x2b 0x0a 0x03 0xb8 0x33                                          PADDA [p0], #-32;             PADDB [p1], m1;               ST r28, [p2], #4
.loop_nesting 1
	   236    0x16 0x73 0x0c 0x19                                                                                                                                                        JNZD r25, r25, p4
.delay_slot
	   240    0x3f 0xc6 0x70 0x07 0x10 0x7d                                                    PADDA [p1], #-32;             PADDB [p0], #32
.delay_slot
.swstall delay_slot
	   246    0x00 0x01                                                                        NOPX
.delay_slot
.swstall delay_slot
	   248    0x00 0x01                                                                        NOPX
.delay_slot
.swstall delay_slot
	   250    0x00 0x01                                                                        NOPX
.delay_slot
.swstall delay_slot
	   252    0x00 0x01                                                                        NOPX
.loop_nesting 0
	   254    0x10 0x00 0x18 0x19                                                                                                                                                        RET lr
.delay_slot
	   258    0x12 0x00 0x10 0x19                                                                                                                                                        EVENT #1
.delay_slot
.swstall delay_slot
	   262    0x00 0x01                                                                        NOPX
.delay_slot
.swstall delay_slot
	   264    0x00 0x01                                                                        NOPX
.delay_slot
.swstall delay_slot
	   266    0x00 0x01                                                                        NOPX
.label matmul_scalar_i8_i32__end last
.delay_slot
.swstall delay_slot
	   268    0x00 0x00 0x00 0x19                                                              NOPA

.text_segment_name
.text global 10 zero_i32
.function_start
	     0    0x00 0x01 0x80 0x0b 0x20 0x3b 0x28 0x43                                                                                                                                    MOVX r24, #0;                 MOV r25, p0
	     8    0x00 0x00 0x1d 0x00 0x00 0x55                                                                                                                                              MOVXM r26, #4096
	    14    0x00 0x33 0xad 0x04 0x26 0x03 0xd8 0x43                                                                                                                                    ADD r26, r25, r26;            VBCST.32 x0, r24
	    22    0x16 0x71 0xab 0x99                                                                                                                                                        GEU r24, r25, r26
	    26    0xc0 0x00 0x68 0x40 0x01 0x95                                                                                                                                              JNZ r24, #TGT_Fzero_i32_208
.delay_slot
	    32    0x10 0x00 0x10 0x19                                                                                                                                                        EVENT #0
.delay_slot
.swstall delay_slot
	    36    0x00 0x01                                                                        NOPX
.delay_slot
.swstall delay_slot
	    38    0x00 0x01                                                                        NOPX
.delay_slot
.swstall delay_slot
	    40    0x00 0x01                                                                        NOPX
.delay_slot
.swstall delay_slot
	    42    0x00 0x01                                                                        NOPX
	    44    0x00 0x26 0x08 0x35 0xdc 0x8f 0x87 0xf7 0xc8 0xbb                                MOVA r24, #1;                                                                             SUB r29, r26, r25;            MOV r28, #-5
	    54    0x00 0x33 0x94 0x1b 0xa7 0x7f 0xf8 0x43                                                                                                                                    ADD r25, r25, #32;            ADD.NC r29, r29, #-1
	    62    0x17 0x79 0xce 0x99                                                                                                                                                        ASHL r28, r29, r28
	    66    0x00 0x33 0xbd 0x67 0x27 0x03 0x78 0x43                                                                                                                                    LTU r27, r25, r26;            ADD.NC r25, r28, #1
	    74    0x16 0x31 0x96 0x19                                                                                                                                                        SEL.EQZ r24, r24, r25, r27
	    78    0x00 0x00 0x00 0xe1 0x80 0x55                                                                                                                                              MOVXM ls, #(ZLS_Fzero_i32_192 + 0)
	    84    0x00 0x00 0x08 0xe1 0x80 0x55                                                                                                                                              MOVXM le, #(ZLS_Fzero_i32_192 + 0)
	    90    0x00 0x00 0x05 0x7c 0x16 0x4d                                                    NOPA;                                                                                                                   MOV lc, r24
	    96    0x00 0x00 0x00 0x00 0x00 0x00 0x00 0x00 0x00 0x00 0x00 0x03 0x88 0x00 0x03 0xc0  NOPA;                         NOPB;                         NOPS;                         NOPX;                         NOPM;                                   NOPV
	   112    0x00 0x00 0x00 0x00 0x00 0x00 0x00 0x00 0x00 0x00 0x00 0x03 0x88 0x00 0x03 0xc0  NOPA;                         NOPB;                         NOPS;                         NOPX;                         NOPM;                                   NOPV
	   128    0x00 0x00 0x00 0x00 0x00 0x00 0x00 0x00 0x00 0x00 0x00 0x03 0x88 0x00 0x03 0xc0  NOPA;                         NOPB;                         NOPS;                         NOPX;                         NOPM;                                   NOPV
	   144    0x00 0x00 0x00 0x00 0x00 0x00 0x00 0x00 0x00 0x00 0x00 0x03 0x88 0x00 0x03 0xc0  NOPA;                         NOPB;                         NOPS;                         NOPX;                         NOPM;                                   NOPV
	   160    0x00 0x00 0x00 0x00 0x00 0x00 0x00 0x00 0x00 0x00 0x00 0x03 0x88 0x00 0x03 0xc0  NOPA;                         NOPB;                         NOPS;                         NOPX;                         NOPM;                                   NOPV
	   176    0x00 0x00 0x00 0x00 0x00 0x00 0x00 0x00 0x00 0x00 0x00 0x03 0x88 0x00 0x03 0xc0  NOPA;                         NOPB;                         NOPS;                         NOPX;                         NOPM;                                   NOPV
.label ZLS_Fzero_i32_192
.loop_nesting 1
.begin_of_loop
.end_of_loop
	   192    0x00 0x00 0x00 0x00 0x00 0x03 0x81 0xc0 0x00 0x00 0x00 0x03 0x88 0x00 0x03 0xc0  NOPA;                         NOPB;                         VST wl0, [p0], #32;           NOPX;                         NOPM;                                   NOPV
.label TGT_Fzero_i32_208
.loop_nesting 0
	   208    0x10 0x00 0x18 0x19                                                                                                                                                        RET lr
.delay_slot
	   212    0x12 0x00 0x10 0x19                                                                                                                                                        EVENT #1
.delay_slot
.swstall delay_slot
	   216    0x00 0x01                                                                        NOPX
.delay_slot
.swstall delay_slot
	   218    0x00 0x01                                                                        NOPX
.delay_slot
.swstall delay_slot
	   220    0x00 0x01                                                                        NOPX
.label zero_i32__end last
.delay_slot
.swstall delay_slot
	   222    0x00 0x01                                                                        NOPX

.text_segment_name
.text global 10 zero_scalar_i32
.tail_call
.function_start
	     0    0x00 0x00 0x00 0x00 0x00 0x95                                                                                                                                              J #memset
.delay_slot
	     6    0x00 0x00 0x10 0x80 0x00 0x55                                                                                                                                              MOVXM r1, #4096
.delay_slot
	    12    0x00 0x00 0x00 0x08 0x98 0x3b 0x28 0x43                                                                                                                                    MOVX r0, #0;                  MOV p1, p0
.delay_slot
.swstall delay_slot
	    20    0x00 0x01                                                                        NOPX
.delay_slot
.swstall delay_slot
	    22    0x00 0x01                                                                        NOPX
.label zero_scalar_i32__end last
.delay_slot
.swstall delay_slot
	    24    0x00 0x00 0x00 0x04 0x00 0x00 0x78 0x23                                          NOPA;                                                                                                                                                           NOPV

.undef global text memset



.direct_eval +,-,(,)
