
// File generated by darts version U-2022.12#3eec2545bc#230622, Fri Aug  9 11:30:00 2024
// Copyright 2014-2022 Synopsys, Inc. All rights reserved.
// darts -I/proj/xbuilds/2023.2_INT_1013_2256/installs/all_platforms/Vitis/2023.2/aietools/data/aie_ml/lib -d -h -I/proj/xbuilds/2023.2_INT_1013_2256/installs/all_platforms/Vitis/2023.2/aietools/data/aie_ml/lib/runtime_cxx/libcxx-lite/include -I/proj/xbuilds/2023.2_INT_1013_2256/installs/all_platforms/Vitis/2023.2/aietools/data/aie_ml/lib/runtime_cxx/libs/libcxx-9.0.0/include-lite -I/proj/xbuilds/2023.2_INT_1013_2256/installs/all_platforms/Vitis/2023.2/aietools/data/aie_ml/lib/runtime/include -I<BOOST_DIR> -D__AIENGINE__ -D__AIE_ARCH__=20 -D__AIEARCH__=20 -D__tct_tgt__=230622 -L +Ihex +nanno +u core_3_5.elf me

// Release: ipp U-2022.12-TGT-230622

.text_segment PM      0
.entry_point
.label __AIE_ARCH_MODEL_VERSION__20010300__inlined__1__me_basic___main_init_
.label _main_init
.function_start
           0    0x00 0x00 0x01 0xc3 0x38 0x00 0x10 0x43                                                                                                                                    MOVXM sp, #458752
           8    0x00 0x00 0x08 0x00 0x00 0x55                                                                                                                                              MOVXM r16, #0
          14    0x00 0x00 0x0c 0x00 0x00 0x55                                                                                                                                              MOVXM r24, #0
          20    0x16 0x31 0x07 0x99                                                                                                                                                        EQ r24, r24, r16
          24    0xc0 0x00 0x40 0x40 0x01 0x95                                                                                                                                              JNZ r24, #128
.delay_slot
.swstall delay_slot
          30    0x00 0x01                                                                        NOPX
.delay_slot
.swstall delay_slot
          32    0x00 0x01                                                                        NOPX
.delay_slot
.swstall delay_slot
          34    0x00 0x01                                                                        NOPX
.delay_slot
.swstall delay_slot
          36    0x00 0x01                                                                        NOPX
.delay_slot
.swstall delay_slot
          38    0x00 0x01                                                                        NOPX
          40    0xff 0xff 0xfc 0x7f 0xf8 0x55                                                                                                                                              MOVXM p6, #-4
          46    0x1f 0x30 0x76 0x59                                                                                                                                                                                      MOV p7, p0
          50    0x00 0x00 0x00 0x00 0x00 0x00 0x00 0x62 0x04 0xb2 0x00 0x00 0x78 0x2f            NOPA;                                                       NOPS;                                                       MOV r17, r1;                            NOPV
.label TGT_F_main_init_64
.loop_nesting 1
          64    0xdf 0xf0 0xdc 0x8c 0x76 0x4d                                                    LDA p0, [p6], #-4;                                                                                                      MOV r18, p6
          70    0x00 0x01                                                                        NOPX
          72    0x00 0x01                                                                        NOPX
          74    0x00 0x01                                                                        NOPX
          76    0x00 0x01                                                                        NOPX
          78    0x00 0x01                                                                        NOPX
          80    0x00 0x01                                                                        NOPX
.no_stack_arguments
          82    0x10 0x00 0x14 0x19                                                                                                                                                        JL p0
.delay_slot
.swstall delay_slot
          86    0x00 0x01                                                                        NOPX
.delay_slot
.swstall delay_slot
          88    0x00 0x01                                                                        NOPX
.delay_slot
.swstall delay_slot
          90    0x00 0x01                                                                        NOPX
.delay_slot
.swstall delay_slot
          92    0x00 0x01                                                                        NOPX
.delay_slot
.swstall delay_slot
          94    0x00 0x01                                                                        NOPX
.return_address
          96    0x14 0xb1 0x08 0x99                                                                                                                                                        NE r24, r18, r16
         100    0xc0 0x00 0x20 0x40 0x01 0x95                                                                                                                                              JNZ r24, #64
.delay_slot
.swstall delay_slot
         106    0x00 0x01                                                                        NOPX
.delay_slot
.swstall delay_slot
         108    0x00 0x01                                                                        NOPX
.delay_slot
.swstall delay_slot
         110    0x00 0x01                                                                        NOPX
.delay_slot
.swstall delay_slot
         112    0x00 0x01                                                                        NOPX
.delay_slot
.swstall delay_slot
         114    0x00 0x01                                                                        NOPX
.loop_nesting 0
         116    0x18 0x3e 0x76 0x59                                                                                                                                                                                      MOV p0, p7
         120    0x00 0x00 0x00 0x00 0x24 0x4b 0x20 0x03                                                                                                      NOPS;                                                       MOV r1, r17
.label TGT_F_main_init_128
.no_stack_arguments
         128    0x00 0x00 0x70 0x00 0x01 0x15                                                                                                                                              JL #224
.delay_slot
.swstall delay_slot
         134    0x00 0x01                                                                        NOPX
.delay_slot
.swstall delay_slot
         136    0x00 0x01                                                                        NOPX
.delay_slot
.swstall delay_slot
         138    0x00 0x01                                                                        NOPX
.delay_slot
.swstall delay_slot
         140    0x00 0x01                                                                        NOPX
.delay_slot
.swstall delay_slot
         142    0x00 0x01                                                                        NOPX
.return_address
.no_stack_arguments
         144    0x00 0x04 0x00 0x00 0x01 0x15                                                                                                                                              JL #2048
.delay_slot
         150    0x18 0x30 0x06 0x99                                                                                                                                                                                      MOV p0, #0
.delay_slot
.swstall delay_slot
         154    0x00 0x01                                                                        NOPX
.delay_slot
.swstall delay_slot
         156    0x00 0x01                                                                        NOPX
.delay_slot
.swstall delay_slot
         158    0x00 0x01                                                                        NOPX
.delay_slot
.swstall delay_slot
         160    0x00 0x00 0x00 0x00 0x00 0x00 0x00 0x00 0x00 0x00 0x00 0x03 0x88 0x00 0x03 0xc0  NOPA;                         NOPB;                         NOPS;                         NOPX;                         NOPM;                                   NOPV
.return_address
.swstall chess_separator_scheduler
         176    0x00 0x01                                                                        NOPX
.swstall chess_separator_scheduler
         178    0x00 0x01                                                                        NOPX
.swstall chess_separator_scheduler
         180    0x00 0x01                                                                        NOPX
.swstall chess_separator_scheduler
         182    0x00 0x01                                                                        NOPX
.swstall chess_separator_scheduler
         184    0x00 0x01                                                                        NOPX
.swstall chess_separator_scheduler
         186    0x00 0x01                                                                        NOPX
         188    0x10 0x00 0x08 0x19                                                                                                                                                        DONE
.swstall chess_separator_scheduler
         192    0x00 0x01                                                                        NOPX
.swstall chess_separator_scheduler
         194    0x00 0x01                                                                        NOPX
.swstall chess_separator_scheduler
         196    0x00 0x01                                                                        NOPX
.swstall chess_separator_scheduler
         198    0x00 0x01                                                                        NOPX
.swstall chess_separator_scheduler
         200    0x00 0x01                                                                        NOPX
.swstall chess_separator_scheduler
         202    0x00 0x01                                                                        NOPX
.swstall for_chess_exit
.exit
         204    0x00 0x00 0x00 0x19                                                              NOPA
.label TGT_F_main_init_208
.loop_nesting 1
         208    0x00 0x00 0x68 0x00 0x00 0x95                                                                                                                                              J #208
.delay_slot
.swstall delay_slot
         214    0x00 0x01                                                                        NOPX
.delay_slot
.swstall delay_slot
         216    0x00 0x01                                                                        NOPX
.delay_slot
.swstall delay_slot
         218    0x00 0x01                                                                        NOPX
.delay_slot
.swstall delay_slot
         220    0x00 0x01                                                                        NOPX
.delay_slot
.swstall delay_slot
         222    0x00 0x01                                                                        NOPX
.label _main_init__end
.label core_3_5
.function_start
         224    0x00 0x06 0x08 0x03 0x40 0x3f 0x17 0xe8 0x04 0x4b 0x28 0xb7                      MOVA r24, #0;                 PADDB [sp], #64;                                            MOVX r17, #-1;                MOV r0, r17
         236    0xff 0x7e 0xd0 0x00 0x64 0xcb 0x20 0x03                                                                                                      ST p6, [sp, #-36];                                          MOV r3, r19
         244    0xff 0x4e 0x00 0x00 0x24 0x8b 0x20 0x03                                                                                                      ST r24, [sp, #-48];                                         MOV r1, r18
         252    0xff 0x8f 0xd0 0x00 0x85 0xcb 0x20 0x03                                                                                                      ST p7, [sp, #-32];                                          MOV r4, r23
         260    0xff 0x99 0x00 0x00 0xa5 0x4b 0x20 0x03                                                                                                      ST r4, [sp, #-28];                                          MOV r5, r21
         268    0xff 0xad 0x80 0x00 0x45 0x0b 0x20 0x03                                                                                                      ST r22, [sp, #-24];                                         MOV r2, r20
         276    0xff 0xb9 0x40 0x00 0x00 0x03 0x18 0xb8 0x11 0x3b                                                                                            ST r5, [sp, #-20];            MOVXM p6, #368
         286    0x0f 0xfe 0x44 0x19                                                                                                                          ST r2, [sp, #-16]
         290    0x0f 0xfe 0xe0 0x19                                                                                                                          ST r16, [sp, #-12]
         294    0x0f 0xff 0x46 0x19                                                                                                                          ST r3, [sp, #-8]
         298    0x0f 0xff 0xc2 0x19                                                                                                                          ST r1, [sp, #-4]
         302    0x0f 0xfb 0x40 0x19                                                                                                                          ST r0, [sp, #-40]
         306    0x00 0x00 0x07 0xfa 0xc2 0x80 0x00 0x40 0x00 0x38 0x00 0x00 0x78 0x2f            NOPA;                                                       ST lr, [sp, #-44];                                          NOPM;                                   NOPV
.label TGT_Fcore_3_5_96
.loop_nesting 1
.no_stack_arguments
         320    0x00 0x01 0xc0 0x00 0x01 0x15                                                                                                                                              JL #896
.delay_slot
         326    0xff 0x3e 0x00 0x00 0x06 0x28 0x27 0xff 0xc9 0x3b                                                                                            ST r24, [sp, #-52];           MOVX r0, #49;                 MOV r1, #-1
.delay_slot
.swstall delay_slot
         336    0x00 0x01                                                                        NOPX
.delay_slot
.swstall delay_slot
         338    0x00 0x01                                                                        NOPX
.delay_slot
.swstall delay_slot
         340    0x00 0x01                                                                        NOPX
.delay_slot
.swstall delay_slot
         342    0x00 0x00 0x00 0x00 0x00 0x00 0x00 0x03 0x8e 0xbb                                NOPA;                         NOPB;                                                                                     NOPM
.return_address
         352    0x00 0x00 0x00 0x00 0x00 0x00 0x00 0x01 0x00 0xc8 0x00 0x03 0x88 0x00 0x03 0xc0  NOPA;                         NOPB;                         NOPS;                         MOVX r16, #6;                 NOPM;                                   NOPV
.label TGT_Fcore_3_5_144
.loop_nesting 2
.no_stack_arguments
         368    0x00 0x01 0xc0 0x00 0x01 0x15                                                                                                                                              JL #896
.delay_slot
         374    0x00 0x00 0x02 0xa8 0x27 0xff 0xc8 0x43                                                                                                                                    MOVX r0, #21;                 MOV r1, #-1
.delay_slot
.swstall delay_slot
         382    0x00 0x01                                                                        NOPX
.delay_slot
.swstall delay_slot
         384    0x00 0x01                                                                        NOPX
.delay_slot
.swstall delay_slot
         386    0x00 0x01                                                                        NOPX
.delay_slot
.swstall delay_slot
         388    0x00 0x00 0x00 0x00 0x00 0x00 0x00 0x00 0x00 0x00 0x01 0x37                      NOPA;                         NOPB;                         NOPS;                         NOPX
.return_address
.no_stack_arguments
         400    0x00 0x01 0xc0 0x00 0x01 0x15                                                                                                                                              JL #896
.delay_slot
         406    0x00 0x00 0x06 0x48 0x27 0xff 0xc8 0x43                                                                                                                                    MOVX r0, #50;                 MOV r1, #-1
.delay_slot
.swstall delay_slot
         414    0x00 0x01                                                                        NOPX
.delay_slot
.swstall delay_slot
         416    0x00 0x01                                                                        NOPX
.delay_slot
.swstall delay_slot
         418    0x00 0x01                                                                        NOPX
.delay_slot
.swstall delay_slot
         420    0x00 0x00 0x00 0x00 0x00 0x00 0x00 0x00 0x00 0x00 0x01 0x37                      NOPA;                         NOPB;                         NOPS;                         NOPX
.return_address
.no_stack_arguments
         432    0x00 0x03 0xa0 0x00 0x01 0x15                                                                                                                                              JL #1856
.delay_slot
         438    0x00 0x07 0xd4 0x6c 0x00 0x55                                                                                                                                              MOVXM p2, #513536
.delay_slot
         444    0x00 0x07 0x02 0x68 0x00 0x55                                                                                                                                              MOVXM p1, #459776
.delay_slot
         450    0x01 0x40 0xc8 0x00 0x01 0x40 0x1a 0x00 0x10 0xbb                                MOVA r3, #10;                                                                             MOVXM p0, #328704
.delay_slot
         460    0x01 0xc0 0x08 0x0e 0x14 0x08 0x40 0xe3 0x48 0xbb                                MOVA r0, #14;                                                                             MOVX r1, #480;                MOV r2, #112
.delay_slot
.swstall delay_slot
         470    0x00 0x00 0x00 0x00 0x00 0x00 0x00 0x03 0x8e 0xbb                                NOPA;                         NOPB;                                                                                     NOPM
.return_address
.no_stack_arguments
         480    0x00 0x01 0xd0 0x00 0x01 0x15                                                                                                                                              JL #928
.delay_slot
         486    0x00 0x00 0x02 0x88 0x20 0x03 0xc8 0x43                                                                                                                                    MOVX r0, #20;                 MOV r1, #1
.delay_slot
.swstall delay_slot
         494    0x00 0x01                                                                        NOPX
.delay_slot
.swstall delay_slot
         496    0x00 0x01                                                                        NOPX
.delay_slot
.swstall delay_slot
         498    0x00 0x01                                                                        NOPX
.delay_slot
.swstall delay_slot
         500    0x00 0x00 0x00 0x00 0x00 0x00 0x00 0x00 0x00 0x00 0x01 0x37                      NOPA;                         NOPB;                         NOPS;                         NOPX
.return_address
.no_stack_arguments
         512    0x00 0x01 0xd0 0x00 0x01 0x15                                                                                                                                              JL #928
.delay_slot
         518    0x00 0x00 0x06 0x68 0x20 0x03 0xc8 0x43                                                                                                                                    MOVX r0, #51;                 MOV r1, #1
.delay_slot
.swstall delay_slot
         526    0x00 0x01                                                                        NOPX
.delay_slot
.swstall delay_slot
         528    0x00 0x01                                                                        NOPX
.delay_slot
.swstall delay_slot
         530    0x00 0x01                                                                        NOPX
.delay_slot
.swstall delay_slot
         532    0x00 0x00 0x00 0x00 0x00 0x00 0x00 0x00 0x00 0x00 0x01 0x37                      NOPA;                         NOPB;                         NOPS;                         NOPX
.return_address
.no_stack_arguments
         544    0x00 0x01 0xc0 0x00 0x01 0x15                                                                                                                                              JL #896
.delay_slot
         550    0x00 0x00 0x02 0xa8 0x27 0xff 0xc8 0x43                                                                                                                                    MOVX r0, #21;                 MOV r1, #-1
.delay_slot
.swstall delay_slot
         558    0x00 0x01                                                                        NOPX
.delay_slot
.swstall delay_slot
         560    0x00 0x01                                                                        NOPX
.delay_slot
.swstall delay_slot
         562    0x00 0x01                                                                        NOPX
.delay_slot
.swstall delay_slot
         564    0x00 0x00 0x00 0x00 0x00 0x00 0x00 0x00 0x00 0x00 0x01 0x37                      NOPA;                         NOPB;                         NOPS;                         NOPX
.return_address
.no_stack_arguments
         576    0x00 0x01 0xc0 0x00 0x01 0x15                                                                                                                                              JL #896
.delay_slot
         582    0x00 0x00 0x06 0x48 0x27 0xff 0xc8 0x43                                                                                                                                    MOVX r0, #50;                 MOV r1, #-1
.delay_slot
.swstall delay_slot
         590    0x00 0x01                                                                        NOPX
.delay_slot
.swstall delay_slot
         592    0x00 0x01                                                                        NOPX
.delay_slot
.swstall delay_slot
         594    0x00 0x01                                                                        NOPX
.delay_slot
.swstall delay_slot
         596    0x00 0x00 0x00 0x00 0x00 0x00 0x00 0x00 0x00 0x00 0x01 0x37                      NOPA;                         NOPB;                         NOPS;                         NOPX
.return_address
.no_stack_arguments
         608    0x00 0x03 0xa0 0x00 0x01 0x15                                                                                                                                              JL #1856
.delay_slot
         614    0x00 0x05 0x10 0x7c 0x80 0x55                                                                                                                                              MOVXM p0, #335424
.delay_slot
         620    0x00 0x07 0xd4 0x78 0x40 0x55                                                                                                                                              MOVXM p2, #515104
.delay_slot
         626    0x01 0xc0 0x08 0x00 0x01 0xc0 0x9a 0x00 0x10 0xbb                                MOVA r0, #14;                                                                             MOVXM p1, #459776
.delay_slot
         636    0x01 0x40 0xc8 0x0e 0x14 0x08 0x40 0xe3 0x48 0xbb                                MOVA r3, #10;                                                                             MOVX r1, #480;                MOV r2, #112
.delay_slot
.swstall delay_slot
         646    0x00 0x00 0x00 0x00 0x00 0x00 0x00 0x03 0x8e 0xbb                                NOPA;                         NOPB;                                                                                     NOPM
.return_address
.no_stack_arguments
         656    0x00 0x01 0xd0 0x00 0x01 0x15                                                                                                                                              JL #928
.delay_slot
         662    0x00 0x00 0x10 0x28 0x00 0x2b 0x48 0x43                                                                                                                                    MOVX r1, #1;                  MOV r0, #20
.delay_slot
.swstall delay_slot
         670    0x00 0x01                                                                        NOPX
.delay_slot
.swstall delay_slot
         672    0x00 0x01                                                                        NOPX
.delay_slot
.swstall delay_slot
         674    0x00 0x01                                                                        NOPX
.delay_slot
.swstall delay_slot
         676    0x00 0x00 0x00 0x00 0x00 0x00 0x00 0x00 0x00 0x00 0x01 0x37                      NOPA;                         NOPB;                         NOPS;                         NOPX
.return_address
.no_stack_arguments
         688    0x00 0x01 0xd0 0x00 0x01 0x15                                                                                                                                              JL #928
.delay_slot
         694    0x00 0x00 0x10 0x28 0x00 0x67 0xc8 0x43                                                                                                                                    MOVX r1, #1;                  MOV r0, #51
.delay_slot
.swstall delay_slot
         702    0x00 0x01                                                                        NOPX
.delay_slot
.swstall delay_slot
         704    0x00 0x01                                                                        NOPX
.delay_slot
.swstall delay_slot
         706    0x00 0x01                                                                        NOPX
.delay_slot
.swstall delay_slot
         708    0x00 0x00 0x00 0x00 0x00 0x00 0x00 0x00 0x00 0x00 0x01 0x37                      NOPA;                         NOPB;                         NOPS;                         NOPX
.return_address
         720    0x14 0x21 0x8c 0x19                                                                                                                                                        JNZD r16, r16, p6
.delay_slot
.swstall delay_slot
         724    0x00 0x01                                                                        NOPX
.delay_slot
.swstall delay_slot
         726    0x00 0x01                                                                        NOPX
.delay_slot
.swstall delay_slot
         728    0x00 0x01                                                                        NOPX
.delay_slot
.swstall delay_slot
         730    0x00 0x01                                                                        NOPX
.delay_slot
.swstall delay_slot
         732    0x00 0x01                                                                        NOPX
.loop_nesting 1
         734    0x07 0xf9 0xe0 0x59                                                              LDA r16, [sp, #-52]
         738    0x00 0x01                                                                        NOPX
.no_stack_arguments
         740    0x00 0x01 0xd0 0x00 0x01 0x15                                                                                                                                              JL #928
.delay_slot
.swstall delay_slot
         746    0x00 0x01                                                                        NOPX
.delay_slot
.swstall delay_slot
         748    0x00 0x01                                                                        NOPX
.delay_slot
.swstall delay_slot
         750    0x00 0x01                                                                        NOPX
.delay_slot
.swstall delay_slot
         752    0x00 0x01                                                                        NOPX
.delay_slot
         754    0x00 0x05 0x88 0x00 0x00 0x00 0xc1 0x04 0x00 0x79 0x00 0x00 0x00 0x7f            MOVA r22, #0;                 NOPB;                         NOPS;                         MOVX r0, #48;                 MOV r1, #1
.return_address
         768    0xff 0x4e 0x4c 0x30 0x07 0x1d                                                    LDA r25, [sp, #-48];                                                                      ADD r24, r16, #1
         774    0x14 0x75 0x88 0x99                                                                                                                                                        NE r26, r17, r24
         778    0x00 0x01                                                                        NOPX
         780    0x00 0x01                                                                        NOPX
         782    0x00 0x01                                                                        NOPX
         784    0x00 0x01                                                                        NOPX
         786    0x00 0x01                                                                        NOPX
         788    0x16 0x73 0x62 0x99                                                                                                                                                        ADC r25, r25, r22
         792    0xff 0x4e 0x46 0x76 0xdc 0x3d                                                                                                                ST r25, [sp, #-48];           EQZ r27, r25
         798    0x16 0x73 0x6a 0x99                                                                                                                                                        LT r25, r25, r22
         802    0x16 0xf5 0xa4 0x99                                                                                                                                                        AND r26, r27, r26
         806    0x16 0x73 0xa5 0x99                                                                                                                                                        OR r25, r25, r26
         810    0xc8 0x00 0xa0 0x40 0x01 0x95                                                                                                                                              JNZ r25, #320
.delay_slot
.swstall delay_slot
         816    0x00 0x01                                                                        NOPX
.delay_slot
.swstall delay_slot
         818    0x00 0x01                                                                        NOPX
.delay_slot
.swstall delay_slot
         820    0x00 0x01                                                                        NOPX
.delay_slot
.swstall delay_slot
         822    0x00 0x01                                                                        NOPX
.delay_slot
.swstall delay_slot
         824    0x00 0x01                                                                        NOPX
.loop_nesting 0
         826    0x07 0xfa 0xc2 0xd9                                                              LDA lr, [sp, #-44]
         830    0x07 0xfb 0x62 0x59                                                              LDA r17, [sp, #-40]
         834    0x07 0xff 0xe4 0x59                                                              LDA r18, [sp, #-4]
         838    0x07 0xff 0x66 0x59                                                              LDA r19, [sp, #-8]
         842    0x07 0xfe 0xe0 0x59                                                              LDA r16, [sp, #-12]
         846    0x07 0xfe 0x68 0x59                                                              LDA r20, [sp, #-16]
         850    0x07 0xfd 0xea 0x59                                                              LDA r21, [sp, #-20]
         854    0x07 0xfd 0x6c 0x59                                                              LDA r22, [sp, #-24]
         858    0x07 0xfc 0xee 0x59                                                              LDA r23, [sp, #-28]
         862    0x07 0xfc 0x7e 0xd9                                                              LDA p7, [sp, #-32]
         866    0x07 0xfb 0xf6 0xd9                                                              LDA p6, [sp, #-36]
         870    0x10 0x00 0x18 0x19                                                                                                                                                        RET lr
.delay_slot
.swstall delay_slot
         874    0x00 0x01                                                                        NOPX
.delay_slot
.swstall delay_slot
         876    0x00 0x01                                                                        NOPX
.delay_slot
.swstall delay_slot
         878    0x00 0x01                                                                        NOPX
.delay_slot
.swstall delay_slot
         880    0x00 0x01                                                                        NOPX
.delay_slot
         882    0x00 0x00 0x07 0xff 0xc0 0x00 0x00 0x00 0x00 0x71 0x00 0x00 0x00 0x7f            NOPA;                         PADDB [sp], #-64;             NOPS;                         NOPX;                         NOPM
.label core_3_5__end
.label llvm___aie2___acquire
.function_start
         896    0x10 0x12 0x12 0x19                                                                                                                                                        ACQ r0, r1
         900    0x10 0x00 0x18 0x19                                                                                                                                                        RET lr
.delay_slot
.swstall delay_slot
         904    0x00 0x01                                                                        NOPX
.delay_slot
.swstall delay_slot
         906    0x00 0x01                                                                        NOPX
.delay_slot
.swstall delay_slot
         908    0x00 0x01                                                                        NOPX
.delay_slot
.swstall delay_slot
         910    0x00 0x01                                                                        NOPX
.delay_slot
.swstall delay_slot
         912    0x00 0x00 0x00 0x00 0x00 0x00 0x00 0x00 0x00 0x00 0x00 0x03 0x88 0x00 0x03 0xc0  NOPA;                         NOPB;                         NOPS;                         NOPX;                         NOPM;                                   NOPV
.label llvm___aie2___acquire__end
.label llvm___aie2___release
.function_start
         928    0x00 0x01                                                                        NOPX
         930    0x00 0x01                                                                        NOPX
         932    0x00 0x01                                                                        NOPX
         934    0x00 0x01                                                                        NOPX
         936    0x00 0x01                                                                        NOPX
         938    0x00 0x01                                                                        NOPX
         940    0x10 0x10 0x12 0x19                                                                                                                                                        REL r0, r1
         944    0x10 0x00 0x18 0x19                                                                                                                                                        RET lr
.delay_slot
.swstall delay_slot
         948    0x00 0x01                                                                        NOPX
.delay_slot
.swstall delay_slot
         950    0x00 0x01                                                                        NOPX
.delay_slot
.swstall delay_slot
         952    0x00 0x01                                                                        NOPX
.delay_slot
.swstall delay_slot
         954    0x00 0x01                                                                        NOPX
.delay_slot
.swstall delay_slot
         956    0x00 0x00 0x00 0x19                                                              NOPA
.label llvm___aie2___release__end
.label _Z19conv2dk1_ui8_scalarPhPaS0_iiii
.function_start
         960    0x10 0x03 0x60 0x0a 0x21 0x05                                                                                  PADDB [sp], #96;                                            MOVX r5, #8
         966    0xff 0x8d 0x00 0xa8 0x5a 0xbd                                                                                                                ST r20, [sp, #-32];           LT r20, r2, r5
         972    0x0f 0xfb 0x6a 0x19                                                                                                                          ST r21, [sp, #-40]
         976    0x0f 0xfb 0xec 0x19                                                                                                                          ST r22, [sp, #-36]
         980    0x0f 0xfc 0xee 0x19                                                                                                                          ST r23, [sp, #-28]
         984    0x0f 0xfd 0x64 0x19                                                                                                                          ST r18, [sp, #-24]
         988    0xff 0xbc 0xc0 0x28 0x00 0xe0 0x10 0x00 0x61 0x3b                                                                                            ST r19, [sp, #-20];           JNZ r20, #1792
.delay_slot
         998    0xff 0xef 0xd0 0x00 0x00 0x81 0x07 0xc3 0xc9 0x3b                                                                                            ST p7, [sp, #-8];             EVENT #0;                     MOV r8, #-31
.delay_slot
        1008    0xff 0xfe 0xd0 0x04 0x64 0x74 0x87 0xc7 0xc9 0x3b                                                                                            ST p6, [sp, #-4];             ASHL r6, r2, r8;              MOV r4, #-29
.delay_slot
        1018    0xff 0x59 0xd1 0x8c 0x4d 0xbd                                                                                                                ST p1, [sp, #-44];            LSHL r6, r6, r4
.delay_slot
        1024    0xff 0xa1 0xcf 0xfe 0x62 0x0d 0x61 0x06 0xa0 0x3b 0x28 0x77                      MOVA r7, #-3;                                               ST r17, [sp, #-16];           ADD r22, r6, r2;              MOV r21, p0
.delay_slot
        1036    0xff 0xdc 0x00 0x2d 0x23 0xf4 0xc1 0x3b 0x29 0x3b                                                                                            ST r16, [sp, #-12];           ASHL r18, r22, r7;            MOV r6, p1
        1046    0x00 0x05 0x88 0x03 0x04 0x76 0x20 0xff 0xf8 0xbb                                MOVA r22, #0;                                                                             ASHL r16, r1, r8;             ADD.NC r17, r3, #-1
        1056    0x00 0x64 0xc8 0x21 0x72 0x6c 0x84 0xbf 0xf8 0xbb                                MOVA r19, #3;                                                                             LSHL r23, r16, r4;            ADD.NC r4, r18, #-1
        1066    0x00 0xc4 0x08 0x02 0x92 0xd4 0xa7 0xff 0xc8 0xbb                                MOVA r16, #6;                                                                             LT r9, r1, r5;                MOV r5, #-1
        1076    0xf0 0x00 0x4f 0xfa 0x52 0x2f 0x20 0x86 0x80 0x3f 0xf8 0x77                      MOVA r1, #-128;                                             ST r9, [sp, #-48];            ADD r18, r23, r1;             ADD.NC r20, r0, #-1
        1088    0x00 0xe5 0x0f 0xf9 0xe8 0x24 0x23 0xf5 0x10 0x3b 0x28 0x77                      MOVA r20, #7;                                               ST r20, [sp, #-52];           ASHL r2, r18, r7;             MOV dn0, p0
        1100    0x00 0x24 0x8f 0xf7 0xc4 0x0a 0xa8 0xec 0xe0 0xff 0xc8 0x77                      MOVA r18, #1;                                               ST r2, [sp, #-68];            LSHL r10, r5, r17;            MOV r7, #127
        1112    0x00 0x44 0x48 0x2c 0xb0 0x4c 0x10 0x83 0x48 0xbb                                MOVA r17, #2;                                                                             GE r11, r22, r0;              MOV m0, #64
        1122    0x00 0xa0 0xcf 0xf9 0x56 0x2c 0x81 0x8e 0xe0 0x0b 0x48 0x77                      MOVA r3, #5;                                                ST r11, [sp, #-56];           SUB r8, r22, r3;              MOV r23, #4
        1134    0xff 0x1a 0x00 0x0a 0x55 0x35 0x40 0x03 0x49 0x3b                                                                                            ST r8, [sp, #-60];            XOR r5, r5, r10;              MOV r10, #0
        1144    0xff 0x09 0x40 0x01 0x3d 0xbd                                                                                                                ST r5, [sp, #-64];            LSHL r0, r0, r19
        1150    0x00 0x04 0x28 0x6c 0x30 0x0b 0x28 0x43                                                                                                                                    LSHL r2, r2, r16;             MOV m1, r0
        1158    0xfe 0xe8 0x80 0x00 0x00 0x00 0x3a 0xb8 0x11 0x3b                                                                                            ST r2, [sp, #-72];            MOVXM ls, #1392
        1168    0x00 0x00 0x08 0xec 0x40 0x55                                                                                                                                              MOVXM le, #1568
        1174    0x00 0x00 0x00 0x00 0x00 0x03 0x9a 0x58 0x10 0xbb                                NOPA;                                                                                     MOVXM p7, #1200
        1184    0x00 0x00 0x00 0x00 0x00 0x00 0x00 0x00 0x00 0x03 0x1a 0x78 0x10 0x00 0x03 0xc0  NOPA;                         NOPB;                         NOPS;                         MOVXM p6, #1264;                                                      NOPV
.label TGT_F_Z19conv2dk1_ui8_scalarPhPaS0_iiii_240
.loop_nesting 1
        1200    0x58 0x03 0x70 0x40 0x01 0x95                                                                                                                                              JNZ r11, #1760
.delay_slot
.swstall delay_slot
        1206    0x00 0x01                                                                        NOPX
.delay_slot
.swstall delay_slot
        1208    0x00 0x01                                                                        NOPX
.delay_slot
.swstall delay_slot
        1210    0x00 0x01                                                                        NOPX
.delay_slot
.swstall delay_slot
        1212    0x00 0x01                                                                        NOPX
.delay_slot
.swstall delay_slot
        1214    0x00 0x01                                                                        NOPX
        1216    0xff 0x38 0x8a 0x64 0x56 0x4d                                                    LDA r2, [sp, #-52];                                                                                                     MOV dn1, dn0
        1222    0x0f 0xf6 0x48 0x19                                                                                                                          ST r4, [sp, #-80]
        1226    0x0f 0xf6 0xd6 0x99                                                                                                                          ST p2, [sp, #-76]
        1230    0x0f 0xf4 0xec 0x19                                                                                                                          ST r22, [sp, #-92]
        1234    0x0f 0xf5 0xd4 0x19                                                                                                                          ST r10, [sp, #-84]
        1238    0x00 0x01                                                                        NOPX
        1240    0x00 0x00 0x00 0x04 0x00 0x00 0x78 0x23                                          NOPA;                                                                                                                                                           NOPV
.label TGT_F_Z19conv2dk1_ui8_scalarPhPaS0_iiii_288
.loop_nesting 2
        1248    0xfe 0x88 0x80 0x00 0x20 0xe8 0x80 0x03 0x49 0x3b                                                                                            ST r2, [sp, #-96];            MOVX r2, #7;                  MOV r4, #0
        1258    0x00 0x00 0x07 0xf5 0x53 0x35                                                    NOPA;                                                       ST dn1, [sp, #-88]
.label TGT_F_Z19conv2dk1_ui8_scalarPhPaS0_iiii_304
.loop_nesting 3
        1264    0x48 0x03 0x30 0x40 0x01 0x95                                                                                                                                              JNZ r9, #1632
.delay_slot
        1270    0x10 0x32 0x01 0x19                                                                                                                                                        MOVX r25, #0
.delay_slot
.swstall delay_slot
        1274    0x00 0x01                                                                        NOPX
.delay_slot
.swstall delay_slot
        1276    0x00 0x01                                                                        NOPX
.delay_slot
.swstall delay_slot
        1278    0x00 0x01                                                                        NOPX
.delay_slot
.swstall delay_slot
        1280    0x00 0x01                                                                        NOPX
        1282    0xfe 0xba 0x08 0x0c 0x61 0x1a 0xc2 0x3b 0x28 0xbb                                LDA r8, [sp, #-84];                                                                       ADD r6, r6, #8;               MOV r22, p2
        1292    0xfe 0xfa 0x49 0xc3 0x16 0x6d                                                    LDA r9, [sp, #-68];                                                                                                     ADD.NC r7, r6, #8
        1298    0xff 0x5e 0xda 0xc3 0x96 0x6d                                                    LDA p6, [sp, #-44];                                                                                                     ADD.NC r11, r7, #8
        1304    0xfe 0x98 0x4a 0x85 0x96 0x6d                                                    LDA r1, [sp, #-92];                                                                                                     ADD.NC r10, r11, #8
        1310    0xfe 0xa9 0x48 0x14 0xa1 0x1b 0x9a 0x8b 0x28 0xbb                                LDA r5, [sp, #-88];                                                                       ADD r10, r10, #8;             MOV p7, r10
        1320    0x1b 0x05 0x16 0x79                                                                                                                                                                                      ADD.NC r12, r10, #8
        1324    0x00 0x18 0xa1 0x19 0x1a 0x8b 0x28 0x43                                                                                                                                    ADD r10, r12, #8;             MOV p2, r10
        1332    0x00 0x08 0x84 0x04 0x9b 0x0b 0x28 0x43                                                                                                                                    ADD r8, r4, r8;               MOV p1, r12
        1340    0x00 0x0c 0x64 0x04 0x52 0x0b 0x28 0x43                                                                                                                                    ADD r6, r6, r8;               MOV m2, r8
        1348    0x49 0x06 0x37 0x4b 0x09 0xce 0x80 0x83 0x59 0x65 0xc9 0x06 0x28 0x7f            PADDA [p2], m2;               PADDB [p7], m2;               PADDS [p6], m2;               ADD r7, r7, r8;               MOV p0, r11
        1362    0x09 0x06 0x31 0x4b 0x08 0x14 0x94 0x06 0xba 0x4b 0x28 0xb7                      PADDA [p0], m2;               PADDB [p1], m2;                                             ADD r9, r10, r8;              MOV lc, r9
        1374    0x1b 0x33 0x96 0x59                                                                                                                                                                                      MOV p3, r7
        1378    0x00 0x00 0x00 0x00 0x00 0x00 0x00 0x61 0x98 0xb2 0x00 0x00 0x78 0x2f            NOPA;                                                       NOPS;                                                       MOV p4, r6;                             NOPV
.label ZLS_F_Z19conv2dk1_ui8_scalarPhPaS0_iiii_432
.loop_nesting 4
.begin_of_loop
        1392    0xc1 0x03 0xb8 0x02 0xd9 0x2e 0x99 0x4b 0x28 0xbb                                LDA.s8 r14, [p6], m0;                                                                     OR r13, r1, r18;              MOV p5, r5
        1402    0xa5 0x23 0x78 0x23 0xc0 0xae 0x53 0x4b 0x28 0xbb                                LDA.u8 r13, [p5], m1;                                                                     OR r28, r17, r1;              MOV dj2, r13
        1412    0x81 0x07 0xb8 0x26 0xf0 0xac 0xa5 0x3b 0x28 0xbb                                LDA.s8 r30, [p4], m0;                                                                     OR r15, r19, r1;              MOV r5, p5
        1422    0x61 0x06 0xb8 0x2f 0x80 0xae 0x9d 0x4b 0x28 0xbb                                LDA.s8 r26, [p3], m0;                                                                     OR r24, r23, r1;              MOV p5, r21
        1432    0xaa 0x26 0xf8 0x07 0xc0 0xae 0x77 0x0b 0x28 0xbb                                LDA.u8 r27, [p5, dj2];                                                                    OR r28, r3, r1;               MOV dj3, r28
        1442    0xae 0x27 0x78 0x02 0xf8 0x2e 0x93 0xcb 0x28 0xbb                                LDA.u8 r29, [p5, dj3];                                                                    OR r15, r1, r16;              MOV dj4, r15
        1452    0xb2 0x26 0x38 0x03 0xfa 0x2e 0xb6 0x0b 0x28 0xbb                                LDA.u8 r24, [p5, dj4];                                                                    OR r31, r1, r20;              MOV dj5, r24
        1462    0x01 0x07 0x38 0x02 0x10 0x06 0x37 0x0b 0x28 0xbb                                LDA.s8 r28, [p0], m0;                                                                     ADD r1, r1, r0;               MOV dj1, r28
        1472    0xb6 0x23 0xb8 0x1a 0xd7 0x7e 0x13 0xcb 0x28 0xbb                                LDA.u8 r14, [p5, dj5];                                                                    MUL r13, r13, r14;            MOV dj0, r15
        1482    0xe1 0x02 0xfd 0xaf 0x96 0x4d                                                    LDA.s8 r11, [p7], m0;                                                                                                   MOV dj6, r31
        1488    0xa6 0x27 0xfb 0x5f 0x90 0x9d                                                    LDA.u8 r31, [p5, dj1];                                                                    ADD r15, r13, r25
        1494    0x41 0x02 0x3e 0xf7 0xef 0x9d                                                    LDA.s8 r8, [p2], m0;                                                                      MUL r27, r27, r30
        1500    0xa2 0x23 0x3f 0x75 0xaf 0x9d                                                    LDA.u8 r12, [p5, dj0];                                                                    MUL r26, r29, r26
        1506    0xba 0x27 0x7d 0x34 0x96 0x4d                                                    LDA.u8 r29, [p5, dj6];                                                                                                  MOV p5, r9
        1512    0x21 0x06 0xfb 0xd5 0xb0 0x9d                                                    LDA.s8 r27, [p1], m0;                                                                     ADD r10, r15, r27
        1518    0xa1 0x01 0xff 0x0d 0x8f 0x9d                                                    LDA.s8 r7, [p5], m0;                                                                      MUL r6, r28, r24
        1524    0x00 0x16 0xb7 0x7d 0x25 0x3b 0x28 0x43                                                                                                                                    MUL r11, r11, r14;            MOV r9, p5
        1532    0x00 0x01                                                                        NOPX
        1534    0x16 0x94 0xa0 0x99                                                                                                                                                        ADD r10, r26, r10
        1538    0x11 0x8c 0xa0 0x99                                                                                                                                                        ADD r6, r6, r10
        1542    0x17 0xd0 0x8f 0x99                                                                                                                                                        MUL r8, r31, r8
        1546    0x16 0xd4 0xcf 0x99                                                                                                                                                        MUL r10, r27, r12
        1550    0x11 0xcf 0xdf 0x99                                                                                                                                                        MUL r7, r7, r29
        1554    0x00 0x01                                                                        NOPX
        1556    0x12 0xcc 0x60 0x99                                                                                                                                                        ADD r6, r11, r6
        1560    0x11 0x8c 0x80 0x99                                                                                                                                                        ADD r6, r6, r8
        1564    0x11 0x8c 0xa0 0x99                                                                                                                                                        ADD r6, r6, r10
.label ZLE_F_Z19conv2dk1_ui8_scalarPhPaS0_iiii_608
.end_of_loop
        1568    0x00 0x00 0x00 0x00 0x00 0x00 0x00 0x0f 0x93 0x04 0x00 0x03 0x88 0x00 0x03 0xc0  NOPA;                         NOPB;                         NOPS;                         ADD r25, r7, r6;              NOPM;                                   NOPV
.loop_nesting 3
        1584    0xff 0x1a 0x08 0x01 0x60 0x09 0x1d 0x8b 0x28 0xbb                                LDA r8, [sp, #-60];                                                                       MOVX r22, #0;                 MOV p2, r22
        1594    0xff 0x09 0x48 0x02 0x77 0xe8 0x27 0x03 0x48 0xbb                                LDA r5, [sp, #-64];                                                                       MOVX r7, #127;                MOV r1, #-128
        1604    0xff 0x59 0x88 0x00 0x00 0x00 0x00 0x03 0x1a 0x78 0x10 0xb7                      LDA r6, [sp, #-44];           NOPB;                                                       MOVXM p6, #1264
        1616    0x00 0x00 0xff 0x4a 0x48 0x00 0x00 0x00 0x00 0x00 0x00 0x03 0x88 0x00 0x03 0xc0  LDA r9, [sp, #-48];           NOPB;                         NOPS;                         NOPX;                         NOPM;                                   NOPV
.label TGT_F_Z19conv2dk1_ui8_scalarPhPaS0_iiii_672
        1632    0x00 0x01                                                                        NOPX
        1634    0x00 0x01                                                                        NOPX
        1636    0x00 0x01                                                                        NOPX
        1638    0x16 0x54 0x8d 0x99                                                                                                                                                        LSHL r10, r25, r8
        1642    0x12 0x95 0x24 0x99                                                                                                                                                        AND r10, r10, r18
        1646    0x11 0x57 0x90 0x99                                                                                                                                                        ADD r11, r5, r25
        1650    0x12 0xd4 0xa0 0x99                                                                                                                                                        ADD r10, r11, r10
        1654    0x10 0x85 0x8c 0x19                                                                                                                                                        JNZD r2, r2, p6
.delay_slot
        1658    0x12 0x94 0x8e 0x99                                                                                                                                                        ASHL r10, r10, r8
.delay_slot
        1662    0x10 0x76 0xaa 0x99                                                                                                                                                        LT r27, r1, r10
.delay_slot
        1666    0x10 0x54 0xa6 0x19                                                                                                                                                        SEL.EQZ r10, r1, r10, r27
.delay_slot
        1670    0x12 0xb6 0x7a 0x99                                                                                                                                                        LT r27, r10, r7
.delay_slot
        1674    0x42 0xa2 0x80 0x0e 0xa5 0x30 0x81 0x03 0x78 0xbb                                ST.s8 r10, [p2], #1;                                                                      SEL.EQZ r10, r7, r10, r27;    ADD.NC r4, r4, #1
.loop_nesting 2
        1684    0xfe 0x98 0x88 0x00 0x00 0x03 0x9a 0x70 0x10 0xbb                                LDA r2, [sp, #-92];                                                                       MOVXM p7, #1248
        1694    0x07 0xf4 0x48 0x59                                                              LDA r4, [sp, #-96]
        1698    0x07 0xf5 0x54 0x59                                                              LDA r10, [sp, #-88]
        1702    0x00 0x01                                                                        NOPX
        1704    0x00 0x01                                                                        NOPX
        1706    0x00 0x01                                                                        NOPX
        1708    0x00 0x01                                                                        NOPX
        1710    0x18 0x81 0x16 0x79                                                                                                                                                                                      ADD.NC r2, r2, #8
        1714    0xfe 0x98 0x81 0x05 0xcc 0x3d                                                                                                                ST r2, [sp, #-92];            JNZD r2, r4, p7
.delay_slot
.swstall delay_slot
        1720    0x00 0x01                                                                        NOPX
.delay_slot
.swstall delay_slot
        1722    0x00 0x01                                                                        NOPX
.delay_slot
.swstall delay_slot
        1724    0x00 0x01                                                                        NOPX
.delay_slot
.swstall delay_slot
        1726    0x00 0x01                                                                        NOPX
.delay_slot
        1728    0x1a 0x65 0x16 0x79                                                                                                                                                                                      ADD.NC dn1, r10, #8
.loop_nesting 1
        1732    0xff 0x2a 0xc8 0x00 0x00 0x03 0x9a 0x58 0x10 0xbb                                LDA r11, [sp, #-56];                                                                      MOVXM p7, #1200
        1742    0x07 0xf6 0x48 0x59                                                              LDA r4, [sp, #-80]
        1746    0x07 0xf5 0xd4 0x59                                                              LDA r10, [sp, #-84]
        1750    0x07 0xf6 0xd6 0xd9                                                              LDA p2, [sp, #-76]
        1754    0xfe 0xe8 0x88 0x00 0x00 0x7d                                                    LDA r2, [sp, #-72];           NOPB
.label TGT_F_Z19conv2dk1_ui8_scalarPhPaS0_iiii_800
        1760    0x00 0x01                                                                        NOPX
        1762    0x00 0x01                                                                        NOPX
        1764    0x00 0x01                                                                        NOPX
        1766    0x00 0x01                                                                        NOPX
        1768    0x00 0x01                                                                        NOPX
        1770    0x11 0x09 0xcc 0x19                                                                                                                                                        JNZD r4, r4, p7
.delay_slot
        1774    0x12 0x2b 0x0a 0x94 0x20 0x85                                                                                  PADDB [p2], m1;                                             ADD r10, r10, r2
.delay_slot
.swstall delay_slot
        1780    0x00 0x01                                                                        NOPX
.delay_slot
.swstall delay_slot
        1782    0x00 0x01                                                                        NOPX
.delay_slot
.swstall delay_slot
        1784    0x00 0x01                                                                        NOPX
.delay_slot
.swstall delay_slot
        1786    0x00 0x00 0x00 0x00 0x00 0x7d                                                    NOPA;                         NOPB
.label TGT_F_Z19conv2dk1_ui8_scalarPhPaS0_iiii_832
.loop_nesting 0
        1792    0x07 0xfb 0x6a 0x59                                                              LDA r21, [sp, #-40]
        1796    0x07 0xfb 0xec 0x59                                                              LDA r22, [sp, #-36]
        1800    0x07 0xfc 0x68 0x59                                                              LDA r20, [sp, #-32]
        1804    0x07 0xfc 0xee 0x59                                                              LDA r23, [sp, #-28]
        1808    0x07 0xfd 0x64 0x59                                                              LDA r18, [sp, #-24]
        1812    0x07 0xfd 0xe6 0x59                                                              LDA r19, [sp, #-20]
        1816    0x07 0xfe 0x62 0x59                                                              LDA r17, [sp, #-16]
        1820    0x07 0xfe 0xe0 0x59                                                              LDA r16, [sp, #-12]
        1824    0x07 0xff 0x7e 0xd9                                                              LDA p7, [sp, #-8]
        1828    0x07 0xff 0xf6 0xd9                                                              LDA p6, [sp, #-4]
        1832    0x10 0x00 0x18 0x19                                                                                                                                                        RET lr
.delay_slot
.swstall delay_slot
        1836    0x00 0x01                                                                        NOPX
.delay_slot
.swstall delay_slot
        1838    0x00 0x01                                                                        NOPX
.delay_slot
.swstall delay_slot
        1840    0x00 0x01                                                                        NOPX
.delay_slot
.swstall delay_slot
        1842    0x00 0x01                                                                        NOPX
.delay_slot
        1844    0x00 0x00 0x07 0xff 0xa0 0x10 0x00 0x80 0x00 0x00 0x01 0x37                      NOPA;                         PADDB [sp], #-96;             NOPS;                         EVENT #1
.label _Z19conv2dk1_ui8_scalarPhPaS0_iiii__end
.label bn10_conv2dk1_ui8_i8
.tail_call
.function_start
        1856    0x00 0x01 0xe0 0x00 0x00 0x95                                                                                                                                              J #960
.delay_slot
.swstall delay_slot
        1862    0x00 0x01                                                                        NOPX
.delay_slot
.swstall delay_slot
        1864    0x00 0x01                                                                        NOPX
.delay_slot
.swstall delay_slot
        1866    0x00 0x01                                                                        NOPX
.delay_slot
.swstall delay_slot
        1868    0x00 0x01                                                                        NOPX
.delay_slot
.swstall delay_slot
        1870    0x00 0x01                                                                        NOPX
.label bn10_conv2dk1_ui8_i8__end
.label _fini
.function_start
        1872    0x18 0x0b 0x96 0x59                                                                                                                                                                                      MOV r0, r23
        1876    0x00 0x00 0x0c 0x00 0x00 0x55                                                                                                                                              MOVXM r24, #0
        1882    0x18 0x3e 0x76 0x59                                                                                                                                                                                      MOV p0, p7
        1886    0x00 0x00 0x0b 0x80 0x00 0x55                                                                                                                                              MOVXM r23, #0
        1892    0x00 0x2f 0x8c 0x3f 0x9e 0x0b 0x28 0x43                                                                                                                                    EQ r24, r23, r24;             MOV p7, r24
        1900    0xc0 0x03 0xe8 0x40 0x01 0x95                                                                                                                                              JNZ r24, #2000
.delay_slot
        1906    0x38 0x03 0x20 0x19                                                                                            PADDB [sp], #32
.delay_slot
        1910    0x0f 0xff 0xec 0x19                                                                                                                          ST r22, [sp, #-4]
.delay_slot
        1914    0x0f 0xfe 0x42 0x99                                                                                                                          ST lr, [sp, #-16]
.delay_slot
        1918    0x0f 0xfe 0xc0 0x19                                                                                                                          ST r0, [sp, #-12]
.delay_slot
        1922    0x00 0x00 0x07 0xff 0x46 0x80 0x00 0x40 0x00 0x38 0x00 0x00 0x78 0x2f            NOPA;                                                       ST p0, [sp, #-8];                                           NOPM;                                   NOPV
.label TGT_F_fini_64
.loop_nesting 1
        1936    0x07 0x03 0x86 0xd9                                                              LDA p0, [p7], #4
        1940    0x00 0x01                                                                        NOPX
        1942    0x00 0x01                                                                        NOPX
        1944    0x00 0x01                                                                        NOPX
        1946    0x00 0x01                                                                        NOPX
        1948    0x00 0x01                                                                        NOPX
        1950    0x00 0x01                                                                        NOPX
.no_stack_arguments
        1952    0x10 0x00 0x14 0x19                                                                                                                                                        JL p0
.delay_slot
        1956    0x1d 0x8e 0x76 0x59                                                                                                                                                                                      MOV r22, p7
.delay_slot
.swstall delay_slot
        1960    0x00 0x01                                                                        NOPX
.delay_slot
.swstall delay_slot
        1962    0x00 0x01                                                                        NOPX
.delay_slot
.swstall delay_slot
        1964    0x00 0x01                                                                        NOPX
.delay_slot
.swstall delay_slot
        1966    0x00 0x01                                                                        NOPX
.return_address
        1968    0x15 0xf1 0x68 0x99                                                                                                                                                        NE r24, r23, r22
        1972    0xc0 0x03 0xc8 0x40 0x01 0x95                                                                                                                                              JNZ r24, #1936
.delay_slot
.swstall delay_slot
        1978    0x00 0x01                                                                        NOPX
.delay_slot
.swstall delay_slot
        1980    0x00 0x01                                                                        NOPX
.delay_slot
.swstall delay_slot
        1982    0x00 0x01                                                                        NOPX
.delay_slot
.swstall delay_slot
        1984    0x00 0x01                                                                        NOPX
.delay_slot
.swstall delay_slot
        1986    0x00 0x00 0x00 0x00 0x00 0x00 0x00 0x40 0x00 0x38 0x00 0x00 0x78 0x2f            NOPA;                                                       NOPS;                                                       NOPM;                                   NOPV
.label TGT_F_fini_128
.loop_nesting 0
        2000    0x07 0xfe 0x42 0xd9                                                              LDA lr, [sp, #-16]
        2004    0x07 0xfe 0xee 0x59                                                              LDA r23, [sp, #-12]
        2008    0x07 0xff 0xec 0x59                                                              LDA r22, [sp, #-4]
        2012    0x07 0xff 0x7e 0xd9                                                              LDA p7, [sp, #-8]
        2016    0x00 0x01                                                                        NOPX
        2018    0x00 0x01                                                                        NOPX
        2020    0x00 0x01                                                                        NOPX
        2022    0x10 0x00 0x18 0x19                                                                                                                                                        RET lr
.delay_slot
.swstall delay_slot
        2026    0x00 0x01                                                                        NOPX
.delay_slot
.swstall delay_slot
        2028    0x00 0x01                                                                        NOPX
.delay_slot
.swstall delay_slot
        2030    0x00 0x01                                                                        NOPX
.delay_slot
.swstall delay_slot
        2032    0x00 0x01                                                                        NOPX
.delay_slot
        2034    0x00 0x00 0x07 0xff 0xe0 0x00 0x00 0x00 0x00 0x71 0x00 0x00 0x00 0x7f            NOPA;                         PADDB [sp], #-32;             NOPS;                         NOPX;                         NOPM
.label _fini__end
.label __cxa_finalize
.function_start
        2048    0x01 0x00 0x48 0x00 0x01 0xf8 0x19 0x50 0x10 0xbb                                MOVA r1, #8;                                                                              MOVXM p0, #516768
        2058    0x00 0x50 0xc8 0x00 0x01 0xf8 0x41 0x40 0x10 0xbb                                LDA r3, [p0, #0];                                                                         MOVXM r2, #516736
        2068    0x00 0x50 0x40 0x3e 0x17 0xaa 0x24 0x9b 0x29 0x3b                                                                                            ST r1, [p0, #0];              MOVX r1, #-3;                 MOV r17, crSat
        2078    0x1c 0x06 0x36 0x59                                                                                                                                                                                      MOV r16, crRnd
        2082    0x1c 0x84 0xf6 0x59                                                                                                                                                                                      MOV r18, lr
        2086    0x00 0x00 0x0c 0x70 0x80 0x55                                                                                                                                              MOVXM p6, #2112
        2092    0x00 0x01                                                                        NOPX
        2094    0x00 0x01                                                                        NOPX
        2096    0x18 0xc1 0xf6 0x79                                                                                                                                                                                      ADD.NC r3, r3, #-8
        2100    0x10 0xc4 0x20 0x99                                                                                                                                                        ADD r2, r3, r2
        2104    0x00 0x07 0x30 0xf7 0x98 0x8b 0x28 0x43                                                                                                                                    ASHL r19, r3, r1;             MOV p7, r2
.label TGT_F__cxa_finalize_64
.loop_nesting 1
        2112    0x07 0x03 0x8e 0xd9                                                              LDA p1, [p7], #4
        2116    0x07 0xfb 0x86 0xd9                                                              LDA p0, [p7], #-12
        2120    0x00 0x01                                                                        NOPX
        2122    0x00 0x01                                                                        NOPX
        2124    0x00 0x01                                                                        NOPX
        2126    0x00 0x01                                                                        NOPX
        2128    0x00 0x01                                                                        NOPX
.no_stack_arguments
        2130    0x10 0x00 0x54 0x19                                                                                                                                                        JL p1
.delay_slot
.swstall delay_slot
        2134    0x00 0x01                                                                        NOPX
.delay_slot
.swstall delay_slot
        2136    0x00 0x01                                                                        NOPX
.delay_slot
.swstall delay_slot
        2138    0x00 0x01                                                                        NOPX
.delay_slot
.swstall delay_slot
        2140    0x00 0x00 0x00 0x19                                                              NOPA
.delay_slot
        2144    0x00 0x00 0x00 0x00 0x00 0x00 0x00 0x00 0x00 0x02 0x80 0x0b 0x28 0x00 0x03 0xc0  NOPA;                         NOPB;                         NOPS;                         NOPX;                         MOV r20, r0;                            NOPV
.return_address
        2160    0x14 0xe7 0x8c 0x19                                                                                                                                                        JNZD r19, r19, p6
.delay_slot
        2164    0x18 0x0a 0x16 0x59                                                                                                                                                                                      MOV r0, r20
.delay_slot
.swstall delay_slot
        2168    0x00 0x01                                                                        NOPX
.delay_slot
.swstall delay_slot
        2170    0x00 0x01                                                                        NOPX
.delay_slot
.swstall delay_slot
        2172    0x00 0x01                                                                        NOPX
.delay_slot
.swstall delay_slot
        2174    0x00 0x01                                                                        NOPX
.loop_nesting 0
        2176    0x1a 0x79 0x16 0x59                                                                                                                                                                                      MOV lr, r18
        2180    0x10 0x00 0x18 0x19                                                                                                                                                        RET lr
.delay_slot
        2184    0x00 0x23 0x21 0x01 0x8c 0x0b 0x28 0x43                                                                                                                                    MOVX crSat, r17;              MOV crRnd, r16
.delay_slot
.swstall delay_slot
        2192    0x00 0x01                                                                        NOPX
.delay_slot
.swstall delay_slot
        2194    0x00 0x01                                                                        NOPX
.delay_slot
.swstall delay_slot
        2196    0x00 0x01                                                                        NOPX
.delay_slot
.swstall delay_slot
        2198    0x00 0x00 0x00 0x00 0x00 0x00 0x00 0x03 0x8e 0xbb                                NOPA;                         NOPB;                                                                                     NOPM
.label __cxa_finalize__end

.data_segment DMb 516736
.label _ZL7atexits
	0x50
	0x7
	0x0
	0x0
	0x0
	0x0
	0x0
	0x0
	0x0
	0x0
	0x0
	0x0
	0x0
	0x0
	0x0
	0x0
	0x0
	0x0
	0x0
	0x0
	0x0
	0x0
	0x0
	0x0
	0x0
	0x0
	0x0
	0x0
	0x0
	0x0
	0x0
	0x0
.label _ZL10atexit_cnt
	0x8
	0x0
	0x0
	0x0

.stack DM_stack 458752 459776
