
// File generated by darts version U-2022.12#3eec2545bc#230622, Fri Aug  9 11:30:00 2024
// Copyright 2014-2022 Synopsys, Inc. All rights reserved.
// darts -I/proj/xbuilds/2023.2_INT_1013_2256/installs/all_platforms/Vitis/2023.2/aietools/data/aie_ml/lib -d -h -I/proj/xbuilds/2023.2_INT_1013_2256/installs/all_platforms/Vitis/2023.2/aietools/data/aie_ml/lib/runtime_cxx/libcxx-lite/include -I/proj/xbuilds/2023.2_INT_1013_2256/installs/all_platforms/Vitis/2023.2/aietools/data/aie_ml/lib/runtime_cxx/libs/libcxx-9.0.0/include-lite -I/proj/xbuilds/2023.2_INT_1013_2256/installs/all_platforms/Vitis/2023.2/aietools/data/aie_ml/lib/runtime/include -I<BOOST_DIR> -D__AIENGINE__ -D__AIE_ARCH__=20 -D__AIEARCH__=20 -D__tct_tgt__=230622 -L +Ihex +nanno +u core_2_4.elf me

// Release: ipp U-2022.12-TGT-230622

.text_segment PM      0
.entry_point
.label __AIE_ARCH_MODEL_VERSION__20010300__inlined__1__me_basic___main_init_
.label _main_init
.function_start
           0    0x00 0x00 0x01 0xc3 0x38 0x00 0x10 0x43                                                                                                                                    MOVXM sp, #458752
           8    0x00 0x00 0x08 0x00 0x00 0x55                                                                                                                                              MOVXM r16, #0
          14    0x00 0x00 0x0c 0x00 0x00 0x55                                                                                                                                              MOVXM r24, #0
          20    0x16 0x31 0x07 0x99                                                                                                                                                        EQ r24, r24, r16
          24    0xc0 0x00 0x40 0x40 0x01 0x95                                                                                                                                              JNZ r24, #128
.delay_slot
.swstall delay_slot
          30    0x00 0x01                                                                        NOPX
.delay_slot
.swstall delay_slot
          32    0x00 0x01                                                                        NOPX
.delay_slot
.swstall delay_slot
          34    0x00 0x01                                                                        NOPX
.delay_slot
.swstall delay_slot
          36    0x00 0x01                                                                        NOPX
.delay_slot
.swstall delay_slot
          38    0x00 0x01                                                                        NOPX
          40    0xff 0xff 0xfc 0x7f 0xf8 0x55                                                                                                                                              MOVXM p6, #-4
          46    0x1f 0x30 0x76 0x59                                                                                                                                                                                      MOV p7, p0
          50    0x00 0x00 0x00 0x00 0x00 0x00 0x00 0x62 0x04 0xb2 0x00 0x00 0x78 0x2f            NOPA;                                                       NOPS;                                                       MOV r17, r1;                            NOPV
.label TGT_F_main_init_64
.loop_nesting 1
          64    0xdf 0xf0 0xdc 0x8c 0x76 0x4d                                                    LDA p0, [p6], #-4;                                                                                                      MOV r18, p6
          70    0x00 0x01                                                                        NOPX
          72    0x00 0x01                                                                        NOPX
          74    0x00 0x01                                                                        NOPX
          76    0x00 0x01                                                                        NOPX
          78    0x00 0x01                                                                        NOPX
          80    0x00 0x01                                                                        NOPX
.no_stack_arguments
          82    0x10 0x00 0x14 0x19                                                                                                                                                        JL p0
.delay_slot
.swstall delay_slot
          86    0x00 0x01                                                                        NOPX
.delay_slot
.swstall delay_slot
          88    0x00 0x01                                                                        NOPX
.delay_slot
.swstall delay_slot
          90    0x00 0x01                                                                        NOPX
.delay_slot
.swstall delay_slot
          92    0x00 0x01                                                                        NOPX
.delay_slot
.swstall delay_slot
          94    0x00 0x01                                                                        NOPX
.return_address
          96    0x14 0xb1 0x08 0x99                                                                                                                                                        NE r24, r18, r16
         100    0xc0 0x00 0x20 0x40 0x01 0x95                                                                                                                                              JNZ r24, #64
.delay_slot
.swstall delay_slot
         106    0x00 0x01                                                                        NOPX
.delay_slot
.swstall delay_slot
         108    0x00 0x01                                                                        NOPX
.delay_slot
.swstall delay_slot
         110    0x00 0x01                                                                        NOPX
.delay_slot
.swstall delay_slot
         112    0x00 0x01                                                                        NOPX
.delay_slot
.swstall delay_slot
         114    0x00 0x01                                                                        NOPX
.loop_nesting 0
         116    0x18 0x3e 0x76 0x59                                                                                                                                                                                      MOV p0, p7
         120    0x00 0x00 0x00 0x00 0x24 0x4b 0x20 0x03                                                                                                      NOPS;                                                       MOV r1, r17
.label TGT_F_main_init_128
.no_stack_arguments
         128    0x00 0x00 0x70 0x00 0x01 0x15                                                                                                                                              JL #224
.delay_slot
.swstall delay_slot
         134    0x00 0x01                                                                        NOPX
.delay_slot
.swstall delay_slot
         136    0x00 0x01                                                                        NOPX
.delay_slot
.swstall delay_slot
         138    0x00 0x01                                                                        NOPX
.delay_slot
.swstall delay_slot
         140    0x00 0x01                                                                        NOPX
.delay_slot
.swstall delay_slot
         142    0x00 0x01                                                                        NOPX
.return_address
.no_stack_arguments
         144    0x00 0x03 0xf0 0x00 0x01 0x15                                                                                                                                              JL #2016
.delay_slot
         150    0x18 0x30 0x06 0x99                                                                                                                                                                                      MOV p0, #0
.delay_slot
.swstall delay_slot
         154    0x00 0x01                                                                        NOPX
.delay_slot
.swstall delay_slot
         156    0x00 0x01                                                                        NOPX
.delay_slot
.swstall delay_slot
         158    0x00 0x01                                                                        NOPX
.delay_slot
.swstall delay_slot
         160    0x00 0x00 0x00 0x00 0x00 0x00 0x00 0x00 0x00 0x00 0x00 0x03 0x88 0x00 0x03 0xc0  NOPA;                         NOPB;                         NOPS;                         NOPX;                         NOPM;                                   NOPV
.return_address
.swstall chess_separator_scheduler
         176    0x00 0x01                                                                        NOPX
.swstall chess_separator_scheduler
         178    0x00 0x01                                                                        NOPX
.swstall chess_separator_scheduler
         180    0x00 0x01                                                                        NOPX
.swstall chess_separator_scheduler
         182    0x00 0x01                                                                        NOPX
.swstall chess_separator_scheduler
         184    0x00 0x01                                                                        NOPX
.swstall chess_separator_scheduler
         186    0x00 0x01                                                                        NOPX
         188    0x10 0x00 0x08 0x19                                                                                                                                                        DONE
.swstall chess_separator_scheduler
         192    0x00 0x01                                                                        NOPX
.swstall chess_separator_scheduler
         194    0x00 0x01                                                                        NOPX
.swstall chess_separator_scheduler
         196    0x00 0x01                                                                        NOPX
.swstall chess_separator_scheduler
         198    0x00 0x01                                                                        NOPX
.swstall chess_separator_scheduler
         200    0x00 0x01                                                                        NOPX
.swstall chess_separator_scheduler
         202    0x00 0x01                                                                        NOPX
.swstall for_chess_exit
.exit
         204    0x00 0x00 0x00 0x19                                                              NOPA
.label TGT_F_main_init_208
.loop_nesting 1
         208    0x00 0x00 0x68 0x00 0x00 0x95                                                                                                                                              J #208
.delay_slot
.swstall delay_slot
         214    0x00 0x01                                                                        NOPX
.delay_slot
.swstall delay_slot
         216    0x00 0x01                                                                        NOPX
.delay_slot
.swstall delay_slot
         218    0x00 0x01                                                                        NOPX
.delay_slot
.swstall delay_slot
         220    0x00 0x01                                                                        NOPX
.delay_slot
.swstall delay_slot
         222    0x00 0x01                                                                        NOPX
.label _main_init__end
.label core_2_4
.function_start
         224    0x00 0x06 0x08 0x03 0x40 0x3f 0x17 0xe8 0x04 0x4b 0x28 0xb7                      MOVA r24, #0;                 PADDB [sp], #64;                                            MOVX r17, #-1;                MOV r0, r17
         236    0xff 0x7e 0xd0 0x00 0x64 0xcb 0x20 0x03                                                                                                      ST p6, [sp, #-36];                                          MOV r3, r19
         244    0xff 0x4e 0x00 0x00 0x24 0x8b 0x20 0x03                                                                                                      ST r24, [sp, #-48];                                         MOV r1, r18
         252    0xff 0x8f 0xd0 0x00 0x85 0xcb 0x20 0x03                                                                                                      ST p7, [sp, #-32];                                          MOV r4, r23
         260    0xff 0x99 0x00 0x00 0xa5 0x4b 0x20 0x03                                                                                                      ST r4, [sp, #-28];                                          MOV r5, r21
         268    0xff 0xad 0x80 0x00 0x45 0x0b 0x20 0x03                                                                                                      ST r22, [sp, #-24];                                         MOV r2, r20
         276    0xff 0xb9 0x40 0x00 0x00 0x03 0x18 0xb8 0x11 0x3b                                                                                            ST r5, [sp, #-20];            MOVXM p6, #368
         286    0x0f 0xfe 0x44 0x19                                                                                                                          ST r2, [sp, #-16]
         290    0x0f 0xfe 0xe0 0x19                                                                                                                          ST r16, [sp, #-12]
         294    0x0f 0xff 0x46 0x19                                                                                                                          ST r3, [sp, #-8]
         298    0x0f 0xff 0xc2 0x19                                                                                                                          ST r1, [sp, #-4]
         302    0x0f 0xfb 0x40 0x19                                                                                                                          ST r0, [sp, #-40]
         306    0x00 0x00 0x07 0xfa 0xc2 0x80 0x00 0x40 0x00 0x38 0x00 0x00 0x78 0x2f            NOPA;                                                       ST lr, [sp, #-44];                                          NOPM;                                   NOPV
.label TGT_Fcore_2_4_96
.loop_nesting 1
.no_stack_arguments
         320    0x00 0x01 0xc0 0x00 0x01 0x15                                                                                                                                              JL #896
.delay_slot
         326    0xff 0x3e 0x00 0x00 0x06 0x28 0x27 0xff 0xc9 0x3b                                                                                            ST r24, [sp, #-52];           MOVX r0, #49;                 MOV r1, #-1
.delay_slot
.swstall delay_slot
         336    0x00 0x01                                                                        NOPX
.delay_slot
.swstall delay_slot
         338    0x00 0x01                                                                        NOPX
.delay_slot
.swstall delay_slot
         340    0x00 0x01                                                                        NOPX
.delay_slot
.swstall delay_slot
         342    0x00 0x00 0x00 0x00 0x00 0x00 0x00 0x03 0x8e 0xbb                                NOPA;                         NOPB;                                                                                     NOPM
.return_address
         352    0x00 0x00 0x00 0x00 0x00 0x00 0x00 0x01 0x00 0xc8 0x00 0x03 0x88 0x00 0x03 0xc0  NOPA;                         NOPB;                         NOPS;                         MOVX r16, #6;                 NOPM;                                   NOPV
.label TGT_Fcore_2_4_144
.loop_nesting 2
.no_stack_arguments
         368    0x00 0x01 0xc0 0x00 0x01 0x15                                                                                                                                              JL #896
.delay_slot
         374    0x00 0x00 0x00 0x68 0x27 0xff 0xc8 0x43                                                                                                                                    MOVX r0, #3;                  MOV r1, #-1
.delay_slot
.swstall delay_slot
         382    0x00 0x01                                                                        NOPX
.delay_slot
.swstall delay_slot
         384    0x00 0x01                                                                        NOPX
.delay_slot
.swstall delay_slot
         386    0x00 0x01                                                                        NOPX
.delay_slot
.swstall delay_slot
         388    0x00 0x00 0x00 0x00 0x00 0x00 0x00 0x00 0x00 0x00 0x01 0x37                      NOPA;                         NOPB;                         NOPS;                         NOPX
.return_address
.no_stack_arguments
         400    0x00 0x01 0xc0 0x00 0x01 0x15                                                                                                                                              JL #896
.delay_slot
         406    0x00 0x00 0x06 0x48 0x27 0xff 0xc8 0x43                                                                                                                                    MOVX r0, #50;                 MOV r1, #-1
.delay_slot
.swstall delay_slot
         414    0x00 0x01                                                                        NOPX
.delay_slot
.swstall delay_slot
         416    0x00 0x01                                                                        NOPX
.delay_slot
.swstall delay_slot
         418    0x00 0x01                                                                        NOPX
.delay_slot
.swstall delay_slot
         420    0x00 0x00 0x00 0x00 0x00 0x00 0x00 0x00 0x00 0x00 0x01 0x37                      NOPA;                         NOPB;                         NOPS;                         NOPX
.return_address
.no_stack_arguments
         432    0x00 0x03 0x90 0x00 0x01 0x15                                                                                                                                              JL #1824
.delay_slot
         438    0x00 0x07 0x94 0x74 0x00 0x55                                                                                                                                              MOVXM p2, #498176
.delay_slot
         444    0x00 0x07 0x02 0x68 0x00 0x55                                                                                                                                              MOVXM p1, #459776
.delay_slot
         450    0x01 0x00 0xc8 0x00 0x01 0x28 0x1a 0xdc 0x10 0xbb                                MOVA r3, #8;                                                                              MOVXM p0, #304568
.delay_slot
         460    0x01 0xc0 0x08 0x02 0x12 0x08 0x43 0xc3 0x48 0xbb                                MOVA r0, #14;                                                                             MOVX r1, #80;                 MOV r2, #480
.delay_slot
.swstall delay_slot
         470    0x00 0x00 0x00 0x00 0x00 0x00 0x00 0x03 0x8e 0xbb                                NOPA;                         NOPB;                                                                                     NOPM
.return_address
.no_stack_arguments
         480    0x00 0x01 0xd0 0x00 0x01 0x15                                                                                                                                              JL #928
.delay_slot
         486    0x00 0x00 0x00 0x48 0x20 0x03 0xc8 0x43                                                                                                                                    MOVX r0, #2;                  MOV r1, #1
.delay_slot
.swstall delay_slot
         494    0x00 0x01                                                                        NOPX
.delay_slot
.swstall delay_slot
         496    0x00 0x01                                                                        NOPX
.delay_slot
.swstall delay_slot
         498    0x00 0x01                                                                        NOPX
.delay_slot
.swstall delay_slot
         500    0x00 0x00 0x00 0x00 0x00 0x00 0x00 0x00 0x00 0x00 0x01 0x37                      NOPA;                         NOPB;                         NOPS;                         NOPX
.return_address
.no_stack_arguments
         512    0x00 0x01 0xd0 0x00 0x01 0x15                                                                                                                                              JL #928
.delay_slot
         518    0x00 0x00 0x06 0x68 0x20 0x03 0xc8 0x43                                                                                                                                    MOVX r0, #51;                 MOV r1, #1
.delay_slot
.swstall delay_slot
         526    0x00 0x01                                                                        NOPX
.delay_slot
.swstall delay_slot
         528    0x00 0x01                                                                        NOPX
.delay_slot
.swstall delay_slot
         530    0x00 0x01                                                                        NOPX
.delay_slot
.swstall delay_slot
         532    0x00 0x00 0x00 0x00 0x00 0x00 0x00 0x00 0x00 0x00 0x01 0x37                      NOPA;                         NOPB;                         NOPS;                         NOPX
.return_address
.no_stack_arguments
         544    0x00 0x01 0xc0 0x00 0x01 0x15                                                                                                                                              JL #896
.delay_slot
         550    0x00 0x00 0x00 0x68 0x27 0xff 0xc8 0x43                                                                                                                                    MOVX r0, #3;                  MOV r1, #-1
.delay_slot
.swstall delay_slot
         558    0x00 0x01                                                                        NOPX
.delay_slot
.swstall delay_slot
         560    0x00 0x01                                                                        NOPX
.delay_slot
.swstall delay_slot
         562    0x00 0x01                                                                        NOPX
.delay_slot
.swstall delay_slot
         564    0x00 0x00 0x00 0x00 0x00 0x00 0x00 0x00 0x00 0x00 0x01 0x37                      NOPA;                         NOPB;                         NOPS;                         NOPX
.return_address
.no_stack_arguments
         576    0x00 0x01 0xc0 0x00 0x01 0x15                                                                                                                                              JL #896
.delay_slot
         582    0x00 0x00 0x06 0x48 0x27 0xff 0xc8 0x43                                                                                                                                    MOVX r0, #50;                 MOV r1, #-1
.delay_slot
.swstall delay_slot
         590    0x00 0x01                                                                        NOPX
.delay_slot
.swstall delay_slot
         592    0x00 0x01                                                                        NOPX
.delay_slot
.swstall delay_slot
         594    0x00 0x01                                                                        NOPX
.delay_slot
.swstall delay_slot
         596    0x00 0x00 0x00 0x00 0x00 0x00 0x00 0x00 0x00 0x00 0x01 0x37                      NOPA;                         NOPB;                         NOPS;                         NOPX
.return_address
.no_stack_arguments
         608    0x00 0x03 0x90 0x00 0x01 0x15                                                                                                                                              JL #1824
.delay_slot
         614    0x00 0x04 0xa0 0x74 0x30 0x55                                                                                                                                              MOVXM p0, #305688
.delay_slot
         620    0x00 0x07 0xb4 0x68 0x80 0x55                                                                                                                                              MOVXM p2, #504896
.delay_slot
         626    0x01 0xc0 0x08 0x00 0x01 0xc0 0x9a 0x00 0x10 0xbb                                MOVA r0, #14;                                                                             MOVXM p1, #459776
.delay_slot
         636    0x01 0x00 0xc8 0x02 0x12 0x08 0x43 0xc3 0x48 0xbb                                MOVA r3, #8;                                                                              MOVX r1, #80;                 MOV r2, #480
.delay_slot
.swstall delay_slot
         646    0x00 0x00 0x00 0x00 0x00 0x00 0x00 0x03 0x8e 0xbb                                NOPA;                         NOPB;                                                                                     NOPM
.return_address
.no_stack_arguments
         656    0x00 0x01 0xd0 0x00 0x01 0x15                                                                                                                                              JL #928
.delay_slot
         662    0x00 0x00 0x10 0x28 0x00 0x07 0x48 0x43                                                                                                                                    MOVX r1, #1;                  MOV r0, #2
.delay_slot
.swstall delay_slot
         670    0x00 0x01                                                                        NOPX
.delay_slot
.swstall delay_slot
         672    0x00 0x01                                                                        NOPX
.delay_slot
.swstall delay_slot
         674    0x00 0x01                                                                        NOPX
.delay_slot
.swstall delay_slot
         676    0x00 0x00 0x00 0x00 0x00 0x00 0x00 0x00 0x00 0x00 0x01 0x37                      NOPA;                         NOPB;                         NOPS;                         NOPX
.return_address
.no_stack_arguments
         688    0x00 0x01 0xd0 0x00 0x01 0x15                                                                                                                                              JL #928
.delay_slot
         694    0x00 0x00 0x10 0x28 0x00 0x67 0xc8 0x43                                                                                                                                    MOVX r1, #1;                  MOV r0, #51
.delay_slot
.swstall delay_slot
         702    0x00 0x01                                                                        NOPX
.delay_slot
.swstall delay_slot
         704    0x00 0x01                                                                        NOPX
.delay_slot
.swstall delay_slot
         706    0x00 0x01                                                                        NOPX
.delay_slot
.swstall delay_slot
         708    0x00 0x00 0x00 0x00 0x00 0x00 0x00 0x00 0x00 0x00 0x01 0x37                      NOPA;                         NOPB;                         NOPS;                         NOPX
.return_address
         720    0x14 0x21 0x8c 0x19                                                                                                                                                        JNZD r16, r16, p6
.delay_slot
.swstall delay_slot
         724    0x00 0x01                                                                        NOPX
.delay_slot
.swstall delay_slot
         726    0x00 0x01                                                                        NOPX
.delay_slot
.swstall delay_slot
         728    0x00 0x01                                                                        NOPX
.delay_slot
.swstall delay_slot
         730    0x00 0x01                                                                        NOPX
.delay_slot
.swstall delay_slot
         732    0x00 0x01                                                                        NOPX
.loop_nesting 1
         734    0x07 0xf9 0xe0 0x59                                                              LDA r16, [sp, #-52]
         738    0x00 0x01                                                                        NOPX
.no_stack_arguments
         740    0x00 0x01 0xd0 0x00 0x01 0x15                                                                                                                                              JL #928
.delay_slot
.swstall delay_slot
         746    0x00 0x01                                                                        NOPX
.delay_slot
.swstall delay_slot
         748    0x00 0x01                                                                        NOPX
.delay_slot
.swstall delay_slot
         750    0x00 0x01                                                                        NOPX
.delay_slot
         752    0x10 0x00 0xc1 0x19                                                                                                                                                        MOVX r0, #48
.delay_slot
         756    0x00 0x20 0x48 0x00 0x00 0x1f 0xff 0xfe 0xc7 0xff 0x90 0xb7                      MOVA r1, #1;                  NOPB;                                                       MOVXM r22, #2147483647
.return_address
         768    0xff 0x4e 0x48 0x21 0x80 0x3b 0x60 0x03 0x48 0xbb                                LDA r25, [sp, #-48];                                                                      ADD r24, r16, #1;             MOV r27, #0
         778    0x14 0x75 0x88 0x99                                                                                                                                                        NE r26, r17, r24
         782    0x00 0x01                                                                        NOPX
         784    0x00 0x01                                                                        NOPX
         786    0x00 0x01                                                                        NOPX
         788    0x00 0x01                                                                        NOPX
         790    0x00 0x01                                                                        NOPX
         792    0x16 0xf3 0x92 0x99                                                                                                                                                        ADC r25, r27, r25
         796    0xff 0x4e 0x46 0x73 0x68 0xbd                                                                                                                ST r25, [sp, #-48];           NE r25, r25, r22
         802    0x16 0x73 0xa5 0x99                                                                                                                                                        OR r25, r25, r26
         806    0xc8 0x00 0xa0 0x40 0x01 0x95                                                                                                                                              JNZ r25, #320
.delay_slot
.swstall delay_slot
         812    0x00 0x01                                                                        NOPX
.delay_slot
.swstall delay_slot
         814    0x00 0x01                                                                        NOPX
.delay_slot
.swstall delay_slot
         816    0x00 0x01                                                                        NOPX
.delay_slot
.swstall delay_slot
         818    0x00 0x01                                                                        NOPX
.delay_slot
.swstall delay_slot
         820    0x00 0x01                                                                        NOPX
.loop_nesting 0
         822    0x07 0xfa 0xc2 0xd9                                                              LDA lr, [sp, #-44]
         826    0x07 0xfb 0x62 0x59                                                              LDA r17, [sp, #-40]
         830    0x07 0xff 0xe4 0x59                                                              LDA r18, [sp, #-4]
         834    0x07 0xff 0x66 0x59                                                              LDA r19, [sp, #-8]
         838    0x07 0xfe 0xe0 0x59                                                              LDA r16, [sp, #-12]
         842    0x07 0xfe 0x68 0x59                                                              LDA r20, [sp, #-16]
         846    0x07 0xfd 0xea 0x59                                                              LDA r21, [sp, #-20]
         850    0x07 0xfd 0x6c 0x59                                                              LDA r22, [sp, #-24]
         854    0x07 0xfc 0xee 0x59                                                              LDA r23, [sp, #-28]
         858    0x07 0xfc 0x7e 0xd9                                                              LDA p7, [sp, #-32]
         862    0x07 0xfb 0xf6 0xd9                                                              LDA p6, [sp, #-36]
         866    0x10 0x00 0x18 0x19                                                                                                                                                        RET lr
.delay_slot
.swstall delay_slot
         870    0x00 0x01                                                                        NOPX
.delay_slot
.swstall delay_slot
         872    0x00 0x01                                                                        NOPX
.delay_slot
.swstall delay_slot
         874    0x00 0x01                                                                        NOPX
.delay_slot
.swstall delay_slot
         876    0x00 0x00 0x00 0x19                                                              NOPA
.delay_slot
         880    0xff 0xf8 0x00 0x00 0x00 0x00 0x00 0x00 0x00 0x00 0x00 0x03 0x88 0x00 0x03 0xc0  NOPA;                         PADDB [sp], #-64;             NOPS;                         NOPX;                         NOPM;                                   NOPV
.label core_2_4__end
.label llvm___aie2___acquire
.function_start
         896    0x10 0x12 0x12 0x19                                                                                                                                                        ACQ r0, r1
         900    0x10 0x00 0x18 0x19                                                                                                                                                        RET lr
.delay_slot
.swstall delay_slot
         904    0x00 0x01                                                                        NOPX
.delay_slot
.swstall delay_slot
         906    0x00 0x01                                                                        NOPX
.delay_slot
.swstall delay_slot
         908    0x00 0x01                                                                        NOPX
.delay_slot
.swstall delay_slot
         910    0x00 0x01                                                                        NOPX
.delay_slot
.swstall delay_slot
         912    0x00 0x00 0x00 0x00 0x00 0x00 0x00 0x00 0x00 0x00 0x00 0x03 0x88 0x00 0x03 0xc0  NOPA;                         NOPB;                         NOPS;                         NOPX;                         NOPM;                                   NOPV
.label llvm___aie2___acquire__end
.label llvm___aie2___release
.function_start
         928    0x00 0x01                                                                        NOPX
         930    0x00 0x01                                                                        NOPX
         932    0x00 0x01                                                                        NOPX
         934    0x00 0x01                                                                        NOPX
         936    0x00 0x01                                                                        NOPX
         938    0x00 0x01                                                                        NOPX
         940    0x10 0x10 0x12 0x19                                                                                                                                                        REL r0, r1
         944    0x10 0x00 0x18 0x19                                                                                                                                                        RET lr
.delay_slot
.swstall delay_slot
         948    0x00 0x01                                                                        NOPX
.delay_slot
.swstall delay_slot
         950    0x00 0x01                                                                        NOPX
.delay_slot
.swstall delay_slot
         952    0x00 0x01                                                                        NOPX
.delay_slot
.swstall delay_slot
         954    0x00 0x01                                                                        NOPX
.delay_slot
.swstall delay_slot
         956    0x00 0x00 0x00 0x19                                                              NOPA
.label llvm___aie2___release__end
.label _Z18conv2dk1_i8_scalarPaS_Phiiii
.function_start
         960    0x10 0x03 0x60 0x08 0x21 0x05                                                                                  PADDB [sp], #96;                                            MOVX r4, #8
         966    0xff 0x8d 0x40 0xaa 0x4a 0xbd                                                                                                                ST r21, [sp, #-32];           LT r21, r2, r4
         972    0x0f 0xfb 0x68 0x19                                                                                                                          ST r20, [sp, #-40]
         976    0x0f 0xfb 0xee 0x19                                                                                                                          ST r23, [sp, #-36]
         980    0x0f 0xfc 0xec 0x19                                                                                                                          ST r22, [sp, #-28]
         984    0x0f 0xfd 0x64 0x19                                                                                                                          ST r18, [sp, #-24]
         988    0xff 0xbc 0xc0 0x2a 0x00 0xdc 0x10 0x00 0x61 0x3b                                                                                            ST r19, [sp, #-20];           JNZ r21, #1760
.delay_slot
         998    0xff 0xef 0xd0 0x00 0x00 0x81 0x07 0xc3 0xc9 0x3b                                                                                            ST p7, [sp, #-8];             EVENT #0;                     MOV r8, #-31
.delay_slot
        1008    0xff 0xfe 0xd0 0x04 0x54 0x74 0xc7 0xc7 0xc9 0x3b                                                                                            ST p6, [sp, #-4];             ASHL r5, r2, r8;              MOV r6, #-29
.delay_slot
        1018    0xff 0x59 0xd1 0x4a 0x6d 0xbd                                                                                                                ST p1, [sp, #-44];            LSHL r5, r5, r6
.delay_slot
        1024    0xff 0xa1 0xcf 0xfe 0x62 0x0b 0x71 0x06 0x80 0x3b 0x28 0x77                      MOVA r7, #-3;                                               ST r17, [sp, #-16];           ADD r23, r5, r2;              MOV r20, p0
.delay_slot
        1036    0xff 0xdc 0x00 0x2f 0x23 0xf4 0xa1 0x3b 0x29 0x3b                                                                                            ST r16, [sp, #-12];           ASHL r18, r23, r7;            MOV r5, p1
        1046    0x00 0x05 0xc8 0x03 0x34 0x76 0x00 0xff 0xf8 0xbb                                MOVA r23, #0;                                                                             ASHL r19, r1, r8;             ADD.NC r16, r3, #-1
        1056    0x00 0x64 0x48 0x27 0x63 0x6c 0x44 0xbf 0xf8 0xbb                                MOVA r17, #3;                                                                             LSHL r22, r19, r6;            ADD.NC r2, r18, #-1
        1066    0x00 0xc4 0xc8 0x02 0x82 0x54 0x87 0xff 0xc8 0xbb                                MOVA r19, #6;                                                                             LT r8, r1, r4;                MOV r4, #-1
        1076    0x1f 0xe1 0x8f 0xfa 0x50 0x03 0x2b 0x06 0xa0 0x3f 0xf8 0x77                      MOVA r6, #255;                                              ST r8, [sp, #-48];            ADD r18, r1, r22;             ADD.NC r21, r0, #-1
        1088    0x00 0xe5 0x4f 0xf9 0xea 0x24 0x13 0xf5 0x10 0x3b 0x28 0x77                      MOVA r21, #7;                                               ST r21, [sp, #-52];           ASHL r1, r18, r7;             MOV dn0, p0
        1100    0x08 0x00 0x2f 0xf7 0xc2 0x08 0x98 0x6e 0x40 0x03 0xc8 0x77                      MOVA m0, #64;                                               ST r1, [sp, #-68];            LSHL r9, r4, r16;             MOV r18, #1
        1112    0x00 0x85 0x88 0x2e 0xa0 0x4e 0x00 0x07 0x48 0xbb                                MOVA r22, #4;                                                                             GE r10, r23, r0;              MOV r16, #2
        1122    0xff 0x2a 0x80 0x2e 0x71 0x8c 0x60 0x0b 0xc9 0x3b                                                                                            ST r10, [sp, #-56];           SUB r7, r23, r3;              MOV r3, #5
        1132    0xff 0x19 0xc0 0x12 0x42 0x35 0x20 0x03 0x49 0x3b                                                                                            ST r7, [sp, #-60];            XOR r4, r9, r4;               MOV r9, #0
        1142    0xff 0x09 0x00 0x01 0x1d 0xbd                                                                                                                ST r4, [sp, #-64];            LSHL r0, r0, r17
        1148    0x00 0x02 0x19 0xec 0x30 0x0b 0x28 0x43                                                                                                                                    LSHL r1, r1, r19;             MOV m1, r0
        1156    0xfe 0xe8 0x40 0x00 0x00 0x00 0x3a 0xb0 0x11 0x3b                                                                                            ST r1, [sp, #-72];            MOVXM ls, #1376
        1166    0x00 0x00 0x08 0xec 0x20 0x55                                                                                                                                              MOVXM le, #1552
        1172    0x00 0x00 0x0e 0x69 0x40 0x55                                                                                                                                              MOVXM p7, #1184
        1178    0x00 0x00 0x0c 0x69 0xc0 0x55                                                                                                                                              MOVXM p6, #1248
.label TGT_F_Z18conv2dk1_i8_scalarPaS_Phiiii_224
.loop_nesting 1
        1184    0x50 0x03 0x60 0x40 0x01 0x95                                                                                                                                              JNZ r10, #1728
.delay_slot
.swstall delay_slot
        1190    0x00 0x01                                                                        NOPX
.delay_slot
.swstall delay_slot
        1192    0x00 0x01                                                                        NOPX
.delay_slot
.swstall delay_slot
        1194    0x00 0x01                                                                        NOPX
.delay_slot
.swstall delay_slot
        1196    0x00 0x01                                                                        NOPX
.delay_slot
.swstall delay_slot
        1198    0x00 0x01                                                                        NOPX
        1200    0xff 0x38 0x4a 0x64 0x56 0x4d                                                    LDA r1, [sp, #-52];                                                                                                     MOV dn1, dn0
        1206    0x0f 0xf6 0x44 0x19                                                                                                                          ST r2, [sp, #-80]
        1210    0x0f 0xf6 0xd6 0x99                                                                                                                          ST p2, [sp, #-76]
        1214    0x0f 0xf4 0xee 0x19                                                                                                                          ST r23, [sp, #-92]
        1218    0x0f 0xf5 0xd2 0x19                                                                                                                          ST r9, [sp, #-84]
        1222    0x00 0x01                                                                        NOPX
        1224    0x00 0x00 0x00 0x04 0x00 0x00 0x78 0x23                                          NOPA;                                                                                                                                                           NOPV
.label TGT_F_Z18conv2dk1_i8_scalarPaS_Phiiii_272
.loop_nesting 2
        1232    0xfe 0x88 0x40 0x00 0x10 0xe8 0x40 0x03 0x49 0x3b                                                                                            ST r1, [sp, #-96];            MOVX r1, #7;                  MOV r2, #0
        1242    0x00 0x00 0x07 0xf5 0x53 0x35                                                    NOPA;                                                       ST dn1, [sp, #-88]
.label TGT_F_Z18conv2dk1_i8_scalarPaS_Phiiii_288
.loop_nesting 3
        1248    0x40 0x03 0x20 0x40 0x01 0x95                                                                                                                                              JNZ r8, #1600
.delay_slot
        1254    0x10 0x32 0x01 0x19                                                                                                                                                        MOVX r25, #0
.delay_slot
.swstall delay_slot
        1258    0x00 0x01                                                                        NOPX
.delay_slot
.swstall delay_slot
        1260    0x00 0x01                                                                        NOPX
.delay_slot
.swstall delay_slot
        1262    0x00 0x01                                                                        NOPX
.delay_slot
.swstall delay_slot
        1264    0x00 0x01                                                                        NOPX
        1266    0xfe 0xba 0x08 0x0a 0x61 0x1a 0xe2 0x3b 0x28 0xbb                                LDA r8, [sp, #-84];                                                                       ADD r6, r5, #8;               MOV r23, p2
        1276    0xfe 0xfa 0x49 0xc3 0x16 0x6d                                                    LDA r9, [sp, #-68];                                                                                                     ADD.NC r7, r6, #8
        1282    0xff 0x5e 0xda 0xc3 0x96 0x6d                                                    LDA p6, [sp, #-44];                                                                                                     ADD.NC r11, r7, #8
        1288    0xfe 0x99 0x0a 0x85 0x96 0x6d                                                    LDA r4, [sp, #-92];                                                                                                     ADD.NC r10, r11, #8
        1294    0xfe 0xa9 0x48 0x14 0xa1 0x1b 0x9a 0x8b 0x28 0xbb                                LDA r5, [sp, #-88];                                                                       ADD r10, r10, #8;             MOV p7, r10
        1304    0x1b 0x05 0x16 0x79                                                                                                                                                                                      ADD.NC r12, r10, #8
        1308    0x00 0x18 0xa1 0x19 0x1a 0x8b 0x28 0x43                                                                                                                                    ADD r10, r12, #8;             MOV p2, r10
        1316    0x00 0x04 0x84 0x04 0x9b 0x0b 0x28 0x43                                                                                                                                    ADD r8, r2, r8;               MOV p1, r12
        1324    0x00 0x0c 0x64 0x04 0x52 0x0b 0x28 0x43                                                                                                                                    ADD r6, r6, r8;               MOV m2, r8
        1332    0x49 0x06 0x37 0x4b 0x09 0xce 0x80 0x83 0x59 0x65 0xc9 0x06 0x28 0x7f            PADDA [p2], m2;               PADDB [p7], m2;               PADDS [p6], m2;               ADD r7, r7, r8;               MOV p0, r11
        1346    0x09 0x06 0x31 0x4b 0x08 0x14 0x94 0x06 0xba 0x4b 0x28 0xb7                      PADDA [p0], m2;               PADDB [p1], m2;                                             ADD r9, r10, r8;              MOV lc, r9
        1358    0x1b 0x33 0x96 0x59                                                                                                                                                                                      MOV p3, r7
        1362    0x00 0x00 0x00 0x00 0x00 0x00 0x00 0x61 0x98 0xb2 0x00 0x00 0x78 0x2f            NOPA;                                                       NOPS;                                                       MOV p4, r6;                             NOPV
.label ZLS_F_Z18conv2dk1_i8_scalarPaS_Phiiii_416
.loop_nesting 4
.begin_of_loop
        1376    0xc1 0x03 0xb8 0x24 0xd2 0x2e 0x99 0x4b 0x28 0xbb                                LDA.s8 r14, [p6], m0;                                                                     OR r13, r18, r4;              MOV p5, r5
        1386    0xa5 0x03 0x78 0x09 0xc8 0x2e 0x53 0x4b 0x28 0xbb                                LDA.s8 r13, [p5], m1;                                                                     OR r28, r4, r16;              MOV dj2, r13
        1396    0x81 0x07 0xb8 0x22 0xf2 0x2c 0xa5 0x3b 0x28 0xbb                                LDA.s8 r30, [p4], m0;                                                                     OR r15, r17, r4;              MOV r5, p5
        1406    0x61 0x06 0xb8 0x2d 0x82 0x2e 0x9d 0x0b 0x28 0xbb                                LDA.s8 r26, [p3], m0;                                                                     OR r24, r22, r4;              MOV p5, r20
        1416    0xaa 0x06 0xf8 0x07 0xc2 0x2e 0x77 0x0b 0x28 0xbb                                LDA.s8 r27, [p5, dj2];                                                                    OR r28, r3, r4;               MOV dj3, r28
        1426    0xae 0x07 0x78 0x26 0xf2 0x2e 0x93 0xcb 0x28 0xbb                                LDA.s8 r29, [p5, dj3];                                                                    OR r15, r19, r4;              MOV dj4, r15
        1436    0xb2 0x06 0x38 0x2b 0xf2 0x2e 0xb6 0x0b 0x28 0xbb                                LDA.s8 r24, [p5, dj4];                                                                    OR r31, r21, r4;              MOV dj5, r24
        1446    0x01 0x07 0x38 0x08 0x40 0x06 0x37 0x0b 0x28 0xbb                                LDA.s8 r28, [p0], m0;                                                                     ADD r4, r4, r0;               MOV dj1, r28
        1456    0xb6 0x03 0xb8 0x1a 0xd7 0x7e 0x13 0xcb 0x28 0xbb                                LDA.s8 r14, [p5, dj5];                                                                    MUL r13, r13, r14;            MOV dj0, r15
        1466    0xe1 0x02 0xfd 0xaf 0x96 0x4d                                                    LDA.s8 r11, [p7], m0;                                                                                                   MOV dj6, r31
        1472    0xa6 0x07 0xfb 0x5f 0x90 0x9d                                                    LDA.s8 r31, [p5, dj1];                                                                    ADD r15, r13, r25
        1478    0x41 0x02 0x3e 0xf7 0xef 0x9d                                                    LDA.s8 r8, [p2], m0;                                                                      MUL r27, r27, r30
        1484    0xa2 0x03 0x3f 0x75 0xaf 0x9d                                                    LDA.s8 r12, [p5, dj0];                                                                    MUL r26, r29, r26
        1490    0xba 0x07 0x7d 0x34 0x96 0x4d                                                    LDA.s8 r29, [p5, dj6];                                                                                                  MOV p5, r9
        1496    0x21 0x06 0xfb 0xd5 0xb0 0x9d                                                    LDA.s8 r27, [p1], m0;                                                                     ADD r10, r15, r27
        1502    0xa1 0x01 0xff 0x0d 0x8f 0x9d                                                    LDA.s8 r7, [p5], m0;                                                                      MUL r6, r28, r24
        1508    0x00 0x16 0xb7 0x7d 0x25 0x3b 0x28 0x43                                                                                                                                    MUL r11, r11, r14;            MOV r9, p5
        1516    0x00 0x01                                                                        NOPX
        1518    0x16 0x94 0xa0 0x99                                                                                                                                                        ADD r10, r26, r10
        1522    0x11 0x8c 0xa0 0x99                                                                                                                                                        ADD r6, r6, r10
        1526    0x17 0xd0 0x8f 0x99                                                                                                                                                        MUL r8, r31, r8
        1530    0x16 0xd4 0xcf 0x99                                                                                                                                                        MUL r10, r27, r12
        1534    0x11 0xcf 0xdf 0x99                                                                                                                                                        MUL r7, r7, r29
        1538    0x00 0x01                                                                        NOPX
        1540    0x12 0xcc 0x60 0x99                                                                                                                                                        ADD r6, r11, r6
        1544    0x11 0x8c 0x80 0x99                                                                                                                                                        ADD r6, r6, r8
        1548    0x11 0x8c 0xa0 0x99                                                                                                                                                        ADD r6, r6, r10
.label ZLE_F_Z18conv2dk1_i8_scalarPaS_Phiiii_592
.end_of_loop
        1552    0x00 0x00 0x00 0x00 0x00 0x00 0x00 0x0f 0x93 0x04 0x00 0x03 0x88 0x00 0x03 0xc0  NOPA;                         NOPB;                         NOPS;                         ADD r25, r7, r6;              NOPM;                                   NOPV
.loop_nesting 3
        1568    0xff 0x19 0xc8 0x01 0x70 0x09 0x1d 0xcb 0x28 0xbb                                LDA r7, [sp, #-60];                                                                       MOVX r23, #0;                 MOV p2, r23
        1578    0xff 0x09 0x08 0xcc 0xfd 0x1d                                                    LDA r4, [sp, #-64];                                                                       MOVX r6, #255
        1584    0xff 0x59 0x48 0x00 0x00 0x03 0x1a 0x70 0x10 0xbb                                LDA r5, [sp, #-44];                                                                       MOVXM p6, #1248
        1594    0xff 0x4a 0x08 0x00 0x00 0x7d                                                    LDA r8, [sp, #-48];           NOPB
.label TGT_F_Z18conv2dk1_i8_scalarPaS_Phiiii_640
        1600    0x00 0x01                                                                        NOPX
        1602    0x00 0x01                                                                        NOPX
        1604    0x00 0x01                                                                        NOPX
        1606    0x16 0x52 0x7d 0x99                                                                                                                                                        LSHL r9, r25, r7
        1610    0x12 0x53 0x24 0x99                                                                                                                                                        AND r9, r9, r18
        1614    0x16 0x54 0x40 0x99                                                                                                                                                        ADD r10, r25, r4
        1618    0x12 0x52 0xa0 0x99                                                                                                                                                        ADD r9, r9, r10
        1622    0x10 0x43 0x8c 0x19                                                                                                                                                        JNZD r1, r1, p6
.delay_slot
        1626    0x12 0x52 0x7e 0x99                                                                                                                                                        ASHL r9, r9, r7
.delay_slot
        1630    0x15 0xf6 0x9a 0x99                                                                                                                                                        LT r27, r23, r9
.delay_slot
        1634    0x15 0xd2 0x96 0x19                                                                                                                                                        SEL.EQZ r9, r23, r9, r27
.delay_slot
        1638    0x12 0x76 0x6a 0x99                                                                                                                                                        LT r27, r9, r6
.delay_slot
        1642    0x42 0xa2 0x40 0x0c 0x94 0xb0 0x40 0x83 0x78 0xbb                                ST.s8 r9, [p2], #1;                                                                       SEL.EQZ r9, r6, r9, r27;      ADD.NC r2, r2, #1
.loop_nesting 2
        1652    0xfe 0x98 0x48 0x00 0x00 0x03 0x9a 0x68 0x10 0xbb                                LDA r1, [sp, #-92];                                                                       MOVXM p7, #1232
        1662    0x07 0xf4 0x44 0x59                                                              LDA r2, [sp, #-96]
        1666    0x07 0xf5 0x52 0x59                                                              LDA r9, [sp, #-88]
        1670    0x00 0x01                                                                        NOPX
        1672    0x00 0x01                                                                        NOPX
        1674    0x00 0x01                                                                        NOPX
        1676    0x00 0x01                                                                        NOPX
        1678    0x18 0x40 0x96 0x79                                                                                                                                                                                      ADD.NC r1, r1, #8
        1682    0xfe 0x98 0x40 0x83 0xcc 0x3d                                                                                                                ST r1, [sp, #-92];            JNZD r1, r2, p7
.delay_slot
.swstall delay_slot
        1688    0x00 0x01                                                                        NOPX
.delay_slot
.swstall delay_slot
        1690    0x00 0x01                                                                        NOPX
.delay_slot
.swstall delay_slot
        1692    0x00 0x01                                                                        NOPX
.delay_slot
.swstall delay_slot
        1694    0x00 0x01                                                                        NOPX
.delay_slot
        1696    0x1a 0x64 0x96 0x79                                                                                                                                                                                      ADD.NC dn1, r9, #8
.loop_nesting 1
        1700    0xff 0x2a 0x88 0x00 0x00 0x03 0x9a 0x50 0x10 0xbb                                LDA r10, [sp, #-56];                                                                      MOVXM p7, #1184
        1710    0x07 0xf6 0x44 0x59                                                              LDA r2, [sp, #-80]
        1714    0x07 0xf5 0xd2 0x59                                                              LDA r9, [sp, #-84]
        1718    0x07 0xf6 0xd6 0xd9                                                              LDA p2, [sp, #-76]
        1722    0xfe 0xe8 0x48 0x00 0x00 0x7d                                                    LDA r1, [sp, #-72];           NOPB
.label TGT_F_Z18conv2dk1_i8_scalarPaS_Phiiii_768
        1728    0x00 0x01                                                                        NOPX
        1730    0x00 0x01                                                                        NOPX
        1732    0x00 0x01                                                                        NOPX
        1734    0x00 0x01                                                                        NOPX
        1736    0x00 0x01                                                                        NOPX
        1738    0x10 0x85 0xcc 0x19                                                                                                                                                        JNZD r2, r2, p7
.delay_slot
        1742    0x12 0x2b 0x0a 0x52 0x10 0x85                                                                                  PADDB [p2], m1;                                             ADD r9, r9, r1
.delay_slot
.swstall delay_slot
        1748    0x00 0x01                                                                        NOPX
.delay_slot
.swstall delay_slot
        1750    0x00 0x01                                                                        NOPX
.delay_slot
.swstall delay_slot
        1752    0x00 0x01                                                                        NOPX
.delay_slot
.swstall delay_slot
        1754    0x00 0x00 0x00 0x00 0x00 0x7d                                                    NOPA;                         NOPB
.label TGT_F_Z18conv2dk1_i8_scalarPaS_Phiiii_800
.loop_nesting 0
        1760    0x07 0xfb 0x68 0x59                                                              LDA r20, [sp, #-40]
        1764    0x07 0xfb 0xee 0x59                                                              LDA r23, [sp, #-36]
        1768    0x07 0xfc 0x6a 0x59                                                              LDA r21, [sp, #-32]
        1772    0x07 0xfc 0xec 0x59                                                              LDA r22, [sp, #-28]
        1776    0x07 0xfd 0x64 0x59                                                              LDA r18, [sp, #-24]
        1780    0x07 0xfd 0xe6 0x59                                                              LDA r19, [sp, #-20]
        1784    0x07 0xfe 0x62 0x59                                                              LDA r17, [sp, #-16]
        1788    0x07 0xfe 0xe0 0x59                                                              LDA r16, [sp, #-12]
        1792    0x07 0xff 0x7e 0xd9                                                              LDA p7, [sp, #-8]
        1796    0x07 0xff 0xf6 0xd9                                                              LDA p6, [sp, #-4]
        1800    0x10 0x00 0x18 0x19                                                                                                                                                        RET lr
.delay_slot
.swstall delay_slot
        1804    0x00 0x01                                                                        NOPX
.delay_slot
.swstall delay_slot
        1806    0x00 0x01                                                                        NOPX
.delay_slot
.swstall delay_slot
        1808    0x00 0x01                                                                        NOPX
.delay_slot
.swstall delay_slot
        1810    0x00 0x01                                                                        NOPX
.delay_slot
        1812    0x00 0x00 0x07 0xff 0xa0 0x10 0x00 0x80 0x00 0x00 0x01 0x37                      NOPA;                         PADDB [sp], #-96;             NOPS;                         EVENT #1
.label _Z18conv2dk1_i8_scalarPaS_Phiiii__end
.label bn10_conv2dk1_relu_i8_ui8
.tail_call
.function_start
        1824    0x00 0x01 0xe0 0x00 0x00 0x95                                                                                                                                              J #960
.delay_slot
.swstall delay_slot
        1830    0x00 0x01                                                                        NOPX
.delay_slot
.swstall delay_slot
        1832    0x00 0x01                                                                        NOPX
.delay_slot
.swstall delay_slot
        1834    0x00 0x01                                                                        NOPX
.delay_slot
.swstall delay_slot
        1836    0x00 0x01                                                                        NOPX
.delay_slot
.swstall delay_slot
        1838    0x00 0x01                                                                        NOPX
.label bn10_conv2dk1_relu_i8_ui8__end
.label _fini
.function_start
        1840    0x18 0x0b 0x96 0x59                                                                                                                                                                                      MOV r0, r23
        1844    0x00 0x00 0x0c 0x00 0x00 0x55                                                                                                                                              MOVXM r24, #0
        1850    0x18 0x3e 0x76 0x59                                                                                                                                                                                      MOV p0, p7
        1854    0x00 0x00 0x0b 0x80 0x00 0x55                                                                                                                                              MOVXM r23, #0
        1860    0x00 0x2f 0x8c 0x3f 0x9e 0x0b 0x28 0x43                                                                                                                                    EQ r24, r23, r24;             MOV p7, r24
        1868    0xc0 0x03 0xd8 0x40 0x01 0x95                                                                                                                                              JNZ r24, #1968
.delay_slot
        1874    0x38 0x03 0x20 0x19                                                                                            PADDB [sp], #32
.delay_slot
        1878    0x0f 0xff 0xec 0x19                                                                                                                          ST r22, [sp, #-4]
.delay_slot
        1882    0x0f 0xfe 0x42 0x99                                                                                                                          ST lr, [sp, #-16]
.delay_slot
        1886    0x0f 0xfe 0xc0 0x19                                                                                                                          ST r0, [sp, #-12]
.delay_slot
        1890    0x00 0x00 0x07 0xff 0x46 0x80 0x00 0x40 0x00 0x38 0x00 0x00 0x78 0x2f            NOPA;                                                       ST p0, [sp, #-8];                                           NOPM;                                   NOPV
.label TGT_F_fini_64
.loop_nesting 1
        1904    0x07 0x03 0x86 0xd9                                                              LDA p0, [p7], #4
        1908    0x00 0x01                                                                        NOPX
        1910    0x00 0x01                                                                        NOPX
        1912    0x00 0x01                                                                        NOPX
        1914    0x00 0x01                                                                        NOPX
        1916    0x00 0x01                                                                        NOPX
        1918    0x00 0x01                                                                        NOPX
.no_stack_arguments
        1920    0x10 0x00 0x14 0x19                                                                                                                                                        JL p0
.delay_slot
        1924    0x1d 0x8e 0x76 0x59                                                                                                                                                                                      MOV r22, p7
.delay_slot
.swstall delay_slot
        1928    0x00 0x01                                                                        NOPX
.delay_slot
.swstall delay_slot
        1930    0x00 0x01                                                                        NOPX
.delay_slot
.swstall delay_slot
        1932    0x00 0x01                                                                        NOPX
.delay_slot
.swstall delay_slot
        1934    0x00 0x01                                                                        NOPX
.return_address
        1936    0x15 0xf1 0x68 0x99                                                                                                                                                        NE r24, r23, r22
        1940    0xc0 0x03 0xb8 0x40 0x01 0x95                                                                                                                                              JNZ r24, #1904
.delay_slot
.swstall delay_slot
        1946    0x00 0x01                                                                        NOPX
.delay_slot
.swstall delay_slot
        1948    0x00 0x01                                                                        NOPX
.delay_slot
.swstall delay_slot
        1950    0x00 0x01                                                                        NOPX
.delay_slot
.swstall delay_slot
        1952    0x00 0x01                                                                        NOPX
.delay_slot
.swstall delay_slot
        1954    0x00 0x00 0x00 0x00 0x00 0x00 0x00 0x40 0x00 0x38 0x00 0x00 0x78 0x2f            NOPA;                                                       NOPS;                                                       NOPM;                                   NOPV
.label TGT_F_fini_128
.loop_nesting 0
        1968    0x07 0xfe 0x42 0xd9                                                              LDA lr, [sp, #-16]
        1972    0x07 0xfe 0xee 0x59                                                              LDA r23, [sp, #-12]
        1976    0x07 0xff 0xec 0x59                                                              LDA r22, [sp, #-4]
        1980    0x07 0xff 0x7e 0xd9                                                              LDA p7, [sp, #-8]
        1984    0x00 0x01                                                                        NOPX
        1986    0x00 0x01                                                                        NOPX
        1988    0x00 0x01                                                                        NOPX
        1990    0x10 0x00 0x18 0x19                                                                                                                                                        RET lr
.delay_slot
.swstall delay_slot
        1994    0x00 0x01                                                                        NOPX
.delay_slot
.swstall delay_slot
        1996    0x00 0x01                                                                        NOPX
.delay_slot
.swstall delay_slot
        1998    0x00 0x01                                                                        NOPX
.delay_slot
.swstall delay_slot
        2000    0x00 0x01                                                                        NOPX
.delay_slot
        2002    0x00 0x00 0x07 0xff 0xe0 0x00 0x00 0x00 0x00 0x71 0x00 0x00 0x00 0x7f            NOPA;                         PADDB [sp], #-32;             NOPS;                         NOPX;                         NOPM
.label _fini__end
.label __cxa_finalize
.function_start
        2016    0x01 0x00 0x48 0x00 0x01 0xf0 0x1f 0x70 0x10 0xbb                                MOVA r1, #8;                                                                              MOVXM p0, #511712
        2026    0x00 0x50 0xc8 0x00 0x01 0xf0 0x47 0x60 0x10 0xbb                                LDA r3, [p0, #0];                                                                         MOVXM r2, #511680
        2036    0x00 0x50 0x40 0x3e 0x17 0xaa 0x24 0x9b 0x29 0x3b                                                                                            ST r1, [p0, #0];              MOVX r1, #-3;                 MOV r17, crSat
        2046    0x1c 0x06 0x36 0x59                                                                                                                                                                                      MOV r16, crRnd
        2050    0x1c 0x84 0xf6 0x59                                                                                                                                                                                      MOV r18, lr
        2054    0x00 0x00 0x0c 0x70 0x40 0x55                                                                                                                                              MOVXM p6, #2080
        2060    0x00 0x01                                                                        NOPX
        2062    0x00 0x01                                                                        NOPX
        2064    0x18 0xc1 0xf6 0x79                                                                                                                                                                                      ADD.NC r3, r3, #-8
        2068    0x10 0xc4 0x20 0x99                                                                                                                                                        ADD r2, r3, r2
        2072    0x00 0x07 0x30 0xf7 0x98 0x8b 0x28 0x43                                                                                                                                    ASHL r19, r3, r1;             MOV p7, r2
.label TGT_F__cxa_finalize_64
.loop_nesting 1
        2080    0x07 0x03 0x8e 0xd9                                                              LDA p1, [p7], #4
        2084    0x07 0xfb 0x86 0xd9                                                              LDA p0, [p7], #-12
        2088    0x00 0x01                                                                        NOPX
        2090    0x00 0x01                                                                        NOPX
        2092    0x00 0x01                                                                        NOPX
        2094    0x00 0x01                                                                        NOPX
        2096    0x00 0x01                                                                        NOPX
.no_stack_arguments
        2098    0x10 0x00 0x54 0x19                                                                                                                                                        JL p1
.delay_slot
.swstall delay_slot
        2102    0x00 0x01                                                                        NOPX
.delay_slot
.swstall delay_slot
        2104    0x00 0x01                                                                        NOPX
.delay_slot
.swstall delay_slot
        2106    0x00 0x01                                                                        NOPX
.delay_slot
.swstall delay_slot
        2108    0x00 0x00 0x00 0x19                                                              NOPA
.delay_slot
        2112    0x00 0x00 0x00 0x00 0x00 0x00 0x00 0x00 0x00 0x02 0x80 0x0b 0x28 0x00 0x03 0xc0  NOPA;                         NOPB;                         NOPS;                         NOPX;                         MOV r20, r0;                            NOPV
.return_address
        2128    0x14 0xe7 0x8c 0x19                                                                                                                                                        JNZD r19, r19, p6
.delay_slot
        2132    0x18 0x0a 0x16 0x59                                                                                                                                                                                      MOV r0, r20
.delay_slot
.swstall delay_slot
        2136    0x00 0x01                                                                        NOPX
.delay_slot
.swstall delay_slot
        2138    0x00 0x01                                                                        NOPX
.delay_slot
.swstall delay_slot
        2140    0x00 0x01                                                                        NOPX
.delay_slot
.swstall delay_slot
        2142    0x00 0x01                                                                        NOPX
.loop_nesting 0
        2144    0x1a 0x79 0x16 0x59                                                                                                                                                                                      MOV lr, r18
        2148    0x10 0x00 0x18 0x19                                                                                                                                                        RET lr
.delay_slot
        2152    0x00 0x23 0x21 0x01 0x8c 0x0b 0x28 0x43                                                                                                                                    MOVX crSat, r17;              MOV crRnd, r16
.delay_slot
.swstall delay_slot
        2160    0x00 0x01                                                                        NOPX
.delay_slot
.swstall delay_slot
        2162    0x00 0x01                                                                        NOPX
.delay_slot
.swstall delay_slot
        2164    0x00 0x01                                                                        NOPX
.delay_slot
.swstall delay_slot
        2166    0x00 0x00 0x00 0x00 0x00 0x00 0x00 0x03 0x8e 0xbb                                NOPA;                         NOPB;                                                                                     NOPM
.label __cxa_finalize__end

.data_segment DMb 511680
.label _ZL7atexits
	0x30
	0x7
	0x0
	0x0
	0x0
	0x0
	0x0
	0x0
	0x0
	0x0
	0x0
	0x0
	0x0
	0x0
	0x0
	0x0
	0x0
	0x0
	0x0
	0x0
	0x0
	0x0
	0x0
	0x0
	0x0
	0x0
	0x0
	0x0
	0x0
	0x0
	0x0
	0x0
.label _ZL10atexit_cnt
	0x8
	0x0
	0x0
	0x0

.stack DM_stack 458752 459776
