
// File generated by darts version U-2022.12#3eec2545bc#230622, Fri Aug  9 11:30:04 2024
// Copyright 2014-2022 Synopsys, Inc. All rights reserved.
// darts -I/proj/xbuilds/2023.2_INT_1013_2256/installs/all_platforms/Vitis/2023.2/aietools/data/aie_ml/lib -d -h -I/proj/xbuilds/2023.2_INT_1013_2256/installs/all_platforms/Vitis/2023.2/aietools/data/aie_ml/lib/runtime_cxx/libcxx-lite/include -I/proj/xbuilds/2023.2_INT_1013_2256/installs/all_platforms/Vitis/2023.2/aietools/data/aie_ml/lib/runtime_cxx/libs/libcxx-9.0.0/include-lite -I/proj/xbuilds/2023.2_INT_1013_2256/installs/all_platforms/Vitis/2023.2/aietools/data/aie_ml/lib/runtime/include -I<BOOST_DIR> -D__AIENGINE__ -D__AIE_ARCH__=20 -D__AIEARCH__=20 -D__tct_tgt__=230622 -L +Ihex +nanno +u core_3_2.elf me

// Release: ipp U-2022.12-TGT-230622

.text_segment PM      0
.entry_point
.label __AIE_ARCH_MODEL_VERSION__20010300__inlined__1__me_basic___main_init_
.label _main_init
.function_start
           0    0x00 0x00 0x01 0xc3 0x38 0x00 0x10 0x43                                                                                                                                    MOVXM sp, #458752
           8    0x00 0x00 0x08 0x00 0x00 0x55                                                                                                                                              MOVXM r16, #0
          14    0x00 0x00 0x0c 0x00 0x00 0x55                                                                                                                                              MOVXM r24, #0
          20    0x16 0x31 0x07 0x99                                                                                                                                                        EQ r24, r24, r16
          24    0xc0 0x00 0x40 0x40 0x01 0x95                                                                                                                                              JNZ r24, #128
.delay_slot
.swstall delay_slot
          30    0x00 0x01                                                                        NOPX
.delay_slot
.swstall delay_slot
          32    0x00 0x01                                                                        NOPX
.delay_slot
.swstall delay_slot
          34    0x00 0x01                                                                        NOPX
.delay_slot
.swstall delay_slot
          36    0x00 0x01                                                                        NOPX
.delay_slot
.swstall delay_slot
          38    0x00 0x01                                                                        NOPX
          40    0xff 0xff 0xfc 0x7f 0xf8 0x55                                                                                                                                              MOVXM p6, #-4
          46    0x1f 0x30 0x76 0x59                                                                                                                                                                                      MOV p7, p0
          50    0x00 0x00 0x00 0x00 0x00 0x00 0x00 0x62 0x04 0xb2 0x00 0x00 0x78 0x2f            NOPA;                                                       NOPS;                                                       MOV r17, r1;                            NOPV
.label TGT_F_main_init_64
.loop_nesting 1
          64    0xdf 0xf0 0xdc 0x8c 0x76 0x4d                                                    LDA p0, [p6], #-4;                                                                                                      MOV r18, p6
          70    0x00 0x01                                                                        NOPX
          72    0x00 0x01                                                                        NOPX
          74    0x00 0x01                                                                        NOPX
          76    0x00 0x01                                                                        NOPX
          78    0x00 0x01                                                                        NOPX
          80    0x00 0x01                                                                        NOPX
.no_stack_arguments
          82    0x10 0x00 0x14 0x19                                                                                                                                                        JL p0
.delay_slot
.swstall delay_slot
          86    0x00 0x01                                                                        NOPX
.delay_slot
.swstall delay_slot
          88    0x00 0x01                                                                        NOPX
.delay_slot
.swstall delay_slot
          90    0x00 0x01                                                                        NOPX
.delay_slot
.swstall delay_slot
          92    0x00 0x01                                                                        NOPX
.delay_slot
.swstall delay_slot
          94    0x00 0x01                                                                        NOPX
.return_address
          96    0x14 0xb1 0x08 0x99                                                                                                                                                        NE r24, r18, r16
         100    0xc0 0x00 0x20 0x40 0x01 0x95                                                                                                                                              JNZ r24, #64
.delay_slot
.swstall delay_slot
         106    0x00 0x01                                                                        NOPX
.delay_slot
.swstall delay_slot
         108    0x00 0x01                                                                        NOPX
.delay_slot
.swstall delay_slot
         110    0x00 0x01                                                                        NOPX
.delay_slot
.swstall delay_slot
         112    0x00 0x01                                                                        NOPX
.delay_slot
.swstall delay_slot
         114    0x00 0x01                                                                        NOPX
.loop_nesting 0
         116    0x18 0x3e 0x76 0x59                                                                                                                                                                                      MOV p0, p7
         120    0x00 0x00 0x00 0x00 0x24 0x4b 0x20 0x03                                                                                                      NOPS;                                                       MOV r1, r17
.label TGT_F_main_init_128
.no_stack_arguments
         128    0x00 0x00 0x70 0x00 0x01 0x15                                                                                                                                              JL #224
.delay_slot
.swstall delay_slot
         134    0x00 0x01                                                                        NOPX
.delay_slot
.swstall delay_slot
         136    0x00 0x01                                                                        NOPX
.delay_slot
.swstall delay_slot
         138    0x00 0x01                                                                        NOPX
.delay_slot
.swstall delay_slot
         140    0x00 0x01                                                                        NOPX
.delay_slot
.swstall delay_slot
         142    0x00 0x01                                                                        NOPX
.return_address
.no_stack_arguments
         144    0x00 0x04 0x78 0x00 0x01 0x15                                                                                                                                              JL #2288
.delay_slot
         150    0x18 0x30 0x06 0x99                                                                                                                                                                                      MOV p0, #0
.delay_slot
.swstall delay_slot
         154    0x00 0x01                                                                        NOPX
.delay_slot
.swstall delay_slot
         156    0x00 0x01                                                                        NOPX
.delay_slot
.swstall delay_slot
         158    0x00 0x01                                                                        NOPX
.delay_slot
.swstall delay_slot
         160    0x00 0x00 0x00 0x00 0x00 0x00 0x00 0x00 0x00 0x00 0x00 0x03 0x88 0x00 0x03 0xc0  NOPA;                         NOPB;                         NOPS;                         NOPX;                         NOPM;                                   NOPV
.return_address
.swstall chess_separator_scheduler
         176    0x00 0x01                                                                        NOPX
.swstall chess_separator_scheduler
         178    0x00 0x01                                                                        NOPX
.swstall chess_separator_scheduler
         180    0x00 0x01                                                                        NOPX
.swstall chess_separator_scheduler
         182    0x00 0x01                                                                        NOPX
.swstall chess_separator_scheduler
         184    0x00 0x01                                                                        NOPX
.swstall chess_separator_scheduler
         186    0x00 0x01                                                                        NOPX
         188    0x10 0x00 0x08 0x19                                                                                                                                                        DONE
.swstall chess_separator_scheduler
         192    0x00 0x01                                                                        NOPX
.swstall chess_separator_scheduler
         194    0x00 0x01                                                                        NOPX
.swstall chess_separator_scheduler
         196    0x00 0x01                                                                        NOPX
.swstall chess_separator_scheduler
         198    0x00 0x01                                                                        NOPX
.swstall chess_separator_scheduler
         200    0x00 0x01                                                                        NOPX
.swstall chess_separator_scheduler
         202    0x00 0x01                                                                        NOPX
.swstall for_chess_exit
.exit
         204    0x00 0x00 0x00 0x19                                                              NOPA
.label TGT_F_main_init_208
.loop_nesting 1
         208    0x00 0x00 0x68 0x00 0x00 0x95                                                                                                                                              J #208
.delay_slot
.swstall delay_slot
         214    0x00 0x01                                                                        NOPX
.delay_slot
.swstall delay_slot
         216    0x00 0x01                                                                        NOPX
.delay_slot
.swstall delay_slot
         218    0x00 0x01                                                                        NOPX
.delay_slot
.swstall delay_slot
         220    0x00 0x01                                                                        NOPX
.delay_slot
.swstall delay_slot
         222    0x00 0x01                                                                        NOPX
.label _main_init__end
.label core_3_2
.function_start
         224    0x00 0x06 0x08 0x03 0x40 0x3f 0x37 0xe8 0x24 0xcb 0x28 0xb7                      MOVA r24, #0;                 PADDB [sp], #64;                                            MOVX r19, #-1;                MOV r1, r19
         236    0xff 0x7e 0xd0 0x00 0xa5 0xcb 0x20 0x03                                                                                                      ST p6, [sp, #-36];                                          MOV r5, r23
         244    0xff 0x4e 0x00 0x00 0x04 0x8b 0x20 0x03                                                                                                      ST r24, [sp, #-48];                                         MOV r0, r18
         252    0xff 0x8f 0xd0 0x00 0x85 0x8b 0x20 0x03                                                                                                      ST p7, [sp, #-32];                                          MOV r4, r22
         260    0xff 0x99 0x40 0x00 0x45 0x4b 0x20 0x03                                                                                                      ST r5, [sp, #-28];                                          MOV r2, r21
         268    0xff 0xa9 0x00 0x00 0x65 0x0b 0x20 0x03                                                                                                      ST r4, [sp, #-24];                                          MOV r3, r20
         276    0xff 0xb8 0x80 0x00 0x00 0x03 0x18 0xb8 0x11 0x3b                                                                                            ST r2, [sp, #-20];            MOVXM p6, #368
         286    0x0f 0xfe 0x46 0x19                                                                                                                          ST r3, [sp, #-16]
         290    0x0f 0xfe 0xe0 0x19                                                                                                                          ST r16, [sp, #-12]
         294    0x0f 0xff 0x62 0x19                                                                                                                          ST r17, [sp, #-8]
         298    0x0f 0xff 0xc2 0x19                                                                                                                          ST r1, [sp, #-4]
         302    0x0f 0xfb 0x40 0x19                                                                                                                          ST r0, [sp, #-40]
         306    0x00 0x00 0x07 0xfa 0xc2 0x80 0x00 0x40 0x00 0x38 0x00 0x00 0x78 0x2f            NOPA;                                                       ST lr, [sp, #-44];                                          NOPM;                                   NOPV
.label TGT_Fcore_3_2_96
.loop_nesting 1
.no_stack_arguments
         320    0x00 0x02 0x00 0x00 0x01 0x15                                                                                                                                              JL #1024
.delay_slot
         326    0xff 0x3e 0x00 0x00 0x06 0x28 0x27 0xff 0xc9 0x3b                                                                                            ST r24, [sp, #-52];           MOVX r0, #49;                 MOV r1, #-1
.delay_slot
.swstall delay_slot
         336    0x00 0x01                                                                        NOPX
.delay_slot
.swstall delay_slot
         338    0x00 0x01                                                                        NOPX
.delay_slot
.swstall delay_slot
         340    0x00 0x01                                                                        NOPX
.delay_slot
.swstall delay_slot
         342    0x00 0x00 0x00 0x00 0x00 0x00 0x00 0x03 0x8e 0xbb                                NOPA;                         NOPB;                                                                                     NOPM
.return_address
         352    0x00 0x00 0x00 0x00 0x00 0x00 0x00 0x01 0x00 0xc8 0x00 0x03 0x88 0x00 0x03 0xc0  NOPA;                         NOPB;                         NOPS;                         MOVX r16, #6;                 NOPM;                                   NOPV
.label TGT_Fcore_3_2_144
.loop_nesting 2
.no_stack_arguments
         368    0x00 0x02 0x00 0x00 0x01 0x15                                                                                                                                              JL #1024
.delay_slot
         374    0x00 0x00 0x04 0xa8 0x27 0xff 0xc8 0x43                                                                                                                                    MOVX r0, #37;                 MOV r1, #-1
.delay_slot
.swstall delay_slot
         382    0x00 0x01                                                                        NOPX
.delay_slot
.swstall delay_slot
         384    0x00 0x01                                                                        NOPX
.delay_slot
.swstall delay_slot
         386    0x00 0x01                                                                        NOPX
.delay_slot
.swstall delay_slot
         388    0x00 0x00 0x00 0x00 0x00 0x00 0x00 0x00 0x00 0x00 0x01 0x37                      NOPA;                         NOPB;                         NOPS;                         NOPX
.return_address
.no_stack_arguments
         400    0x00 0x02 0x00 0x00 0x01 0x15                                                                                                                                              JL #1024
.delay_slot
         406    0x00 0x3e 0x17 0xe8 0x00 0x67 0x48 0x43                                                                                                                                    MOVX r1, #-1;                 MOV r0, #50
.delay_slot
.swstall delay_slot
         414    0x00 0x01                                                                        NOPX
.delay_slot
.swstall delay_slot
         416    0x00 0x01                                                                        NOPX
.delay_slot
.swstall delay_slot
         418    0x00 0x01                                                                        NOPX
.delay_slot
.swstall delay_slot
         420    0x00 0x00 0x00 0x00 0x00 0x00 0x00 0x00 0x00 0x00 0x01 0x37                      NOPA;                         NOPB;                         NOPS;                         NOPX
.return_address
.no_stack_arguments
         432    0x00 0x02 0x00 0x00 0x01 0x15                                                                                                                                              JL #1024
.delay_slot
         438    0x00 0x00 0x06 0xa8 0x27 0xff 0xc8 0x43                                                                                                                                    MOVX r0, #53;                 MOV r1, #-1
.delay_slot
.swstall delay_slot
         446    0x00 0x01                                                                        NOPX
.delay_slot
.swstall delay_slot
         448    0x00 0x01                                                                        NOPX
.delay_slot
.swstall delay_slot
         450    0x00 0x01                                                                        NOPX
.delay_slot
.swstall delay_slot
         452    0x00 0x00 0x00 0x00 0x00 0x00 0x00 0x00 0x00 0x00 0x01 0x37                      NOPA;                         NOPB;                         NOPS;                         NOPX
.return_address
.no_stack_arguments
         464    0x00 0x04 0x18 0x00 0x01 0x15                                                                                                                                              JL #2096
.delay_slot
         470    0x00 0x06 0x00 0x68 0x00 0x55                                                                                                                                              MOVXM p0, #394240
.delay_slot
         476    0x00 0x07 0x96 0x6e 0x00 0x55                                                                                                                                              MOVXM p3, #497408
.delay_slot
         482    0x0e 0x00 0x88 0x00 0x01 0xc0 0x9a 0x00 0x10 0xbb                                MOVA r2, #112;                                                                            MOVXM p1, #459776
.delay_slot
         492    0x01 0xc0 0x08 0x00 0x01 0xe9 0x19 0xa0 0x10 0xbb                                MOVA r0, #14;                                                                             MOVXM p2, #500544
.delay_slot
         502    0x01 0x80 0xc8 0x00 0x40 0x28 0x22 0xa3 0x48 0xbb                                MOVA r3, #12;                                                                             MOVX r4, #1;                  MOV r1, #336
.return_address
.no_stack_arguments
         512    0x00 0x02 0x10 0x00 0x01 0x15                                                                                                                                              JL #1056
.delay_slot
         518    0x00 0x00 0x04 0x88 0x20 0x03 0xc8 0x43                                                                                                                                    MOVX r0, #36;                 MOV r1, #1
.delay_slot
.swstall delay_slot
         526    0x00 0x01                                                                        NOPX
.delay_slot
.swstall delay_slot
         528    0x00 0x01                                                                        NOPX
.delay_slot
.swstall delay_slot
         530    0x00 0x01                                                                        NOPX
.delay_slot
.swstall delay_slot
         532    0x00 0x00 0x00 0x00 0x00 0x00 0x00 0x00 0x00 0x00 0x01 0x37                      NOPA;                         NOPB;                         NOPS;                         NOPX
.return_address
.no_stack_arguments
         544    0x00 0x02 0x10 0x00 0x01 0x15                                                                                                                                              JL #1056
.delay_slot
         550    0x00 0x00 0x06 0x68 0x20 0x03 0xc8 0x43                                                                                                                                    MOVX r0, #51;                 MOV r1, #1
.delay_slot
.swstall delay_slot
         558    0x00 0x01                                                                        NOPX
.delay_slot
.swstall delay_slot
         560    0x00 0x01                                                                        NOPX
.delay_slot
.swstall delay_slot
         562    0x00 0x01                                                                        NOPX
.delay_slot
.swstall delay_slot
         564    0x00 0x00 0x00 0x00 0x00 0x00 0x00 0x00 0x00 0x00 0x01 0x37                      NOPA;                         NOPB;                         NOPS;                         NOPX
.return_address
.no_stack_arguments
         576    0x00 0x02 0x10 0x00 0x01 0x15                                                                                                                                              JL #1056
.delay_slot
         582    0x00 0x00 0x06 0x88 0x20 0x03 0xc8 0x43                                                                                                                                    MOVX r0, #52;                 MOV r1, #1
.delay_slot
.swstall delay_slot
         590    0x00 0x01                                                                        NOPX
.delay_slot
.swstall delay_slot
         592    0x00 0x01                                                                        NOPX
.delay_slot
.swstall delay_slot
         594    0x00 0x01                                                                        NOPX
.delay_slot
.swstall delay_slot
         596    0x00 0x00 0x00 0x00 0x00 0x00 0x00 0x00 0x00 0x00 0x01 0x37                      NOPA;                         NOPB;                         NOPS;                         NOPX
.return_address
.no_stack_arguments
         608    0x00 0x02 0x00 0x00 0x01 0x15                                                                                                                                              JL #1024
.delay_slot
         614    0x00 0x00 0x04 0xa8 0x27 0xff 0xc8 0x43                                                                                                                                    MOVX r0, #37;                 MOV r1, #-1
.delay_slot
.swstall delay_slot
         622    0x00 0x01                                                                        NOPX
.delay_slot
.swstall delay_slot
         624    0x00 0x01                                                                        NOPX
.delay_slot
.swstall delay_slot
         626    0x00 0x01                                                                        NOPX
.delay_slot
.swstall delay_slot
         628    0x00 0x00 0x00 0x00 0x00 0x00 0x00 0x00 0x00 0x00 0x01 0x37                      NOPA;                         NOPB;                         NOPS;                         NOPX
.return_address
.no_stack_arguments
         640    0x00 0x02 0x00 0x00 0x01 0x15                                                                                                                                              JL #1024
.delay_slot
         646    0x00 0x3e 0x17 0xe8 0x00 0x67 0x48 0x43                                                                                                                                    MOVX r1, #-1;                 MOV r0, #50
.delay_slot
.swstall delay_slot
         654    0x00 0x01                                                                        NOPX
.delay_slot
.swstall delay_slot
         656    0x00 0x01                                                                        NOPX
.delay_slot
.swstall delay_slot
         658    0x00 0x01                                                                        NOPX
.delay_slot
.swstall delay_slot
         660    0x00 0x00 0x00 0x00 0x00 0x00 0x00 0x00 0x00 0x00 0x01 0x37                      NOPA;                         NOPB;                         NOPS;                         NOPX
.return_address
.no_stack_arguments
         672    0x00 0x02 0x00 0x00 0x01 0x15                                                                                                                                              JL #1024
.delay_slot
         678    0x00 0x00 0x06 0xa8 0x27 0xff 0xc8 0x43                                                                                                                                    MOVX r0, #53;                 MOV r1, #-1
.delay_slot
.swstall delay_slot
         686    0x00 0x01                                                                        NOPX
.delay_slot
.swstall delay_slot
         688    0x00 0x01                                                                        NOPX
.delay_slot
.swstall delay_slot
         690    0x00 0x01                                                                        NOPX
.delay_slot
.swstall delay_slot
         692    0x00 0x00 0x00 0x00 0x00 0x00 0x00 0x00 0x00 0x00 0x01 0x37                      NOPA;                         NOPB;                         NOPS;                         NOPX
.return_address
.no_stack_arguments
         704    0x00 0x04 0x18 0x00 0x01 0x15                                                                                                                                              JL #2096
.delay_slot
         710    0x00 0x06 0x10 0x6c 0xc0 0x55                                                                                                                                              MOVXM p0, #398944
.delay_slot
         716    0x00 0x07 0xa4 0x72 0xc0 0x55                                                                                                                                              MOVXM p2, #502112
.delay_slot
         722    0x01 0xc0 0x08 0x00 0x01 0xe5 0x9e 0x90 0x10 0xbb                                MOVA r0, #14;                                                                             MOVXM p3, #498976
.delay_slot
         732    0x0e 0x00 0x88 0x00 0x01 0xc0 0x9a 0x00 0x10 0xbb                                MOVA r2, #112;                                                                            MOVXM p1, #459776
.delay_slot
         742    0x01 0x80 0xc8 0x00 0x40 0x28 0x22 0xa3 0x48 0xbb                                MOVA r3, #12;                                                                             MOVX r4, #1;                  MOV r1, #336
.return_address
.no_stack_arguments
         752    0x00 0x02 0x10 0x00 0x01 0x15                                                                                                                                              JL #1056
.delay_slot
         758    0x00 0x00 0x04 0x88 0x20 0x03 0xc8 0x43                                                                                                                                    MOVX r0, #36;                 MOV r1, #1
.delay_slot
.swstall delay_slot
         766    0x00 0x01                                                                        NOPX
.delay_slot
.swstall delay_slot
         768    0x00 0x01                                                                        NOPX
.delay_slot
.swstall delay_slot
         770    0x00 0x01                                                                        NOPX
.delay_slot
.swstall delay_slot
         772    0x00 0x00 0x00 0x00 0x00 0x00 0x00 0x00 0x00 0x00 0x01 0x37                      NOPA;                         NOPB;                         NOPS;                         NOPX
.return_address
.no_stack_arguments
         784    0x00 0x02 0x10 0x00 0x01 0x15                                                                                                                                              JL #1056
.delay_slot
         790    0x00 0x00 0x06 0x68 0x20 0x03 0xc8 0x43                                                                                                                                    MOVX r0, #51;                 MOV r1, #1
.delay_slot
.swstall delay_slot
         798    0x00 0x01                                                                        NOPX
.delay_slot
.swstall delay_slot
         800    0x00 0x01                                                                        NOPX
.delay_slot
.swstall delay_slot
         802    0x00 0x01                                                                        NOPX
.delay_slot
.swstall delay_slot
         804    0x00 0x00 0x00 0x00 0x00 0x00 0x00 0x00 0x00 0x00 0x01 0x37                      NOPA;                         NOPB;                         NOPS;                         NOPX
.return_address
.no_stack_arguments
         816    0x00 0x02 0x10 0x00 0x01 0x15                                                                                                                                              JL #1056
.delay_slot
         822    0x00 0x00 0x06 0x88 0x20 0x03 0xc8 0x43                                                                                                                                    MOVX r0, #52;                 MOV r1, #1
.delay_slot
.swstall delay_slot
         830    0x00 0x01                                                                        NOPX
.delay_slot
.swstall delay_slot
         832    0x00 0x01                                                                        NOPX
.delay_slot
.swstall delay_slot
         834    0x00 0x01                                                                        NOPX
.delay_slot
.swstall delay_slot
         836    0x00 0x00 0x00 0x00 0x00 0x00 0x00 0x00 0x00 0x00 0x01 0x37                      NOPA;                         NOPB;                         NOPS;                         NOPX
.return_address
         848    0x14 0x21 0x8c 0x19                                                                                                                                                        JNZD r16, r16, p6
.delay_slot
.swstall delay_slot
         852    0x00 0x01                                                                        NOPX
.delay_slot
.swstall delay_slot
         854    0x00 0x01                                                                        NOPX
.delay_slot
.swstall delay_slot
         856    0x00 0x01                                                                        NOPX
.delay_slot
.swstall delay_slot
         858    0x00 0x01                                                                        NOPX
.delay_slot
.swstall delay_slot
         860    0x00 0x01                                                                        NOPX
.loop_nesting 1
         862    0x07 0xf9 0xe0 0x59                                                              LDA r16, [sp, #-52]
         866    0x00 0x01                                                                        NOPX
.no_stack_arguments
         868    0x00 0x02 0x10 0x00 0x01 0x15                                                                                                                                              JL #1056
.delay_slot
.swstall delay_slot
         874    0x00 0x01                                                                        NOPX
.delay_slot
.swstall delay_slot
         876    0x00 0x01                                                                        NOPX
.delay_slot
.swstall delay_slot
         878    0x00 0x01                                                                        NOPX
.delay_slot
.swstall delay_slot
         880    0x00 0x01                                                                        NOPX
.delay_slot
         882    0x00 0x04 0x48 0x00 0x00 0x00 0xc1 0x04 0x00 0x79 0x00 0x00 0x00 0x7f            MOVA r17, #0;                 NOPB;                         NOPS;                         MOVX r0, #48;                 MOV r1, #1
.return_address
         896    0xff 0x4e 0x4c 0x30 0x07 0x1d                                                    LDA r25, [sp, #-48];                                                                      ADD r24, r16, #1
         902    0x14 0xf5 0x88 0x99                                                                                                                                                        NE r26, r19, r24
         906    0x00 0x01                                                                        NOPX
         908    0x00 0x01                                                                        NOPX
         910    0x00 0x01                                                                        NOPX
         912    0x00 0x01                                                                        NOPX
         914    0x00 0x01                                                                        NOPX
         916    0x16 0x73 0x12 0x99                                                                                                                                                        ADC r25, r25, r17
         920    0xff 0x4e 0x46 0x76 0xdc 0x3d                                                                                                                ST r25, [sp, #-48];           EQZ r27, r25
         926    0x16 0x73 0x1a 0x99                                                                                                                                                        LT r25, r25, r17
         930    0x16 0xf5 0xa4 0x99                                                                                                                                                        AND r26, r27, r26
         934    0x16 0x73 0xa5 0x99                                                                                                                                                        OR r25, r25, r26
         938    0xc8 0x00 0xa0 0x40 0x01 0x95                                                                                                                                              JNZ r25, #320
.delay_slot
.swstall delay_slot
         944    0x00 0x01                                                                        NOPX
.delay_slot
.swstall delay_slot
         946    0x00 0x01                                                                        NOPX
.delay_slot
.swstall delay_slot
         948    0x00 0x01                                                                        NOPX
.delay_slot
.swstall delay_slot
         950    0x00 0x01                                                                        NOPX
.delay_slot
.swstall delay_slot
         952    0x00 0x01                                                                        NOPX
.loop_nesting 0
         954    0x07 0xfa 0xc2 0xd9                                                              LDA lr, [sp, #-44]
         958    0x07 0xfb 0x64 0x59                                                              LDA r18, [sp, #-40]
         962    0x07 0xff 0xe6 0x59                                                              LDA r19, [sp, #-4]
         966    0x07 0xff 0x62 0x59                                                              LDA r17, [sp, #-8]
         970    0x07 0xfe 0xe0 0x59                                                              LDA r16, [sp, #-12]
         974    0x07 0xfe 0x68 0x59                                                              LDA r20, [sp, #-16]
         978    0x07 0xfd 0xea 0x59                                                              LDA r21, [sp, #-20]
         982    0x07 0xfd 0x6c 0x59                                                              LDA r22, [sp, #-24]
         986    0x07 0xfc 0xee 0x59                                                              LDA r23, [sp, #-28]
         990    0x07 0xfc 0x7e 0xd9                                                              LDA p7, [sp, #-32]
         994    0x07 0xfb 0xf6 0xd9                                                              LDA p6, [sp, #-36]
         998    0x10 0x00 0x18 0x19                                                                                                                                                        RET lr
.delay_slot
.swstall delay_slot
        1002    0x00 0x01                                                                        NOPX
.delay_slot
.swstall delay_slot
        1004    0x00 0x01                                                                        NOPX
.delay_slot
.swstall delay_slot
        1006    0x00 0x01                                                                        NOPX
.delay_slot
.swstall delay_slot
        1008    0x00 0x01                                                                        NOPX
.delay_slot
        1010    0x00 0x00 0x07 0xff 0xc0 0x00 0x00 0x00 0x00 0x71 0x00 0x00 0x00 0x7f            NOPA;                         PADDB [sp], #-64;             NOPS;                         NOPX;                         NOPM
.label core_3_2__end
.label llvm___aie2___acquire
.function_start
        1024    0x10 0x12 0x12 0x19                                                                                                                                                        ACQ r0, r1
        1028    0x10 0x00 0x18 0x19                                                                                                                                                        RET lr
.delay_slot
.swstall delay_slot
        1032    0x00 0x01                                                                        NOPX
.delay_slot
.swstall delay_slot
        1034    0x00 0x01                                                                        NOPX
.delay_slot
.swstall delay_slot
        1036    0x00 0x01                                                                        NOPX
.delay_slot
.swstall delay_slot
        1038    0x00 0x01                                                                        NOPX
.delay_slot
.swstall delay_slot
        1040    0x00 0x00 0x00 0x00 0x00 0x00 0x00 0x00 0x00 0x00 0x00 0x03 0x88 0x00 0x03 0xc0  NOPA;                         NOPB;                         NOPS;                         NOPX;                         NOPM;                                   NOPV
.label llvm___aie2___acquire__end
.label llvm___aie2___release
.function_start
        1056    0x00 0x01                                                                        NOPX
        1058    0x00 0x01                                                                        NOPX
        1060    0x00 0x01                                                                        NOPX
        1062    0x00 0x01                                                                        NOPX
        1064    0x00 0x01                                                                        NOPX
        1066    0x00 0x01                                                                        NOPX
        1068    0x10 0x10 0x12 0x19                                                                                                                                                        REL r0, r1
        1072    0x10 0x00 0x18 0x19                                                                                                                                                        RET lr
.delay_slot
.swstall delay_slot
        1076    0x00 0x01                                                                        NOPX
.delay_slot
.swstall delay_slot
        1078    0x00 0x01                                                                        NOPX
.delay_slot
.swstall delay_slot
        1080    0x00 0x01                                                                        NOPX
.delay_slot
.swstall delay_slot
        1082    0x00 0x01                                                                        NOPX
.delay_slot
.swstall delay_slot
        1084    0x00 0x00 0x00 0x19                                                              NOPA
.label llvm___aie2___release__end
.label _Z30conv2dk1_skip_ui8_i8_i8_scalarPhPaS0_S0_iiiii
.function_start
        1088    0x10 0x03 0xa0 0x0c 0x21 0x05                                                                                  PADDB [sp], #160;                                           MOVX r6, #8
        1094    0xff 0x9d 0x00 0xa8 0x6a 0xbd                                                                                                                ST r20, [sp, #-28];           LT r20, r2, r6
        1100    0x0f 0xfb 0x6e 0x19                                                                                                                          ST r23, [sp, #-40]
        1104    0x0f 0xfb 0xec 0x19                                                                                                                          ST r22, [sp, #-36]
        1108    0x0f 0xfc 0x6a 0x19                                                                                                                          ST r21, [sp, #-32]
        1112    0x0f 0xfd 0x66 0x19                                                                                                                          ST r19, [sp, #-24]
        1116    0x0f 0xfd 0xe4 0x19                                                                                                                          ST r18, [sp, #-20]
        1120    0x0f 0xfe 0x62 0x19                                                                                                                          ST r17, [sp, #-16]
        1124    0xff 0xef 0xd0 0x28 0x00 0xfe 0x10 0x00 0x61 0x3b                                                                                            ST p7, [sp, #-8];             JNZ r20, #2032
.delay_slot
        1134    0xff 0xfe 0xd0 0x00 0x00 0x80 0xe7 0xc3 0xc9 0x3b                                                                                            ST p6, [sp, #-4];             EVENT #0;                     MOV r7, #-31
.delay_slot
        1144    0xff 0x3b 0xd0 0x04 0x83 0xf4 0xa7 0xc7 0xc9 0x3b                                                                                            ST p3, [sp, #-52];            ASHL r8, r2, r7;              MOV r5, #-29
.delay_slot
        1154    0xff 0x4a 0xd2 0x2c 0x5d 0xbd                                                                                                                ST p2, [sp, #-48];            LSHL r22, r8, r5
.delay_slot
        1160    0xff 0x59 0xd0 0x2d 0x51 0x05 0x47 0xfb 0xc9 0x3b                                                                                            ST p1, [sp, #-44];            ADD r21, r22, r2;             MOV r10, #-3
.delay_slot
        1170    0xff 0xdc 0x00 0x2b 0x65 0x76 0xe0 0x3b 0x29 0x3b                                                                                            ST r16, [sp, #-12];           ASHL r22, r21, r10;           MOV r23, p0
        1180    0xff 0xe2 0x48 0x03 0x03 0xf6 0x41 0x3f 0xf8 0xbb                                MOVA r9, #-1;                                                                             ASHL r16, r1, r7;             ADD.NC r18, r4, #-1
        1190    0x00 0xc4 0xc8 0x21 0x42 0xee 0x20 0xff 0xf8 0xbb                                MOVA r19, #6;                                                                             LSHL r20, r16, r5;            ADD.NC r17, r3, #-1
        1200    0x00 0x64 0x08 0x02 0xd3 0x54 0xc0 0x03 0x48 0xbb                                MOVA r16, #3;                                                                             LT r13, r1, r6;               MOV r6, #0
        1210    0x0f 0xe2 0x0f 0xf8 0xda 0x03 0x4a 0x04 0x20 0x3f 0xf8 0x77                      MOVA r8, #127;                                              ST r13, [sp, #-60];           ADD r20, r1, r20;             ADD.NC r1, r0, #-1
        1222    0x00 0x85 0x8f 0xf8 0x42 0x28 0xb5 0x74 0xa5 0xbf 0xf8 0x77                      MOVA r22, #4;                                               ST r1, [sp, #-64];            ASHL r11, r20, r10;           ADD.NC r5, r22, #-1
        1234    0xf0 0x01 0xcf 0xf9 0x4c 0x16 0xc9 0xee 0x80 0x03 0xc8 0x77                      MOVA r7, #-128;                                             ST r6, [sp, #-56];            LSHL r12, r11, r19;           MOV r20, #1
        1246    0x00 0xe5 0x4f 0xf4 0xd8 0x12 0x19 0x6e 0x40 0x0b 0xc8 0x77                      MOVA r21, #7;                                               ST r12, [sp, #-92];           LSHL r1, r9, r18;             MOV r18, #5
        1258    0xfe 0xaa 0xc0 0x13 0x18 0xec 0x30 0x83 0x49 0x3b                                                                                            ST r11, [sp, #-88];           LSHL r17, r9, r17;            MOV m1, #64
        1268    0x00 0x0c 0x20 0x4c 0x10 0x13 0x48 0x43                                                                                                                                    GE r2, r6, r0;                MOV m0, #8
        1276    0xfe 0xf8 0x80 0x12 0xc0 0xb4 0x20 0x03 0x49 0x3b                                                                                            ST r2, [sp, #-68];            XOR r12, r9, r1;              MOV r1, #0
        1286    0xfe 0xbb 0x00 0x12 0xa8 0xb6 0x20 0x07 0x49 0x3b                                                                                            ST r12, [sp, #-84];           XOR r10, r9, r17;             MOV r17, #2
        1296    0xfe 0xca 0x80 0x01 0x0d 0xbd                                                                                                                ST r10, [sp, #-80];           LSHL r0, r0, r16
        1302    0x00 0x0c 0x42 0x0c 0x50 0x0b 0x28 0x43                                                                                                                                    SUB r4, r6, r4;               MOV m2, r0
        1310    0xfe 0xd9 0x01 0x86 0x31 0xbd                                                                                                                ST r4, [sp, #-76];            SUB r3, r6, r3
        1316    0xfe 0xe8 0xc0 0x00 0x00 0x03 0x9a 0xf8 0x11 0x3b                                                                                            ST r3, [sp, #-72];            MOVXM p7, #1520
        1326    0x00 0x00 0x0c 0x6a 0xa0 0x55                                                                                                                                              MOVXM p6, #1360
        1332    0x00 0x00 0x08 0xed 0xc0 0x55                                                                                                                                              MOVXM le, #1760
        1338    0x00 0x00 0x00 0xec 0x60 0x55                                                                                                                                              MOVXM ls, #1584
.label TGT_F_Z30conv2dk1_skip_ui8_i8_i8_scalarPhPaS0_S0_iiiii_256
.loop_nesting 1
        1344    0xfe 0x79 0x40 0x0a 0x1d 0x3d                                                                                                                ST r5, [sp, #-100];           MOVX r5, #7
        1350    0x00 0x00 0x07 0xf4 0x42 0x00 0x00 0x02 0x01 0x7b                                NOPA;                                                       ST r1, [sp, #-96];            MOVX r1, #0
.label TGT_F_Z30conv2dk1_skip_ui8_i8_i8_scalarPhPaS0_S0_iiiii_272
.loop_nesting 2
        1360    0x10 0x03 0xd0 0x40 0x01 0x95                                                                                                                                              JNZ r2, #1952
.delay_slot
.swstall delay_slot
        1366    0x00 0x01                                                                        NOPX
.delay_slot
.swstall delay_slot
        1368    0x00 0x01                                                                        NOPX
.delay_slot
.swstall delay_slot
        1370    0x00 0x01                                                                        NOPX
.delay_slot
.swstall delay_slot
        1372    0x00 0x01                                                                        NOPX
.delay_slot
.swstall delay_slot
        1374    0x00 0x01                                                                        NOPX
        1376    0x07 0xf4 0x52 0x59                                                              LDA r9, [sp, #-96]
        1380    0x07 0xfa 0xc4 0x59                                                              LDA r2, [sp, #-44]
        1384    0x07 0xf9 0x5c 0x59                                                              LDA r14, [sp, #-56]
        1388    0x07 0xf9 0xf6 0xd9                                                              LDA p6, [sp, #-52]
        1392    0x07 0xfa 0x6e 0xd9                                                              LDA p5, [sp, #-48]
        1396    0x0f 0xef 0x4a 0x19                                                                                                                          ST r5, [sp, #-136]
        1400    0x07 0xf8 0x4a 0x59                                                              LDA r5, [sp, #-64]
        1404    0xfd 0xf8 0x42 0x52 0x10 0xbd                                                                                                                ST r1, [sp, #-132];           ADD r9, r9, r1
        1410    0x00 0x13 0x91 0x05 0xe0 0x8b 0x38 0x43                                                                                                                                    ADD r25, r9, r2;              ADD.NC r15, r2, #8
        1418    0xfe 0x6e 0x40 0x02 0x17 0x07 0x03 0xcb 0x39 0x3b                                                                                            ST r25, [sp, #-104];          ADD r1, r1, r14;              ADD.NC r24, r15, #8
        1428    0x00 0x1f 0x94 0x84 0x46 0x0b 0x38 0x43                                                                                                                                    ADD r25, r15, r9;             ADD.NC r2, r24, #8
        1436    0xfe 0x5e 0x40 0x13 0xac 0x05 0xe0 0x8b 0x39 0x3b                                                                                            ST r25, [sp, #-108];          ADD r26, r9, r24;             ADD.NC r15, r2, #8
        1446    0xfe 0x4e 0x80 0x1e 0xf4 0x87 0x23 0xcb 0x39 0x3b                                                                                            ST r26, [sp, #-112];          ADD r15, r15, r9;             ADD.NC r25, r15, #8
        1456    0xfe 0x2b 0xc0 0x13 0xa1 0x07 0x06 0x4b 0x39 0x3b                                                                                            ST r15, [sp, #-120];          ADD r26, r9, r2;              ADD.NC r24, r25, #8
        1466    0xfe 0x3e 0x80 0x32 0xf4 0x84 0x9b 0xcb 0x29 0x3b                                                                                            ST r26, [sp, #-116];          ADD r15, r25, r9;             MOV p1, r15
        1476    0x00 0x00 0x07 0xf0 0xde 0x12 0xfc 0x04 0x46 0x0b 0x38 0x77                      NOPA;                                                       ST r15, [sp, #-124];          ADD r15, r9, r24;             ADD.NC r2, r24, #8
        1488    0x00 0x00 0x00 0x00 0x4f 0xf0 0x5e 0x12 0x91 0x04 0x70 0x4b 0x28 0x00 0x03 0xc0  MOVA r1, #0;                  NOPB;                         ST r15, [sp, #-128];          ADD r9, r9, r2;               MOV m3, r1;                             NOPV
        1504    0xcd 0x61 0xad 0x06 0x37 0xee 0xd2 0x00 0x00 0x00 0x45 0xcb 0x28 0x00 0x03 0xc0  PADDA [p5], m3;               PADDB [p6], m3;               ST r9, [sp, #-140];           NOPX;                         MOV r2, r23;                            NOPV
.label TGT_F_Z30conv2dk1_skip_ui8_i8_i8_scalarPhPaS0_S0_iiiii_432
.loop_nesting 3
        1520    0x68 0x03 0x98 0x40 0x01 0x95                                                                                                                                              JNZ r13, #1840
.delay_slot
        1526    0x10 0x32 0x01 0x19                                                                                                                                                        MOVX r25, #0
.delay_slot
.swstall delay_slot
        1530    0x00 0x01                                                                        NOPX
.delay_slot
.swstall delay_slot
        1532    0x00 0x01                                                                        NOPX
.delay_slot
.swstall delay_slot
        1534    0x00 0x01                                                                        NOPX
.delay_slot
.swstall delay_slot
        1536    0x00 0x01                                                                        NOPX
        1538    0xfe 0x6c 0xd8 0xc1 0x16 0x4d                                                    LDA p4, [sp, #-104];                                                                                                    MOV r3, r2
        1544    0xfe 0x58 0xd9 0x00 0x96 0x4d                                                    LDA p0, [sp, #-108];                                                                                                    MOV r4, r1
        1550    0xfe 0x4b 0xdd 0x75 0x96 0x4d                                                    LDA p3, [sp, #-112];                                                                                                    MOV lc, r11
.noswbrkpt
        1556    0x07 0xf0 0x76 0xd9                                                              LDA p6, [sp, #-128]
.nohwbrkpt
.noswbrkpt
        1560    0x07 0xf0 0xfe 0xd9                                                              LDA p7, [sp, #-124]
.nohwbrkpt
.noswbrkpt
        1564    0x07 0xf1 0xd6 0xd9                                                              LDA p2, [sp, #-116]
.nohwbrkpt
.noswbrkpt
        1568    0x0f 0xee 0x76 0x99                                                                                                                          ST p6, [sp, #-144]
        1572    0x0f 0xed 0xee 0x99                                                                                                                          ST p5, [sp, #-148]
        1576    0x00 0x01                                                                        NOPX
        1578    0x00 0x01                                                                        NOPX
        1580    0x00 0x01                                                                        NOPX
        1582    0x00 0x01                                                                        NOPX
.label ZLS_F_Z30conv2dk1_skip_ui8_i8_i8_scalarPhPaS0_S0_iiiii_496
.loop_nesting 4
.begin_of_loop
        1584    0x85 0x02 0x38 0x28 0x72 0x2e 0x98 0xcb 0x28 0xbb                                LDA.s8 r8, [p4], m1;                                                                      OR r7, r20, r4;               MOV p5, r3
        1594    0xa9 0x21 0xf8 0x23 0xc2 0x2e 0x51 0xcb 0x28 0xbb                                LDA.u8 r7, [p5], m2;                                                                      OR r28, r17, r4;              MOV dj2, r7
        1604    0x05 0x07 0xb8 0x08 0xd8 0x2c 0x65 0x3b 0x28 0xbb                                LDA.s8 r30, [p0], m1;                                                                     OR r13, r4, r16;              MOV r3, p5
        1614    0x65 0x06 0x38 0x2c 0xa2 0x2e 0x9d 0xcb 0x28 0xbb                                LDA.s8 r24, [p3], m1;                                                                     OR r10, r22, r4;              MOV p5, r23
        1624    0xaa 0x23 0x38 0x25 0xc2 0x2e 0x77 0x0b 0x28 0xbb                                LDA.u8 r12, [p5, dj2];                                                                    OR r28, r18, r4;              MOV dj3, r28
        1634    0xae 0x23 0xb8 0x26 0xd2 0x2e 0x93 0x4b 0x28 0xbb                                LDA.u8 r14, [p5, dj3];                                                                    OR r13, r19, r4;              MOV dj4, r13
        1644    0xb2 0x22 0xb8 0x2b 0xf2 0x2e 0xb2 0x8b 0x28 0xbb                                LDA.u8 r10, [p5, dj4];                                                                    OR r31, r21, r4;              MOV dj5, r10
        1654    0x45 0x07 0x38 0x08 0x40 0x06 0x37 0x0b 0x28 0xbb                                LDA.s8 r28, [p2], m1;                                                                     ADD r4, r4, r0;               MOV dj1, r28
        1664    0xb6 0x22 0x38 0x0e 0x74 0x7e 0x13 0x4b 0x28 0xbb                                LDA.u8 r8, [p5, dj5];                                                                     MUL r7, r7, r8;               MOV dj0, r13
        1674    0x25 0x03 0xfd 0xaf 0x96 0x4d                                                    LDA.s8 r15, [p1], m1;                                                                                                   MOV dj6, r31
        1680    0xa6 0x27 0xf9 0xdb 0x90 0x9d                                                    LDA.u8 r31, [p5, dj1];                                                                    ADD r13, r7, r25
        1686    0xe5 0x06 0xff 0x98 0xcf 0x9d                                                    LDA.s8 r27, [p7], m1;                                                                     MUL r12, r30, r12
        1692    0xa2 0x26 0xbb 0xb1 0x8f 0x9d                                                    LDA.u8 r26, [p5, dj0];                                                                    MUL r24, r14, r24
        1698    0xba 0x23 0xbd 0x34 0x96 0x4d                                                    LDA.u8 r14, [p5, dj6];                                                                                                  MOV p5, r9
        1704    0xc5 0x03 0x3b 0x7a 0xc0 0x9d                                                    LDA.s8 r12, [p6], m1;                                                                     ADD r29, r13, r12
        1710    0xa5 0x01 0xba 0x97 0xcf 0x9d                                                    LDA.s8 r6, [p5], m1;                                                                      MUL r11, r10, r28
        1716    0x00 0x1e 0xf4 0x7d 0x25 0x3b 0x28 0x43                                                                                                                                    MUL r15, r15, r8;             MOV r9, p5
        1724    0x00 0x01                                                                        NOPX
        1726    0x17 0x7b 0x80 0x99                                                                                                                                                        ADD r29, r29, r24
        1730    0x12 0xd7 0xd0 0x99                                                                                                                                                        ADD r11, r11, r29
        1734    0x17 0xf7 0xbf 0x99                                                                                                                                                        MUL r27, r31, r27
        1738    0x16 0xba 0xcf 0x99                                                                                                                                                        MUL r29, r26, r12
        1742    0x13 0x8c 0x6f 0x99                                                                                                                                                        MUL r6, r14, r6
        1746    0x00 0x01                                                                        NOPX
        1748    0x13 0xd6 0xb0 0x99                                                                                                                                                        ADD r11, r15, r11
        1752    0x16 0xd6 0xb0 0x99                                                                                                                                                        ADD r11, r27, r11
        1756    0x12 0xd7 0xd0 0x99                                                                                                                                                        ADD r11, r11, r29
.label ZLE_F_Z30conv2dk1_skip_ui8_i8_i8_scalarPhPaS0_S0_iiiii_672
.end_of_loop
        1760    0x00 0x00 0x00 0x00 0x00 0x00 0x00 0x17 0x93 0x04 0x00 0x03 0x88 0x00 0x03 0xc0  NOPA;                         NOPB;                         NOPS;                         ADD r25, r11, r6;             NOPM;                                   NOPV
.loop_nesting 3
        1776    0xfd 0xce 0xd8 0x00 0x00 0x03 0x9a 0xf8 0x10 0xbb                                LDA p6, [sp, #-144];                                                                      MOVXM p7, #1520
        1786    0xfd 0xbd 0xd8 0x02 0x87 0xe8 0xe7 0x03 0x48 0xbb                                LDA p5, [sp, #-148];                                                                      MOVX r8, #127;                MOV r7, #-128
        1796    0x07 0xf7 0x46 0x59                                                              LDA r3, [sp, #-72]
        1800    0x07 0xf6 0xc8 0x59                                                              LDA r4, [sp, #-76]
        1804    0x07 0xf6 0x54 0x59                                                              LDA r10, [sp, #-80]
        1808    0x07 0xf5 0xd8 0x59                                                              LDA r12, [sp, #-84]
        1812    0x07 0xf5 0x56 0x59                                                              LDA r11, [sp, #-88]
        1816    0x07 0xf1 0x4e 0xd9                                                              LDA p1, [sp, #-120]
        1820    0x07 0xee 0xd2 0x59                                                              LDA r9, [sp, #-140]
        1824    0x00 0x00 0xff 0x1b 0x48 0x00 0x00 0x00 0x00 0x00 0x00 0x03 0x88 0x00 0x03 0xc0  LDA r13, [sp, #-60];          NOPB;                         NOPS;                         NOPX;                         NOPM;                                   NOPV
.label TGT_F_Z30conv2dk1_skip_ui8_i8_i8_scalarPhPaS0_S0_iiiii_752
        1840    0xc1 0x03 0xfe 0x5c 0x3d 0x9d                                                    LDA.s8 r15, [p6], m0;                                                                     LSHL r14, r25, r3
        1846    0x13 0x9d 0x44 0x99                                                                                                                                                        AND r14, r14, r20
        1850    0x16 0x70 0xa0 0x99                                                                                                                                                        ADD r24, r25, r10
        1854    0x13 0x9d 0x80 0x99                                                                                                                                                        ADD r14, r14, r24
        1858    0x13 0x9c 0x3e 0x99                                                                                                                                                        ASHL r14, r14, r3
        1862    0x11 0xf6 0xea 0x99                                                                                                                                                        LT r27, r7, r14
        1866    0x11 0xdc 0xe6 0x19                                                                                                                                                        SEL.EQZ r14, r7, r14, r27
        1870    0x13 0xb6 0x8a 0x99                                                                                                                                                        LT r27, r14, r8
        1874    0x12 0x1c 0xe6 0x19                                                                                                                                                        SEL.EQZ r14, r8, r14, r27
        1878    0x13 0xdc 0xe0 0x99                                                                                                                                                        ADD r14, r15, r14
        1882    0x13 0x9e 0x4d 0x99                                                                                                                                                        LSHL r15, r14, r4
        1886    0x13 0x9c 0xc0 0x99                                                                                                                                                        ADD r14, r14, r12
        1890    0x13 0xdf 0x44 0x99                                                                                                                                                        AND r15, r15, r20
        1894    0x13 0xdc 0xe0 0x99                                                                                                                                                        ADD r14, r15, r14
        1898    0x11 0x4b 0xcc 0x19                                                                                                                                                        JNZD r5, r5, p7
.delay_slot
        1902    0x13 0x9c 0x4e 0x99                                                                                                                                                        ASHL r14, r14, r4
.delay_slot
        1906    0x11 0xf6 0xea 0x99                                                                                                                                                        LT r27, r7, r14
.delay_slot
        1910    0x11 0xdc 0xe6 0x19                                                                                                                                                        SEL.EQZ r14, r7, r14, r27
.delay_slot
        1914    0x00 0x1d 0xb4 0x54 0x20 0x4b 0x38 0x43                                                                                                                                    LT r27, r14, r8;              ADD.NC r1, r1, #8
.delay_slot
        1922    0xa1 0x23 0x80 0x10 0xe7 0x30 0x40 0x8b 0x38 0xbb                                ST.s8 r14, [p5], m0;                                                                      SEL.EQZ r14, r8, r14, r27;    ADD.NC r2, r2, #8
.loop_nesting 2
        1932    0xfe 0xf8 0x88 0x00 0x00 0x03 0x1a 0xa8 0x10 0xbb                                LDA r2, [sp, #-68];                                                                       MOVXM p6, #1360
        1942    0x07 0xef 0x4a 0x59                                                              LDA r5, [sp, #-136]
        1946    0xfd 0xf8 0x48 0x00 0x00 0x7d                                                    LDA r1, [sp, #-132];          NOPB
.label TGT_F_Z30conv2dk1_skip_ui8_i8_i8_scalarPhPaS0_S0_iiiii_864
        1952    0x00 0x01                                                                        NOPX
        1954    0x00 0x01                                                                        NOPX
        1956    0x00 0x01                                                                        NOPX
        1958    0x00 0x01                                                                        NOPX
        1960    0x00 0x01                                                                        NOPX
        1962    0x11 0x4b 0x8c 0x19                                                                                                                                                        JNZD r5, r5, p6
.delay_slot
        1966    0x18 0x40 0x86 0xf9                                                                                                                                                                                      ADD.NC r1, r1, #1
.delay_slot
.swstall delay_slot
        1970    0x00 0x01                                                                        NOPX
.delay_slot
.swstall delay_slot
        1972    0x00 0x01                                                                        NOPX
.delay_slot
.swstall delay_slot
        1974    0x00 0x01                                                                        NOPX
.delay_slot
.swstall delay_slot
        1976    0x00 0x01                                                                        NOPX
.loop_nesting 1
        1978    0xfe 0x88 0x48 0x00 0x00 0x00 0x9a 0xa0 0x10 0xbb                                LDA r1, [sp, #-96];                                                                       MOVXM p1, #1344
        1988    0x07 0xf4 0xca 0x59                                                              LDA r5, [sp, #-92]
        1992    0x07 0xf3 0xdc 0x59                                                              LDA r14, [sp, #-100]
        1996    0x07 0xf9 0x52 0x59                                                              LDA r9, [sp, #-56]
        2000    0x00 0x01                                                                        NOPX
        2002    0x00 0x01                                                                        NOPX
        2004    0x00 0x01                                                                        NOPX
        2006    0x00 0x01                                                                        NOPX
        2008    0x11 0x42 0x10 0x99                                                                                                                                                        ADD r1, r5, r1
        2012    0x13 0x8a 0x4c 0x19                                                                                                                                                        JNZD r5, r14, p1
.delay_slot
.swstall delay_slot
        2016    0x00 0x01                                                                        NOPX
.delay_slot
.swstall delay_slot
        2018    0x00 0x01                                                                        NOPX
.delay_slot
.swstall delay_slot
        2020    0x00 0x01                                                                        NOPX
.delay_slot
        2022    0x12 0x52 0x00 0x99                                                                                                                                                        ADD r9, r9, r0
.delay_slot
        2026    0x00 0x00 0x07 0xf9 0x52 0x35                                                    NOPA;                                                       ST r9, [sp, #-56]
.label TGT_F_Z30conv2dk1_skip_ui8_i8_i8_scalarPhPaS0_S0_iiiii_944
.loop_nesting 0
        2032    0x07 0xfb 0x6e 0x59                                                              LDA r23, [sp, #-40]
        2036    0x07 0xfb 0xec 0x59                                                              LDA r22, [sp, #-36]
        2040    0x07 0xfc 0x6a 0x59                                                              LDA r21, [sp, #-32]
        2044    0x07 0xfc 0xe8 0x59                                                              LDA r20, [sp, #-28]
        2048    0x07 0xfd 0x66 0x59                                                              LDA r19, [sp, #-24]
        2052    0x07 0xfd 0xe4 0x59                                                              LDA r18, [sp, #-20]
        2056    0x07 0xfe 0x62 0x59                                                              LDA r17, [sp, #-16]
        2060    0x07 0xfe 0xe0 0x59                                                              LDA r16, [sp, #-12]
        2064    0x07 0xff 0x7e 0xd9                                                              LDA p7, [sp, #-8]
        2068    0x07 0xff 0xf6 0xd9                                                              LDA p6, [sp, #-4]
        2072    0x10 0x00 0x18 0x19                                                                                                                                                        RET lr
.delay_slot
.swstall delay_slot
        2076    0x00 0x01                                                                        NOPX
.delay_slot
.swstall delay_slot
        2078    0x00 0x01                                                                        NOPX
.delay_slot
.swstall delay_slot
        2080    0x00 0x01                                                                        NOPX
.delay_slot
.swstall delay_slot
        2082    0x00 0x01                                                                        NOPX
.delay_slot
        2084    0x00 0x00 0x07 0xff 0x60 0x10 0x00 0x80 0x00 0x00 0x01 0x37                      NOPA;                         PADDB [sp], #-160;            NOPS;                         EVENT #1
.label _Z30conv2dk1_skip_ui8_i8_i8_scalarPhPaS0_S0_iiiii__end
.label bn11_conv2dk1_skip_ui8_i8_i8
.tail_call
.function_start
        2096    0x00 0x02 0x20 0x00 0x00 0x95                                                                                                                                              J #1088
.delay_slot
.swstall delay_slot
        2102    0x00 0x01                                                                        NOPX
.delay_slot
.swstall delay_slot
        2104    0x00 0x01                                                                        NOPX
.delay_slot
.swstall delay_slot
        2106    0x00 0x01                                                                        NOPX
.delay_slot
.swstall delay_slot
        2108    0x00 0x01                                                                        NOPX
.delay_slot
.swstall delay_slot
        2110    0x00 0x01                                                                        NOPX
.label bn11_conv2dk1_skip_ui8_i8_i8__end
.label _fini
.function_start
        2112    0x18 0x0b 0x96 0x59                                                                                                                                                                                      MOV r0, r23
        2116    0x00 0x00 0x0c 0x00 0x00 0x55                                                                                                                                              MOVXM r24, #0
        2122    0x18 0x3e 0x76 0x59                                                                                                                                                                                      MOV p0, p7
        2126    0x00 0x00 0x0b 0x80 0x00 0x55                                                                                                                                              MOVXM r23, #0
        2132    0x00 0x2f 0x8c 0x3f 0x9e 0x0b 0x28 0x43                                                                                                                                    EQ r24, r23, r24;             MOV p7, r24
        2140    0xc0 0x04 0x60 0x40 0x01 0x95                                                                                                                                              JNZ r24, #2240
.delay_slot
        2146    0x38 0x03 0x20 0x19                                                                                            PADDB [sp], #32
.delay_slot
        2150    0x0f 0xff 0xec 0x19                                                                                                                          ST r22, [sp, #-4]
.delay_slot
        2154    0x0f 0xfe 0x42 0x99                                                                                                                          ST lr, [sp, #-16]
.delay_slot
        2158    0x0f 0xfe 0xc0 0x19                                                                                                                          ST r0, [sp, #-12]
.delay_slot
        2162    0x00 0x00 0x07 0xff 0x46 0x80 0x00 0x40 0x00 0x38 0x00 0x00 0x78 0x2f            NOPA;                                                       ST p0, [sp, #-8];                                           NOPM;                                   NOPV
.label TGT_F_fini_64
.loop_nesting 1
        2176    0x07 0x03 0x86 0xd9                                                              LDA p0, [p7], #4
        2180    0x00 0x01                                                                        NOPX
        2182    0x00 0x01                                                                        NOPX
        2184    0x00 0x01                                                                        NOPX
        2186    0x00 0x01                                                                        NOPX
        2188    0x00 0x01                                                                        NOPX
        2190    0x00 0x01                                                                        NOPX
.no_stack_arguments
        2192    0x10 0x00 0x14 0x19                                                                                                                                                        JL p0
.delay_slot
        2196    0x1d 0x8e 0x76 0x59                                                                                                                                                                                      MOV r22, p7
.delay_slot
.swstall delay_slot
        2200    0x00 0x01                                                                        NOPX
.delay_slot
.swstall delay_slot
        2202    0x00 0x01                                                                        NOPX
.delay_slot
.swstall delay_slot
        2204    0x00 0x01                                                                        NOPX
.delay_slot
.swstall delay_slot
        2206    0x00 0x01                                                                        NOPX
.return_address
        2208    0x15 0xf1 0x68 0x99                                                                                                                                                        NE r24, r23, r22
        2212    0xc0 0x04 0x40 0x40 0x01 0x95                                                                                                                                              JNZ r24, #2176
.delay_slot
.swstall delay_slot
        2218    0x00 0x01                                                                        NOPX
.delay_slot
.swstall delay_slot
        2220    0x00 0x01                                                                        NOPX
.delay_slot
.swstall delay_slot
        2222    0x00 0x01                                                                        NOPX
.delay_slot
.swstall delay_slot
        2224    0x00 0x01                                                                        NOPX
.delay_slot
.swstall delay_slot
        2226    0x00 0x00 0x00 0x00 0x00 0x00 0x00 0x40 0x00 0x38 0x00 0x00 0x78 0x2f            NOPA;                                                       NOPS;                                                       NOPM;                                   NOPV
.label TGT_F_fini_128
.loop_nesting 0
        2240    0x07 0xfe 0x42 0xd9                                                              LDA lr, [sp, #-16]
        2244    0x07 0xfe 0xee 0x59                                                              LDA r23, [sp, #-12]
        2248    0x07 0xff 0xec 0x59                                                              LDA r22, [sp, #-4]
        2252    0x07 0xff 0x7e 0xd9                                                              LDA p7, [sp, #-8]
        2256    0x00 0x01                                                                        NOPX
        2258    0x00 0x01                                                                        NOPX
        2260    0x00 0x01                                                                        NOPX
        2262    0x10 0x00 0x18 0x19                                                                                                                                                        RET lr
.delay_slot
.swstall delay_slot
        2266    0x00 0x01                                                                        NOPX
.delay_slot
.swstall delay_slot
        2268    0x00 0x01                                                                        NOPX
.delay_slot
.swstall delay_slot
        2270    0x00 0x01                                                                        NOPX
.delay_slot
.swstall delay_slot
        2272    0x00 0x01                                                                        NOPX
.delay_slot
        2274    0x00 0x00 0x07 0xff 0xe0 0x00 0x00 0x00 0x00 0x71 0x00 0x00 0x00 0x7f            NOPA;                         PADDB [sp], #-32;             NOPS;                         NOPX;                         NOPM
.label _fini__end
.label __cxa_finalize
.function_start
        2288    0x01 0x00 0x48 0x00 0x01 0xe8 0x1f 0xf0 0x10 0xbb                                MOVA r1, #8;                                                                              MOVXM p0, #503776
        2298    0x00 0x50 0xc8 0x00 0x01 0xe8 0x47 0xe0 0x10 0xbb                                LDA r3, [p0, #0];                                                                         MOVXM r2, #503744
        2308    0x00 0x50 0x40 0x3e 0x17 0xaa 0x24 0x9b 0x29 0x3b                                                                                            ST r1, [p0, #0];              MOVX r1, #-3;                 MOV r17, crSat
        2318    0x1c 0x06 0x36 0x59                                                                                                                                                                                      MOV r16, crRnd
        2322    0x1c 0x84 0xf6 0x59                                                                                                                                                                                      MOV r18, lr
        2326    0x00 0x00 0x0c 0x72 0x60 0x55                                                                                                                                              MOVXM p6, #2352
        2332    0x00 0x01                                                                        NOPX
        2334    0x00 0x01                                                                        NOPX
        2336    0x18 0xc1 0xf6 0x79                                                                                                                                                                                      ADD.NC r3, r3, #-8
        2340    0x10 0xc4 0x20 0x99                                                                                                                                                        ADD r2, r3, r2
        2344    0x00 0x07 0x30 0xf7 0x98 0x8b 0x28 0x43                                                                                                                                    ASHL r19, r3, r1;             MOV p7, r2
.label TGT_F__cxa_finalize_64
.loop_nesting 1
        2352    0x07 0x03 0x8e 0xd9                                                              LDA p1, [p7], #4
        2356    0x07 0xfb 0x86 0xd9                                                              LDA p0, [p7], #-12
        2360    0x00 0x01                                                                        NOPX
        2362    0x00 0x01                                                                        NOPX
        2364    0x00 0x01                                                                        NOPX
        2366    0x00 0x01                                                                        NOPX
        2368    0x00 0x01                                                                        NOPX
.no_stack_arguments
        2370    0x10 0x00 0x54 0x19                                                                                                                                                        JL p1
.delay_slot
.swstall delay_slot
        2374    0x00 0x01                                                                        NOPX
.delay_slot
.swstall delay_slot
        2376    0x00 0x01                                                                        NOPX
.delay_slot
.swstall delay_slot
        2378    0x00 0x01                                                                        NOPX
.delay_slot
.swstall delay_slot
        2380    0x00 0x00 0x00 0x19                                                              NOPA
.delay_slot
        2384    0x00 0x00 0x00 0x00 0x00 0x00 0x00 0x00 0x00 0x02 0x80 0x0b 0x28 0x00 0x03 0xc0  NOPA;                         NOPB;                         NOPS;                         NOPX;                         MOV r20, r0;                            NOPV
.return_address
        2400    0x14 0xe7 0x8c 0x19                                                                                                                                                        JNZD r19, r19, p6
.delay_slot
        2404    0x18 0x0a 0x16 0x59                                                                                                                                                                                      MOV r0, r20
.delay_slot
.swstall delay_slot
        2408    0x00 0x01                                                                        NOPX
.delay_slot
.swstall delay_slot
        2410    0x00 0x01                                                                        NOPX
.delay_slot
.swstall delay_slot
        2412    0x00 0x01                                                                        NOPX
.delay_slot
.swstall delay_slot
        2414    0x00 0x01                                                                        NOPX
.loop_nesting 0
        2416    0x1a 0x79 0x16 0x59                                                                                                                                                                                      MOV lr, r18
        2420    0x10 0x00 0x18 0x19                                                                                                                                                        RET lr
.delay_slot
        2424    0x00 0x23 0x21 0x01 0x8c 0x0b 0x28 0x43                                                                                                                                    MOVX crSat, r17;              MOV crRnd, r16
.delay_slot
.swstall delay_slot
        2432    0x00 0x01                                                                        NOPX
.delay_slot
.swstall delay_slot
        2434    0x00 0x01                                                                        NOPX
.delay_slot
.swstall delay_slot
        2436    0x00 0x01                                                                        NOPX
.delay_slot
.swstall delay_slot
        2438    0x00 0x00 0x00 0x00 0x00 0x00 0x00 0x03 0x8e 0xbb                                NOPA;                         NOPB;                                                                                     NOPM
.label __cxa_finalize__end

.data_segment DMb 503744
.label _ZL7atexits
	0x40
	0x8
	0x0
	0x0
	0x0
	0x0
	0x0
	0x0
	0x0
	0x0
	0x0
	0x0
	0x0
	0x0
	0x0
	0x0
	0x0
	0x0
	0x0
	0x0
	0x0
	0x0
	0x0
	0x0
	0x0
	0x0
	0x0
	0x0
	0x0
	0x0
	0x0
	0x0
.label _ZL10atexit_cnt
	0x8
	0x0
	0x0
	0x0

.stack DM_stack 458752 459776
