
// File generated by darts version U-2022.12#3eec2545bc#230622, Mon Aug 12 15:36:39 2024
// Copyright 2014-2022 Synopsys, Inc. All rights reserved.
// darts -I/proj/xbuilds/2023.2_INT_1013_2256/installs/all_platforms/Vitis/2023.2/aietools/data/aie_ml/lib -d -h -I/proj/xbuilds/2023.2_INT_1013_2256/installs/all_platforms/Vitis/2023.2/aietools/data/aie_ml/lib/runtime_cxx/libcxx-lite/include -I/proj/xbuilds/2023.2_INT_1013_2256/installs/all_platforms/Vitis/2023.2/aietools/data/aie_ml/lib/runtime_cxx/libs/libcxx-9.0.0/include-lite -I/proj/xbuilds/2023.2_INT_1013_2256/installs/all_platforms/Vitis/2023.2/aietools/data/aie_ml/lib/runtime/include -I<BOOST_DIR> -D__AIENGINE__ -D__AIE_ARCH__=20 -D__AIEARCH__=20 -D__tct_tgt__=230622 -L +Ihex +nanno +u core_0_2.elf me

// Release: ipp U-2022.12-TGT-230622

.text_segment PM      0
.entry_point
.label __AIE_ARCH_MODEL_VERSION__20010300__inlined__1__me_basic___main_init_
.label _main_init
.function_start
           0    0x00 0x00 0x01 0xc3 0x38 0x00 0x10 0x43                                                                                                                                    MOVXM sp, #458752
           8    0x00 0x00 0x08 0x00 0x00 0x55                                                                                                                                              MOVXM r16, #0
          14    0x00 0x00 0x0c 0x00 0x00 0x55                                                                                                                                              MOVXM r24, #0
          20    0x16 0x31 0x07 0x99                                                                                                                                                        EQ r24, r24, r16
          24    0xc0 0x00 0x40 0x40 0x01 0x95                                                                                                                                              JNZ r24, #128
.delay_slot
.swstall delay_slot
          30    0x00 0x01                                                                        NOPX
.delay_slot
.swstall delay_slot
          32    0x00 0x01                                                                        NOPX
.delay_slot
.swstall delay_slot
          34    0x00 0x01                                                                        NOPX
.delay_slot
.swstall delay_slot
          36    0x00 0x01                                                                        NOPX
.delay_slot
.swstall delay_slot
          38    0x00 0x01                                                                        NOPX
          40    0xff 0xff 0xfc 0x7f 0xf8 0x55                                                                                                                                              MOVXM p6, #-4
          46    0x1f 0x30 0x76 0x59                                                                                                                                                                                      MOV p7, p0
          50    0x00 0x00 0x00 0x00 0x00 0x00 0x00 0x62 0x04 0xb2 0x00 0x00 0x78 0x2f            NOPA;                                                       NOPS;                                                       MOV r17, r1;                            NOPV
.label TGT_F_main_init_64
.loop_nesting 1
          64    0xdf 0xf0 0xdc 0x8c 0x76 0x4d                                                    LDA p0, [p6], #-4;                                                                                                      MOV r18, p6
          70    0x00 0x01                                                                        NOPX
          72    0x00 0x01                                                                        NOPX
          74    0x00 0x01                                                                        NOPX
          76    0x00 0x01                                                                        NOPX
          78    0x00 0x01                                                                        NOPX
          80    0x00 0x01                                                                        NOPX
.no_stack_arguments
          82    0x10 0x00 0x14 0x19                                                                                                                                                        JL p0
.delay_slot
.swstall delay_slot
          86    0x00 0x01                                                                        NOPX
.delay_slot
.swstall delay_slot
          88    0x00 0x01                                                                        NOPX
.delay_slot
.swstall delay_slot
          90    0x00 0x01                                                                        NOPX
.delay_slot
.swstall delay_slot
          92    0x00 0x01                                                                        NOPX
.delay_slot
.swstall delay_slot
          94    0x00 0x01                                                                        NOPX
.return_address
          96    0x14 0xb1 0x08 0x99                                                                                                                                                        NE r24, r18, r16
         100    0xc0 0x00 0x20 0x40 0x01 0x95                                                                                                                                              JNZ r24, #64
.delay_slot
.swstall delay_slot
         106    0x00 0x01                                                                        NOPX
.delay_slot
.swstall delay_slot
         108    0x00 0x01                                                                        NOPX
.delay_slot
.swstall delay_slot
         110    0x00 0x01                                                                        NOPX
.delay_slot
.swstall delay_slot
         112    0x00 0x01                                                                        NOPX
.delay_slot
.swstall delay_slot
         114    0x00 0x01                                                                        NOPX
.loop_nesting 0
         116    0x18 0x3e 0x76 0x59                                                                                                                                                                                      MOV p0, p7
         120    0x00 0x00 0x00 0x00 0x24 0x4b 0x20 0x03                                                                                                      NOPS;                                                       MOV r1, r17
.label TGT_F_main_init_128
.no_stack_arguments
         128    0x00 0x00 0x70 0x00 0x01 0x15                                                                                                                                              JL #224
.delay_slot
.swstall delay_slot
         134    0x00 0x01                                                                        NOPX
.delay_slot
.swstall delay_slot
         136    0x00 0x01                                                                        NOPX
.delay_slot
.swstall delay_slot
         138    0x00 0x01                                                                        NOPX
.delay_slot
.swstall delay_slot
         140    0x00 0x01                                                                        NOPX
.delay_slot
.swstall delay_slot
         142    0x00 0x01                                                                        NOPX
.return_address
.no_stack_arguments
         144    0x00 0x03 0x58 0x00 0x01 0x15                                                                                                                                              JL #1712
.delay_slot
         150    0x18 0x30 0x06 0x99                                                                                                                                                                                      MOV p0, #0
.delay_slot
.swstall delay_slot
         154    0x00 0x01                                                                        NOPX
.delay_slot
.swstall delay_slot
         156    0x00 0x01                                                                        NOPX
.delay_slot
.swstall delay_slot
         158    0x00 0x01                                                                        NOPX
.delay_slot
.swstall delay_slot
         160    0x00 0x00 0x00 0x00 0x00 0x00 0x00 0x00 0x00 0x00 0x00 0x03 0x88 0x00 0x03 0xc0  NOPA;                         NOPB;                         NOPS;                         NOPX;                         NOPM;                                   NOPV
.return_address
.swstall chess_separator_scheduler
         176    0x00 0x01                                                                        NOPX
.swstall chess_separator_scheduler
         178    0x00 0x01                                                                        NOPX
.swstall chess_separator_scheduler
         180    0x00 0x01                                                                        NOPX
.swstall chess_separator_scheduler
         182    0x00 0x01                                                                        NOPX
.swstall chess_separator_scheduler
         184    0x00 0x01                                                                        NOPX
.swstall chess_separator_scheduler
         186    0x00 0x01                                                                        NOPX
         188    0x10 0x00 0x08 0x19                                                                                                                                                        DONE
.swstall chess_separator_scheduler
         192    0x00 0x01                                                                        NOPX
.swstall chess_separator_scheduler
         194    0x00 0x01                                                                        NOPX
.swstall chess_separator_scheduler
         196    0x00 0x01                                                                        NOPX
.swstall chess_separator_scheduler
         198    0x00 0x01                                                                        NOPX
.swstall chess_separator_scheduler
         200    0x00 0x01                                                                        NOPX
.swstall chess_separator_scheduler
         202    0x00 0x01                                                                        NOPX
.swstall for_chess_exit
.exit
         204    0x00 0x00 0x00 0x19                                                              NOPA
.label TGT_F_main_init_208
.loop_nesting 1
         208    0x00 0x00 0x68 0x00 0x00 0x95                                                                                                                                              J #208
.delay_slot
.swstall delay_slot
         214    0x00 0x01                                                                        NOPX
.delay_slot
.swstall delay_slot
         216    0x00 0x01                                                                        NOPX
.delay_slot
.swstall delay_slot
         218    0x00 0x01                                                                        NOPX
.delay_slot
.swstall delay_slot
         220    0x00 0x01                                                                        NOPX
.delay_slot
.swstall delay_slot
         222    0x00 0x01                                                                        NOPX
.label _main_init__end
.label core_0_2
.function_start
         224    0x38 0x03 0x40 0x19                                                                                            PADDB [sp], #64
         228    0xff 0x5c 0x00 0x20 0x01 0x3d                                                                                                                ST r16, [sp, #-44];           MOVX r16, #0
         234    0xff 0x7d 0x00 0x28 0x01 0x3d                                                                                                                ST r20, [sp, #-36];           MOVX r20, #0
         240    0x0f 0xff 0x76 0x99                                                                                                                          ST p6, [sp, #-8]
         244    0x0f 0xfe 0x7e 0x99                                                                                                                          ST p7, [sp, #-16]
         248    0x0f 0xfd 0xe6 0x19                                                                                                                          ST r19, [sp, #-20]
         252    0x0f 0xfd 0x64 0x19                                                                                                                          ST r18, [sp, #-24]
         256    0x0f 0xfc 0x62 0x19                                                                                                                          ST r17, [sp, #-32]
         260    0x0f 0xff 0xec 0x19                                                                                                                          ST r22, [sp, #-4]
         264    0x0f 0xfe 0xea 0x19                                                                                                                          ST r21, [sp, #-12]
         268    0x0f 0xfc 0xee 0x19                                                                                                                          ST r23, [sp, #-28]
         272    0x00 0x00 0x00 0x00 0x07 0xfb 0x42 0x80 0x00 0x00 0x00 0x03 0x88 0x00 0x03 0xc0  NOPA;                         NOPB;                         ST lr, [sp, #-40];            NOPX;                         NOPM;                                   NOPV
.label TGT_Fcore_0_2_64
.loop_nesting 1
.no_stack_arguments
         288    0x00 0x01 0xb0 0x00 0x01 0x15                                                                                                                                              JL #864
.delay_slot
         294    0x00 0x00 0x06 0x48 0x27 0xff 0xc8 0x43                                                                                                                                    MOVX r0, #50;                 MOV r1, #-1
.delay_slot
.swstall delay_slot
         302    0x00 0x01                                                                        NOPX
.delay_slot
.swstall delay_slot
         304    0x00 0x01                                                                        NOPX
.delay_slot
.swstall delay_slot
         306    0x00 0x01                                                                        NOPX
.delay_slot
.swstall delay_slot
         308    0x00 0x00 0x00 0x00 0x00 0x00 0x00 0x00 0x00 0x00 0x01 0x37                      NOPA;                         NOPB;                         NOPS;                         NOPX
.return_address
.no_stack_arguments
         320    0x00 0x01 0xb0 0x00 0x01 0x15                                                                                                                                              JL #864
.delay_slot
         326    0x00 0x00 0x06 0x28 0x27 0xff 0xc8 0x43                                                                                                                                    MOVX r0, #49;                 MOV r1, #-1
.delay_slot
.swstall delay_slot
         334    0x00 0x01                                                                        NOPX
.delay_slot
.swstall delay_slot
         336    0x00 0x01                                                                        NOPX
.delay_slot
.swstall delay_slot
         338    0x00 0x01                                                                        NOPX
.delay_slot
.swstall delay_slot
         340    0x00 0x00 0x00 0x00 0x00 0x00 0x00 0x00 0x00 0x00 0x01 0x37                      NOPA;                         NOPB;                         NOPS;                         NOPX
.return_address
.no_stack_arguments
         352    0x00 0x02 0x30 0x00 0x01 0x15                                                                                                                                              JL #1120
.delay_slot
         358    0x00 0x07 0x80 0x60 0x00 0x55                                                                                                                                              MOVXM p0, #491520
.delay_slot
         364    0x00 0x07 0x02 0x68 0x00 0x55                                                                                                                                              MOVXM p1, #459776
.delay_slot
         370    0x00 0x00 0x30 0x00 0x00 0x55                                                                                                                                              MOVXM r0, #12288
.delay_slot
.swstall delay_slot
         376    0x00 0x01                                                                        NOPX
.delay_slot
.swstall delay_slot
         378    0x00 0x00 0x00 0x00 0x00 0x7d                                                    NOPA;                         NOPB
.return_address
.no_stack_arguments
         384    0x00 0x01 0xc0 0x00 0x01 0x15                                                                                                                                              JL #896
.delay_slot
         390    0x00 0x00 0x10 0x28 0x00 0x63 0x48 0x43                                                                                                                                    MOVX r1, #1;                  MOV r0, #48
.delay_slot
.swstall delay_slot
         398    0x00 0x01                                                                        NOPX
.delay_slot
.swstall delay_slot
         400    0x00 0x01                                                                        NOPX
.delay_slot
.swstall delay_slot
         402    0x00 0x01                                                                        NOPX
.delay_slot
.swstall delay_slot
         404    0x00 0x00 0x00 0x00 0x00 0x00 0x00 0x00 0x00 0x00 0x01 0x37                      NOPA;                         NOPB;                         NOPS;                         NOPX
.return_address
.no_stack_arguments
         416    0x00 0x01 0xc0 0x00 0x01 0x15                                                                                                                                              JL #896
.delay_slot
         422    0x00 0x00 0x06 0x68 0x20 0x03 0xc8 0x43                                                                                                                                    MOVX r0, #51;                 MOV r1, #1
.delay_slot
.swstall delay_slot
         430    0x00 0x01                                                                        NOPX
.delay_slot
.swstall delay_slot
         432    0x00 0x01                                                                        NOPX
.delay_slot
.swstall delay_slot
         434    0x00 0x01                                                                        NOPX
.delay_slot
.swstall delay_slot
         436    0x00 0x00 0x00 0x00 0x00 0x00 0x00 0x00 0x00 0x00 0x01 0x37                      NOPA;                         NOPB;                         NOPS;                         NOPX
.return_address
.no_stack_arguments
         448    0x00 0x01 0xb0 0x00 0x01 0x15                                                                                                                                              JL #864
.delay_slot
         454    0xff 0xe0 0x48 0x3f 0x37 0xc8 0x00 0x67 0x48 0xbb                                MOVA r1, #-1;                                                                             MOVX r19, #-2;                MOV r0, #50
.delay_slot
.swstall delay_slot
         464    0x00 0x01                                                                        NOPX
.delay_slot
.swstall delay_slot
         466    0x00 0x01                                                                        NOPX
.delay_slot
.swstall delay_slot
         468    0x00 0x01                                                                        NOPX
.delay_slot
.swstall delay_slot
         470    0x00 0x00 0x00 0x00 0x00 0x00 0x00 0x03 0x8e 0xbb                                NOPA;                         NOPB;                                                                                     NOPM
.return_address
.no_stack_arguments
         480    0x00 0x01 0xb0 0x00 0x01 0x15                                                                                                                                              JL #864
.delay_slot
         486    0x00 0x3e 0x17 0xe8 0x00 0x63 0xc8 0x43                                                                                                                                    MOVX r1, #-1;                 MOV r0, #49
.delay_slot
.swstall delay_slot
         494    0x00 0x01                                                                        NOPX
.delay_slot
.swstall delay_slot
         496    0x00 0x01                                                                        NOPX
.delay_slot
.swstall delay_slot
         498    0x00 0x01                                                                        NOPX
.delay_slot
.swstall delay_slot
         500    0x00 0x00 0x00 0x00 0x00 0x00 0x00 0x00 0x00 0x00 0x01 0x37                      NOPA;                         NOPB;                         NOPS;                         NOPX
.return_address
.no_stack_arguments
         512    0x00 0x02 0x30 0x00 0x01 0x15                                                                                                                                              JL #1120
.delay_slot
         518    0x00 0x07 0xc0 0x60 0x00 0x55                                                                                                                                              MOVXM p0, #507904
.delay_slot
         524    0x00 0x07 0x42 0x60 0x00 0x55                                                                                                                                              MOVXM p1, #475136
.delay_slot
         530    0x00 0x00 0x30 0x00 0x00 0x55                                                                                                                                              MOVXM r0, #12288
.delay_slot
.swstall delay_slot
         536    0x00 0x01                                                                        NOPX
.delay_slot
.swstall delay_slot
         538    0x00 0x00 0x00 0x00 0x00 0x7d                                                    NOPA;                         NOPB
.return_address
.no_stack_arguments
         544    0x00 0x01 0xc0 0x00 0x01 0x15                                                                                                                                              JL #896
.delay_slot
         550    0x00 0x00 0x06 0x08 0x20 0x03 0xc8 0x43                                                                                                                                    MOVX r0, #48;                 MOV r1, #1
.delay_slot
.swstall delay_slot
         558    0x00 0x01                                                                        NOPX
.delay_slot
.swstall delay_slot
         560    0x00 0x01                                                                        NOPX
.delay_slot
.swstall delay_slot
         562    0x00 0x01                                                                        NOPX
.delay_slot
.swstall delay_slot
         564    0x00 0x00 0x00 0x00 0x00 0x00 0x00 0x00 0x00 0x00 0x01 0x37                      NOPA;                         NOPB;                         NOPS;                         NOPX
.return_address
.no_stack_arguments
         576    0x00 0x01 0xc0 0x00 0x01 0x15                                                                                                                                              JL #896
.delay_slot
         582    0x00 0x00 0x06 0x68 0x20 0x03 0xc8 0x43                                                                                                                                    MOVX r0, #51;                 MOV r1, #1
.delay_slot
.swstall delay_slot
         590    0x00 0x01                                                                        NOPX
.delay_slot
.swstall delay_slot
         592    0x00 0x01                                                                        NOPX
.delay_slot
.swstall delay_slot
         594    0x00 0x01                                                                        NOPX
.delay_slot
.swstall delay_slot
         596    0x00 0x00 0x00 0x00 0x00 0x00 0x00 0x00 0x00 0x00 0x01 0x37                      NOPA;                         NOPB;                         NOPS;                         NOPX
.return_address
         608    0x00 0x21 0x00 0x5b 0x00 0x03 0x48 0x43                                                                                                                                    ADD r16, r16, #2;             MOV r24, #0
         616    0x15 0x29 0x82 0x99                                                                                                                                                        ADC r20, r20, r24
         620    0x7f 0xff 0xfc 0x1f 0xfe 0x55                                                                                                                                              MOVXM r24, #2147483647
         626    0x15 0x31 0x88 0x99                                                                                                                                                        NE r24, r20, r24
         630    0x14 0xf3 0x08 0x99                                                                                                                                                        NE r25, r19, r16
         634    0x16 0x71 0x85 0x99                                                                                                                                                        OR r24, r25, r24
         638    0xc0 0x00 0x90 0x40 0x01 0x95                                                                                                                                              JNZ r24, #288
.delay_slot
.swstall delay_slot
         644    0x00 0x01                                                                        NOPX
.delay_slot
.swstall delay_slot
         646    0x00 0x01                                                                        NOPX
.delay_slot
.swstall delay_slot
         648    0x00 0x01                                                                        NOPX
.delay_slot
.swstall delay_slot
         650    0x00 0x01                                                                        NOPX
.delay_slot
.swstall delay_slot
         652    0x00 0x01                                                                        NOPX
.loop_nesting 0
         654    0x07 0xfa 0xe0 0x59                                                              LDA r16, [sp, #-44]
         658    0x07 0xfc 0x62 0x59                                                              LDA r17, [sp, #-32]
         662    0x07 0xfd 0x64 0x59                                                              LDA r18, [sp, #-24]
         666    0x07 0xfd 0xe6 0x59                                                              LDA r19, [sp, #-20]
.no_stack_arguments
         670    0x00 0x01 0xb0 0x00 0x01 0x15                                                                                                                                              JL #864
.delay_slot
.swstall delay_slot
         676    0x00 0x01                                                                        NOPX
.delay_slot
.swstall delay_slot
         678    0x00 0x01                                                                        NOPX
.delay_slot
.swstall delay_slot
         680    0x00 0x01                                                                        NOPX
.delay_slot
.swstall delay_slot
         682    0x00 0x00 0x00 0x00 0x00 0x7d                                                    NOPA;                         NOPB
.delay_slot
         688    0x00 0x00 0x00 0x00 0x00 0x00 0x00 0x00 0x06 0x48 0x27 0xff 0xc8 0x00 0x03 0xc0  NOPA;                         NOPB;                         NOPS;                         MOVX r0, #50;                 MOV r1, #-1;                            NOPV
.return_address
         704    0x07 0xfb 0xe8 0x59                                                              LDA r20, [sp, #-36]
         708    0x07 0xfe 0x7e 0xd9                                                              LDA p7, [sp, #-16]
         712    0x07 0xfe 0xea 0x59                                                              LDA r21, [sp, #-12]
.no_stack_arguments
         716    0x00 0x01 0xb0 0x00 0x01 0x15                                                                                                                                              JL #864
.delay_slot
.swstall delay_slot
         722    0x00 0x01                                                                        NOPX
.delay_slot
.swstall delay_slot
         724    0x00 0x01                                                                        NOPX
.delay_slot
.swstall delay_slot
         726    0x00 0x01                                                                        NOPX
.delay_slot
.swstall delay_slot
         728    0x00 0x00 0x00 0x04 0x00 0x00 0x78 0x23                                          NOPA;                                                                                                                                                           NOPV
.delay_slot
         736    0x00 0x00 0x00 0x00 0x00 0x00 0x00 0x00 0x06 0x28 0x27 0xff 0xc8 0x00 0x03 0xc0  NOPA;                         NOPB;                         NOPS;                         MOVX r0, #49;                 MOV r1, #-1;                            NOPV
.return_address
         752    0x07 0xff 0xec 0x59                                                              LDA r22, [sp, #-4]
         756    0x07 0xff 0x76 0xd9                                                              LDA p6, [sp, #-8]
.no_stack_arguments
         760    0x00 0x02 0x30 0x00 0x01 0x15                                                                                                                                              JL #1120
.delay_slot
.swstall delay_slot
         766    0x00 0x01                                                                        NOPX
.delay_slot
.swstall delay_slot
         768    0x00 0x01                                                                        NOPX
.delay_slot
         770    0x00 0x07 0x80 0x60 0x00 0x55                                                                                                                                              MOVXM p0, #491520
.delay_slot
         776    0x00 0x00 0x01 0xc0 0x9a 0x00 0x10 0x43                                                                                                                                    MOVXM p1, #459776
.delay_slot
         784    0x00 0x00 0x00 0x00 0x00 0x00 0x00 0x00 0x00 0x0c 0x00 0x00 0x10 0x00 0x03 0xc0  NOPA;                         NOPB;                         NOPS;                         MOVXM r0, #12288;                                                     NOPV
.return_address
.no_stack_arguments
         800    0x00 0x01 0xc0 0x00 0x01 0x15                                                                                                                                              JL #896
.delay_slot
         806    0x00 0x00 0x10 0x28 0x00 0x63 0x48 0x43                                                                                                                                    MOVX r1, #1;                  MOV r0, #48
.delay_slot
.swstall delay_slot
         814    0x00 0x01                                                                        NOPX
.delay_slot
.swstall delay_slot
         816    0x00 0x01                                                                        NOPX
.delay_slot
.swstall delay_slot
         818    0x00 0x01                                                                        NOPX
.delay_slot
.swstall delay_slot
         820    0x00 0x00 0x00 0x00 0x00 0x00 0x00 0x00 0x00 0x00 0x01 0x37                      NOPA;                         NOPB;                         NOPS;                         NOPX
.return_address
         832    0x07 0xfb 0x42 0xd9                                                              LDA lr, [sp, #-40]
         836    0x07 0xfc 0xee 0x59                                                              LDA r23, [sp, #-28]
.tail_call
         840    0x00 0x01 0xc0 0x00 0x00 0x95                                                                                                                                              J #896
.delay_slot
.swstall delay_slot
         846    0x00 0x01                                                                        NOPX
.delay_slot
.swstall delay_slot
         848    0x00 0x01                                                                        NOPX
.delay_slot
.swstall delay_slot
         850    0x00 0x01                                                                        NOPX
.delay_slot
.swstall delay_slot
         852    0x00 0x01                                                                        NOPX
.delay_slot
         854    0x07 0xff 0xc0 0x00 0x10 0x28 0x00 0x67 0xc8 0x3b                                                              PADDB [sp], #-64;                                           MOVX r1, #1;                  MOV r0, #51
.label core_0_2__end
.label llvm___aie2___acquire
.function_start
         864    0x10 0x12 0x12 0x19                                                                                                                                                        ACQ r0, r1
         868    0x10 0x00 0x18 0x19                                                                                                                                                        RET lr
.delay_slot
.swstall delay_slot
         872    0x00 0x01                                                                        NOPX
.delay_slot
.swstall delay_slot
         874    0x00 0x01                                                                        NOPX
.delay_slot
.swstall delay_slot
         876    0x00 0x01                                                                        NOPX
.delay_slot
.swstall delay_slot
         878    0x00 0x01                                                                        NOPX
.delay_slot
.swstall delay_slot
         880    0x00 0x00 0x00 0x00 0x00 0x00 0x00 0x00 0x00 0x00 0x00 0x03 0x88 0x00 0x03 0xc0  NOPA;                         NOPB;                         NOPS;                         NOPX;                         NOPM;                                   NOPV
.label llvm___aie2___acquire__end
.label llvm___aie2___release
.function_start
         896    0x00 0x01                                                                        NOPX
         898    0x00 0x01                                                                        NOPX
         900    0x00 0x01                                                                        NOPX
         902    0x00 0x01                                                                        NOPX
         904    0x00 0x01                                                                        NOPX
         906    0x00 0x01                                                                        NOPX
         908    0x10 0x10 0x12 0x19                                                                                                                                                        REL r0, r1
         912    0x10 0x00 0x18 0x19                                                                                                                                                        RET lr
.delay_slot
.swstall delay_slot
         916    0x00 0x01                                                                        NOPX
.delay_slot
.swstall delay_slot
         918    0x00 0x01                                                                        NOPX
.delay_slot
.swstall delay_slot
         920    0x00 0x01                                                                        NOPX
.delay_slot
.swstall delay_slot
         922    0x00 0x01                                                                        NOPX
.delay_slot
.swstall delay_slot
         924    0x00 0x00 0x00 0x19                                                              NOPA
.label llvm___aie2___release__end
.label _Z15passThrough_aieIhLi64EEvPT_S1_ii
.function_start
         928    0x00 0xd0 0x10 0x02 0x10 0x7c 0x07 0xf7 0x48 0xbb                                VLDA amll0, [p0, #32];                                                                    MUL r1, r1, r0;               MOV r0, #-6
         938    0x00 0x24 0x08 0x00 0x00 0x00 0x3a 0x10 0x10 0x3b                                                              VLDB wl0, [p0], #64;                                        MOVXM ls, #1056
         948    0x00 0x00 0x00 0x80 0x20 0x7f 0xf8 0x43                                                                                                                                    EVENT #0;                     ADD.NC r1, r1, #-1
         956    0x10 0x40 0x0d 0x99                                                                                                                                                        LSHL r0, r1, r0
         960    0x00 0x00 0x08 0xe8 0x60 0x55                                                                                                                                              MOVXM le, #1072
.noswbrkpt
         966    0x00 0xd0 0x10 0x00 0x00 0x02 0xb8 0x3f 0x7e 0xbb                                VLDA amll0, [p0, #32];        NOPB;                                                                                     ADD.NC lc, r0, #-3
.nohwbrkpt
.noswbrkpt
         976    0x04 0x81 0x00 0x00 0x00 0x00 0x00 0x00 0x00 0x00 0x00 0x03 0x88 0x00 0x03 0xc0  NOPA;                         VLDB wl0, [p0], #64;          NOPS;                         NOPX;                         NOPM;                                   NOPV
.nohwbrkpt
.noswbrkpt
         992    0x00 0x00 0x00 0xd0 0x10 0x00 0x00 0x00 0x00 0x00 0x00 0x03 0x88 0x00 0x03 0xc0  VLDA amll0, [p0, #32];        NOPB;                         NOPS;                         NOPX;                         NOPM;                                   NOPV
.nohwbrkpt
.noswbrkpt
        1008    0x04 0x81 0x00 0x00 0x00 0x00 0x00 0x00 0x00 0x00 0x00 0x03 0x88 0x00 0x03 0xc0  NOPA;                         VLDB wl0, [p0], #64;          NOPS;                         NOPX;                         NOPM;                                   NOPV
.nohwbrkpt
.noswbrkpt
        1024    0x00 0x00 0x00 0xd0 0x10 0x00 0x00 0x00 0x00 0x00 0x00 0x03 0x88 0x00 0x03 0xc0  VLDA amll0, [p0, #32];        NOPB;                         NOPS;                         NOPX;                         NOPM;                                   NOPV
.nohwbrkpt
.noswbrkpt
        1040    0x04 0x81 0x00 0x00 0x01 0x06 0x80 0x40 0x00 0x00 0x00 0x03 0x88 0x00 0x03 0xc0  NOPA;                         VLDB wl0, [p0], #64;          VST amll0, [p1, #32];         NOPX;                         NOPM;                                   NOPV
.label ZLS_F_Z15passThrough_aieIhLi64EEvPT_S1_ii_128
.loop_nesting 1
.begin_of_loop
.nohwbrkpt
.noswbrkpt
        1056    0x00 0x00 0x00 0xd0 0x11 0x05 0x81 0xc0 0x00 0x00 0x00 0x03 0x88 0x00 0x03 0xc0  VLDA amll0, [p0, #32];        NOPB;                         VST wl0, [p1], #64;           NOPX;                         NOPM;                                   NOPV
.label ZLE_F_Z15passThrough_aieIhLi64EEvPT_S1_ii_144
.end_of_loop
.nohwbrkpt
.noswbrkpt
        1072    0x04 0x81 0x00 0x00 0x01 0x06 0x80 0x40 0x00 0x00 0x00 0x03 0x88 0x00 0x03 0xc0  NOPA;                         VLDB wl0, [p0], #64;          VST amll0, [p1, #32];         NOPX;                         NOPM;                                   NOPV
.loop_nesting 0
.nohwbrkpt
.noswbrkpt
        1088    0x09 0x05 0x81 0xd9                                                                                                                          VST wl0, [p1], #64
.nohwbrkpt
.noswbrkpt
        1092    0x20 0xd0 0x08 0x00 0x18 0x3d                                                                                                                VST amll0, [p1, #32];         RET lr
.delay_slot
.nohwbrkpt
.noswbrkpt
        1098    0x09 0x05 0x81 0xd9                                                                                                                          VST wl0, [p1], #64
.delay_slot
.nohwbrkpt
.noswbrkpt
        1102    0x09 0x06 0x80 0x59                                                                                                                          VST amll0, [p1, #32]
.delay_slot
.nohwbrkpt
.noswbrkpt
        1106    0x09 0x05 0x81 0xd9                                                                                                                          VST wl0, [p1], #64
.delay_slot
        1110    0x09 0x06 0x80 0x59                                                                                                                          VST amll0, [p1, #32]
.delay_slot
        1114    0x20 0xb0 0x3a 0x00 0x10 0x3d                                                                                                                VST wl0, [p1], #64;           EVENT #1
.label _Z15passThrough_aieIhLi64EEvPT_S1_ii__end
.label passThroughLine
.function_start
        1120    0x38 0x03 0x20 0x19                                                                                            PADDB [sp], #32
        1124    0x0f 0xff 0xc2 0x99                                                                                                                          ST lr, [sp, #-4]
.no_stack_arguments
        1128    0x00 0x03 0xa8 0x00 0x01 0x15                                                                                                                                              JL #1872
.delay_slot
        1134    0x0f 0xfe 0x40 0x19                                                                                                                          ST r0, [sp, #-16]
.delay_slot
        1138    0x0f 0xff 0x4e 0x99                                                                                                                          ST p1, [sp, #-8]
.delay_slot
        1142    0xff 0xd8 0xd0 0x00 0x01 0xcc 0x1a 0x00 0x11 0x3b                                                                                            ST p0, [sp, #-12];            MOVXM p0, #472064
.delay_slot
.swstall delay_slot
        1152    0x00 0x01                                                                        NOPX
.delay_slot
.swstall delay_slot
        1154    0x00 0x00 0x00 0x00 0x00 0x00 0x00 0x40 0x00 0x38 0x00 0x00 0x78 0x2f            NOPA;                                                       NOPS;                                                       NOPM;                                   NOPV
.return_address
        1168    0x07 0xfe 0x42 0x59                                                              LDA r1, [sp, #-16]
        1172    0x07 0xff 0x4e 0xd9                                                              LDA p1, [sp, #-8]
        1176    0x07 0xfe 0xc6 0xd9                                                              LDA p0, [sp, #-12]
        1180    0x07 0xff 0xc2 0xd9                                                              LDA lr, [sp, #-4]
.tail_call
        1184    0x00 0x01 0xd0 0x00 0x00 0x95                                                                                                                                              J #928
.delay_slot
.swstall delay_slot
        1190    0x00 0x01                                                                        NOPX
.delay_slot
.swstall delay_slot
        1192    0x00 0x01                                                                        NOPX
.delay_slot
.swstall delay_slot
        1194    0x00 0x01                                                                        NOPX
.delay_slot
.swstall delay_slot
        1196    0x00 0x00 0x00 0x19                                                              NOPA
.delay_slot
        1200    0xff 0xfc 0x00 0x00 0x00 0x00 0x00 0x00 0x00 0x28 0x00 0x03 0x88 0x00 0x03 0xc0  NOPA;                         PADDB [sp], #-32;             NOPS;                         MOVX r0, #1;                  NOPM;                                   NOPV
.label passThroughLine__end
.label passThroughTile
.function_start
        1216    0x38 0x03 0x20 0x19                                                                                            PADDB [sp], #32
        1220    0x0f 0xff 0xc2 0x99                                                                                                                          ST lr, [sp, #-4]
.no_stack_arguments
        1224    0x00 0x03 0xa8 0x00 0x01 0x15                                                                                                                                              JL #1872
.delay_slot
        1230    0x0f 0xfd 0xc2 0x19                                                                                                                          ST r1, [sp, #-20]
.delay_slot
        1234    0x0f 0xfe 0xc0 0x19                                                                                                                          ST r0, [sp, #-12]
.delay_slot
        1238    0x0f 0xff 0x4e 0x99                                                                                                                          ST p1, [sp, #-8]
.delay_slot
        1242    0xff 0xc8 0xd0 0x00 0x01 0xcc 0x1a 0x0d 0x11 0x3b                                                                                            ST p0, [sp, #-16];            MOVXM p0, #472090
.delay_slot
.swstall delay_slot
        1252    0x00 0x00 0x00 0x00 0x00 0x00 0x00 0x00 0x00 0x00 0x01 0x37                      NOPA;                         NOPB;                         NOPS;                         NOPX
.return_address
        1264    0x07 0xfd 0xc2 0x59                                                              LDA r1, [sp, #-20]
        1268    0x07 0xfe 0xc0 0x59                                                              LDA r0, [sp, #-12]
        1272    0x07 0xff 0x4e 0xd9                                                              LDA p1, [sp, #-8]
        1276    0x07 0xfe 0x46 0xd9                                                              LDA p0, [sp, #-16]
        1280    0x07 0xff 0xc2 0xd9                                                              LDA lr, [sp, #-4]
.tail_call
        1284    0x00 0x01 0xd0 0x00 0x00 0x95                                                                                                                                              J #928
.delay_slot
.swstall delay_slot
        1290    0x00 0x01                                                                        NOPX
.delay_slot
.swstall delay_slot
        1292    0x00 0x01                                                                        NOPX
.delay_slot
.swstall delay_slot
        1294    0x00 0x01                                                                        NOPX
.delay_slot
.swstall delay_slot
        1296    0x00 0x01                                                                        NOPX
.delay_slot
        1298    0x00 0x00 0x07 0xff 0xe0 0x00 0x00 0x00 0x00 0x71 0x00 0x00 0x00 0x7f            NOPA;                         PADDB [sp], #-32;             NOPS;                         NOPX;                         NOPM
.label passThroughTile__end
.label _fini
.function_start
        1312    0x18 0x0b 0x96 0x59                                                                                                                                                                                      MOV r0, r23
        1316    0x00 0x00 0x0c 0x00 0x00 0x55                                                                                                                                              MOVXM r24, #0
        1322    0x18 0x3e 0x76 0x59                                                                                                                                                                                      MOV p0, p7
        1326    0x00 0x00 0x0b 0x80 0x00 0x55                                                                                                                                              MOVXM r23, #0
        1332    0x00 0x2f 0x8c 0x3f 0x9e 0x0b 0x28 0x43                                                                                                                                    EQ r24, r23, r24;             MOV p7, r24
        1340    0xc0 0x02 0xd0 0x40 0x01 0x95                                                                                                                                              JNZ r24, #1440
.delay_slot
        1346    0x38 0x03 0x20 0x19                                                                                            PADDB [sp], #32
.delay_slot
        1350    0x0f 0xff 0xec 0x19                                                                                                                          ST r22, [sp, #-4]
.delay_slot
        1354    0x0f 0xfe 0x42 0x99                                                                                                                          ST lr, [sp, #-16]
.delay_slot
        1358    0x0f 0xfe 0xc0 0x19                                                                                                                          ST r0, [sp, #-12]
.delay_slot
        1362    0x00 0x00 0x07 0xff 0x46 0x80 0x00 0x40 0x00 0x38 0x00 0x00 0x78 0x2f            NOPA;                                                       ST p0, [sp, #-8];                                           NOPM;                                   NOPV
.label TGT_F_fini_64
.loop_nesting 1
        1376    0x07 0x03 0x86 0xd9                                                              LDA p0, [p7], #4
        1380    0x00 0x01                                                                        NOPX
        1382    0x00 0x01                                                                        NOPX
        1384    0x00 0x01                                                                        NOPX
        1386    0x00 0x01                                                                        NOPX
        1388    0x00 0x01                                                                        NOPX
        1390    0x00 0x01                                                                        NOPX
.no_stack_arguments
        1392    0x10 0x00 0x14 0x19                                                                                                                                                        JL p0
.delay_slot
        1396    0x1d 0x8e 0x76 0x59                                                                                                                                                                                      MOV r22, p7
.delay_slot
.swstall delay_slot
        1400    0x00 0x01                                                                        NOPX
.delay_slot
.swstall delay_slot
        1402    0x00 0x01                                                                        NOPX
.delay_slot
.swstall delay_slot
        1404    0x00 0x01                                                                        NOPX
.delay_slot
.swstall delay_slot
        1406    0x00 0x01                                                                        NOPX
.return_address
        1408    0x15 0xf1 0x68 0x99                                                                                                                                                        NE r24, r23, r22
        1412    0xc0 0x02 0xb0 0x40 0x01 0x95                                                                                                                                              JNZ r24, #1376
.delay_slot
.swstall delay_slot
        1418    0x00 0x01                                                                        NOPX
.delay_slot
.swstall delay_slot
        1420    0x00 0x01                                                                        NOPX
.delay_slot
.swstall delay_slot
        1422    0x00 0x01                                                                        NOPX
.delay_slot
.swstall delay_slot
        1424    0x00 0x01                                                                        NOPX
.delay_slot
.swstall delay_slot
        1426    0x00 0x00 0x00 0x00 0x00 0x00 0x00 0x40 0x00 0x38 0x00 0x00 0x78 0x2f            NOPA;                                                       NOPS;                                                       NOPM;                                   NOPV
.label TGT_F_fini_128
.loop_nesting 0
        1440    0x07 0xfe 0x42 0xd9                                                              LDA lr, [sp, #-16]
        1444    0x07 0xfe 0xee 0x59                                                              LDA r23, [sp, #-12]
        1448    0x07 0xff 0xec 0x59                                                              LDA r22, [sp, #-4]
        1452    0x07 0xff 0x7e 0xd9                                                              LDA p7, [sp, #-8]
        1456    0x00 0x01                                                                        NOPX
        1458    0x00 0x01                                                                        NOPX
        1460    0x00 0x01                                                                        NOPX
        1462    0x10 0x00 0x18 0x19                                                                                                                                                        RET lr
.delay_slot
.swstall delay_slot
        1466    0x00 0x01                                                                        NOPX
.delay_slot
.swstall delay_slot
        1468    0x00 0x01                                                                        NOPX
.delay_slot
.swstall delay_slot
        1470    0x00 0x01                                                                        NOPX
.delay_slot
.swstall delay_slot
        1472    0x00 0x01                                                                        NOPX
.delay_slot
        1474    0x00 0x00 0x07 0xff 0xe0 0x00 0x00 0x00 0x00 0x71 0x00 0x00 0x00 0x7f            NOPA;                         PADDB [sp], #-32;             NOPS;                         NOPX;                         NOPM
.label _fini__end
.label _ZL14clib_hosted_ioP16Hosted_clib_vars
.function_start
.swstall for_chess_hosted_io
        1488    0x00 0x01                                                                        NOPX
.swstall for_chess_hosted_io
        1490    0x00 0x01                                                                        NOPX
.swstall for_chess_hosted_io
        1492    0x00 0x01                                                                        NOPX
.swstall for_chess_hosted_io
        1494    0x00 0x01                                                                        NOPX
.swstall for_chess_hosted_io
        1496    0x00 0x01                                                                        NOPX
.swstall for_chess_hosted_io
        1498    0x00 0x01                                                                        NOPX
.swstall for_chess_hosted_io
        1500    0x00 0x01                                                                        NOPX
.swstall for_chess_hosted_io
        1502    0x00 0x01                                                                        NOPX
.swstall for_chess_hosted_io
        1504    0x00 0x01                                                                        NOPX
.swstall for_chess_hosted_io
        1506    0x00 0x01                                                                        NOPX
.hosted_io
        1508    0x10 0x00 0x18 0x19                                                                                                                                                        RET lr
.delay_slot
.swstall delay_slot
        1512    0x00 0x01                                                                        NOPX
.delay_slot
.swstall delay_slot
        1514    0x00 0x01                                                                        NOPX
.delay_slot
.swstall delay_slot
        1516    0x00 0x01                                                                        NOPX
.delay_slot
.swstall delay_slot
        1518    0x00 0x01                                                                        NOPX
.delay_slot
.swstall delay_slot
        1520    0x00 0x00 0x00 0x00 0x00 0x00 0x00 0x00 0x00 0x00 0x00 0x03 0x88 0x00 0x03 0xc0  NOPA;                         NOPB;                         NOPS;                         NOPX;                         NOPM;                                   NOPV
.label _ZL14clib_hosted_ioP16Hosted_clib_vars__end
.label fputc
.function_start
        1536    0x00 0x02 0x80 0x59                                                              LDA r0, [p0, #0]
        1540    0x00 0x01                                                                        NOPX
.no_stack_arguments
.noswbrkpt
        1542    0x00 0x02 0xe8 0x00 0x01 0x15                                                                                                                                              JL #1488
.delay_slot
.nohwbrkpt
.noswbrkpt
        1548    0x38 0x03 0x60 0x19                                                                                            PADDB [sp], #96
.delay_slot
.nohwbrkpt
.noswbrkpt
        1552    0xff 0x88 0x40 0x3e 0x37 0xe8 0x1e 0x7b 0x29 0x3b                                                                                            ST r1, [sp, #-32];            MOVX r3, #-1;                 MOV p0, sp
.delay_slot
.nohwbrkpt
.noswbrkpt
        1562    0xff 0x18 0xc0 0xf7 0xf0 0x00 0x20 0xeb 0x12 0x7b 0x28 0x37                                                    PADDB [p0], #-68;             ST r3, [sp, #-60];            MOVX r2, #7;                  MOV dc0, lr
.delay_slot
        1574    0x08 0x02 0x84 0x19                                                                                                                          ST r2, [p0, #0]
.delay_slot
        1578    0x00 0x00 0x07 0xf8 0x40 0x35                                                    NOPA;                                                       ST r0, [sp, #-64]
.return_address
        1584    0xff 0x18 0x0a 0x7c 0x56 0x4d                                                    LDA r0, [sp, #-60];                                                                                                     MOV lr, dc0
        1590    0x10 0x00 0x18 0x19                                                                                                                                                        RET lr
.delay_slot
.swstall delay_slot
        1594    0x00 0x01                                                                        NOPX
.delay_slot
.swstall delay_slot
        1596    0x00 0x01                                                                        NOPX
.delay_slot
.swstall delay_slot
        1598    0x00 0x01                                                                        NOPX
.delay_slot
.swstall delay_slot
        1600    0x00 0x01                                                                        NOPX
.delay_slot
        1602    0x00 0x00 0x07 0xff 0xa0 0x00 0x00 0x00 0x00 0x71 0x00 0x00 0x00 0x7f            NOPA;                         PADDB [sp], #-96;             NOPS;                         NOPX;                         NOPM
.label fputc__end
.label fputs
.function_start
        1616    0x01 0x02 0x80 0x59                                                              LDA r0, [p1, #0]
        1620    0x00 0x01                                                                        NOPX
.no_stack_arguments
.noswbrkpt
        1622    0x00 0x02 0xe8 0x00 0x01 0x15                                                                                                                                              JL #1488
.delay_slot
.nohwbrkpt
.noswbrkpt
        1628    0x00 0x03 0x60 0x3e 0x27 0xe8 0x98 0x3b 0x28 0x3b                                                              PADDB [sp], #96;                                            MOVX r2, #-1;                 MOV p1, p0
.delay_slot
.nohwbrkpt
.noswbrkpt
        1638    0xff 0x18 0x80 0x00 0x1e 0x7b 0x20 0x03                                                                                                      ST r2, [sp, #-60];                                          MOV p0, sp
.delay_slot
.nohwbrkpt
.noswbrkpt
        1646    0xff 0x99 0xd0 0xf7 0xf0 0x00 0x11 0x4b 0x12 0x7b 0x28 0x37                                                    PADDB [p0], #-68;             ST p1, [sp, #-28];            MOVX r1, #10;                 MOV dc0, lr
.delay_slot
        1658    0x00 0x00 0x00 0x02 0x82 0x35                                                    NOPA;                                                       ST r1, [p0, #0]
.delay_slot
        1664    0x00 0x00 0x00 0x00 0x07 0xf8 0x40 0x00 0x00 0x00 0x00 0x03 0x88 0x00 0x03 0xc0  NOPA;                         NOPB;                         ST r0, [sp, #-64];            NOPX;                         NOPM;                                   NOPV
.return_address
        1680    0xff 0x18 0x0a 0x7c 0x56 0x4d                                                    LDA r0, [sp, #-60];                                                                                                     MOV lr, dc0
        1686    0x10 0x00 0x18 0x19                                                                                                                                                        RET lr
.delay_slot
.swstall delay_slot
        1690    0x00 0x01                                                                        NOPX
.delay_slot
.swstall delay_slot
        1692    0x00 0x01                                                                        NOPX
.delay_slot
.swstall delay_slot
        1694    0x00 0x01                                                                        NOPX
.delay_slot
.swstall delay_slot
        1696    0x00 0x01                                                                        NOPX
.delay_slot
        1698    0x00 0x00 0x07 0xff 0xa0 0x00 0x00 0x00 0x00 0x71 0x00 0x00 0x00 0x7f            NOPA;                         PADDB [sp], #-96;             NOPS;                         NOPX;                         NOPM
.label fputs__end
.label __cxa_finalize
.function_start
        1712    0x01 0x00 0x48 0x00 0x01 0xcc 0x1a 0x30 0x10 0xbb                                MOVA r1, #8;                                                                              MOVXM p0, #472160
        1722    0x00 0x50 0xc8 0x00 0x01 0xcc 0x42 0x20 0x10 0xbb                                LDA r3, [p0, #0];                                                                         MOVXM r2, #472128
        1732    0x00 0x50 0x40 0x3e 0x17 0xaa 0x24 0x9b 0x29 0x3b                                                                                            ST r1, [p0, #0];              MOVX r1, #-3;                 MOV r17, crSat
        1742    0x1c 0x06 0x36 0x59                                                                                                                                                                                      MOV r16, crRnd
        1746    0x1c 0x84 0xf6 0x59                                                                                                                                                                                      MOV r18, lr
        1750    0x00 0x00 0x0c 0x6d 0xe0 0x55                                                                                                                                              MOVXM p6, #1776
        1756    0x00 0x01                                                                        NOPX
        1758    0x00 0x01                                                                        NOPX
        1760    0x18 0xc1 0xf6 0x79                                                                                                                                                                                      ADD.NC r3, r3, #-8
        1764    0x10 0xc4 0x20 0x99                                                                                                                                                        ADD r2, r3, r2
        1768    0x00 0x07 0x30 0xf7 0x98 0x8b 0x28 0x43                                                                                                                                    ASHL r19, r3, r1;             MOV p7, r2
.label TGT_F__cxa_finalize_64
.loop_nesting 1
        1776    0x07 0x03 0x8e 0xd9                                                              LDA p1, [p7], #4
        1780    0x07 0xfb 0x86 0xd9                                                              LDA p0, [p7], #-12
        1784    0x00 0x01                                                                        NOPX
        1786    0x00 0x01                                                                        NOPX
        1788    0x00 0x01                                                                        NOPX
        1790    0x00 0x01                                                                        NOPX
        1792    0x00 0x01                                                                        NOPX
.no_stack_arguments
        1794    0x10 0x00 0x54 0x19                                                                                                                                                        JL p1
.delay_slot
.swstall delay_slot
        1798    0x00 0x01                                                                        NOPX
.delay_slot
.swstall delay_slot
        1800    0x00 0x01                                                                        NOPX
.delay_slot
.swstall delay_slot
        1802    0x00 0x01                                                                        NOPX
.delay_slot
.swstall delay_slot
        1804    0x00 0x00 0x00 0x19                                                              NOPA
.delay_slot
        1808    0x00 0x00 0x00 0x00 0x00 0x00 0x00 0x00 0x00 0x02 0x80 0x0b 0x28 0x00 0x03 0xc0  NOPA;                         NOPB;                         NOPS;                         NOPX;                         MOV r20, r0;                            NOPV
.return_address
        1824    0x14 0xe7 0x8c 0x19                                                                                                                                                        JNZD r19, r19, p6
.delay_slot
        1828    0x18 0x0a 0x16 0x59                                                                                                                                                                                      MOV r0, r20
.delay_slot
.swstall delay_slot
        1832    0x00 0x01                                                                        NOPX
.delay_slot
.swstall delay_slot
        1834    0x00 0x01                                                                        NOPX
.delay_slot
.swstall delay_slot
        1836    0x00 0x01                                                                        NOPX
.delay_slot
.swstall delay_slot
        1838    0x00 0x01                                                                        NOPX
.loop_nesting 0
        1840    0x1a 0x79 0x16 0x59                                                                                                                                                                                      MOV lr, r18
        1844    0x10 0x00 0x18 0x19                                                                                                                                                        RET lr
.delay_slot
        1848    0x00 0x23 0x21 0x01 0x8c 0x0b 0x28 0x43                                                                                                                                    MOVX crSat, r17;              MOV crRnd, r16
.delay_slot
.swstall delay_slot
        1856    0x00 0x01                                                                        NOPX
.delay_slot
.swstall delay_slot
        1858    0x00 0x01                                                                        NOPX
.delay_slot
.swstall delay_slot
        1860    0x00 0x01                                                                        NOPX
.delay_slot
.swstall delay_slot
        1862    0x00 0x00 0x00 0x00 0x00 0x00 0x00 0x03 0x8e 0xbb                                NOPA;                         NOPB;                                                                                     NOPM
.label __cxa_finalize__end
.label puts
.function_start
        1872    0x00 0x03 0x20 0x00 0x01 0xcc 0x9a 0x1e 0x10 0x3b                                                              PADDB [sp], #32;                                            MOVXM p1, #472124
        1882    0x20 0x51 0xdf 0xff 0xc2 0xb5                                                    LDA p1, [p1, #0];                                           ST lr, [sp, #-4]
.no_stack_arguments
        1888    0x00 0x03 0x28 0x00 0x01 0x15                                                                                                                                              JL #1616
.delay_slot
.swstall delay_slot
        1894    0x00 0x01                                                                        NOPX
.delay_slot
.swstall delay_slot
        1896    0x00 0x01                                                                        NOPX
.delay_slot
.swstall delay_slot
        1898    0x00 0x01                                                                        NOPX
.delay_slot
.swstall delay_slot
        1900    0x00 0x01                                                                        NOPX
.delay_slot
.swstall delay_slot
        1902    0x00 0x01                                                                        NOPX
.return_address
        1904    0x10 0x30 0x01 0x19                                                                                                                                                        MOVX r24, #0
        1908    0x10 0x31 0x8a 0x99                                                                                                                                                        LT r24, r0, r24
        1912    0xc0 0x03 0xd8 0x40 0x01 0x95                                                                                                                                              JNZ r24, #1968
.delay_slot
        1918    0x07 0xff 0xc2 0xd9                                                              LDA lr, [sp, #-4]
.delay_slot
.swstall delay_slot
        1922    0x00 0x01                                                                        NOPX
.delay_slot
.swstall delay_slot
        1924    0x00 0x01                                                                        NOPX
.delay_slot
.swstall delay_slot
        1926    0x00 0x01                                                                        NOPX
.delay_slot
.swstall delay_slot
        1928    0x00 0x01                                                                        NOPX
        1930    0x00 0x07 0x30 0x68 0x78 0x55                                                                                                                                              MOVXM p0, #472124
        1936    0x00 0x02 0x86 0xd9                                                              LDA p0, [p0, #0]
.tail_call
        1940    0x00 0x03 0x00 0x00 0x00 0x95                                                                                                                                              J #1536
.delay_slot
.swstall delay_slot
        1946    0x00 0x01                                                                        NOPX
.delay_slot
.swstall delay_slot
        1948    0x00 0x01                                                                        NOPX
.delay_slot
.swstall delay_slot
        1950    0x00 0x01                                                                        NOPX
.delay_slot
.swstall delay_slot
        1952    0x00 0x01                                                                        NOPX
.delay_slot
        1954    0x00 0x00 0x07 0xff 0xe0 0x02 0x29 0x00 0x00 0x71 0x00 0x00 0x00 0x7f            NOPA;                         PADDB [sp], #-32;             NOPS;                         MOVX r1, #10;                 NOPM
.label TGT_Fputs_96
.return_address
        1968    0x00 0x01                                                                        NOPX
        1970    0x00 0x01                                                                        NOPX
        1972    0x10 0x00 0x18 0x19                                                                                                                                                        RET lr
.delay_slot
        1976    0x3f 0xff 0xe0 0x19                                                                                            PADDB [sp], #-32
.delay_slot
.swstall delay_slot
        1980    0x00 0x01                                                                        NOPX
.delay_slot
.swstall delay_slot
        1982    0x00 0x01                                                                        NOPX
.delay_slot
.swstall delay_slot
        1984    0x00 0x01                                                                        NOPX
.delay_slot
.swstall delay_slot
        1986    0x00 0x00 0x00 0x00 0x00 0x00 0x00 0x40 0x00 0x38 0x00 0x00 0x78 0x2f            NOPA;                                                       NOPS;                                                       NOPM;                                   NOPV
.label puts__end

.rodata_segment DMb 472064
.label str
	0x70
	0x61
	0x73
	0x73
	0x54
	0x68
	0x72
	0x6f
	0x75
	0x67
	0x68
	0x4c
	0x69
	0x6e
	0x65
	0x20
	0x42
	0x49
	0x54
	0x5f
	0x57
	0x49
	0x44
	0x54
	0x48
	0x0
.label str___2
	0x70
	0x61
	0x73
	0x73
	0x54
	0x68
	0x72
	0x6f
	0x75
	0x67
	0x68
	0x54
	0x69
	0x6c
	0x65
	0x20
	0x42
	0x49
	0x54
	0x5f
	0x57
	0x49
	0x44
	0x54
	0x48
	0x0

.data_segment DMb 472116
.label _ZL7_stdout
	0x1
	0x0
	0x0
	0x0
	0x1
	0x0
	0x0
	0x0
.label stdout
	0x34
	0x34
	0x7
	0x0
.label _ZL7atexits
	0x20
	0x5
	0x0
	0x0
	0x0
	0x0
	0x0
	0x0
	0x0
	0x0
	0x0
	0x0
	0x0
	0x0
	0x0
	0x0
	0x0
	0x0
	0x0
	0x0
	0x0
	0x0
	0x0
	0x0
	0x0
	0x0
	0x0
	0x0
	0x0
	0x0
	0x0
	0x0
.label _ZL10atexit_cnt
	0x8
	0x0
	0x0
	0x0

.stack DM_stack 458752 459776
