
// File generated by darts version U-2022.12#3eec2545bc#230622, Mon Aug 12 14:57:33 2024
// Copyright 2014-2022 Synopsys, Inc. All rights reserved.
// darts -I/proj/xbuilds/2023.2_INT_1013_2256/installs/all_platforms/Vitis/2023.2/aietools/data/aie_ml/lib -d -h -I/proj/xbuilds/2023.2_INT_1013_2256/installs/all_platforms/Vitis/2023.2/aietools/include -I/proj/xbuilds/2023.2_INT_1013_2256/installs/all_platforms/Vitis/2023.2/aietools/data/aie_ml/lib/runtime_cxx/libcxx-lite/include -I/proj/xbuilds/2023.2_INT_1013_2256/installs/all_platforms/Vitis/2023.2/aietools/data/aie_ml/lib/runtime_cxx/libs/libcxx-9.0.0/include-lite -I/proj/xbuilds/2023.2_INT_1013_2256/installs/all_platforms/Vitis/2023.2/aietools/data/aie_ml/lib/runtime/include -I<BOOST_DIR> -D__AIENGINE__ -D__AIE_ARCH__=20 -D__AIEARCH__=20 -DBIT_WIDTH=8 -D__tct_tgt__=230622 -L +Ihex +nanno passThrough.cc.o me

// Release: ipp U-2022.12-TGT-230622
.data_segment_name
.rodata local 1 str DMb
	0x70
	0x61
	0x73
	0x73
	0x54
	0x68
	0x72
	0x6f
	0x75
	0x67
	0x68
	0x4c
	0x69
	0x6e
	0x65
	0x20
	0x42
	0x49
	0x54
	0x5f
	0x57
	0x49
	0x44
	0x54
	0x48
	0x0

.data_segment_name
.rodata local 1 str___2 DMb
	0x70
	0x61
	0x73
	0x73
	0x54
	0x68
	0x72
	0x6f
	0x75
	0x67
	0x68
	0x54
	0x69
	0x6c
	0x65
	0x20
	0x42
	0x49
	0x54
	0x5f
	0x57
	0x49
	0x44
	0x54
	0x48
	0x0

.undef local data str

.undef local data str___2

.undef global data _ZN12me_primitive11control_satE

.undef global data _ZN12me_primitive11control_rndE

.text_segment_name
.text weak 16 _Z15passThrough_aieIhLi64EEvPT_S1_ii
.function_start
	     0    0x00 0xd0 0x10 0x02 0x10 0x7c 0x07 0xf7 0x48 0xbb                                VLDA amll0, [p0, #32];                                                                    MUL r1, r1, r0;               MOV r0, #-6
	    10    0x00 0x24 0x08 0x00 0x00 0x00 0x38 0x40 0x10 0x3b                                                              VLDB wl0, [p0], #64;                                        MOVXM ls, #(ZLS_F_Z15passThrough_aieIhLi64EEvPT_S1_ii_128 + 0)
	    20    0x00 0x00 0x00 0x80 0x20 0x7f 0xf8 0x43                                                                                                                                    EVENT #0;                     ADD.NC r1, r1, #-1
	    28    0x10 0x40 0x0d 0x99                                                                                                                                                        LSHL r0, r1, r0
	    32    0x00 0x00 0x08 0xe1 0x20 0x55                                                                                                                                              MOVXM le, #(ZLE_F_Z15passThrough_aieIhLi64EEvPT_S1_ii_144 + 0)
.noswbrkpt
	    38    0x00 0xd0 0x10 0x00 0x00 0x02 0xb8 0x3f 0x7e 0xbb                                VLDA amll0, [p0, #32];        NOPB;                                                                                     ADD.NC lc, r0, #-3
.nohwbrkpt
.noswbrkpt
	    48    0x04 0x81 0x00 0x00 0x00 0x00 0x00 0x00 0x00 0x00 0x00 0x03 0x88 0x00 0x03 0xc0  NOPA;                         VLDB wl0, [p0], #64;          NOPS;                         NOPX;                         NOPM;                                   NOPV
.nohwbrkpt
.noswbrkpt
	    64    0x00 0x00 0x00 0xd0 0x10 0x00 0x00 0x00 0x00 0x00 0x00 0x03 0x88 0x00 0x03 0xc0  VLDA amll0, [p0, #32];        NOPB;                         NOPS;                         NOPX;                         NOPM;                                   NOPV
.nohwbrkpt
.noswbrkpt
	    80    0x04 0x81 0x00 0x00 0x00 0x00 0x00 0x00 0x00 0x00 0x00 0x03 0x88 0x00 0x03 0xc0  NOPA;                         VLDB wl0, [p0], #64;          NOPS;                         NOPX;                         NOPM;                                   NOPV
.nohwbrkpt
.noswbrkpt
	    96    0x00 0x00 0x00 0xd0 0x10 0x00 0x00 0x00 0x00 0x00 0x00 0x03 0x88 0x00 0x03 0xc0  VLDA amll0, [p0, #32];        NOPB;                         NOPS;                         NOPX;                         NOPM;                                   NOPV
.nohwbrkpt
.noswbrkpt
	   112    0x04 0x81 0x00 0x00 0x01 0x06 0x80 0x40 0x00 0x00 0x00 0x03 0x88 0x00 0x03 0xc0  NOPA;                         VLDB wl0, [p0], #64;          VST amll0, [p1, #32];         NOPX;                         NOPM;                                   NOPV
.label ZLS_F_Z15passThrough_aieIhLi64EEvPT_S1_ii_128
.loop_nesting 1
.begin_of_loop
.nohwbrkpt
.noswbrkpt
	   128    0x00 0x00 0x00 0xd0 0x11 0x05 0x81 0xc0 0x00 0x00 0x00 0x03 0x88 0x00 0x03 0xc0  VLDA amll0, [p0, #32];        NOPB;                         VST wl0, [p1], #64;           NOPX;                         NOPM;                                   NOPV
.label ZLE_F_Z15passThrough_aieIhLi64EEvPT_S1_ii_144
.end_of_loop
.nohwbrkpt
.noswbrkpt
	   144    0x04 0x81 0x00 0x00 0x01 0x06 0x80 0x40 0x00 0x00 0x00 0x03 0x88 0x00 0x03 0xc0  NOPA;                         VLDB wl0, [p0], #64;          VST amll0, [p1, #32];         NOPX;                         NOPM;                                   NOPV
.loop_nesting 0
.nohwbrkpt
.noswbrkpt
	   160    0x09 0x05 0x81 0xd9                                                                                                                          VST wl0, [p1], #64
.nohwbrkpt
.noswbrkpt
	   164    0x20 0xd0 0x08 0x00 0x18 0x3d                                                                                                                VST amll0, [p1, #32];         RET lr
.delay_slot
.nohwbrkpt
.noswbrkpt
	   170    0x09 0x05 0x81 0xd9                                                                                                                          VST wl0, [p1], #64
.delay_slot
.nohwbrkpt
.noswbrkpt
	   174    0x09 0x06 0x80 0x59                                                                                                                          VST amll0, [p1, #32]
.delay_slot
.nohwbrkpt
.noswbrkpt
	   178    0x09 0x05 0x81 0xd9                                                                                                                          VST wl0, [p1], #64
.delay_slot
	   182    0x09 0x06 0x80 0x59                                                                                                                          VST amll0, [p1, #32]
.label _Z15passThrough_aieIhLi64EEvPT_S1_ii__end last
.delay_slot
	   186    0x20 0xb0 0x3a 0x00 0x10 0x3d                                                                                                                VST wl0, [p1], #64;           EVENT #1

.text_segment_name
.text global 10 passThroughLine
.function_start
	     0    0x38 0x03 0x20 0x19                                                                                            PADDB [sp], #32
	     4    0x0f 0xff 0xc2 0x99                                                                                                                          ST lr, [sp, #-4]
.no_stack_arguments
	     8    0x00 0x00 0x00 0x00 0x01 0x15                                                                                                                                              JL #puts
.delay_slot
	    14    0x0f 0xfe 0x40 0x19                                                                                                                          ST r0, [sp, #-16]
.delay_slot
	    18    0x0f 0xff 0x4e 0x99                                                                                                                          ST p1, [sp, #-8]
.delay_slot
	    22    0xff 0xd8 0xd0 0x00 0x00 0x00 0x18 0x00 0x11 0x3b                                                                                            ST p0, [sp, #-12];            MOVXM p0, #str
.delay_slot
.swstall delay_slot
	    32    0x00 0x01                                                                        NOPX
.delay_slot
.swstall delay_slot
	    34    0x00 0x00 0x00 0x00 0x00 0x00 0x00 0x40 0x00 0x38 0x00 0x00 0x78 0x2f            NOPA;                                                       NOPS;                                                       NOPM;                                   NOPV
.return_address
	    48    0x07 0xfe 0x42 0x59                                                              LDA r1, [sp, #-16]
	    52    0x07 0xff 0x4e 0xd9                                                              LDA p1, [sp, #-8]
	    56    0x07 0xfe 0xc6 0xd9                                                              LDA p0, [sp, #-12]
	    60    0x07 0xff 0xc2 0xd9                                                              LDA lr, [sp, #-4]
.tail_call
	    64    0x00 0x00 0x00 0x00 0x00 0x95                                                                                                                                              J #_Z15passThrough_aieIhLi64EEvPT_S1_ii
.delay_slot
.swstall delay_slot
	    70    0x00 0x01                                                                        NOPX
.delay_slot
.swstall delay_slot
	    72    0x00 0x01                                                                        NOPX
.delay_slot
.swstall delay_slot
	    74    0x00 0x01                                                                        NOPX
.delay_slot
.swstall delay_slot
	    76    0x00 0x00 0x00 0x19                                                              NOPA
.label passThroughLine__end last
.delay_slot
	    80    0xff 0xfc 0x00 0x00 0x00 0x00 0x00 0x00 0x00 0x28 0x00 0x03 0x88 0x00 0x03 0xc0  NOPA;                         PADDB [sp], #-32;             NOPS;                         MOVX r0, #1;                  NOPM;                                   NOPV

.undef global text puts

.undef global text _Z15passThrough_aieIhLi64EEvPT_S1_ii

.text_segment_name
.text global 10 passThroughTile
.function_start
	     0    0x38 0x03 0x20 0x19                                                                                            PADDB [sp], #32
	     4    0x0f 0xff 0xc2 0x99                                                                                                                          ST lr, [sp, #-4]
.no_stack_arguments
	     8    0x00 0x00 0x00 0x00 0x01 0x15                                                                                                                                              JL #puts
.delay_slot
	    14    0x0f 0xfd 0xc2 0x19                                                                                                                          ST r1, [sp, #-20]
.delay_slot
	    18    0x0f 0xfe 0xc0 0x19                                                                                                                          ST r0, [sp, #-12]
.delay_slot
	    22    0x0f 0xff 0x4e 0x99                                                                                                                          ST p1, [sp, #-8]
.delay_slot
	    26    0xff 0xc8 0xd0 0x00 0x00 0x00 0x18 0x00 0x11 0x3b                                                                                            ST p0, [sp, #-16];            MOVXM p0, #str___2
.delay_slot
.swstall delay_slot
	    36    0x00 0x00 0x00 0x00 0x00 0x00 0x00 0x00 0x00 0x00 0x01 0x37                      NOPA;                         NOPB;                         NOPS;                         NOPX
.return_address
	    48    0x07 0xfd 0xc2 0x59                                                              LDA r1, [sp, #-20]
	    52    0x07 0xfe 0xc0 0x59                                                              LDA r0, [sp, #-12]
	    56    0x07 0xff 0x4e 0xd9                                                              LDA p1, [sp, #-8]
	    60    0x07 0xfe 0x46 0xd9                                                              LDA p0, [sp, #-16]
	    64    0x07 0xff 0xc2 0xd9                                                              LDA lr, [sp, #-4]
.tail_call
	    68    0x00 0x00 0x00 0x00 0x00 0x95                                                                                                                                              J #_Z15passThrough_aieIhLi64EEvPT_S1_ii
.delay_slot
.swstall delay_slot
	    74    0x00 0x01                                                                        NOPX
.delay_slot
.swstall delay_slot
	    76    0x00 0x01                                                                        NOPX
.delay_slot
.swstall delay_slot
	    78    0x00 0x01                                                                        NOPX
.delay_slot
.swstall delay_slot
	    80    0x00 0x01                                                                        NOPX
.label passThroughTile__end last
.delay_slot
	    82    0x00 0x00 0x07 0xff 0xe0 0x00 0x00 0x00 0x00 0x71 0x00 0x00 0x00 0x7f            NOPA;                         PADDB [sp], #-32;             NOPS;                         NOPX;                         NOPM

.undef global text puts

.undef global text _Z15passThrough_aieIhLi64EEvPT_S1_ii



.direct_eval +,-,(,)
