
// File generated by darts version U-2022.12#3eec2545bc#230622, Fri Sep 20 11:10:41 2024
// Copyright 2014-2022 Synopsys, Inc. All rights reserved.
// darts -I/proj/xbuilds/2023.2_INT_1013_2256/installs/all_platforms/Vitis/2023.2/aietools/data/aie_ml/lib -d -h -I/proj/xbuilds/2023.2_INT_1013_2256/installs/all_platforms/Vitis/2023.2/aietools/data/aie_ml/lib/runtime_cxx/libcxx-lite/include -I/proj/xbuilds/2023.2_INT_1013_2256/installs/all_platforms/Vitis/2023.2/aietools/data/aie_ml/lib/runtime_cxx/libs/libcxx-9.0.0/include-lite -I/proj/xbuilds/2023.2_INT_1013_2256/installs/all_platforms/Vitis/2023.2/aietools/data/aie_ml/lib/runtime/include -I<BOOST_DIR> -D__AIENGINE__ -D__AIE_ARCH__=20 -D__AIEARCH__=20 -D__tct_tgt__=230622 -L +Ihex +nanno +u core_0_2.elf me

// Release: ipp U-2022.12-TGT-230622

.text_segment PM      0
.entry_point
.label __AIE_ARCH_MODEL_VERSION__20010300__inlined__1__me_basic___main_init_
.label _main_init
.function_start
           0    0x00 0x00 0x01 0xc3 0x38 0x00 0x10 0x43                                                                                                                                    MOVXM sp, #458752
           8    0x00 0x00 0x08 0x00 0x00 0x55                                                                                                                                              MOVXM r16, #0
          14    0x00 0x00 0x0c 0x00 0x00 0x55                                                                                                                                              MOVXM r24, #0
          20    0x16 0x31 0x07 0x99                                                                                                                                                        EQ r24, r24, r16
          24    0xc0 0x00 0x40 0x40 0x01 0x95                                                                                                                                              JNZ r24, #128
.delay_slot
.swstall delay_slot
          30    0x00 0x01                                                                        NOPX
.delay_slot
.swstall delay_slot
          32    0x00 0x01                                                                        NOPX
.delay_slot
.swstall delay_slot
          34    0x00 0x01                                                                        NOPX
.delay_slot
.swstall delay_slot
          36    0x00 0x01                                                                        NOPX
.delay_slot
.swstall delay_slot
          38    0x00 0x01                                                                        NOPX
          40    0xff 0xff 0xfc 0x7f 0xf8 0x55                                                                                                                                              MOVXM p6, #-4
          46    0x1f 0x30 0x76 0x59                                                                                                                                                                                      MOV p7, p0
          50    0x00 0x00 0x00 0x00 0x00 0x00 0x00 0x62 0x04 0xb2 0x00 0x00 0x78 0x2f            NOPA;                                                       NOPS;                                                       MOV r17, r1;                            NOPV
.label TGT_F_main_init_64
.loop_nesting 1
          64    0xdf 0xf0 0xdc 0x8c 0x76 0x4d                                                    LDA p0, [p6], #-4;                                                                                                      MOV r18, p6
          70    0x00 0x01                                                                        NOPX
          72    0x00 0x01                                                                        NOPX
          74    0x00 0x01                                                                        NOPX
          76    0x00 0x01                                                                        NOPX
          78    0x00 0x01                                                                        NOPX
          80    0x00 0x01                                                                        NOPX
.no_stack_arguments
          82    0x10 0x00 0x14 0x19                                                                                                                                                        JL p0
.delay_slot
.swstall delay_slot
          86    0x00 0x01                                                                        NOPX
.delay_slot
.swstall delay_slot
          88    0x00 0x01                                                                        NOPX
.delay_slot
.swstall delay_slot
          90    0x00 0x01                                                                        NOPX
.delay_slot
.swstall delay_slot
          92    0x00 0x01                                                                        NOPX
.delay_slot
.swstall delay_slot
          94    0x00 0x01                                                                        NOPX
.return_address
          96    0x14 0xb1 0x08 0x99                                                                                                                                                        NE r24, r18, r16
         100    0xc0 0x00 0x20 0x40 0x01 0x95                                                                                                                                              JNZ r24, #64
.delay_slot
.swstall delay_slot
         106    0x00 0x01                                                                        NOPX
.delay_slot
.swstall delay_slot
         108    0x00 0x01                                                                        NOPX
.delay_slot
.swstall delay_slot
         110    0x00 0x01                                                                        NOPX
.delay_slot
.swstall delay_slot
         112    0x00 0x01                                                                        NOPX
.delay_slot
.swstall delay_slot
         114    0x00 0x01                                                                        NOPX
.loop_nesting 0
         116    0x18 0x3e 0x76 0x59                                                                                                                                                                                      MOV p0, p7
         120    0x00 0x00 0x00 0x00 0x24 0x4b 0x20 0x03                                                                                                      NOPS;                                                       MOV r1, r17
.label TGT_F_main_init_128
.no_stack_arguments
         128    0x00 0x00 0x70 0x00 0x01 0x15                                                                                                                                              JL #224
.delay_slot
.swstall delay_slot
         134    0x00 0x01                                                                        NOPX
.delay_slot
.swstall delay_slot
         136    0x00 0x01                                                                        NOPX
.delay_slot
.swstall delay_slot
         138    0x00 0x01                                                                        NOPX
.delay_slot
.swstall delay_slot
         140    0x00 0x01                                                                        NOPX
.delay_slot
.swstall delay_slot
         142    0x00 0x01                                                                        NOPX
.return_address
.no_stack_arguments
         144    0x00 0x03 0x28 0x00 0x01 0x15                                                                                                                                              JL #1616
.delay_slot
         150    0x18 0x30 0x06 0x99                                                                                                                                                                                      MOV p0, #0
.delay_slot
.swstall delay_slot
         154    0x00 0x01                                                                        NOPX
.delay_slot
.swstall delay_slot
         156    0x00 0x01                                                                        NOPX
.delay_slot
.swstall delay_slot
         158    0x00 0x01                                                                        NOPX
.delay_slot
.swstall delay_slot
         160    0x00 0x00 0x00 0x00 0x00 0x00 0x00 0x00 0x00 0x00 0x00 0x03 0x88 0x00 0x03 0xc0  NOPA;                         NOPB;                         NOPS;                         NOPX;                         NOPM;                                   NOPV
.return_address
.swstall chess_separator_scheduler
         176    0x00 0x01                                                                        NOPX
.swstall chess_separator_scheduler
         178    0x00 0x01                                                                        NOPX
.swstall chess_separator_scheduler
         180    0x00 0x01                                                                        NOPX
.swstall chess_separator_scheduler
         182    0x00 0x01                                                                        NOPX
.swstall chess_separator_scheduler
         184    0x00 0x01                                                                        NOPX
.swstall chess_separator_scheduler
         186    0x00 0x01                                                                        NOPX
         188    0x10 0x00 0x08 0x19                                                                                                                                                        DONE
.swstall chess_separator_scheduler
         192    0x00 0x01                                                                        NOPX
.swstall chess_separator_scheduler
         194    0x00 0x01                                                                        NOPX
.swstall chess_separator_scheduler
         196    0x00 0x01                                                                        NOPX
.swstall chess_separator_scheduler
         198    0x00 0x01                                                                        NOPX
.swstall chess_separator_scheduler
         200    0x00 0x01                                                                        NOPX
.swstall chess_separator_scheduler
         202    0x00 0x01                                                                        NOPX
.swstall for_chess_exit
.exit
         204    0x00 0x00 0x00 0x19                                                              NOPA
.label TGT_F_main_init_208
.loop_nesting 1
         208    0x00 0x00 0x68 0x00 0x00 0x95                                                                                                                                              J #208
.delay_slot
.swstall delay_slot
         214    0x00 0x01                                                                        NOPX
.delay_slot
.swstall delay_slot
         216    0x00 0x01                                                                        NOPX
.delay_slot
.swstall delay_slot
         218    0x00 0x01                                                                        NOPX
.delay_slot
.swstall delay_slot
         220    0x00 0x01                                                                        NOPX
.delay_slot
.swstall delay_slot
         222    0x00 0x01                                                                        NOPX
.label _main_init__end
.label core_0_2
.function_start
         224    0x00 0x03 0x40 0x01 0x90 0x08 0x65 0x8b 0x28 0x3b                                                              PADDB [sp], #64;                                            MOVX r25, #0;                 MOV r3, r22
         234    0xff 0x8e 0xd0 0x00 0x05 0x4b 0x20 0x03                                                                                                      ST p6, [sp, #-32];                                          MOV r0, r21
         242    0xff 0x3e 0x40 0x3f 0x47 0xe8 0x25 0x0b 0x29 0x3b                                                                                            ST r25, [sp, #-52];           MOVX r20, #-1;                MOV r1, r20
         252    0xff 0x4e 0x40 0x00 0x45 0xcb 0x20 0x03                                                                                                      ST r25, [sp, #-48];                                         MOV r2, r23
         260    0xff 0x7f 0xd0 0x00 0x01 0xc3 0x02 0x00 0x11 0x3b                                                                                            ST p7, [sp, #-36];            MOVXM r24, #459776
         270    0xff 0x98 0x80 0x00 0x01 0xd2 0xa0 0x20 0x11 0x3b                                                                                            ST r2, [sp, #-28];            MOVXM r21, #475200
         280    0xff 0xa8 0xc0 0x00 0x01 0xf2 0xc0 0x00 0x11 0x3b                                                                                            ST r3, [sp, #-24];            MOVXM r22, #507904
         290    0xff 0xb8 0x00 0x00 0x00 0x03 0x18 0xb8 0x11 0x3b                                                                                            ST r0, [sp, #-20];            MOVXM p6, #368
         300    0x0f 0xfe 0x60 0x19                                                                                                                          ST r16, [sp, #-16]
         304    0x0f 0xfe 0xc2 0x19                                                                                                                          ST r1, [sp, #-12]
         308    0x0f 0xff 0x66 0x19                                                                                                                          ST r19, [sp, #-8]
         312    0x0f 0xff 0xe4 0x19                                                                                                                          ST r18, [sp, #-4]
         316    0x0f 0xfb 0x62 0x19                                                                                                                          ST r17, [sp, #-40]
         320    0x00 0x00 0x00 0x00 0x07 0xfa 0xc2 0x80 0x00 0x00 0x00 0x03 0x88 0x00 0x03 0xc0  NOPA;                         NOPB;                         ST lr, [sp, #-44];            NOPX;                         NOPM;                                   NOPV
.label TGT_Fcore_0_2_112
.loop_nesting 1
         336    0x0f 0xe4 0x0f 0xf9 0x70 0x00 0x01 0xc2 0x22 0x20 0x10 0x77                      MOVA r16, #127;                                             ST r24, [sp, #-56];           MOVXM r17, #459840
         348    0x00 0x07 0x89 0x00 0x00 0x55                                                                                                                                              MOVXM r18, #491520
         354    0x00 0x00 0x00 0x00 0x00 0x00 0x3a 0x73 0x00 0x02 0x00 0x00 0x00 0x7f            NOPA;                         NOPB;                         NOPS;                         MOVXM p7, #475136
.label TGT_Fcore_0_2_144
.loop_nesting 2
.no_stack_arguments
         368    0x00 0x02 0xb0 0x00 0x01 0x15                                                                                                                                              JL #1376
.delay_slot
         374    0x00 0x00 0x06 0x28 0x27 0xff 0xc8 0x43                                                                                                                                    MOVX r0, #49;                 MOV r1, #-1
.delay_slot
.swstall delay_slot
         382    0x00 0x01                                                                        NOPX
.delay_slot
.swstall delay_slot
         384    0x00 0x01                                                                        NOPX
.delay_slot
.swstall delay_slot
         386    0x00 0x01                                                                        NOPX
.delay_slot
.swstall delay_slot
         388    0x00 0x00 0x00 0x00 0x00 0x00 0x00 0x00 0x00 0x00 0x01 0x37                      NOPA;                         NOPB;                         NOPS;                         NOPX
.return_address
.no_stack_arguments
         400    0x00 0x02 0xb0 0x00 0x01 0x15                                                                                                                                              JL #1376
.delay_slot
         406    0x00 0x00 0x06 0x68 0x27 0xff 0xc8 0x43                                                                                                                                    MOVX r0, #51;                 MOV r1, #-1
.delay_slot
.swstall delay_slot
         414    0x00 0x01                                                                        NOPX
.delay_slot
.swstall delay_slot
         416    0x00 0x01                                                                        NOPX
.delay_slot
.swstall delay_slot
         418    0x00 0x01                                                                        NOPX
.delay_slot
.swstall delay_slot
         420    0x00 0x00 0x00 0x00 0x00 0x00 0x00 0x00 0x00 0x00 0x01 0x37                      NOPA;                         NOPB;                         NOPS;                         NOPX
.return_address
.no_stack_arguments
         432    0x00 0x02 0xb0 0x00 0x01 0x15                                                                                                                                              JL #1376
.delay_slot
         438    0x00 0x00 0x06 0x88 0x27 0xff 0xc8 0x43                                                                                                                                    MOVX r0, #52;                 MOV r1, #-1
.delay_slot
.swstall delay_slot
         446    0x00 0x01                                                                        NOPX
.delay_slot
.swstall delay_slot
         448    0x00 0x01                                                                        NOPX
.delay_slot
.swstall delay_slot
         450    0x00 0x01                                                                        NOPX
.delay_slot
.swstall delay_slot
         452    0x00 0x00 0x00 0x00 0x00 0x00 0x00 0x00 0x00 0x00 0x01 0x37                      NOPA;                         NOPB;                         NOPS;                         NOPX
.return_address
         464    0xff 0x28 0xd9 0x38 0x96 0x4d                                                    LDA p0, [sp, #-56];                                                                                                     MOV p1, r17
         470    0x20 0x76 0x0a 0x39 0x16 0x4d                                                    LDA r24, [p1], #4;                                                                                                      MOV p2, r18
         476    0x02 0x03 0xba 0x59                                                              LDA r29, [p2], #4
         480    0x01 0x03 0xb4 0x59                                                              LDA r26, [p1], #4
         484    0x02 0x03 0xbe 0x59                                                              LDA r31, [p2], #4
         488    0x01 0x03 0xb8 0x59                                                              LDA r28, [p1], #4
         492    0x02 0x03 0xbc 0x59                                                              LDA r30, [p2], #4
         496    0x01 0x03 0xb2 0x59                                                              LDA r25, [p1], #4
         500    0x02 0x03 0xb6 0x59                                                              LDA r27, [p2], #4
         504    0x40 0x74 0x4f 0x7b 0x8f 0x9d                                                    LDA r17, [p2], #4;                                                                        MUL r29, r29, r24
         510    0x01 0x03 0xb0 0x59                                                              LDA r24, [p1], #4
         514    0x40 0x77 0xc8 0x03 0xba 0x00 0x07 0xf5 0xaf 0xfb                                LDA r31, [p2], #4;                                          ST r29, [p0], #4;             MUL r26, r31, r26
         524    0x01 0x03 0xba 0x59                                                              LDA r29, [p1], #4
         528    0x20 0x77 0x08 0x03 0xb4 0x00 0x07 0xb5 0xcf 0xfb                                LDA r28, [p1], #4;                                          ST r26, [p0], #4;             MUL r26, r30, r28
         538    0x02 0x03 0xbc 0x59                                                              LDA r30, [p2], #4
         542    0x20 0x76 0x88 0x03 0xb4 0x00 0x06 0xf3 0x9f 0xfb                                LDA r26, [p1], #4;                                          ST r26, [p0], #4;             MUL r25, r27, r25
         552    0x02 0x03 0xb6 0x59                                                              LDA r27, [p2], #4
         556    0x20 0x76 0x08 0x03 0xb2 0x00 0x04 0x63 0x8f 0xfb                                LDA r24, [p1], #4;                                          ST r25, [p0], #4;             MUL r17, r17, r24
         566    0x02 0x03 0xb2 0x59                                                              LDA r25, [p2], #4
         570    0x20 0x77 0xc8 0x03 0xa2 0x00 0x07 0xfb 0xdf 0xfb                                LDA r31, [p1], #4;                                          ST r17, [p0], #4;             MUL r29, r31, r29
         580    0x02 0x03 0xa2 0x59                                                              LDA r17, [p2], #4
         584    0x40 0x77 0x88 0x03 0xba 0x00 0x07 0xbb 0xcf 0xfb                                LDA r30, [p2], #4;                                          ST r29, [p0], #4;             MUL r29, r30, r28
         594    0x01 0x03 0xb8 0x59                                                              LDA r28, [p1], #4
         598    0x40 0x74 0x88 0x03 0xba 0x00 0x06 0xf5 0xaf 0xfb                                LDA r18, [p2], #4;                                          ST r29, [p0], #4;             MUL r26, r27, r26
         608    0x01 0x03 0xba 0x59                                                              LDA r29, [p1], #4
         612    0x20 0x76 0x88 0x03 0xb4 0x00 0x06 0x71 0x8f 0xfb                                LDA r26, [p1], #4;                                          ST r26, [p0], #4;             MUL r24, r25, r24
         622    0x02 0x03 0xb6 0x59                                                              LDA r27, [p2], #4
         626    0x20 0x76 0x08 0x03 0xb0 0x00 0x07 0xff 0x1f 0xfb                                LDA r24, [p1], #4;                                          ST r24, [p0], #4;             MUL r31, r31, r17
         636    0x02 0x03 0xb2 0x59                                                              LDA r25, [p2], #4
         640    0x20 0x77 0x08 0x03 0xbe 0x00 0x07 0xbd 0xcf 0xfb                                LDA r28, [p1], #4;                                          ST r31, [p0], #4;             MUL r30, r30, r28
         650    0x02 0x03 0xbe 0x59                                                              LDA r31, [p2], #4
         654    0x3c 0x77 0x48 0x03 0xbc 0x00 0x07 0x65 0x2f 0xfb                                LDA r29, [p1], #-60;                                        ST r30, [p0], #4;             MUL r18, r29, r18
         664    0x02 0xe3 0xbc 0x59                                                              LDA r30, [p2], #-60
         668    0x00 0x74 0x86 0xf5 0xaf 0xbd                                                                                                                ST r18, [p0], #4;             MUL r26, r27, r26
         674    0x00 0x01                                                                        NOPX
         676    0x16 0x71 0x8f 0x99                                                                                                                                                        MUL r24, r25, r24
         680    0x00 0x01                                                                        NOPX
.no_stack_arguments
         682    0x00 0x02 0xc0 0x00 0x01 0x15                                                                                                                                              JL #1408
.delay_slot
.noswbrkpt
         688    0x00 0x76 0x87 0xf1 0xcf 0xbd                                                                                                                ST r26, [p0], #4;             MUL r24, r31, r28
.delay_slot
.nohwbrkpt
.noswbrkpt
         694    0x00 0x76 0x07 0x71 0xef 0xbd                                                                                                                ST r24, [p0], #4;             MUL r24, r29, r30
.delay_slot
.nohwbrkpt
.noswbrkpt
         700    0x00 0x76 0x00 0x02 0x21 0x3b 0x20 0x03                                                                                                      ST r24, [p0], #4;                                           MOV r17, p1
.delay_slot
         708    0x00 0x00 0x00 0x00 0x00 0xe3 0xb0 0x02 0x42 0x3b 0x20 0xf7                      NOPA;                         NOPB;                         ST r24, [p0], #-60;                                         MOV r18, p2
.delay_slot
         720    0x00 0x00 0x00 0x00 0x07 0xf9 0x46 0x80 0x10 0x28 0x00 0x63 0x48 0x00 0x03 0xc0  NOPA;                         NOPB;                         ST p0, [sp, #-56];            MOVX r1, #1;                  MOV r0, #48;                            NOPV
.return_address
.no_stack_arguments
         736    0x00 0x02 0xc0 0x00 0x01 0x15                                                                                                                                              JL #1408
.delay_slot
         742    0x00 0x00 0x06 0x48 0x20 0x03 0xc8 0x43                                                                                                                                    MOVX r0, #50;                 MOV r1, #1
.delay_slot
.swstall delay_slot
         750    0x00 0x01                                                                        NOPX
.delay_slot
.swstall delay_slot
         752    0x00 0x01                                                                        NOPX
.delay_slot
.swstall delay_slot
         754    0x00 0x01                                                                        NOPX
.delay_slot
.swstall delay_slot
         756    0x00 0x00 0x00 0x00 0x00 0x00 0x00 0x00 0x00 0x00 0x01 0x37                      NOPA;                         NOPB;                         NOPS;                         NOPX
.return_address
.no_stack_arguments
         768    0x00 0x02 0xc0 0x00 0x01 0x15                                                                                                                                              JL #1408
.delay_slot
         774    0x00 0x00 0x06 0xa8 0x20 0x03 0xc8 0x43                                                                                                                                    MOVX r0, #53;                 MOV r1, #1
.delay_slot
.swstall delay_slot
         782    0x00 0x01                                                                        NOPX
.delay_slot
.swstall delay_slot
         784    0x00 0x01                                                                        NOPX
.delay_slot
.swstall delay_slot
         786    0x00 0x01                                                                        NOPX
.delay_slot
.swstall delay_slot
         788    0x00 0x00 0x00 0x00 0x00 0x00 0x00 0x00 0x00 0x00 0x01 0x37                      NOPA;                         NOPB;                         NOPS;                         NOPX
.return_address
.no_stack_arguments
         800    0x00 0x02 0xb0 0x00 0x01 0x15                                                                                                                                              JL #1376
.delay_slot
         806    0x00 0x00 0x06 0x28 0x27 0xff 0xc8 0x43                                                                                                                                    MOVX r0, #49;                 MOV r1, #-1
.delay_slot
.swstall delay_slot
         814    0x00 0x01                                                                        NOPX
.delay_slot
.swstall delay_slot
         816    0x00 0x01                                                                        NOPX
.delay_slot
.swstall delay_slot
         818    0x00 0x01                                                                        NOPX
.delay_slot
.swstall delay_slot
         820    0x00 0x00 0x00 0x00 0x00 0x00 0x00 0x00 0x00 0x00 0x01 0x37                      NOPA;                         NOPB;                         NOPS;                         NOPX
.return_address
.no_stack_arguments
         832    0x00 0x02 0xb0 0x00 0x01 0x15                                                                                                                                              JL #1376
.delay_slot
         838    0x00 0x00 0x06 0x68 0x27 0xff 0xc8 0x43                                                                                                                                    MOVX r0, #51;                 MOV r1, #-1
.delay_slot
.swstall delay_slot
         846    0x00 0x01                                                                        NOPX
.delay_slot
.swstall delay_slot
         848    0x00 0x01                                                                        NOPX
.delay_slot
.swstall delay_slot
         850    0x00 0x01                                                                        NOPX
.delay_slot
.swstall delay_slot
         852    0x00 0x00 0x00 0x00 0x00 0x00 0x00 0x00 0x00 0x00 0x01 0x37                      NOPA;                         NOPB;                         NOPS;                         NOPX
.return_address
.no_stack_arguments
         864    0x00 0x02 0xb0 0x00 0x01 0x15                                                                                                                                              JL #1376
.delay_slot
         870    0x00 0x00 0x06 0x88 0x27 0xff 0xc8 0x43                                                                                                                                    MOVX r0, #52;                 MOV r1, #-1
.delay_slot
.swstall delay_slot
         878    0x00 0x01                                                                        NOPX
.delay_slot
.swstall delay_slot
         880    0x00 0x01                                                                        NOPX
.delay_slot
.swstall delay_slot
         882    0x00 0x01                                                                        NOPX
.delay_slot
.swstall delay_slot
         884    0x00 0x00 0x00 0x00 0x00 0x00 0x00 0x00 0x00 0x00 0x01 0x37                      NOPA;                         NOPB;                         NOPS;                         NOPX
.return_address
         896    0x18 0x3b 0x16 0x59                                                                                                                                                                                      MOV p0, r22
         900    0x00 0x76 0x09 0x3a 0x96 0x4d                                                    LDA r24, [p0], #4;                                                                                                      MOV p1, r21
         906    0x01 0x03 0xb8 0x59                                                              LDA r28, [p1], #4
         910    0x01 0x03 0xb2 0x59                                                              LDA r25, [p1], #4
         914    0x00 0x03 0xbc 0x59                                                              LDA r30, [p0], #4
         918    0x01 0x03 0xb6 0x59                                                              LDA r27, [p1], #4
         922    0x00 0x03 0xbe 0x59                                                              LDA r31, [p0], #4
         926    0x01 0x03 0xb4 0x59                                                              LDA r26, [p1], #4
         930    0x00 0x03 0xba 0x59                                                              LDA r29, [p0], #4
         934    0x00 0x74 0xcf 0x39 0x8f 0x9d                                                    LDA r19, [p0], #4;                                                                        MUL r28, r28, r24
         940    0x01 0x03 0xb0 0x59                                                              LDA r24, [p1], #4
         944    0x00 0x77 0x8f 0x03 0xb8 0x00 0x06 0x73 0xef 0xfb                                LDA r30, [p0], #4;                                          ST r28, [p7], #4;             MUL r25, r25, r30
         954    0x01 0x03 0xb8 0x59                                                              LDA r28, [p1], #4
         958    0x20 0x76 0xcf 0x03 0xb2 0x00 0x07 0xf3 0xbf 0xfb                                LDA r27, [p1], #4;                                          ST r25, [p7], #4;             MUL r25, r31, r27
         968    0x00 0x03 0xbe 0x59                                                              LDA r31, [p0], #4
         972    0x00 0x77 0x4f 0x03 0xb2 0x00 0x07 0x73 0xaf 0xfb                                LDA r29, [p0], #4;                                          ST r25, [p7], #4;             MUL r25, r29, r26
         982    0x01 0x03 0xb4 0x59                                                              LDA r26, [p1], #4
         986    0x20 0x76 0x0f 0x03 0xb2 0x00 0x04 0xe7 0x8f 0xfb                                LDA r24, [p1], #4;                                          ST r25, [p7], #4;             MUL r19, r19, r24
         996    0x00 0x03 0xb2 0x59                                                              LDA r25, [p0], #4
        1000    0x20 0x77 0x8f 0x03 0xa6 0x00 0x07 0xb9 0xcf 0xfb                                LDA r30, [p1], #4;                                          ST r19, [p7], #4;             MUL r28, r30, r28
        1010    0x00 0x03 0xa6 0x59                                                              LDA r19, [p0], #4
        1014    0x20 0x77 0x0f 0x03 0xb8 0x00 0x07 0xf7 0xbf 0xfb                                LDA r28, [p1], #4;                                          ST r28, [p7], #4;             MUL r27, r31, r27
        1024    0x00 0x03 0xbe 0x59                                                              LDA r31, [p0], #4
        1028    0x00 0x75 0x4f 0x03 0xb6 0x00 0x07 0x75 0xaf 0xfb                                LDA r21, [p0], #4;                                          ST r27, [p7], #4;             MUL r26, r29, r26
        1038    0x01 0x03 0xba 0x59                                                              LDA r29, [p1], #4
        1042    0x20 0x76 0x8f 0x03 0xb4 0x00 0x06 0x71 0x8f 0xfb                                LDA r26, [p1], #4;                                          ST r26, [p7], #4;             MUL r24, r25, r24
        1052    0x00 0x03 0xb6 0x59                                                              LDA r27, [p0], #4
        1056    0x20 0x76 0x0f 0x03 0xb0 0x00 0x04 0xfd 0xef 0xfb                                LDA r24, [p1], #4;                                          ST r24, [p7], #4;             MUL r30, r19, r30
        1066    0x00 0x03 0xb2 0x59                                                              LDA r25, [p0], #4
        1070    0x20 0x77 0x0f 0x03 0xbc 0x00 0x07 0xfd 0xcf 0xfb                                LDA r28, [p1], #4;                                          ST r30, [p7], #4;             MUL r30, r31, r28
        1080    0x00 0x03 0xbe 0x59                                                              LDA r31, [p0], #4
        1084    0x3c 0x77 0x4f 0x03 0xbc 0x00 0x07 0x67 0x5f 0xfb                                LDA r29, [p1], #-60;                                        ST r30, [p7], #4;             MUL r19, r29, r21
        1094    0x00 0xe3 0xbc 0x59                                                              LDA r30, [p0], #-60
        1098    0x16 0xf5 0xaf 0x99                                                                                                                                                        MUL r26, r27, r26
        1102    0x00 0x01                                                                        NOPX
        1104    0x00 0x01                                                                        NOPX
.no_stack_arguments
        1106    0x00 0x02 0xc0 0x00 0x01 0x15                                                                                                                                              JL #1408
.delay_slot
        1112    0xe0 0x74 0xc6 0x71 0x8f 0xbd                                                                                                                ST r19, [p7], #4;             MUL r24, r25, r24
.delay_slot
.noswbrkpt
        1118    0xe0 0x76 0x87 0xf1 0xcf 0xbd                                                                                                                ST r26, [p7], #4;             MUL r24, r31, r28
.delay_slot
.nohwbrkpt
.noswbrkpt
        1124    0xe0 0x76 0x07 0x71 0xef 0xbd                                                                                                                ST r24, [p7], #4;             MUL r24, r29, r30
.delay_slot
.nohwbrkpt
.noswbrkpt
        1130    0xe0 0x76 0x00 0x02 0xc0 0x3b 0x20 0x03                                                                                                      ST r24, [p7], #4;                                           MOV r22, p0
.delay_slot
        1138    0x00 0x20 0x48 0x00 0x00 0x00 0xc1 0x54 0x27 0x65 0xfc 0x76 0x00 0x7f            MOVA r1, #1;                  NOPB;                         ST r24, [p7], #-60;           MOVX r0, #48;                 MOV r21, p1
.return_address
.no_stack_arguments
        1152    0x00 0x02 0xc0 0x00 0x01 0x15                                                                                                                                              JL #1408
.delay_slot
        1158    0x00 0x00 0x06 0x48 0x20 0x03 0xc8 0x43                                                                                                                                    MOVX r0, #50;                 MOV r1, #1
.delay_slot
.swstall delay_slot
        1166    0x00 0x01                                                                        NOPX
.delay_slot
.swstall delay_slot
        1168    0x00 0x01                                                                        NOPX
.delay_slot
.swstall delay_slot
        1170    0x00 0x01                                                                        NOPX
.delay_slot
.swstall delay_slot
        1172    0x00 0x00 0x00 0x00 0x00 0x00 0x00 0x00 0x00 0x00 0x01 0x37                      NOPA;                         NOPB;                         NOPS;                         NOPX
.return_address
.no_stack_arguments
        1184    0x00 0x02 0xc0 0x00 0x01 0x15                                                                                                                                              JL #1408
.delay_slot
        1190    0x00 0x00 0x06 0xa8 0x20 0x03 0xc8 0x43                                                                                                                                    MOVX r0, #53;                 MOV r1, #1
.delay_slot
.swstall delay_slot
        1198    0x00 0x01                                                                        NOPX
.delay_slot
.swstall delay_slot
        1200    0x00 0x01                                                                        NOPX
.delay_slot
.swstall delay_slot
        1202    0x00 0x01                                                                        NOPX
.delay_slot
.swstall delay_slot
        1204    0x00 0x00 0x00 0x00 0x00 0x00 0x00 0x00 0x00 0x00 0x01 0x37                      NOPA;                         NOPB;                         NOPS;                         NOPX
.return_address
        1216    0x14 0x21 0x8c 0x19                                                                                                                                                        JNZD r16, r16, p6
.delay_slot
.swstall delay_slot
        1220    0x00 0x01                                                                        NOPX
.delay_slot
.swstall delay_slot
        1222    0x00 0x01                                                                        NOPX
.delay_slot
.swstall delay_slot
        1224    0x00 0x01                                                                        NOPX
.delay_slot
.swstall delay_slot
        1226    0x00 0x01                                                                        NOPX
.delay_slot
.swstall delay_slot
        1228    0x00 0x01                                                                        NOPX
.loop_nesting 1
        1230    0xff 0x4e 0x88 0x32 0x01 0x1d                                                    LDA r26, [sp, #-48];                                                                      MOVX r25, #0
        1236    0xff 0x3f 0x08 0x1f 0xff 0xff 0x67 0xff 0x90 0xbb                                LDA r28, [sp, #-52];                                                                      MOVXM r27, #2147483647
        1246    0x00 0x01                                                                        NOPX
        1248    0x00 0x01                                                                        NOPX
        1250    0x00 0x01                                                                        NOPX
        1252    0x00 0x01                                                                        NOPX
        1254    0x00 0x01                                                                        NOPX
        1256    0x16 0xb4 0x07 0x19                                                                                                                                                        ADD r26, r26, #1
        1260    0xff 0x4e 0x86 0x73 0xc2 0xbd                                                                                                                ST r26, [sp, #-48];           ADC r25, r25, r28
        1266    0xff 0x3e 0x46 0xf3 0x98 0xbd                                                                                                                ST r25, [sp, #-52];           NE r25, r27, r25
        1272    0x16 0xb5 0x48 0x99                                                                                                                                                        NE r26, r26, r20
        1276    0x16 0x73 0xa5 0x99                                                                                                                                                        OR r25, r25, r26
        1280    0xc8 0x00 0xa8 0x40 0x01 0x95                                                                                                                                              JNZ r25, #336
.delay_slot
        1286    0x00 0x07 0x0c 0x08 0x00 0x55                                                                                                                                              MOVXM r24, #459776
.delay_slot
        1292    0x00 0x07 0x4a 0x80 0x80 0x55                                                                                                                                              MOVXM r21, #475200
.delay_slot
        1298    0x00 0x07 0xcb 0x00 0x00 0x55                                                                                                                                              MOVXM r22, #507904
.delay_slot
.swstall delay_slot
        1304    0x00 0x01                                                                        NOPX
.delay_slot
.swstall delay_slot
        1306    0x00 0x01                                                                        NOPX
.loop_nesting 0
        1308    0x07 0xfa 0xc2 0xd9                                                              LDA lr, [sp, #-44]
        1312    0x07 0xfb 0x62 0x59                                                              LDA r17, [sp, #-40]
        1316    0x07 0xff 0xe4 0x59                                                              LDA r18, [sp, #-4]
        1320    0x07 0xff 0x66 0x59                                                              LDA r19, [sp, #-8]
        1324    0x07 0xfe 0xe8 0x59                                                              LDA r20, [sp, #-12]
        1328    0x07 0xfe 0x60 0x59                                                              LDA r16, [sp, #-16]
        1332    0x07 0xfd 0xea 0x59                                                              LDA r21, [sp, #-20]
        1336    0x07 0xfd 0x6c 0x59                                                              LDA r22, [sp, #-24]
        1340    0x07 0xfc 0xee 0x59                                                              LDA r23, [sp, #-28]
        1344    0x07 0xfc 0x76 0xd9                                                              LDA p6, [sp, #-32]
        1348    0x07 0xfb 0xfe 0xd9                                                              LDA p7, [sp, #-36]
        1352    0x10 0x00 0x18 0x19                                                                                                                                                        RET lr
.delay_slot
.swstall delay_slot
        1356    0x00 0x01                                                                        NOPX
.delay_slot
.swstall delay_slot
        1358    0x00 0x01                                                                        NOPX
.delay_slot
.swstall delay_slot
        1360    0x00 0x01                                                                        NOPX
.delay_slot
.swstall delay_slot
        1362    0x00 0x01                                                                        NOPX
.delay_slot
        1364    0x00 0x00 0x07 0xff 0xc0 0x00 0x00 0x00 0x00 0x00 0x01 0x37                      NOPA;                         PADDB [sp], #-64;             NOPS;                         NOPX
.label core_0_2__end
.label llvm___aie2___acquire
.function_start
        1376    0x10 0x12 0x12 0x19                                                                                                                                                        ACQ r0, r1
        1380    0x10 0x00 0x18 0x19                                                                                                                                                        RET lr
.delay_slot
.swstall delay_slot
        1384    0x00 0x01                                                                        NOPX
.delay_slot
.swstall delay_slot
        1386    0x00 0x01                                                                        NOPX
.delay_slot
.swstall delay_slot
        1388    0x00 0x01                                                                        NOPX
.delay_slot
.swstall delay_slot
        1390    0x00 0x01                                                                        NOPX
.delay_slot
.swstall delay_slot
        1392    0x00 0x00 0x00 0x00 0x00 0x00 0x00 0x00 0x00 0x00 0x00 0x03 0x88 0x00 0x03 0xc0  NOPA;                         NOPB;                         NOPS;                         NOPX;                         NOPM;                                   NOPV
.label llvm___aie2___acquire__end
.label llvm___aie2___release
.function_start
        1408    0x00 0x01                                                                        NOPX
        1410    0x00 0x01                                                                        NOPX
        1412    0x00 0x01                                                                        NOPX
        1414    0x00 0x01                                                                        NOPX
        1416    0x00 0x01                                                                        NOPX
        1418    0x00 0x01                                                                        NOPX
        1420    0x10 0x10 0x12 0x19                                                                                                                                                        REL r0, r1
        1424    0x10 0x00 0x18 0x19                                                                                                                                                        RET lr
.delay_slot
.swstall delay_slot
        1428    0x00 0x01                                                                        NOPX
.delay_slot
.swstall delay_slot
        1430    0x00 0x01                                                                        NOPX
.delay_slot
.swstall delay_slot
        1432    0x00 0x01                                                                        NOPX
.delay_slot
.swstall delay_slot
        1434    0x00 0x01                                                                        NOPX
.delay_slot
.swstall delay_slot
        1436    0x00 0x00 0x00 0x19                                                              NOPA
.label llvm___aie2___release__end
.label _fini
.function_start
        1440    0x18 0x0b 0x96 0x59                                                                                                                                                                                      MOV r0, r23
        1444    0x00 0x00 0x0c 0x00 0x00 0x55                                                                                                                                              MOVXM r24, #0
        1450    0x18 0x3e 0x76 0x59                                                                                                                                                                                      MOV p0, p7
        1454    0x00 0x00 0x0b 0x80 0x00 0x55                                                                                                                                              MOVXM r23, #0
        1460    0x00 0x2f 0x8c 0x3f 0x9e 0x0b 0x28 0x43                                                                                                                                    EQ r24, r23, r24;             MOV p7, r24
        1468    0xc0 0x03 0x10 0x40 0x01 0x95                                                                                                                                              JNZ r24, #1568
.delay_slot
        1474    0x38 0x03 0x20 0x19                                                                                            PADDB [sp], #32
.delay_slot
        1478    0x0f 0xff 0xec 0x19                                                                                                                          ST r22, [sp, #-4]
.delay_slot
        1482    0x0f 0xfe 0x42 0x99                                                                                                                          ST lr, [sp, #-16]
.delay_slot
        1486    0x0f 0xfe 0xc0 0x19                                                                                                                          ST r0, [sp, #-12]
.delay_slot
        1490    0x00 0x00 0x07 0xff 0x46 0x80 0x00 0x40 0x00 0x38 0x00 0x00 0x78 0x2f            NOPA;                                                       ST p0, [sp, #-8];                                           NOPM;                                   NOPV
.label TGT_F_fini_64
.loop_nesting 1
        1504    0x07 0x03 0x86 0xd9                                                              LDA p0, [p7], #4
        1508    0x00 0x01                                                                        NOPX
        1510    0x00 0x01                                                                        NOPX
        1512    0x00 0x01                                                                        NOPX
        1514    0x00 0x01                                                                        NOPX
        1516    0x00 0x01                                                                        NOPX
        1518    0x00 0x01                                                                        NOPX
.no_stack_arguments
        1520    0x10 0x00 0x14 0x19                                                                                                                                                        JL p0
.delay_slot
        1524    0x1d 0x8e 0x76 0x59                                                                                                                                                                                      MOV r22, p7
.delay_slot
.swstall delay_slot
        1528    0x00 0x01                                                                        NOPX
.delay_slot
.swstall delay_slot
        1530    0x00 0x01                                                                        NOPX
.delay_slot
.swstall delay_slot
        1532    0x00 0x01                                                                        NOPX
.delay_slot
.swstall delay_slot
        1534    0x00 0x01                                                                        NOPX
.return_address
        1536    0x15 0xf1 0x68 0x99                                                                                                                                                        NE r24, r23, r22
        1540    0xc0 0x02 0xf0 0x40 0x01 0x95                                                                                                                                              JNZ r24, #1504
.delay_slot
.swstall delay_slot
        1546    0x00 0x01                                                                        NOPX
.delay_slot
.swstall delay_slot
        1548    0x00 0x01                                                                        NOPX
.delay_slot
.swstall delay_slot
        1550    0x00 0x01                                                                        NOPX
.delay_slot
.swstall delay_slot
        1552    0x00 0x01                                                                        NOPX
.delay_slot
.swstall delay_slot
        1554    0x00 0x00 0x00 0x00 0x00 0x00 0x00 0x40 0x00 0x38 0x00 0x00 0x78 0x2f            NOPA;                                                       NOPS;                                                       NOPM;                                   NOPV
.label TGT_F_fini_128
.loop_nesting 0
        1568    0x07 0xfe 0x42 0xd9                                                              LDA lr, [sp, #-16]
        1572    0x07 0xfe 0xee 0x59                                                              LDA r23, [sp, #-12]
        1576    0x07 0xff 0xec 0x59                                                              LDA r22, [sp, #-4]
        1580    0x07 0xff 0x7e 0xd9                                                              LDA p7, [sp, #-8]
        1584    0x00 0x01                                                                        NOPX
        1586    0x00 0x01                                                                        NOPX
        1588    0x00 0x01                                                                        NOPX
        1590    0x10 0x00 0x18 0x19                                                                                                                                                        RET lr
.delay_slot
.swstall delay_slot
        1594    0x00 0x01                                                                        NOPX
.delay_slot
.swstall delay_slot
        1596    0x00 0x01                                                                        NOPX
.delay_slot
.swstall delay_slot
        1598    0x00 0x01                                                                        NOPX
.delay_slot
.swstall delay_slot
        1600    0x00 0x01                                                                        NOPX
.delay_slot
        1602    0x00 0x00 0x07 0xff 0xe0 0x00 0x00 0x00 0x00 0x71 0x00 0x00 0x00 0x7f            NOPA;                         PADDB [sp], #-32;             NOPS;                         NOPX;                         NOPM
.label _fini__end
.label __cxa_finalize
.function_start
        1616    0x01 0x00 0x48 0x00 0x01 0xc0 0x1a 0x50 0x10 0xbb                                MOVA r1, #8;                                                                              MOVXM p0, #459936
        1626    0x00 0x50 0xc8 0x00 0x01 0xc0 0x42 0x40 0x10 0xbb                                LDA r3, [p0, #0];                                                                         MOVXM r2, #459904
        1636    0x00 0x50 0x40 0x3e 0x17 0xaa 0x24 0x9b 0x29 0x3b                                                                                            ST r1, [p0, #0];              MOVX r1, #-3;                 MOV r17, crSat
        1646    0x1c 0x06 0x36 0x59                                                                                                                                                                                      MOV r16, crRnd
        1650    0x1c 0x84 0xf6 0x59                                                                                                                                                                                      MOV r18, lr
        1654    0x00 0x00 0x0c 0x6d 0x20 0x55                                                                                                                                              MOVXM p6, #1680
        1660    0x00 0x01                                                                        NOPX
        1662    0x00 0x01                                                                        NOPX
        1664    0x18 0xc1 0xf6 0x79                                                                                                                                                                                      ADD.NC r3, r3, #-8
        1668    0x10 0xc4 0x20 0x99                                                                                                                                                        ADD r2, r3, r2
        1672    0x00 0x07 0x30 0xf7 0x98 0x8b 0x28 0x43                                                                                                                                    ASHL r19, r3, r1;             MOV p7, r2
.label TGT_F__cxa_finalize_64
.loop_nesting 1
        1680    0x07 0x03 0x8e 0xd9                                                              LDA p1, [p7], #4
        1684    0x07 0xfb 0x86 0xd9                                                              LDA p0, [p7], #-12
        1688    0x00 0x01                                                                        NOPX
        1690    0x00 0x01                                                                        NOPX
        1692    0x00 0x01                                                                        NOPX
        1694    0x00 0x01                                                                        NOPX
        1696    0x00 0x01                                                                        NOPX
.no_stack_arguments
        1698    0x10 0x00 0x54 0x19                                                                                                                                                        JL p1
.delay_slot
.swstall delay_slot
        1702    0x00 0x01                                                                        NOPX
.delay_slot
.swstall delay_slot
        1704    0x00 0x01                                                                        NOPX
.delay_slot
.swstall delay_slot
        1706    0x00 0x01                                                                        NOPX
.delay_slot
.swstall delay_slot
        1708    0x00 0x00 0x00 0x19                                                              NOPA
.delay_slot
        1712    0x00 0x00 0x00 0x00 0x00 0x00 0x00 0x00 0x00 0x02 0x80 0x0b 0x28 0x00 0x03 0xc0  NOPA;                         NOPB;                         NOPS;                         NOPX;                         MOV r20, r0;                            NOPV
.return_address
        1728    0x14 0xe7 0x8c 0x19                                                                                                                                                        JNZD r19, r19, p6
.delay_slot
        1732    0x18 0x0a 0x16 0x59                                                                                                                                                                                      MOV r0, r20
.delay_slot
.swstall delay_slot
        1736    0x00 0x01                                                                        NOPX
.delay_slot
.swstall delay_slot
        1738    0x00 0x01                                                                        NOPX
.delay_slot
.swstall delay_slot
        1740    0x00 0x01                                                                        NOPX
.delay_slot
.swstall delay_slot
        1742    0x00 0x01                                                                        NOPX
.loop_nesting 0
        1744    0x1a 0x79 0x16 0x59                                                                                                                                                                                      MOV lr, r18
        1748    0x10 0x00 0x18 0x19                                                                                                                                                        RET lr
.delay_slot
        1752    0x00 0x23 0x21 0x01 0x8c 0x0b 0x28 0x43                                                                                                                                    MOVX crSat, r17;              MOV crRnd, r16
.delay_slot
.swstall delay_slot
        1760    0x00 0x01                                                                        NOPX
.delay_slot
.swstall delay_slot
        1762    0x00 0x01                                                                        NOPX
.delay_slot
.swstall delay_slot
        1764    0x00 0x01                                                                        NOPX
.delay_slot
.swstall delay_slot
        1766    0x00 0x00 0x00 0x00 0x00 0x00 0x00 0x03 0x8e 0xbb                                NOPA;                         NOPB;                                                                                     NOPM
.label __cxa_finalize__end

.data_segment DMb 459904
.label _ZL7atexits
	0xa0
	0x5
	0x0
	0x0
	0x0
	0x0
	0x0
	0x0
	0x0
	0x0
	0x0
	0x0
	0x0
	0x0
	0x0
	0x0
	0x0
	0x0
	0x0
	0x0
	0x0
	0x0
	0x0
	0x0
	0x0
	0x0
	0x0
	0x0
	0x0
	0x0
	0x0
	0x0
.label _ZL10atexit_cnt
	0x8
	0x0
	0x0
	0x0

.stack DM_stack 458752 459776
