
// File generated by darts version U-2022.12#3eec2545bc#230622, Thu Aug 15 10:40:18 2024
// Copyright 2014-2022 Synopsys, Inc. All rights reserved.
// darts -I/proj/xbuilds/SWIP/2023.2_1013_2256/installs/lin64/Vitis/2023.2/aietools/data/aie_ml/lib -d -h -I/proj/xbuilds/SWIP/2023.2_1013_2256/installs/lin64/Vitis/2023.2/aietools/data/aie_ml/lib/runtime_cxx/libcxx-lite/include -I/proj/xbuilds/SWIP/2023.2_1013_2256/installs/lin64/Vitis/2023.2/aietools/data/aie_ml/lib/runtime_cxx/libs/libcxx-9.0.0/include-lite -I/proj/xbuilds/SWIP/2023.2_1013_2256/installs/lin64/Vitis/2023.2/aietools/data/aie_ml/lib/runtime/include -I<BOOST_DIR> -D__AIENGINE__ -D__AIE_ARCH__=20 -D__AIEARCH__=20 -D__tct_tgt__=230622 -L +Ihex +nanno +u core_0_2.elf me

// Release: ipp U-2022.12-TGT-230622

.text_segment PM      0
.entry_point
.label __AIE_ARCH_MODEL_VERSION__20010300__inlined__1__me_basic___main_init_
.label _main_init
.function_start
           0    0x00 0x00 0x01 0xc3 0x38 0x00 0x10 0x43                                                                                                                                    MOVXM sp, #458752
           8    0x00 0x00 0x08 0x00 0x00 0x55                                                                                                                                              MOVXM r16, #0
          14    0x00 0x00 0x0c 0x00 0x00 0x55                                                                                                                                              MOVXM r24, #0
          20    0x16 0x31 0x07 0x99                                                                                                                                                        EQ r24, r24, r16
          24    0xc0 0x00 0x40 0x40 0x01 0x95                                                                                                                                              JNZ r24, #128
.delay_slot
.swstall delay_slot
          30    0x00 0x01                                                                        NOPX
.delay_slot
.swstall delay_slot
          32    0x00 0x01                                                                        NOPX
.delay_slot
.swstall delay_slot
          34    0x00 0x01                                                                        NOPX
.delay_slot
.swstall delay_slot
          36    0x00 0x01                                                                        NOPX
.delay_slot
.swstall delay_slot
          38    0x00 0x01                                                                        NOPX
          40    0xff 0xff 0xfc 0x7f 0xf8 0x55                                                                                                                                              MOVXM p6, #-4
          46    0x1f 0x30 0x76 0x59                                                                                                                                                                                      MOV p7, p0
          50    0x00 0x00 0x00 0x00 0x00 0x00 0x00 0x62 0x04 0xb2 0x00 0x00 0x78 0x2f            NOPA;                                                       NOPS;                                                       MOV r17, r1;                            NOPV
.label TGT_F_main_init_64
.loop_nesting 1
          64    0xdf 0xf0 0xdc 0x8c 0x76 0x4d                                                    LDA p0, [p6], #-4;                                                                                                      MOV r18, p6
          70    0x00 0x01                                                                        NOPX
          72    0x00 0x01                                                                        NOPX
          74    0x00 0x01                                                                        NOPX
          76    0x00 0x01                                                                        NOPX
          78    0x00 0x01                                                                        NOPX
          80    0x00 0x01                                                                        NOPX
.no_stack_arguments
          82    0x10 0x00 0x14 0x19                                                                                                                                                        JL p0
.delay_slot
.swstall delay_slot
          86    0x00 0x01                                                                        NOPX
.delay_slot
.swstall delay_slot
          88    0x00 0x01                                                                        NOPX
.delay_slot
.swstall delay_slot
          90    0x00 0x01                                                                        NOPX
.delay_slot
.swstall delay_slot
          92    0x00 0x01                                                                        NOPX
.delay_slot
.swstall delay_slot
          94    0x00 0x01                                                                        NOPX
.return_address
          96    0x14 0xb1 0x08 0x99                                                                                                                                                        NE r24, r18, r16
         100    0xc0 0x00 0x20 0x40 0x01 0x95                                                                                                                                              JNZ r24, #64
.delay_slot
.swstall delay_slot
         106    0x00 0x01                                                                        NOPX
.delay_slot
.swstall delay_slot
         108    0x00 0x01                                                                        NOPX
.delay_slot
.swstall delay_slot
         110    0x00 0x01                                                                        NOPX
.delay_slot
.swstall delay_slot
         112    0x00 0x01                                                                        NOPX
.delay_slot
.swstall delay_slot
         114    0x00 0x01                                                                        NOPX
.loop_nesting 0
         116    0x18 0x3e 0x76 0x59                                                                                                                                                                                      MOV p0, p7
         120    0x00 0x00 0x00 0x00 0x24 0x4b 0x20 0x03                                                                                                      NOPS;                                                       MOV r1, r17
.label TGT_F_main_init_128
.no_stack_arguments
         128    0x00 0x00 0x70 0x00 0x01 0x15                                                                                                                                              JL #224
.delay_slot
.swstall delay_slot
         134    0x00 0x01                                                                        NOPX
.delay_slot
.swstall delay_slot
         136    0x00 0x01                                                                        NOPX
.delay_slot
.swstall delay_slot
         138    0x00 0x01                                                                        NOPX
.delay_slot
.swstall delay_slot
         140    0x00 0x01                                                                        NOPX
.delay_slot
.swstall delay_slot
         142    0x00 0x01                                                                        NOPX
.return_address
.no_stack_arguments
         144    0x00 0x01 0xf8 0x00 0x01 0x15                                                                                                                                              JL #1008
.delay_slot
         150    0x18 0x30 0x06 0x99                                                                                                                                                                                      MOV p0, #0
.delay_slot
.swstall delay_slot
         154    0x00 0x01                                                                        NOPX
.delay_slot
.swstall delay_slot
         156    0x00 0x01                                                                        NOPX
.delay_slot
.swstall delay_slot
         158    0x00 0x01                                                                        NOPX
.delay_slot
.swstall delay_slot
         160    0x00 0x00 0x00 0x00 0x00 0x00 0x00 0x00 0x00 0x00 0x00 0x03 0x88 0x00 0x03 0xc0  NOPA;                         NOPB;                         NOPS;                         NOPX;                         NOPM;                                   NOPV
.return_address
.swstall chess_separator_scheduler
         176    0x00 0x01                                                                        NOPX
.swstall chess_separator_scheduler
         178    0x00 0x01                                                                        NOPX
.swstall chess_separator_scheduler
         180    0x00 0x01                                                                        NOPX
.swstall chess_separator_scheduler
         182    0x00 0x01                                                                        NOPX
.swstall chess_separator_scheduler
         184    0x00 0x01                                                                        NOPX
.swstall chess_separator_scheduler
         186    0x00 0x01                                                                        NOPX
         188    0x10 0x00 0x08 0x19                                                                                                                                                        DONE
.swstall chess_separator_scheduler
         192    0x00 0x01                                                                        NOPX
.swstall chess_separator_scheduler
         194    0x00 0x01                                                                        NOPX
.swstall chess_separator_scheduler
         196    0x00 0x01                                                                        NOPX
.swstall chess_separator_scheduler
         198    0x00 0x01                                                                        NOPX
.swstall chess_separator_scheduler
         200    0x00 0x01                                                                        NOPX
.swstall chess_separator_scheduler
         202    0x00 0x01                                                                        NOPX
.swstall for_chess_exit
.exit
         204    0x00 0x00 0x00 0x19                                                              NOPA
.label TGT_F_main_init_208
.loop_nesting 1
         208    0x00 0x00 0x68 0x00 0x00 0x95                                                                                                                                              J #208
.delay_slot
.swstall delay_slot
         214    0x00 0x01                                                                        NOPX
.delay_slot
.swstall delay_slot
         216    0x00 0x01                                                                        NOPX
.delay_slot
.swstall delay_slot
         218    0x00 0x01                                                                        NOPX
.delay_slot
.swstall delay_slot
         220    0x00 0x01                                                                        NOPX
.delay_slot
.swstall delay_slot
         222    0x00 0x01                                                                        NOPX
.label _main_init__end
.label core_0_2
.function_start
         224    0x00 0x03 0x40 0x01 0x70 0x28 0x85 0xcb 0x28 0x3b                                                              PADDB [sp], #64;                                            MOVX r23, #1;                 MOV r4, r23
         234    0x00 0x04 0x0f 0xff 0xe0 0x3f 0x54 0x28 0x65 0x4b 0x28 0x77                      MOVA r16, #0;                                               ST r16, [sp, #-4];            MOVX r21, #-31;               MOV r3, r21
         246    0xff 0x8f 0xd0 0x01 0x20 0x08 0x04 0x8b 0x29 0x3b                                                                                            ST p7, [sp, #-32];            MOVX r18, #0;                 MOV r0, r18
         256    0xff 0x9e 0xd0 0x3f 0x37 0xc8 0x24 0xcb 0x29 0x3b                                                                                            ST p6, [sp, #-28];            MOVX r19, #-2;                MOV r1, r19
         266    0xff 0xa9 0x00 0x00 0xa5 0x8b 0x20 0x03                                                                                                      ST r4, [sp, #-24];                                          MOV r5, r22
         274    0xff 0xb9 0x40 0x01 0x41 0x28 0x45 0x0b 0x29 0x3b                                                                                            ST r5, [sp, #-20];            MOVX r20, #9;                 MOV r2, r20
         284    0xff 0xc8 0xc0 0x00 0x01 0xf2 0xc0 0x00 0x11 0x3b                                                                                            ST r3, [sp, #-16];            MOVXM r22, #507904
         294    0x0f 0xfe 0xc4 0x19                                                                                                                          ST r2, [sp, #-12]
         298    0x0f 0xff 0x42 0x19                                                                                                                          ST r1, [sp, #-8]
         302    0x0f 0xfb 0xe2 0x19                                                                                                                          ST r17, [sp, #-36]
         306    0x0f 0xfb 0x40 0x19                                                                                                                          ST r0, [sp, #-40]
         310    0x00 0x00 0x07 0xfa 0xc2 0x80 0x00 0x00 0x00 0x7b                                NOPA;                                                       ST lr, [sp, #-44];            NOPX
.label TGT_Fcore_0_2_96
.loop_nesting 1
         320    0x14 0x31 0x5d 0x99                                                                                                                                                        LSHL r24, r16, r21
         324    0x14 0xb1 0x80 0x99                                                                                                                                                        ADD r24, r18, r24
         328    0x14 0xf1 0x84 0x99                                                                                                                                                        AND r24, r19, r24
         332    0x14 0xb7 0x81 0x99                                                                                                                                                        SUB r27, r18, r24
         336    0x00 0x07 0x0c 0x08 0x00 0x55                                                                                                                                              MOVXM r24, #459776
         342    0x00 0x07 0x4c 0x80 0x00 0x55                                                                                                                                              MOVXM r25, #475136
         348    0x16 0x31 0x96 0x19                                                                                                                                                        SEL.EQZ r24, r24, r25, r27
         352    0x00 0x07 0x8c 0x80 0x00 0x55                                                                                                                                              MOVXM r25, #491520
.no_stack_arguments
         358    0x00 0x01 0x38 0x00 0x01 0x15                                                                                                                                              JL #624
.delay_slot
         364    0x00 0x2f 0xbd 0xbf 0x1e 0x0b 0x28 0x43                                                                                                                                    EQ r27, r23, r27;             MOV p6, r24
.delay_slot
         372    0x00 0x07 0x4c 0x00 0x50 0x55                                                                                                                                              MOVXM r24, #475176
.delay_slot
         378    0x15 0xa3 0x86 0x19                                                                                                                                                        SEL.EQZ r17, r22, r24, r27
.delay_slot
         382    0x00 0x07 0x0c 0x08 0x50 0x55                                                                                                                                              MOVXM r24, #459816
.delay_slot
         388    0x06 0x40 0x08 0x00 0x00 0x33 0x7c 0x30 0x27 0xff 0xc8 0xb7                      MOVA r0, #50;                 NOPB;                                                       SEL.EQZ r23, r25, r24, r27;   MOV r1, #-1
.return_address
.no_stack_arguments
         400    0x00 0x01 0x38 0x00 0x01 0x15                                                                                                                                              JL #624
.delay_slot
         406    0x06 0x20 0x08 0x3e 0x17 0xcb 0x9d 0xcb 0x28 0xbb                                MOVA r0, #49;                                                                             MOVX r1, #-2;                 MOV p7, r23
.delay_slot
.swstall delay_slot
         416    0x00 0x01                                                                        NOPX
.delay_slot
.swstall delay_slot
         418    0x00 0x01                                                                        NOPX
.delay_slot
.swstall delay_slot
         420    0x00 0x01                                                                        NOPX
.delay_slot
.swstall delay_slot
         422    0x00 0x00 0x00 0x00 0x00 0x00 0x00 0x03 0x8e 0xbb                                NOPA;                         NOPB;                                                                                     NOPM
.return_address
.no_stack_arguments
         432    0x00 0x01 0x58 0x00 0x01 0x15                                                                                                                                              JL #688
.delay_slot
         438    0x19 0x38 0x96 0x59                                                                                                                                                                                      MOV p1, r17
.delay_slot
         442    0x1a 0x3c 0x76 0x59                                                                                                                                                                                      MOV p2, p6
.delay_slot
         446    0x18 0x3e 0x76 0x59                                                                                                                                                                                      MOV p0, p7
.delay_slot
.swstall delay_slot
         450    0x00 0x01                                                                        NOPX
.delay_slot
.swstall delay_slot
         452    0x00 0x00 0x00 0x00 0x00 0x00 0x00 0x00 0x00 0x00 0x01 0x37                      NOPA;                         NOPB;                         NOPS;                         NOPX
.return_address
.no_stack_arguments
         464    0x00 0x01 0x48 0x00 0x01 0x15                                                                                                                                              JL #656
.delay_slot
         470    0x00 0x20 0x48 0x00 0x06 0x6a 0xe0 0x03 0xc8 0xbb                                MOVA r1, #1;                                                                              MOVX r0, #51;                 MOV r23, #1
.delay_slot
.swstall delay_slot
         480    0x00 0x01                                                                        NOPX
.delay_slot
.swstall delay_slot
         482    0x00 0x01                                                                        NOPX
.delay_slot
.swstall delay_slot
         484    0x00 0x01                                                                        NOPX
.delay_slot
.swstall delay_slot
         486    0x00 0x00 0x00 0x00 0x00 0x00 0x00 0x03 0x8e 0xbb                                NOPA;                         NOPB;                                                                                     NOPM
.return_address
.no_stack_arguments
         496    0x00 0x01 0x48 0x00 0x01 0x15                                                                                                                                              JL #656
.delay_slot
         502    0x00 0x00 0x06 0x08 0x20 0x07 0x48 0x43                                                                                                                                    MOVX r0, #48;                 MOV r1, #2
.delay_slot
.swstall delay_slot
         510    0x00 0x01                                                                        NOPX
.delay_slot
.swstall delay_slot
         512    0x00 0x01                                                                        NOPX
.delay_slot
.swstall delay_slot
         514    0x00 0x01                                                                        NOPX
.delay_slot
.swstall delay_slot
         516    0x00 0x00 0x00 0x00 0x00 0x00 0x00 0x00 0x00 0x00 0x01 0x37                      NOPA;                         NOPB;                         NOPS;                         NOPX
.return_address
         528    0x00 0x25 0x20 0x3b 0x00 0x03 0x48 0x43                                                                                                                                    ADD r18, r18, #1;             MOV r24, #0
         536    0x16 0x21 0x02 0x99                                                                                                                                                        ADC r16, r24, r16
         540    0x00 0x00 0x0c 0x62 0x80 0x55                                                                                                                                              MOVXM p6, #320
         546    0x15 0x29 0x8c 0x19                                                                                                                                                        JNZD r20, r20, p6
.delay_slot
.swstall delay_slot
         550    0x00 0x01                                                                        NOPX
.delay_slot
.swstall delay_slot
         552    0x00 0x01                                                                        NOPX
.delay_slot
.swstall delay_slot
         554    0x00 0x01                                                                        NOPX
.delay_slot
.swstall delay_slot
         556    0x00 0x01                                                                        NOPX
.delay_slot
.swstall delay_slot
         558    0x00 0x01                                                                        NOPX
.loop_nesting 0
         560    0x07 0xfa 0xc2 0xd9                                                              LDA lr, [sp, #-44]
         564    0x07 0xfb 0x64 0x59                                                              LDA r18, [sp, #-40]
         568    0x07 0xfb 0xe2 0x59                                                              LDA r17, [sp, #-36]
         572    0x07 0xff 0xe0 0x59                                                              LDA r16, [sp, #-4]
         576    0x07 0xff 0x66 0x59                                                              LDA r19, [sp, #-8]
         580    0x07 0xfe 0xe8 0x59                                                              LDA r20, [sp, #-12]
         584    0x07 0xfe 0x6a 0x59                                                              LDA r21, [sp, #-16]
         588    0x07 0xfd 0xec 0x59                                                              LDA r22, [sp, #-20]
         592    0x07 0xfd 0x6e 0x59                                                              LDA r23, [sp, #-24]
         596    0x07 0xfc 0xf6 0xd9                                                              LDA p6, [sp, #-28]
         600    0x07 0xfc 0x7e 0xd9                                                              LDA p7, [sp, #-32]
         604    0x10 0x00 0x18 0x19                                                                                                                                                        RET lr
.delay_slot
.swstall delay_slot
         608    0x00 0x01                                                                        NOPX
.delay_slot
.swstall delay_slot
         610    0x00 0x01                                                                        NOPX
.delay_slot
.swstall delay_slot
         612    0x00 0x01                                                                        NOPX
.delay_slot
.swstall delay_slot
         614    0x00 0x01                                                                        NOPX
.delay_slot
         616    0x07 0xff 0xc0 0x00 0x00 0x00 0x78 0x23                                                                        PADDB [sp], #-64;                                                                                                                 NOPV
.label core_0_2__end
.label llvm___aie2___acquire
.function_start
         624    0x10 0x12 0x12 0x19                                                                                                                                                        ACQ r0, r1
         628    0x10 0x00 0x18 0x19                                                                                                                                                        RET lr
.delay_slot
.swstall delay_slot
         632    0x00 0x01                                                                        NOPX
.delay_slot
.swstall delay_slot
         634    0x00 0x01                                                                        NOPX
.delay_slot
.swstall delay_slot
         636    0x00 0x01                                                                        NOPX
.delay_slot
.swstall delay_slot
         638    0x00 0x01                                                                        NOPX
.delay_slot
.swstall delay_slot
         640    0x00 0x00 0x00 0x00 0x00 0x00 0x00 0x00 0x00 0x00 0x00 0x03 0x88 0x00 0x03 0xc0  NOPA;                         NOPB;                         NOPS;                         NOPX;                         NOPM;                                   NOPV
.label llvm___aie2___acquire__end
.label llvm___aie2___release
.function_start
         656    0x00 0x01                                                                        NOPX
         658    0x00 0x01                                                                        NOPX
         660    0x00 0x01                                                                        NOPX
         662    0x00 0x01                                                                        NOPX
         664    0x00 0x01                                                                        NOPX
         666    0x00 0x01                                                                        NOPX
         668    0x10 0x10 0x12 0x19                                                                                                                                                        REL r0, r1
         672    0x10 0x00 0x18 0x19                                                                                                                                                        RET lr
.delay_slot
.swstall delay_slot
         676    0x00 0x01                                                                        NOPX
.delay_slot
.swstall delay_slot
         678    0x00 0x01                                                                        NOPX
.delay_slot
.swstall delay_slot
         680    0x00 0x01                                                                        NOPX
.delay_slot
.swstall delay_slot
         682    0x00 0x01                                                                        NOPX
.delay_slot
.swstall delay_slot
         684    0x00 0x00 0x00 0x19                                                              NOPA
.label llvm___aie2___release__end
.label sum_10_i32
.function_start
         688    0x00 0x03 0x80 0x59                                                              LDA r0, [p0], #4
         692    0x01 0x03 0x86 0x59                                                              LDA r3, [p1], #4
         696    0x00 0x03 0x82 0x59                                                              LDA r1, [p0], #4
         700    0x01 0x03 0x84 0x59                                                              LDA r2, [p1], #4
         704    0x00 0x03 0x88 0x59                                                              LDA r4, [p0], #4
         708    0x01 0x03 0x8e 0x59                                                              LDA r7, [p1], #4
         712    0x00 0x03 0x8a 0x59                                                              LDA r5, [p0], #4
         716    0x01 0x03 0x8c 0x59                                                              LDA r6, [p1], #4
         720    0x00 0x70 0x08 0xc6 0x00 0x9d                                                    LDA r0, [p0], #4;                                                                         ADD r3, r3, r0
         726    0x20 0x70 0xca 0x03 0x86 0x35                                                    LDA r3, [p1], #4;                                           ST r3, [p2], #4
         732    0x00 0x70 0x48 0x44 0x20 0x9d                                                    LDA r1, [p0], #4;                                                                         ADD r2, r1, r2
         738    0x20 0x70 0x8a 0x03 0x84 0x35                                                    LDA r2, [p1], #4;                                           ST r2, [p2], #4
         744    0x00 0x71 0x09 0xce 0x40 0x9d                                                    LDA r4, [p0], #4;                                                                         ADD r7, r7, r4
         750    0x20 0x71 0xca 0x03 0x8e 0x35                                                    LDA r7, [p1], #4;                                           ST r7, [p2], #4
         756    0x00 0x71 0x49 0x4c 0x60 0x9d                                                    LDA r5, [p0], #4;                                                                         ADD r6, r5, r6
         762    0x20 0x71 0x8a 0x03 0x8c 0x35                                                    LDA r6, [p1], #4;                                           ST r6, [p2], #4
         768    0x00 0x50 0x08 0xc6 0x00 0x9d                                                    LDA r0, [p0, #0];                                                                         ADD r3, r3, r0
         774    0x20 0x50 0xca 0x03 0x86 0x35                                                    LDA r3, [p1, #0];                                           ST r3, [p2], #4
         780    0x00 0xd0 0x48 0x44 0x20 0x9d                                                    LDA r1, [p0, #4];                                                                         ADD r2, r1, r2
.noswbrkpt
         786    0x01 0x06 0x84 0x59                                                              LDA r2, [p1, #4]
.nohwbrkpt
.noswbrkpt
         790    0x00 0x01                                                                        NOPX
.nohwbrkpt
.noswbrkpt
         792    0x00 0x01                                                                        NOPX
.nohwbrkpt
.noswbrkpt
         794    0x10 0x00 0x18 0x19                                                                                                                                                        RET lr
.delay_slot
.nohwbrkpt
.noswbrkpt
         798    0x40 0x70 0x81 0xc8 0x40 0xbd                                                                                                                ST r2, [p2], #4;              ADD r4, r7, r4
.delay_slot
         804    0x40 0x71 0x01 0x48 0x60 0xbd                                                                                                                ST r4, [p2], #4;              ADD r4, r5, r6
.delay_slot
         810    0x40 0x71 0x00 0xc0 0x00 0xbd                                                                                                                ST r4, [p2], #4;              ADD r0, r3, r0
.delay_slot
         816    0x40 0x50 0x00 0x40 0x20 0xbd                                                                                                                ST r0, [p2, #0];              ADD r0, r1, r2
.delay_slot
         822    0x00 0x00 0x02 0x06 0x80 0x00 0x00 0x00 0x00 0x7b                                NOPA;                                                       ST r0, [p2, #4];              NOPX
.label sum_10_i32__end
.label _fini
.function_start
         832    0x18 0x0b 0x96 0x59                                                                                                                                                                                      MOV r0, r23
         836    0x00 0x00 0x0c 0x00 0x00 0x55                                                                                                                                              MOVXM r24, #0
         842    0x18 0x3e 0x76 0x59                                                                                                                                                                                      MOV p0, p7
         846    0x00 0x00 0x0b 0x80 0x00 0x55                                                                                                                                              MOVXM r23, #0
         852    0x00 0x2f 0x8c 0x3f 0x9e 0x0b 0x28 0x43                                                                                                                                    EQ r24, r23, r24;             MOV p7, r24
         860    0xc0 0x01 0xe0 0x40 0x01 0x95                                                                                                                                              JNZ r24, #960
.delay_slot
         866    0x38 0x03 0x20 0x19                                                                                            PADDB [sp], #32
.delay_slot
         870    0x0f 0xff 0xec 0x19                                                                                                                          ST r22, [sp, #-4]
.delay_slot
         874    0x0f 0xfe 0x42 0x99                                                                                                                          ST lr, [sp, #-16]
.delay_slot
         878    0x0f 0xfe 0xc0 0x19                                                                                                                          ST r0, [sp, #-12]
.delay_slot
         882    0x00 0x00 0x07 0xff 0x46 0x80 0x00 0x40 0x00 0x38 0x00 0x00 0x78 0x2f            NOPA;                                                       ST p0, [sp, #-8];                                           NOPM;                                   NOPV
.label TGT_F_fini_64
.loop_nesting 1
         896    0x07 0x03 0x86 0xd9                                                              LDA p0, [p7], #4
         900    0x00 0x01                                                                        NOPX
         902    0x00 0x01                                                                        NOPX
         904    0x00 0x01                                                                        NOPX
         906    0x00 0x01                                                                        NOPX
         908    0x00 0x01                                                                        NOPX
         910    0x00 0x01                                                                        NOPX
.no_stack_arguments
         912    0x10 0x00 0x14 0x19                                                                                                                                                        JL p0
.delay_slot
         916    0x1d 0x8e 0x76 0x59                                                                                                                                                                                      MOV r22, p7
.delay_slot
.swstall delay_slot
         920    0x00 0x01                                                                        NOPX
.delay_slot
.swstall delay_slot
         922    0x00 0x01                                                                        NOPX
.delay_slot
.swstall delay_slot
         924    0x00 0x01                                                                        NOPX
.delay_slot
.swstall delay_slot
         926    0x00 0x01                                                                        NOPX
.return_address
         928    0x15 0xf1 0x68 0x99                                                                                                                                                        NE r24, r23, r22
         932    0xc0 0x01 0xc0 0x40 0x01 0x95                                                                                                                                              JNZ r24, #896
.delay_slot
.swstall delay_slot
         938    0x00 0x01                                                                        NOPX
.delay_slot
.swstall delay_slot
         940    0x00 0x01                                                                        NOPX
.delay_slot
.swstall delay_slot
         942    0x00 0x01                                                                        NOPX
.delay_slot
.swstall delay_slot
         944    0x00 0x01                                                                        NOPX
.delay_slot
.swstall delay_slot
         946    0x00 0x00 0x00 0x00 0x00 0x00 0x00 0x40 0x00 0x38 0x00 0x00 0x78 0x2f            NOPA;                                                       NOPS;                                                       NOPM;                                   NOPV
.label TGT_F_fini_128
.loop_nesting 0
         960    0x07 0xfe 0x42 0xd9                                                              LDA lr, [sp, #-16]
         964    0x07 0xfe 0xee 0x59                                                              LDA r23, [sp, #-12]
         968    0x07 0xff 0xec 0x59                                                              LDA r22, [sp, #-4]
         972    0x07 0xff 0x7e 0xd9                                                              LDA p7, [sp, #-8]
         976    0x00 0x01                                                                        NOPX
         978    0x00 0x01                                                                        NOPX
         980    0x00 0x01                                                                        NOPX
         982    0x10 0x00 0x18 0x19                                                                                                                                                        RET lr
.delay_slot
.swstall delay_slot
         986    0x00 0x01                                                                        NOPX
.delay_slot
.swstall delay_slot
         988    0x00 0x01                                                                        NOPX
.delay_slot
.swstall delay_slot
         990    0x00 0x01                                                                        NOPX
.delay_slot
.swstall delay_slot
         992    0x00 0x01                                                                        NOPX
.delay_slot
         994    0x00 0x00 0x07 0xff 0xe0 0x00 0x00 0x00 0x00 0x71 0x00 0x00 0x00 0x7f            NOPA;                         PADDB [sp], #-32;             NOPS;                         NOPX;                         NOPM
.label _fini__end
.label __cxa_finalize
.function_start
        1008    0x01 0x00 0x48 0x00 0x01 0xc0 0x1a 0x38 0x10 0xbb                                MOVA r1, #8;                                                                              MOVXM p0, #459888
        1018    0x00 0x50 0xc8 0x00 0x01 0xc0 0x42 0x28 0x10 0xbb                                LDA r3, [p0, #0];                                                                         MOVXM r2, #459856
        1028    0x00 0x50 0x40 0x3e 0x17 0xaa 0x24 0x9b 0x29 0x3b                                                                                            ST r1, [p0, #0];              MOVX r1, #-3;                 MOV r17, crSat
        1038    0x1c 0x06 0x36 0x59                                                                                                                                                                                      MOV r16, crRnd
        1042    0x1c 0x84 0xf6 0x59                                                                                                                                                                                      MOV r18, lr
        1046    0x00 0x00 0x0c 0x68 0x60 0x55                                                                                                                                              MOVXM p6, #1072
        1052    0x00 0x01                                                                        NOPX
        1054    0x00 0x01                                                                        NOPX
        1056    0x18 0xc1 0xf6 0x79                                                                                                                                                                                      ADD.NC r3, r3, #-8
        1060    0x10 0xc4 0x20 0x99                                                                                                                                                        ADD r2, r3, r2
        1064    0x00 0x07 0x30 0xf7 0x98 0x8b 0x28 0x43                                                                                                                                    ASHL r19, r3, r1;             MOV p7, r2
.label TGT_F__cxa_finalize_64
.loop_nesting 1
        1072    0x07 0x03 0x8e 0xd9                                                              LDA p1, [p7], #4
        1076    0x07 0xfb 0x86 0xd9                                                              LDA p0, [p7], #-12
        1080    0x00 0x01                                                                        NOPX
        1082    0x00 0x01                                                                        NOPX
        1084    0x00 0x01                                                                        NOPX
        1086    0x00 0x01                                                                        NOPX
        1088    0x00 0x01                                                                        NOPX
.no_stack_arguments
        1090    0x10 0x00 0x54 0x19                                                                                                                                                        JL p1
.delay_slot
.swstall delay_slot
        1094    0x00 0x01                                                                        NOPX
.delay_slot
.swstall delay_slot
        1096    0x00 0x01                                                                        NOPX
.delay_slot
.swstall delay_slot
        1098    0x00 0x01                                                                        NOPX
.delay_slot
.swstall delay_slot
        1100    0x00 0x00 0x00 0x19                                                              NOPA
.delay_slot
        1104    0x00 0x00 0x00 0x00 0x00 0x00 0x00 0x00 0x00 0x02 0x80 0x0b 0x28 0x00 0x03 0xc0  NOPA;                         NOPB;                         NOPS;                         NOPX;                         MOV r20, r0;                            NOPV
.return_address
        1120    0x14 0xe7 0x8c 0x19                                                                                                                                                        JNZD r19, r19, p6
.delay_slot
        1124    0x18 0x0a 0x16 0x59                                                                                                                                                                                      MOV r0, r20
.delay_slot
.swstall delay_slot
        1128    0x00 0x01                                                                        NOPX
.delay_slot
.swstall delay_slot
        1130    0x00 0x01                                                                        NOPX
.delay_slot
.swstall delay_slot
        1132    0x00 0x01                                                                        NOPX
.delay_slot
.swstall delay_slot
        1134    0x00 0x01                                                                        NOPX
.loop_nesting 0
        1136    0x1a 0x79 0x16 0x59                                                                                                                                                                                      MOV lr, r18
        1140    0x10 0x00 0x18 0x19                                                                                                                                                        RET lr
.delay_slot
        1144    0x00 0x23 0x21 0x01 0x8c 0x0b 0x28 0x43                                                                                                                                    MOVX crSat, r17;              MOV crRnd, r16
.delay_slot
.swstall delay_slot
        1152    0x00 0x01                                                                        NOPX
.delay_slot
.swstall delay_slot
        1154    0x00 0x01                                                                        NOPX
.delay_slot
.swstall delay_slot
        1156    0x00 0x01                                                                        NOPX
.delay_slot
.swstall delay_slot
        1158    0x00 0x00 0x00 0x00 0x00 0x00 0x00 0x03 0x8e 0xbb                                NOPA;                         NOPB;                                                                                     NOPM
.label __cxa_finalize__end

.data_segment DMb 459856
.label _ZL7atexits
	0x40
	0x3
	0x0
	0x0
	0x0
	0x0
	0x0
	0x0
	0x0
	0x0
	0x0
	0x0
	0x0
	0x0
	0x0
	0x0
	0x0
	0x0
	0x0
	0x0
	0x0
	0x0
	0x0
	0x0
	0x0
	0x0
	0x0
	0x0
	0x0
	0x0
	0x0
	0x0
.label _ZL10atexit_cnt
	0x8
	0x0
	0x0
	0x0

.stack DM_stack 458752 459776
