
// File generated by darts version U-2022.12#3eec2545bc#230622, Thu Aug 15 10:40:01 2024
// Copyright 2014-2022 Synopsys, Inc. All rights reserved.
// darts -I/proj/xbuilds/SWIP/2023.2_1013_2256/installs/lin64/Vitis/2023.2/aietools/data/aie_ml/lib -d -h -I/proj/xbuilds/2023.2_daily_latest/installs/lin64/Vitis/2023.2/aietools/include -I/proj/xbuilds/SWIP/2023.2_1013_2256/installs/lin64/Vitis/2023.2/aietools/data/aie_ml/lib/runtime_cxx/libcxx-lite/include -I/proj/xbuilds/SWIP/2023.2_1013_2256/installs/lin64/Vitis/2023.2/aietools/data/aie_ml/lib/runtime_cxx/libs/libcxx-9.0.0/include-lite -I/proj/xbuilds/SWIP/2023.2_1013_2256/installs/lin64/Vitis/2023.2/aietools/data/aie_ml/lib/runtime/include -I<BOOST_DIR> -D__AIENGINE__ -D__AIE_ARCH__=20 -D__AIEARCH__=20 -D__tct_tgt__=230622 -L +Ihex +nanno kernel.o me

// Release: ipp U-2022.12-TGT-230622
.undef global data _ZN12me_primitive11control_satE

.undef global data _ZN12me_primitive11control_rndE

.text_segment_name
.text global 16 sum_10_i32
.function_start
	     0    0x00 0x03 0x80 0x59                                                              LDA r0, [p0], #4
	     4    0x01 0x03 0x86 0x59                                                              LDA r3, [p1], #4
	     8    0x00 0x03 0x82 0x59                                                              LDA r1, [p0], #4
	    12    0x01 0x03 0x84 0x59                                                              LDA r2, [p1], #4
	    16    0x00 0x03 0x88 0x59                                                              LDA r4, [p0], #4
	    20    0x01 0x03 0x8e 0x59                                                              LDA r7, [p1], #4
	    24    0x00 0x03 0x8a 0x59                                                              LDA r5, [p0], #4
	    28    0x01 0x03 0x8c 0x59                                                              LDA r6, [p1], #4
	    32    0x00 0x70 0x08 0xc6 0x00 0x9d                                                    LDA r0, [p0], #4;                                                                         ADD r3, r3, r0
	    38    0x20 0x70 0xca 0x03 0x86 0x35                                                    LDA r3, [p1], #4;                                           ST r3, [p2], #4
	    44    0x00 0x70 0x48 0x44 0x20 0x9d                                                    LDA r1, [p0], #4;                                                                         ADD r2, r1, r2
	    50    0x20 0x70 0x8a 0x03 0x84 0x35                                                    LDA r2, [p1], #4;                                           ST r2, [p2], #4
	    56    0x00 0x71 0x09 0xce 0x40 0x9d                                                    LDA r4, [p0], #4;                                                                         ADD r7, r7, r4
	    62    0x20 0x71 0xca 0x03 0x8e 0x35                                                    LDA r7, [p1], #4;                                           ST r7, [p2], #4
	    68    0x00 0x71 0x49 0x4c 0x60 0x9d                                                    LDA r5, [p0], #4;                                                                         ADD r6, r5, r6
	    74    0x20 0x71 0x8a 0x03 0x8c 0x35                                                    LDA r6, [p1], #4;                                           ST r6, [p2], #4
	    80    0x00 0x50 0x08 0xc6 0x00 0x9d                                                    LDA r0, [p0, #0];                                                                         ADD r3, r3, r0
	    86    0x20 0x50 0xca 0x03 0x86 0x35                                                    LDA r3, [p1, #0];                                           ST r3, [p2], #4
	    92    0x00 0xd0 0x48 0x44 0x20 0x9d                                                    LDA r1, [p0, #4];                                                                         ADD r2, r1, r2
.noswbrkpt
	    98    0x01 0x06 0x84 0x59                                                              LDA r2, [p1, #4]
.nohwbrkpt
.noswbrkpt
	   102    0x00 0x01                                                                        NOPX
.nohwbrkpt
.noswbrkpt
	   104    0x00 0x01                                                                        NOPX
.nohwbrkpt
.noswbrkpt
	   106    0x10 0x00 0x18 0x19                                                                                                                                                        RET lr
.delay_slot
.nohwbrkpt
.noswbrkpt
	   110    0x40 0x70 0x81 0xc8 0x40 0xbd                                                                                                                ST r2, [p2], #4;              ADD r4, r7, r4
.delay_slot
	   116    0x40 0x71 0x01 0x48 0x60 0xbd                                                                                                                ST r4, [p2], #4;              ADD r4, r5, r6
.delay_slot
	   122    0x40 0x71 0x00 0xc0 0x00 0xbd                                                                                                                ST r4, [p2], #4;              ADD r0, r3, r0
.delay_slot
	   128    0x40 0x50 0x00 0x40 0x20 0xbd                                                                                                                ST r0, [p2, #0];              ADD r0, r1, r2
.label sum_10_i32__end last
.delay_slot
	   134    0x00 0x00 0x02 0x06 0x80 0x00 0x00 0x00 0x00 0x7b                                NOPA;                                                       ST r0, [p2, #4];              NOPX

