
// File generated by darts version U-2022.12#3eec2545bc#230622, Mon Sep 16 15:37:43 2024
// Copyright 2014-2022 Synopsys, Inc. All rights reserved.
// darts -I/proj/xbuilds/2023.2_INT_1013_2256/installs/all_platforms/Vitis/2023.2/aietools/data/aie_ml/lib -d -h -I/proj/xbuilds/2023.2_INT_1013_2256/installs/all_platforms/Vitis/2023.2/aietools/data/aie_ml/lib/runtime_cxx/libcxx-lite/include -I/proj/xbuilds/2023.2_INT_1013_2256/installs/all_platforms/Vitis/2023.2/aietools/data/aie_ml/lib/runtime_cxx/libs/libcxx-9.0.0/include-lite -I/proj/xbuilds/2023.2_INT_1013_2256/installs/all_platforms/Vitis/2023.2/aietools/data/aie_ml/lib/runtime/include -I<BOOST_DIR> -D__AIENGINE__ -D__AIE_ARCH__=20 -D__AIEARCH__=20 -D__tct_tgt__=230622 -L +Ihex +nanno +u core_0_2.elf me

// Release: ipp U-2022.12-TGT-230622

.text_segment PM      0
.entry_point
.label __AIE_ARCH_MODEL_VERSION__20010300__inlined__1__me_basic___main_init_
.label _main_init
.function_start
           0    0x00 0x00 0x01 0xc3 0x38 0x00 0x10 0x43                                                                                                                                    MOVXM sp, #458752
           8    0x00 0x00 0x08 0x00 0x00 0x55                                                                                                                                              MOVXM r16, #0
          14    0x00 0x00 0x0c 0x00 0x00 0x55                                                                                                                                              MOVXM r24, #0
          20    0x16 0x31 0x07 0x99                                                                                                                                                        EQ r24, r24, r16
          24    0xc0 0x00 0x40 0x40 0x01 0x95                                                                                                                                              JNZ r24, #128
.delay_slot
.swstall delay_slot
          30    0x00 0x01                                                                        NOPX
.delay_slot
.swstall delay_slot
          32    0x00 0x01                                                                        NOPX
.delay_slot
.swstall delay_slot
          34    0x00 0x01                                                                        NOPX
.delay_slot
.swstall delay_slot
          36    0x00 0x01                                                                        NOPX
.delay_slot
.swstall delay_slot
          38    0x00 0x01                                                                        NOPX
          40    0xff 0xff 0xfc 0x7f 0xf8 0x55                                                                                                                                              MOVXM p6, #-4
          46    0x1f 0x30 0x76 0x59                                                                                                                                                                                      MOV p7, p0
          50    0x00 0x00 0x00 0x00 0x00 0x00 0x00 0x62 0x04 0xb2 0x00 0x00 0x78 0x2f            NOPA;                                                       NOPS;                                                       MOV r17, r1;                            NOPV
.label TGT_F_main_init_64
.loop_nesting 1
          64    0xdf 0xf0 0xdc 0x8c 0x76 0x4d                                                    LDA p0, [p6], #-4;                                                                                                      MOV r18, p6
          70    0x00 0x01                                                                        NOPX
          72    0x00 0x01                                                                        NOPX
          74    0x00 0x01                                                                        NOPX
          76    0x00 0x01                                                                        NOPX
          78    0x00 0x01                                                                        NOPX
          80    0x00 0x01                                                                        NOPX
.no_stack_arguments
          82    0x10 0x00 0x14 0x19                                                                                                                                                        JL p0
.delay_slot
.swstall delay_slot
          86    0x00 0x01                                                                        NOPX
.delay_slot
.swstall delay_slot
          88    0x00 0x01                                                                        NOPX
.delay_slot
.swstall delay_slot
          90    0x00 0x01                                                                        NOPX
.delay_slot
.swstall delay_slot
          92    0x00 0x01                                                                        NOPX
.delay_slot
.swstall delay_slot
          94    0x00 0x01                                                                        NOPX
.return_address
          96    0x14 0xb1 0x08 0x99                                                                                                                                                        NE r24, r18, r16
         100    0xc0 0x00 0x20 0x40 0x01 0x95                                                                                                                                              JNZ r24, #64
.delay_slot
.swstall delay_slot
         106    0x00 0x01                                                                        NOPX
.delay_slot
.swstall delay_slot
         108    0x00 0x01                                                                        NOPX
.delay_slot
.swstall delay_slot
         110    0x00 0x01                                                                        NOPX
.delay_slot
.swstall delay_slot
         112    0x00 0x01                                                                        NOPX
.delay_slot
.swstall delay_slot
         114    0x00 0x01                                                                        NOPX
.loop_nesting 0
         116    0x18 0x3e 0x76 0x59                                                                                                                                                                                      MOV p0, p7
         120    0x00 0x00 0x00 0x00 0x24 0x4b 0x20 0x03                                                                                                      NOPS;                                                       MOV r1, r17
.label TGT_F_main_init_128
.no_stack_arguments
         128    0x00 0x00 0x70 0x00 0x01 0x15                                                                                                                                              JL #224
.delay_slot
.swstall delay_slot
         134    0x00 0x01                                                                        NOPX
.delay_slot
.swstall delay_slot
         136    0x00 0x01                                                                        NOPX
.delay_slot
.swstall delay_slot
         138    0x00 0x01                                                                        NOPX
.delay_slot
.swstall delay_slot
         140    0x00 0x01                                                                        NOPX
.delay_slot
.swstall delay_slot
         142    0x00 0x01                                                                        NOPX
.return_address
.no_stack_arguments
         144    0x00 0x01 0x88 0x00 0x01 0x15                                                                                                                                              JL #784
.delay_slot
         150    0x18 0x30 0x06 0x99                                                                                                                                                                                      MOV p0, #0
.delay_slot
.swstall delay_slot
         154    0x00 0x01                                                                        NOPX
.delay_slot
.swstall delay_slot
         156    0x00 0x01                                                                        NOPX
.delay_slot
.swstall delay_slot
         158    0x00 0x01                                                                        NOPX
.delay_slot
.swstall delay_slot
         160    0x00 0x00 0x00 0x00 0x00 0x00 0x00 0x00 0x00 0x00 0x00 0x03 0x88 0x00 0x03 0xc0  NOPA;                         NOPB;                         NOPS;                         NOPX;                         NOPM;                                   NOPV
.return_address
.swstall chess_separator_scheduler
         176    0x00 0x01                                                                        NOPX
.swstall chess_separator_scheduler
         178    0x00 0x01                                                                        NOPX
.swstall chess_separator_scheduler
         180    0x00 0x01                                                                        NOPX
.swstall chess_separator_scheduler
         182    0x00 0x01                                                                        NOPX
.swstall chess_separator_scheduler
         184    0x00 0x01                                                                        NOPX
.swstall chess_separator_scheduler
         186    0x00 0x01                                                                        NOPX
         188    0x10 0x00 0x08 0x19                                                                                                                                                        DONE
.swstall chess_separator_scheduler
         192    0x00 0x01                                                                        NOPX
.swstall chess_separator_scheduler
         194    0x00 0x01                                                                        NOPX
.swstall chess_separator_scheduler
         196    0x00 0x01                                                                        NOPX
.swstall chess_separator_scheduler
         198    0x00 0x01                                                                        NOPX
.swstall chess_separator_scheduler
         200    0x00 0x01                                                                        NOPX
.swstall chess_separator_scheduler
         202    0x00 0x01                                                                        NOPX
.swstall for_chess_exit
.exit
         204    0x00 0x00 0x00 0x19                                                              NOPA
.label TGT_F_main_init_208
.loop_nesting 1
         208    0x00 0x00 0x68 0x00 0x00 0x95                                                                                                                                              J #208
.delay_slot
.swstall delay_slot
         214    0x00 0x01                                                                        NOPX
.delay_slot
.swstall delay_slot
         216    0x00 0x01                                                                        NOPX
.delay_slot
.swstall delay_slot
         218    0x00 0x01                                                                        NOPX
.delay_slot
.swstall delay_slot
         220    0x00 0x01                                                                        NOPX
.delay_slot
.swstall delay_slot
         222    0x00 0x01                                                                        NOPX
.label _main_init__end
.label core_0_2
.function_start
         224    0x38 0x03 0x20 0x19                                                                                            PADDB [sp], #32
         228    0x0f 0xff 0xc2 0x99                                                                                                                          ST lr, [sp, #-4]
.no_stack_arguments
         232    0x00 0x01 0x10 0x00 0x01 0x15                                                                                                                                              JL #544
.delay_slot
         238    0x00 0x3e 0x17 0xe8 0x00 0x63 0xc8 0x43                                                                                                                                    MOVX r1, #-1;                 MOV r0, #49
.delay_slot
.swstall delay_slot
         246    0x00 0x01                                                                        NOPX
.delay_slot
.swstall delay_slot
         248    0x00 0x01                                                                        NOPX
.delay_slot
.swstall delay_slot
         250    0x00 0x01                                                                        NOPX
.delay_slot
.swstall delay_slot
         252    0x00 0x00 0x00 0x19                                                              NOPA
.return_address
.no_stack_arguments
         256    0x00 0x01 0x10 0x00 0x01 0x15                                                                                                                                              JL #544
.delay_slot
         262    0x00 0x3e 0x17 0xe8 0x00 0x67 0x48 0x43                                                                                                                                    MOVX r1, #-1;                 MOV r0, #50
.delay_slot
.swstall delay_slot
         270    0x00 0x01                                                                        NOPX
.delay_slot
.swstall delay_slot
         272    0x00 0x01                                                                        NOPX
.delay_slot
.swstall delay_slot
         274    0x00 0x01                                                                        NOPX
.delay_slot
.swstall delay_slot
         276    0x00 0x00 0x00 0x00 0x00 0x00 0x00 0x00 0x00 0x00 0x01 0x37                      NOPA;                         NOPB;                         NOPS;                         NOPX
.return_address
         288    0x07 0xe6 0x08 0x00 0x00 0x00 0x38 0xb0 0x10 0xbb                                MOVA r24, #63;                                                                            MOVXM ls, #352
         298    0x00 0x00 0x08 0xe3 0x80 0x55                                                                                                                                              MOVXM le, #448
         304    0x00 0x07 0x00 0x68 0x00 0x55                                                                                                                                              MOVXM p0, #459776
         310    0x00 0x00 0x00 0x00 0x01 0xc8 0x9a 0x00 0x10 0xbb                                NOPA;                                                                                     MOVXM p1, #467968
         320    0x00 0x00 0x00 0x00 0x00 0x00 0x00 0x00 0x00 0x01 0x18 0xa8 0x10 0x00 0x03 0xc0  NOPA;                         NOPB;                         NOPS;                         MOVXM p2, #336;                                                       NOPV
.label TGT_Fcore_0_2_112
.loop_nesting 1
         336    0x02 0xa6 0x78 0x01 0xfd 0x1d                                                    LDA.u8 r25, [p0], #1;                                                                     MOVX lc, #63
         342    0x00 0x01                                                                        NOPX
         344    0x00 0x01                                                                        NOPX
         346    0x00 0x01                                                                        NOPX
         348    0x00 0x01                                                                        NOPX
         350    0x00 0x01                                                                        NOPX
.label ZLS_Fcore_0_2_128
.loop_nesting 2
.begin_of_loop
.noswbrkpt
         352    0x00 0x00 0x22 0xa0 0x00 0x00 0x00 0x00 0x00 0x00 0x00 0x03 0x88 0x00 0x03 0xc0  ST.s8 r0, [p1], #1;           NOPB;                         NOPS;                         NOPX;                         NOPM;                                   NOPV
.nohwbrkpt
.noswbrkpt
         368    0x00 0x00 0x02 0xa6 0x78 0x00 0x00 0x00 0x00 0x00 0x06 0x4f 0x38 0x00 0x03 0xc0  LDA.u8 r25, [p0], #1;         NOPB;                         NOPS;                         NOPX;                         ADD.NC r0, r25, #12;                    NOPV
         384    0x00 0x00 0x00 0x00 0x00 0x00 0x00 0x00 0x00 0x00 0x00 0x03 0x88 0x00 0x03 0xc0  NOPA;                         NOPB;                         NOPS;                         NOPX;                         NOPM;                                   NOPV
         400    0x00 0x00 0x00 0x00 0x00 0x00 0x00 0x00 0x00 0x00 0x00 0x03 0x88 0x00 0x03 0xc0  NOPA;                         NOPB;                         NOPS;                         NOPX;                         NOPM;                                   NOPV
         416    0x00 0x00 0x00 0x00 0x00 0x00 0x00 0x00 0x00 0x00 0x00 0x03 0x88 0x00 0x03 0xc0  NOPA;                         NOPB;                         NOPS;                         NOPX;                         NOPM;                                   NOPV
         432    0x00 0x00 0x00 0x00 0x00 0x00 0x00 0x00 0x00 0x00 0x00 0x03 0x88 0x00 0x03 0xc0  NOPA;                         NOPB;                         NOPS;                         NOPX;                         NOPM;                                   NOPV
.label ZLE_Fcore_0_2_224
.end_of_loop
         448    0x00 0x00 0x00 0x00 0x00 0x00 0x00 0x00 0x00 0x00 0x00 0x03 0x88 0x00 0x03 0xc0  NOPA;                         NOPB;                         NOPS;                         NOPX;                         NOPM;                                   NOPV
.loop_nesting 1
         464    0x16 0x30 0x8c 0x19                                                                                                                                                        JNZD r24, r24, p2
.delay_slot
         468    0x22 0xa0 0x00 0x0c 0x9e 0x6d                                                    ST.s8 r0, [p1], #1;                                                                                                     ADD.NC r0, r25, #12
.delay_slot
.swstall delay_slot
         474    0x00 0x01                                                                        NOPX
.delay_slot
.swstall delay_slot
         476    0x00 0x01                                                                        NOPX
.delay_slot
.swstall delay_slot
         478    0x00 0x01                                                                        NOPX
.delay_slot
.swstall delay_slot
         480    0x00 0x01                                                                        NOPX
.loop_nesting 0
.no_stack_arguments
         482    0x00 0x01 0x20 0x00 0x01 0x15                                                                                                                                              JL #576
.delay_slot
         488    0x00 0x00 0x10 0x28 0x00 0x63 0x48 0x43                                                                                                                                    MOVX r1, #1;                  MOV r0, #48
.delay_slot
.swstall delay_slot
         496    0x00 0x01                                                                        NOPX
.delay_slot
.swstall delay_slot
         498    0x00 0x01                                                                        NOPX
.delay_slot
.swstall delay_slot
         500    0x00 0x01                                                                        NOPX
.delay_slot
.swstall delay_slot
         502    0x00 0x00 0x00 0x00 0x00 0x00 0x00 0x03 0x8e 0xbb                                NOPA;                         NOPB;                                                                                     NOPM
.return_address
         512    0x07 0xff 0xc2 0xd9                                                              LDA lr, [sp, #-4]
.tail_call
         516    0x00 0x01 0x20 0x00 0x00 0x95                                                                                                                                              J #576
.delay_slot
.swstall delay_slot
         522    0x00 0x01                                                                        NOPX
.delay_slot
.swstall delay_slot
         524    0x00 0x01                                                                        NOPX
.delay_slot
.swstall delay_slot
         526    0x00 0x01                                                                        NOPX
.delay_slot
.swstall delay_slot
         528    0x00 0x01                                                                        NOPX
.delay_slot
         530    0x00 0x00 0x07 0xff 0xe0 0x00 0xcd 0x04 0x00 0x79 0x00 0x00 0x00 0x7f            NOPA;                         PADDB [sp], #-32;             NOPS;                         MOVX r0, #51;                 MOV r1, #1
.label core_0_2__end
.label llvm___aie2___acquire
.function_start
         544    0x10 0x12 0x12 0x19                                                                                                                                                        ACQ r0, r1
         548    0x10 0x00 0x18 0x19                                                                                                                                                        RET lr
.delay_slot
.swstall delay_slot
         552    0x00 0x01                                                                        NOPX
.delay_slot
.swstall delay_slot
         554    0x00 0x01                                                                        NOPX
.delay_slot
.swstall delay_slot
         556    0x00 0x01                                                                        NOPX
.delay_slot
.swstall delay_slot
         558    0x00 0x01                                                                        NOPX
.delay_slot
.swstall delay_slot
         560    0x00 0x00 0x00 0x00 0x00 0x00 0x00 0x00 0x00 0x00 0x00 0x03 0x88 0x00 0x03 0xc0  NOPA;                         NOPB;                         NOPS;                         NOPX;                         NOPM;                                   NOPV
.label llvm___aie2___acquire__end
.label llvm___aie2___release
.function_start
         576    0x00 0x01                                                                        NOPX
         578    0x00 0x01                                                                        NOPX
         580    0x00 0x01                                                                        NOPX
         582    0x00 0x01                                                                        NOPX
         584    0x00 0x01                                                                        NOPX
         586    0x00 0x01                                                                        NOPX
         588    0x10 0x10 0x12 0x19                                                                                                                                                        REL r0, r1
         592    0x10 0x00 0x18 0x19                                                                                                                                                        RET lr
.delay_slot
.swstall delay_slot
         596    0x00 0x01                                                                        NOPX
.delay_slot
.swstall delay_slot
         598    0x00 0x01                                                                        NOPX
.delay_slot
.swstall delay_slot
         600    0x00 0x01                                                                        NOPX
.delay_slot
.swstall delay_slot
         602    0x00 0x01                                                                        NOPX
.delay_slot
.swstall delay_slot
         604    0x00 0x00 0x00 0x19                                                              NOPA
.label llvm___aie2___release__end
.label _fini
.function_start
         608    0x18 0x0b 0x96 0x59                                                                                                                                                                                      MOV r0, r23
         612    0x00 0x00 0x0c 0x00 0x00 0x55                                                                                                                                              MOVXM r24, #0
         618    0x18 0x3e 0x76 0x59                                                                                                                                                                                      MOV p0, p7
         622    0x00 0x00 0x0b 0x80 0x00 0x55                                                                                                                                              MOVXM r23, #0
         628    0x00 0x2f 0x8c 0x3f 0x9e 0x0b 0x28 0x43                                                                                                                                    EQ r24, r23, r24;             MOV p7, r24
         636    0xc0 0x01 0x70 0x40 0x01 0x95                                                                                                                                              JNZ r24, #736
.delay_slot
         642    0x38 0x03 0x20 0x19                                                                                            PADDB [sp], #32
.delay_slot
         646    0x0f 0xff 0xec 0x19                                                                                                                          ST r22, [sp, #-4]
.delay_slot
         650    0x0f 0xfe 0x42 0x99                                                                                                                          ST lr, [sp, #-16]
.delay_slot
         654    0x0f 0xfe 0xc0 0x19                                                                                                                          ST r0, [sp, #-12]
.delay_slot
         658    0x00 0x00 0x07 0xff 0x46 0x80 0x00 0x40 0x00 0x38 0x00 0x00 0x78 0x2f            NOPA;                                                       ST p0, [sp, #-8];                                           NOPM;                                   NOPV
.label TGT_F_fini_64
.loop_nesting 1
         672    0x07 0x03 0x86 0xd9                                                              LDA p0, [p7], #4
         676    0x00 0x01                                                                        NOPX
         678    0x00 0x01                                                                        NOPX
         680    0x00 0x01                                                                        NOPX
         682    0x00 0x01                                                                        NOPX
         684    0x00 0x01                                                                        NOPX
         686    0x00 0x01                                                                        NOPX
.no_stack_arguments
         688    0x10 0x00 0x14 0x19                                                                                                                                                        JL p0
.delay_slot
         692    0x1d 0x8e 0x76 0x59                                                                                                                                                                                      MOV r22, p7
.delay_slot
.swstall delay_slot
         696    0x00 0x01                                                                        NOPX
.delay_slot
.swstall delay_slot
         698    0x00 0x01                                                                        NOPX
.delay_slot
.swstall delay_slot
         700    0x00 0x01                                                                        NOPX
.delay_slot
.swstall delay_slot
         702    0x00 0x01                                                                        NOPX
.return_address
         704    0x15 0xf1 0x68 0x99                                                                                                                                                        NE r24, r23, r22
         708    0xc0 0x01 0x50 0x40 0x01 0x95                                                                                                                                              JNZ r24, #672
.delay_slot
.swstall delay_slot
         714    0x00 0x01                                                                        NOPX
.delay_slot
.swstall delay_slot
         716    0x00 0x01                                                                        NOPX
.delay_slot
.swstall delay_slot
         718    0x00 0x01                                                                        NOPX
.delay_slot
.swstall delay_slot
         720    0x00 0x01                                                                        NOPX
.delay_slot
.swstall delay_slot
         722    0x00 0x00 0x00 0x00 0x00 0x00 0x00 0x40 0x00 0x38 0x00 0x00 0x78 0x2f            NOPA;                                                       NOPS;                                                       NOPM;                                   NOPV
.label TGT_F_fini_128
.loop_nesting 0
         736    0x07 0xfe 0x42 0xd9                                                              LDA lr, [sp, #-16]
         740    0x07 0xfe 0xee 0x59                                                              LDA r23, [sp, #-12]
         744    0x07 0xff 0xec 0x59                                                              LDA r22, [sp, #-4]
         748    0x07 0xff 0x7e 0xd9                                                              LDA p7, [sp, #-8]
         752    0x00 0x01                                                                        NOPX
         754    0x00 0x01                                                                        NOPX
         756    0x00 0x01                                                                        NOPX
         758    0x10 0x00 0x18 0x19                                                                                                                                                        RET lr
.delay_slot
.swstall delay_slot
         762    0x00 0x01                                                                        NOPX
.delay_slot
.swstall delay_slot
         764    0x00 0x01                                                                        NOPX
.delay_slot
.swstall delay_slot
         766    0x00 0x01                                                                        NOPX
.delay_slot
.swstall delay_slot
         768    0x00 0x01                                                                        NOPX
.delay_slot
         770    0x00 0x00 0x07 0xff 0xe0 0x00 0x00 0x00 0x00 0x71 0x00 0x00 0x00 0x7f            NOPA;                         PADDB [sp], #-32;             NOPS;                         NOPX;                         NOPM
.label _fini__end
.label __cxa_finalize
.function_start
         784    0x01 0x00 0x48 0x00 0x01 0xd0 0x1a 0x10 0x10 0xbb                                MOVA r1, #8;                                                                              MOVXM p0, #476192
         794    0x00 0x50 0xc8 0x00 0x01 0xd0 0x42 0x00 0x10 0xbb                                LDA r3, [p0, #0];                                                                         MOVXM r2, #476160
         804    0x00 0x50 0x40 0x3e 0x17 0xaa 0x24 0x9b 0x29 0x3b                                                                                            ST r1, [p0, #0];              MOVX r1, #-3;                 MOV r17, crSat
         814    0x1c 0x06 0x36 0x59                                                                                                                                                                                      MOV r16, crRnd
         818    0x1c 0x84 0xf6 0x59                                                                                                                                                                                      MOV r18, lr
         822    0x00 0x00 0x0c 0x66 0xa0 0x55                                                                                                                                              MOVXM p6, #848
         828    0x00 0x01                                                                        NOPX
         830    0x00 0x01                                                                        NOPX
         832    0x18 0xc1 0xf6 0x79                                                                                                                                                                                      ADD.NC r3, r3, #-8
         836    0x10 0xc4 0x20 0x99                                                                                                                                                        ADD r2, r3, r2
         840    0x00 0x07 0x30 0xf7 0x98 0x8b 0x28 0x43                                                                                                                                    ASHL r19, r3, r1;             MOV p7, r2
.label TGT_F__cxa_finalize_64
.loop_nesting 1
         848    0x07 0x03 0x8e 0xd9                                                              LDA p1, [p7], #4
         852    0x07 0xfb 0x86 0xd9                                                              LDA p0, [p7], #-12
         856    0x00 0x01                                                                        NOPX
         858    0x00 0x01                                                                        NOPX
         860    0x00 0x01                                                                        NOPX
         862    0x00 0x01                                                                        NOPX
         864    0x00 0x01                                                                        NOPX
.no_stack_arguments
         866    0x10 0x00 0x54 0x19                                                                                                                                                        JL p1
.delay_slot
.swstall delay_slot
         870    0x00 0x01                                                                        NOPX
.delay_slot
.swstall delay_slot
         872    0x00 0x01                                                                        NOPX
.delay_slot
.swstall delay_slot
         874    0x00 0x01                                                                        NOPX
.delay_slot
.swstall delay_slot
         876    0x00 0x00 0x00 0x19                                                              NOPA
.delay_slot
         880    0x00 0x00 0x00 0x00 0x00 0x00 0x00 0x00 0x00 0x02 0x80 0x0b 0x28 0x00 0x03 0xc0  NOPA;                         NOPB;                         NOPS;                         NOPX;                         MOV r20, r0;                            NOPV
.return_address
         896    0x14 0xe7 0x8c 0x19                                                                                                                                                        JNZD r19, r19, p6
.delay_slot
         900    0x18 0x0a 0x16 0x59                                                                                                                                                                                      MOV r0, r20
.delay_slot
.swstall delay_slot
         904    0x00 0x01                                                                        NOPX
.delay_slot
.swstall delay_slot
         906    0x00 0x01                                                                        NOPX
.delay_slot
.swstall delay_slot
         908    0x00 0x01                                                                        NOPX
.delay_slot
.swstall delay_slot
         910    0x00 0x01                                                                        NOPX
.loop_nesting 0
         912    0x1a 0x79 0x16 0x59                                                                                                                                                                                      MOV lr, r18
         916    0x10 0x00 0x18 0x19                                                                                                                                                        RET lr
.delay_slot
         920    0x00 0x23 0x21 0x01 0x8c 0x0b 0x28 0x43                                                                                                                                    MOVX crSat, r17;              MOV crRnd, r16
.delay_slot
.swstall delay_slot
         928    0x00 0x01                                                                        NOPX
.delay_slot
.swstall delay_slot
         930    0x00 0x01                                                                        NOPX
.delay_slot
.swstall delay_slot
         932    0x00 0x01                                                                        NOPX
.delay_slot
.swstall delay_slot
         934    0x00 0x00 0x00 0x00 0x00 0x00 0x00 0x03 0x8e 0xbb                                NOPA;                         NOPB;                                                                                     NOPM
.label __cxa_finalize__end

.data_segment DMb 476160
.label _ZL7atexits
	0x60
	0x2
	0x0
	0x0
	0x0
	0x0
	0x0
	0x0
	0x0
	0x0
	0x0
	0x0
	0x0
	0x0
	0x0
	0x0
	0x0
	0x0
	0x0
	0x0
	0x0
	0x0
	0x0
	0x0
	0x0
	0x0
	0x0
	0x0
	0x0
	0x0
	0x0
	0x0
.label _ZL10atexit_cnt
	0x8
	0x0
	0x0
	0x0

.stack DM_stack 458752 459776
