XILINX_LOC=/proj/xbuilds/2023.2_INT_daily_latest/installs/lin64/Vitis/2023.2
SHELL=/bin/csh
MYXILINX_VER=2023.2
COLORTERM=truecolor
CARDANO_ROOT=/proj/xbuilds/2023.2_INT_daily_latest/installs/lin64/Vitis/2023.2/cardano
TERM_PROGRAM_VERSION=1.93.0
MYXILINX_VER_BASE=INT_daily_latest
AIETOOLS_ROOT=/proj/xbuilds/2023.2_INT_daily_latest/installs/lin64/Vitis/2023.2/aietools
XILINX_XRT=/opt/xilinx/xrt
n_aie_cols=4
PWD=/scratch/aba/micro/mlir-aie/programming_examples/basic/matrix_multiplication
LOGNAME=agnanesw
XDG_SESSION_TYPE=tty
LLVM_INSTALL_DIR=/scratch/aba/micro/mlir-aie/llvm/install
MLIR_AIE_INSTALL_DIR=/scratch/aba/micro/mlir-aie/install
VSCODE_GIT_ASKPASS_NODE=/home/agnanesw/.vscode-server/cli/servers/Stable-4849ca9bdf9666755eb463db297b69e5385090e3/server/node
MOTD_SHOWN=pam
n=64
m=64
k=64
XRT_HACK_UNSECURE_LOADING_XCLBIN=1
HOME=/home/agnanesw
LANG=en_US.UTF-8
PLATFORM_REPO_PATHS=/proj/xbuilds/2023.2_INT_daily_latest/internal_platforms
VIRTUAL_ENV=/scratch/aba/micro/mlir-aie/sandbox
SSL_CERT_DIR=/usr/lib/ssl/certs
GIT_ASKPASS=/home/agnanesw/.vscode-server/cli/servers/Stable-4849ca9bdf9666755eb463db297b69e5385090e3/server/extensions/git/dist/askpass.sh
SSH_CONNECTION=10.252.55.254 54106 172.20.9.151 22
VSCODE_GIT_ASKPASS_EXTRA_ARGS=
XDG_SESSION_CLASS=user
PYTHONPATH=/scratch/aba/micro/mlir-aie/install/python:/opt/xilinx/xrt/python
TERM=xterm-256color
USER=agnanesw
VSCODE_GIT_IPC_HANDLE=/run/user/50083822/vscode-git-29784f0360.sock
SHLVL=2
XDG_SESSION_ID=1544
LM_LICENSE_FILE=2100@aiengine-eng
LD_LIBRARY_PATH=/scratch/aba/micro/mlir-aie/install/lib:/scratch/aba/micro/mlir-aie/llvm/install/lib:/opt/xilinx/xrt/lib
XDG_RUNTIME_DIR=/run/user/50083822
SSL_CERT_FILE=/usr/lib/ssl/certs/ca-certificates.crt
MYXILINX_BASE=/proj/xbuilds/2023.2_INT_daily_latest
dtype_out=i16
SSH_CLIENT=10.252.55.254 54106 22
LC_ALL=C
VSCODE_GIT_ASKPASS_MAIN=/home/agnanesw/.vscode-server/cli/servers/Stable-4849ca9bdf9666755eb463db297b69e5385090e3/server/extensions/git/dist/askpass-main.js
BROWSER=/home/agnanesw/.vscode-server/cli/servers/Stable-4849ca9bdf9666755eb463db297b69e5385090e3/server/bin/helpers/browser.sh
PATH=/scratch/aba/micro/mlir-aie/install/bin:/scratch/aba/micro/mlir-aie/llvm/install/bin:/scratch/aba/micro/mlir-aie/sandbox/bin:/proj/rdi/staff/gagandee/cmake-3.25.3-linux-x86_64/bin/:/proj/xbuilds/2023.2_INT_daily_latest/installs/lin64/Vitis/2023.2/aietools/bin:/proj/xbuilds/2023.2_INT_daily_latest/installs/lin64/Vitis/2023.2//bin:/proj/xbuilds/2023.2_INT_daily_latest/installs/lin64/Vitis/2023.2/:/proj/xbuilds/2023.2_INT_daily_latest/installs/lin64/Vitis/2023.2//aietools/bin:/proj/xbuilds/2023.2_INT_daily_latest/installs/lin64/Vitis/2023.2/bin:/opt/xilinx/xrt/bin:/home/agnanesw/.vscode-server/cli/servers/Stable-4849ca9bdf9666755eb463db297b69e5385090e3/server/bin/remote-cli:/usr/local/sbin:/usr/local/bin:/usr/sbin:/usr/bin:/sbin:/bin:/usr/games:/usr/local/games:/snap/bin
dtype_in=i16
DBUS_SESSION_BUS_ADDRESS=unix:path=/run/user/50083822/bus
XILINX_VITIS=/proj/xbuilds/2023.2_INT_daily_latest/installs/lin64/Vitis/2023.2/
OLDPWD=/scratch/aba/micro/mlir-aie/programming_examples/basic
TERM_PROGRAM=vscode
VSCODE_IPC_HOOK_CLI=/run/user/50083822/vscode-ipc-212f753a-0121-4dd1-b41c-f0e0a0e00ed4.sock
_=/usr/bin/env
make: *** No rule to make target 'clean'.  Stop.
make: *** No rule to make target 'all'.  Stop.
make: *** No rule to make target 'clean'.  Stop.
make: *** No rule to make target 'all'.  Stop.
make: *** No rule to make target 'clean'.  Stop.
make: *** No rule to make target 'all'.  Stop.
make: *** No rule to make target 'clean'.  Stop.
make: *** No rule to make target 'all'.  Stop.
make: *** No rule to make target 'clean'.  Stop.
make: *** No rule to make target 'all'.  Stop.
make: *** No rule to make target 'clean'.  Stop.
make: *** No rule to make target 'all'.  Stop.
make: *** No rule to make target 'clean'.  Stop.
make: *** No rule to make target 'all'.  Stop.
make: *** No rule to make target 'clean'.  Stop.
make: *** No rule to make target 'all'.  Stop.
make: *** No rule to make target 'clean'.  Stop.
make: *** No rule to make target 'all'.  Stop.
make: *** No rule to make target 'clean'.  Stop.
make: *** No rule to make target 'all'.  Stop.
make: *** No rule to make target 'clean'.  Stop.
make: *** No rule to make target 'all'.  Stop.
make: *** No rule to make target 'clean'.  Stop.
make: *** No rule to make target 'all'.  Stop.
make: *** No rule to make target 'clean'.  Stop.
make: *** No rule to make target 'all'.  Stop.
make: *** No rule to make target 'clean'.  Stop.
make: *** No rule to make target 'all'.  Stop.
make: *** No rule to make target 'clean'.  Stop.
make: *** No rule to make target 'all'.  Stop.
make: *** No rule to make target 'clean'.  Stop.
make: *** No rule to make target 'all'.  Stop.
make: *** No rule to make target 'clean'.  Stop.
make: *** No rule to make target 'all'.  Stop.
make: *** No rule to make target 'clean'.  Stop.
make: *** No rule to make target 'all'.  Stop.
make: *** No rule to make target 'clean'.  Stop.
make: *** No rule to make target 'all'.  Stop.
make: *** No rule to make target 'clean'.  Stop.
make: *** No rule to make target 'all'.  Stop.
make: *** No rule to make target 'clean'.  Stop.
make: *** No rule to make target 'all'.  Stop.
make: *** No rule to make target 'clean'.  Stop.
make: *** No rule to make target 'all'.  Stop.
make: *** No rule to make target 'clean'.  Stop.
make: *** No rule to make target 'all'.  Stop.
make: *** No rule to make target 'clean'.  Stop.
make: *** No rule to make target 'all'.  Stop.
make: *** No rule to make target 'clean'.  Stop.
make: *** No rule to make target 'all'.  Stop.
make: *** No rule to make target 'clean'.  Stop.
make: *** No rule to make target 'all'.  Stop.
make: *** No rule to make target 'clean'.  Stop.
make: *** No rule to make target 'all'.  Stop.
make: *** No rule to make target 'clean'.  Stop.
make: *** No rule to make target 'all'.  Stop.
make: *** No rule to make target 'clean'.  Stop.
make: *** No rule to make target 'all'.  Stop.
make: *** No rule to make target 'clean'.  Stop.
make: *** No rule to make target 'all'.  Stop.
make: *** No rule to make target 'clean'.  Stop.
make: *** No rule to make target 'all'.  Stop.
make: *** No rule to make target 'clean'.  Stop.
make: *** No rule to make target 'all'.  Stop.
make: *** No rule to make target 'clean'.  Stop.
make: *** No rule to make target 'all'.  Stop.
make: *** No rule to make target 'clean'.  Stop.
make: *** No rule to make target 'all'.  Stop.
make: *** No rule to make target 'clean'.  Stop.
make: *** No rule to make target 'all'.  Stop.
make: *** No rule to make target 'clean'.  Stop.
make: *** No rule to make target 'all'.  Stop.
make: *** No rule to make target 'clean'.  Stop.
make: *** No rule to make target 'all'.  Stop.
make: *** No rule to make target 'clean'.  Stop.
make: *** No rule to make target 'all'.  Stop.
make: *** No rule to make target 'clean'.  Stop.
make: *** No rule to make target 'all'.  Stop.
make: *** No rule to make target 'clean'.  Stop.
make: *** No rule to make target 'all'.  Stop.
make: *** No rule to make target 'clean'.  Stop.
make: *** No rule to make target 'all'.  Stop.
make: *** No rule to make target 'clean'.  Stop.
make: *** No rule to make target 'all'.  Stop.
make: *** No rule to make target 'clean'.  Stop.
make: *** No rule to make target 'all'.  Stop.
make: *** No rule to make target 'clean'.  Stop.
make: *** No rule to make target 'all'.  Stop.
make: *** No rule to make target 'clean'.  Stop.
make: *** No rule to make target 'all'.  Stop.
make: *** No rule to make target 'clean'.  Stop.
make: *** No rule to make target 'all'.  Stop.
make: *** No rule to make target 'clean'.  Stop.
make: *** No rule to make target 'all'.  Stop.
make: *** No rule to make target 'clean'.  Stop.
make: *** No rule to make target 'all'.  Stop.
make: *** No rule to make target 'clean'.  Stop.
make: *** No rule to make target 'all'.  Stop.
make: *** No rule to make target 'clean'.  Stop.
make: *** No rule to make target 'all'.  Stop.
make: *** No rule to make target 'clean'.  Stop.
make: *** No rule to make target 'all'.  Stop.
make: *** No rule to make target 'clean'.  Stop.
make: *** No rule to make target 'all'.  Stop.
make: *** No rule to make target 'clean'.  Stop.
make: *** No rule to make target 'all'.  Stop.
make: *** No rule to make target 'clean'.  Stop.
make: *** No rule to make target 'all'.  Stop.
make: *** No rule to make target 'clean'.  Stop.
make: *** No rule to make target 'all'.  Stop.
make: *** No rule to make target 'clean'.  Stop.
make: *** No rule to make target 'all'.  Stop.
make: *** No rule to make target 'clean'.  Stop.
make: *** No rule to make target 'all'.  Stop.
make: *** No rule to make target 'clean'.  Stop.
make: *** No rule to make target 'all'.  Stop.
make: *** No rule to make target 'clean'.  Stop.
make: *** No rule to make target 'all'.  Stop.
make: *** No rule to make target 'clean'.  Stop.
make: *** No rule to make target 'all'.  Stop.
make: *** No rule to make target 'clean'.  Stop.
make: *** No rule to make target 'all'.  Stop.
make: *** No rule to make target 'clean'.  Stop.
make: *** No rule to make target 'all'.  Stop.
make: *** No rule to make target 'clean'.  Stop.
make: *** No rule to make target 'all'.  Stop.
make: *** No rule to make target 'clean'.  Stop.
make: *** No rule to make target 'all'.  Stop.
make: *** No rule to make target 'clean'.  Stop.
make: *** No rule to make target 'all'.  Stop.
make: *** No rule to make target 'clean'.  Stop.
make: *** No rule to make target 'all'.  Stop.
make: *** No rule to make target 'clean'.  Stop.
make: *** No rule to make target 'all'.  Stop.
make: *** No rule to make target 'clean'.  Stop.
make: *** No rule to make target 'all'.  Stop.
make: *** No rule to make target 'clean'.  Stop.
make: *** No rule to make target 'all'.  Stop.
make: *** No rule to make target 'clean'.  Stop.
make: *** No rule to make target 'all'.  Stop.
make: *** No rule to make target 'clean'.  Stop.
make: *** No rule to make target 'all'.  Stop.
make: *** No rule to make target 'clean'.  Stop.
make: *** No rule to make target 'all'.  Stop.
make: *** No rule to make target 'clean'.  Stop.
make: *** No rule to make target 'all'.  Stop.
make: *** No rule to make target 'clean'.  Stop.
make: *** No rule to make target 'all'.  Stop.
make: *** No rule to make target 'clean'.  Stop.
make: *** No rule to make target 'all'.  Stop.
make: *** No rule to make target 'clean'.  Stop.
make: *** No rule to make target 'all'.  Stop.
make: *** No rule to make target 'clean'.  Stop.
make: *** No rule to make target 'all'.  Stop.
make: *** No rule to make target 'clean'.  Stop.
make: *** No rule to make target 'all'.  Stop.
make: *** No rule to make target 'clean'.  Stop.
make: *** No rule to make target 'all'.  Stop.
make: *** No rule to make target 'clean'.  Stop.
make: *** No rule to make target 'all'.  Stop.
make: *** No rule to make target 'clean'.  Stop.
make: *** No rule to make target 'all'.  Stop.
make: *** No rule to make target 'clean'.  Stop.
make: *** No rule to make target 'all'.  Stop.
make: *** No rule to make target 'clean'.  Stop.
make: *** No rule to make target 'all'.  Stop.
make: *** No rule to make target 'clean'.  Stop.
make: *** No rule to make target 'all'.  Stop.
make: *** No rule to make target 'clean'.  Stop.
make: *** No rule to make target 'all'.  Stop.
make: *** No rule to make target 'clean'.  Stop.
make: *** No rule to make target 'all'.  Stop.
make: *** No rule to make target 'clean'.  Stop.
make: *** No rule to make target 'all'.  Stop.
make: *** No rule to make target 'clean'.  Stop.
make: *** No rule to make target 'all'.  Stop.
make: *** No rule to make target 'clean'.  Stop.
make: *** No rule to make target 'all'.  Stop.
make: *** No rule to make target 'clean'.  Stop.
make: *** No rule to make target 'all'.  Stop.
make: *** No rule to make target 'clean'.  Stop.
make: *** No rule to make target 'all'.  Stop.
make: *** No rule to make target 'clean'.  Stop.
make: *** No rule to make target 'all'.  Stop.
make: *** No rule to make target 'clean'.  Stop.
make: *** No rule to make target 'all'.  Stop.
make: *** No rule to make target 'clean'.  Stop.
make: *** No rule to make target 'all'.  Stop.
make: *** No rule to make target 'clean'.  Stop.
make: *** No rule to make target 'all'.  Stop.
make: *** No rule to make target 'clean'.  Stop.
make: *** No rule to make target 'all'.  Stop.
make: *** No rule to make target 'clean'.  Stop.
make: *** No rule to make target 'all'.  Stop.
make: *** No rule to make target 'clean'.  Stop.
make: *** No rule to make target 'all'.  Stop.
make: *** No rule to make target 'clean'.  Stop.
make: *** No rule to make target 'all'.  Stop.
make: *** No rule to make target 'clean'.  Stop.
make: *** No rule to make target 'all'.  Stop.
make: *** No rule to make target 'clean'.  Stop.
make: *** No rule to make target 'all'.  Stop.
make: *** No rule to make target 'clean'.  Stop.
make: *** No rule to make target 'all'.  Stop.
make: *** No rule to make target 'clean'.  Stop.
make: *** No rule to make target 'all'.  Stop.
make: *** No rule to make target 'clean'.  Stop.
make: *** No rule to make target 'all'.  Stop.
make: *** No rule to make target 'clean'.  Stop.
make: *** No rule to make target 'all'.  Stop.
make: *** No rule to make target 'clean'.  Stop.
make: *** No rule to make target 'all'.  Stop.
make: *** No rule to make target 'clean'.  Stop.
make: *** No rule to make target 'all'.  Stop.
make: *** No rule to make target 'clean'.  Stop.
make: *** No rule to make target 'all'.  Stop.
make: *** No rule to make target 'clean'.  Stop.
make: *** No rule to make target 'all'.  Stop.
make: *** No rule to make target 'clean'.  Stop.
make: *** No rule to make target 'all'.  Stop.
make: *** No rule to make target 'clean'.  Stop.
make: *** No rule to make target 'all'.  Stop.
make: *** No rule to make target 'clean'.  Stop.
make: *** No rule to make target 'all'.  Stop.
make: *** No rule to make target 'clean'.  Stop.
make: *** No rule to make target 'all'.  Stop.
make: *** No rule to make target 'clean'.  Stop.
make: *** No rule to make target 'all'.  Stop.
make: *** No rule to make target 'clean'.  Stop.
make: *** No rule to make target 'all'.  Stop.
make: *** No rule to make target 'clean'.  Stop.
make: *** No rule to make target 'all'.  Stop.
make: *** No rule to make target 'clean'.  Stop.
make: *** No rule to make target 'all'.  Stop.
make: *** No rule to make target 'clean'.  Stop.
make: *** No rule to make target 'all'.  Stop.
make: *** No rule to make target 'clean'.  Stop.
make: *** No rule to make target 'all'.  Stop.
make: *** No rule to make target 'clean'.  Stop.
make: *** No rule to make target 'all'.  Stop.
make: *** No rule to make target 'clean'.  Stop.
make: *** No rule to make target 'all'.  Stop.
make: *** No rule to make target 'clean'.  Stop.
make: *** No rule to make target 'all'.  Stop.
make: *** No rule to make target 'clean'.  Stop.
make: *** No rule to make target 'all'.  Stop.
make: *** No rule to make target 'clean'.  Stop.
make: *** No rule to make target 'all'.  Stop.
make: *** No rule to make target 'clean'.  Stop.
make: *** No rule to make target 'all'.  Stop.
make: *** No rule to make target 'clean'.  Stop.
make: *** No rule to make target 'all'.  Stop.
make: *** No rule to make target 'clean'.  Stop.
make: *** No rule to make target 'all'.  Stop.
make: *** No rule to make target 'clean'.  Stop.
make: *** No rule to make target 'all'.  Stop.
make: *** No rule to make target 'clean'.  Stop.
make: *** No rule to make target 'all'.  Stop.
make: *** No rule to make target 'clean'.  Stop.
make: *** No rule to make target 'all'.  Stop.
make: *** No rule to make target 'clean'.  Stop.
make: *** No rule to make target 'all'.  Stop.
make: *** No rule to make target 'clean'.  Stop.
make: *** No rule to make target 'all'.  Stop.
make: *** No rule to make target 'clean'.  Stop.
make: *** No rule to make target 'all'.  Stop.
make: *** No rule to make target 'clean'.  Stop.
make: *** No rule to make target 'all'.  Stop.
make: *** No rule to make target 'clean'.  Stop.
make: *** No rule to make target 'all'.  Stop.
make: *** No rule to make target 'clean'.  Stop.
make: *** No rule to make target 'all'.  Stop.
make: *** No rule to make target 'clean'.  Stop.
make: *** No rule to make target 'all'.  Stop.
make: *** No rule to make target 'clean'.  Stop.
make: *** No rule to make target 'all'.  Stop.
make: *** No rule to make target 'clean'.  Stop.
make: *** No rule to make target 'all'.  Stop.
make: *** No rule to make target 'clean'.  Stop.
make: *** No rule to make target 'all'.  Stop.
make: *** No rule to make target 'clean'.  Stop.
make: *** No rule to make target 'all'.  Stop.
make: *** No rule to make target 'clean'.  Stop.
make: *** No rule to make target 'all'.  Stop.
make: *** No rule to make target 'clean'.  Stop.
make: *** No rule to make target 'all'.  Stop.
make: *** No rule to make target 'clean'.  Stop.
make: *** No rule to make target 'all'.  Stop.
make: *** No rule to make target 'clean'.  Stop.
make: *** No rule to make target 'all'.  Stop.
make: *** No rule to make target 'clean'.  Stop.
make: *** No rule to make target 'all'.  Stop.
make: *** No rule to make target 'clean'.  Stop.
make: *** No rule to make target 'all'.  Stop.
make: *** No rule to make target 'clean'.  Stop.
make: *** No rule to make target 'all'.  Stop.
make: *** No rule to make target 'clean'.  Stop.
make: *** No rule to make target 'all'.  Stop.
make: *** No rule to make target 'clean'.  Stop.
make: *** No rule to make target 'all'.  Stop.
make: *** No rule to make target 'clean'.  Stop.
make: *** No rule to make target 'all'.  Stop.
make: *** No rule to make target 'clean'.  Stop.
make: *** No rule to make target 'all'.  Stop.
make: *** No rule to make target 'clean'.  Stop.
make: *** No rule to make target 'all'.  Stop.
make: *** No rule to make target 'clean'.  Stop.
make: *** No rule to make target 'all'.  Stop.
make: *** No rule to make target 'clean'.  Stop.
make: *** No rule to make target 'all'.  Stop.
make: *** No rule to make target 'clean'.  Stop.
make: *** No rule to make target 'all'.  Stop.
make: *** No rule to make target 'clean'.  Stop.
make: *** No rule to make target 'all'.  Stop.
make: *** No rule to make target 'clean'.  Stop.
make: *** No rule to make target 'all'.  Stop.
make: *** No rule to make target 'clean'.  Stop.
make: *** No rule to make target 'all'.  Stop.
make: *** No rule to make target 'clean'.  Stop.
make: *** No rule to make target 'all'.  Stop.
make: *** No rule to make target 'clean'.  Stop.
make: *** No rule to make target 'all'.  Stop.
make: *** No rule to make target 'clean'.  Stop.
make: *** No rule to make target 'all'.  Stop.
make: *** No rule to make target 'clean'.  Stop.
make: *** No rule to make target 'all'.  Stop.
make: *** No rule to make target 'clean'.  Stop.
make: *** No rule to make target 'all'.  Stop.
make: *** No rule to make target 'clean'.  Stop.
make: *** No rule to make target 'all'.  Stop.
make: *** No rule to make target 'clean'.  Stop.
make: *** No rule to make target 'all'.  Stop.
make: *** No rule to make target 'clean'.  Stop.
make: *** No rule to make target 'all'.  Stop.
make: *** No rule to make target 'clean'.  Stop.
make: *** No rule to make target 'all'.  Stop.
make: *** No rule to make target 'clean'.  Stop.
make: *** No rule to make target 'all'.  Stop.
make: *** No rule to make target 'clean'.  Stop.
make: *** No rule to make target 'all'.  Stop.
make: *** No rule to make target 'clean'.  Stop.
make: *** No rule to make target 'all'.  Stop.
make: *** No rule to make target 'clean'.  Stop.
make: *** No rule to make target 'all'.  Stop.
make: *** No rule to make target 'clean'.  Stop.
make: *** No rule to make target 'all'.  Stop.
make: *** No rule to make target 'clean'.  Stop.
make: *** No rule to make target 'all'.  Stop.
make: *** No rule to make target 'clean'.  Stop.
make: *** No rule to make target 'all'.  Stop.
make: *** No rule to make target 'clean'.  Stop.
make: *** No rule to make target 'all'.  Stop.
make: *** No rule to make target 'clean'.  Stop.
make: *** No rule to make target 'all'.  Stop.
make: *** No rule to make target 'clean'.  Stop.
make: *** No rule to make target 'all'.  Stop.
make: *** No rule to make target 'clean'.  Stop.
make: *** No rule to make target 'all'.  Stop.
make: *** No rule to make target 'clean'.  Stop.
make: *** No rule to make target 'all'.  Stop.
make: *** No rule to make target 'clean'.  Stop.
make: *** No rule to make target 'all'.  Stop.
make: *** No rule to make target 'clean'.  Stop.
make: *** No rule to make target 'all'.  Stop.
make: *** No rule to make target 'clean'.  Stop.
make: *** No rule to make target 'all'.  Stop.
make: *** No rule to make target 'clean'.  Stop.
make: *** No rule to make target 'all'.  Stop.
make: *** No rule to make target 'clean'.  Stop.
make: *** No rule to make target 'all'.  Stop.
make: *** No rule to make target 'clean'.  Stop.
make: *** No rule to make target 'all'.  Stop.
make: *** No rule to make target 'clean'.  Stop.
make: *** No rule to make target 'all'.  Stop.
make: *** No rule to make target 'clean'.  Stop.
make: *** No rule to make target 'all'.  Stop.
make: *** No rule to make target 'clean'.  Stop.
make: *** No rule to make target 'all'.  Stop.
make: *** No rule to make target 'clean'.  Stop.
make: *** No rule to make target 'all'.  Stop.
make: *** No rule to make target 'clean'.  Stop.
make: *** No rule to make target 'all'.  Stop.
make: *** No rule to make target 'clean'.  Stop.
make: *** No rule to make target 'all'.  Stop.
make: *** No rule to make target 'clean'.  Stop.
make: *** No rule to make target 'all'.  Stop.
make: *** No rule to make target 'clean'.  Stop.
make: *** No rule to make target 'all'.  Stop.
make: *** No rule to make target 'clean'.  Stop.
make: *** No rule to make target 'all'.  Stop.
make: *** No rule to make target 'clean'.  Stop.
make: *** No rule to make target 'all'.  Stop.
make: *** No rule to make target 'clean'.  Stop.
make: *** No rule to make target 'all'.  Stop.
make: *** No rule to make target 'clean'.  Stop.
make: *** No rule to make target 'all'.  Stop.
make: *** No rule to make target 'clean'.  Stop.
make: *** No rule to make target 'all'.  Stop.
make: *** No rule to make target 'clean'.  Stop.
make: *** No rule to make target 'all'.  Stop.
make: *** No rule to make target 'clean'.  Stop.
make: *** No rule to make target 'all'.  Stop.
make: *** No rule to make target 'clean'.  Stop.
make: *** No rule to make target 'all'.  Stop.
make: *** No rule to make target 'clean'.  Stop.
make: *** No rule to make target 'all'.  Stop.
make: *** No rule to make target 'clean'.  Stop.
make: *** No rule to make target 'all'.  Stop.
make: *** No rule to make target 'clean'.  Stop.
make: *** No rule to make target 'all'.  Stop.
make: *** No rule to make target 'clean'.  Stop.
make: *** No rule to make target 'all'.  Stop.
make: *** No rule to make target 'clean'.  Stop.
make: *** No rule to make target 'all'.  Stop.
make: *** No rule to make target 'clean'.  Stop.
make: *** No rule to make target 'all'.  Stop.
make: *** No rule to make target 'clean'.  Stop.
make: *** No rule to make target 'all'.  Stop.
make: *** No rule to make target 'clean'.  Stop.
make: *** No rule to make target 'all'.  Stop.
make: *** No rule to make target 'clean'.  Stop.
make: *** No rule to make target 'all'.  Stop.
make: *** No rule to make target 'clean'.  Stop.
make: *** No rule to make target 'all'.  Stop.
make: *** No rule to make target 'clean'.  Stop.
make: *** No rule to make target 'all'.  Stop.
make: *** No rule to make target 'clean'.  Stop.
make: *** No rule to make target 'all'.  Stop.
make: *** No rule to make target 'clean'.  Stop.
make: *** No rule to make target 'all'.  Stop.
make: *** No rule to make target 'clean'.  Stop.
make: *** No rule to make target 'all'.  Stop.
make: *** No rule to make target 'clean'.  Stop.
make: *** No rule to make target 'all'.  Stop.
make: *** No rule to make target 'clean'.  Stop.
make: *** No rule to make target 'all'.  Stop.
make: *** No rule to make target 'clean'.  Stop.
make: *** No rule to make target 'all'.  Stop.
make: *** No rule to make target 'clean'.  Stop.
make: *** No rule to make target 'all'.  Stop.
make: *** No rule to make target 'clean'.  Stop.
make: *** No rule to make target 'all'.  Stop.
make: *** No rule to make target 'clean'.  Stop.
make: *** No rule to make target 'all'.  Stop.
make: *** No rule to make target 'clean'.  Stop.
make: *** No rule to make target 'all'.  Stop.
make: *** No rule to make target 'clean'.  Stop.
make: *** No rule to make target 'all'.  Stop.
make: *** No rule to make target 'clean'.  Stop.
make: *** No rule to make target 'all'.  Stop.
make: *** No rule to make target 'clean'.  Stop.
make: *** No rule to make target 'all'.  Stop.
make: *** No rule to make target 'clean'.  Stop.
make: *** No rule to make target 'all'.  Stop.
make: *** No rule to make target 'clean'.  Stop.
make: *** No rule to make target 'all'.  Stop.
make: *** No rule to make target 'clean'.  Stop.
make: *** No rule to make target 'all'.  Stop.
make: *** No rule to make target 'clean'.  Stop.
make: *** No rule to make target 'all'.  Stop.
make: *** No rule to make target 'clean'.  Stop.
make: *** No rule to make target 'all'.  Stop.
make: *** No rule to make target 'clean'.  Stop.
make: *** No rule to make target 'all'.  Stop.
make: *** No rule to make target 'clean'.  Stop.
make: *** No rule to make target 'all'.  Stop.
make: *** No rule to make target 'clean'.  Stop.
make: *** No rule to make target 'all'.  Stop.
make: *** No rule to make target 'clean'.  Stop.
make: *** No rule to make target 'all'.  Stop.
make: *** No rule to make target 'clean'.  Stop.
make: *** No rule to make target 'all'.  Stop.
make: *** No rule to make target 'clean'.  Stop.
make: *** No rule to make target 'all'.  Stop.
make: *** No rule to make target 'clean'.  Stop.
make: *** No rule to make target 'all'.  Stop.
make: *** No rule to make target 'clean'.  Stop.
make: *** No rule to make target 'all'.  Stop.
make: *** No rule to make target 'clean'.  Stop.
make: *** No rule to make target 'all'.  Stop.
make: *** No rule to make target 'clean'.  Stop.
make: *** No rule to make target 'all'.  Stop.
make: *** No rule to make target 'clean'.  Stop.
make: *** No rule to make target 'all'.  Stop.
make: *** No rule to make target 'clean'.  Stop.
make: *** No rule to make target 'all'.  Stop.
make: *** No rule to make target 'clean'.  Stop.
make: *** No rule to make target 'all'.  Stop.
make: *** No rule to make target 'clean'.  Stop.
make: *** No rule to make target 'all'.  Stop.
make: *** No rule to make target 'clean'.  Stop.
make: *** No rule to make target 'all'.  Stop.
make: *** No rule to make target 'clean'.  Stop.
make: *** No rule to make target 'all'.  Stop.
make: *** No rule to make target 'clean'.  Stop.
make: *** No rule to make target 'all'.  Stop.
make: *** No rule to make target 'clean'.  Stop.
make: *** No rule to make target 'all'.  Stop.
make: *** No rule to make target 'clean'.  Stop.
make: *** No rule to make target 'all'.  Stop.
make: *** No rule to make target 'clean'.  Stop.
make: *** No rule to make target 'all'.  Stop.
make: *** No rule to make target 'clean'.  Stop.
make: *** No rule to make target 'all'.  Stop.
make: *** No rule to make target 'clean'.  Stop.
make: *** No rule to make target 'all'.  Stop.
make: *** No rule to make target 'clean'.  Stop.
make: *** No rule to make target 'all'.  Stop.
make: *** No rule to make target 'clean'.  Stop.
make: *** No rule to make target 'all'.  Stop.
make: *** No rule to make target 'clean'.  Stop.
make: *** No rule to make target 'all'.  Stop.
make: *** No rule to make target 'clean'.  Stop.
make: *** No rule to make target 'all'.  Stop.
make: *** No rule to make target 'clean'.  Stop.
make: *** No rule to make target 'all'.  Stop.
make: *** No rule to make target 'clean'.  Stop.
make: *** No rule to make target 'all'.  Stop.
make: *** No rule to make target 'clean'.  Stop.
make: *** No rule to make target 'all'.  Stop.
make: *** No rule to make target 'clean'.  Stop.
make: *** No rule to make target 'all'.  Stop.
make: *** No rule to make target 'clean'.  Stop.
make: *** No rule to make target 'all'.  Stop.
make: *** No rule to make target 'clean'.  Stop.
make: *** No rule to make target 'all'.  Stop.
make: *** No rule to make target 'clean'.  Stop.
make: *** No rule to make target 'all'.  Stop.
make: *** No rule to make target 'clean'.  Stop.
make: *** No rule to make target 'all'.  Stop.
make: *** No rule to make target 'clean'.  Stop.
make: *** No rule to make target 'all'.  Stop.
make: *** No rule to make target 'clean'.  Stop.
make: *** No rule to make target 'all'.  Stop.
make: *** No rule to make target 'clean'.  Stop.
make: *** No rule to make target 'all'.  Stop.
make: *** No rule to make target 'clean'.  Stop.
make: *** No rule to make target 'all'.  Stop.
make: *** No rule to make target 'clean'.  Stop.
make: *** No rule to make target 'all'.  Stop.
make: *** No rule to make target 'clean'.  Stop.
make: *** No rule to make target 'all'.  Stop.
make: *** No rule to make target 'clean'.  Stop.
make: *** No rule to make target 'all'.  Stop.
make: *** No rule to make target 'clean'.  Stop.
make: *** No rule to make target 'all'.  Stop.
make: *** No rule to make target 'clean'.  Stop.
make: *** No rule to make target 'all'.  Stop.
make: *** No rule to make target 'clean'.  Stop.
make: *** No rule to make target 'all'.  Stop.
make: *** No rule to make target 'clean'.  Stop.
make: *** No rule to make target 'all'.  Stop.
make: *** No rule to make target 'clean'.  Stop.
make: *** No rule to make target 'all'.  Stop.
make: *** No rule to make target 'clean'.  Stop.
make: *** No rule to make target 'all'.  Stop.
make: *** No rule to make target 'clean'.  Stop.
make: *** No rule to make target 'all'.  Stop.
make: *** No rule to make target 'clean'.  Stop.
make: *** No rule to make target 'all'.  Stop.
make: *** No rule to make target 'clean'.  Stop.
make: *** No rule to make target 'all'.  Stop.
make: *** No rule to make target 'clean'.  Stop.
make: *** No rule to make target 'all'.  Stop.
make: *** No rule to make target 'clean'.  Stop.
make: *** No rule to make target 'all'.  Stop.
make: *** No rule to make target 'clean'.  Stop.
make: *** No rule to make target 'all'.  Stop.
make: *** No rule to make target 'clean'.  Stop.
make: *** No rule to make target 'all'.  Stop.
make: *** No rule to make target 'clean'.  Stop.
make: *** No rule to make target 'all'.  Stop.
make: *** No rule to make target 'clean'.  Stop.
make: *** No rule to make target 'all'.  Stop.
make: *** No rule to make target 'clean'.  Stop.
make: *** No rule to make target 'all'.  Stop.
make: *** No rule to make target 'clean'.  Stop.
make: *** No rule to make target 'all'.  Stop.
make: *** No rule to make target 'clean'.  Stop.
make: *** No rule to make target 'all'.  Stop.
make: *** No rule to make target 'clean'.  Stop.
make: *** No rule to make target 'all'.  Stop.
make: *** No rule to make target 'clean'.  Stop.
make: *** No rule to make target 'all'.  Stop.
make: *** No rule to make target 'clean'.  Stop.
make: *** No rule to make target 'all'.  Stop.
make: *** No rule to make target 'clean'.  Stop.
make: *** No rule to make target 'all'.  Stop.
make: *** No rule to make target 'clean'.  Stop.
make: *** No rule to make target 'all'.  Stop.
make: *** No rule to make target 'clean'.  Stop.
make: *** No rule to make target 'all'.  Stop.
make: *** No rule to make target 'clean'.  Stop.
make: *** No rule to make target 'all'.  Stop.
make: *** No rule to make target 'clean'.  Stop.
make: *** No rule to make target 'all'.  Stop.
make: *** No rule to make target 'clean'.  Stop.
make: *** No rule to make target 'all'.  Stop.
make: *** No rule to make target 'clean'.  Stop.
make: *** No rule to make target 'all'.  Stop.
make: *** No rule to make target 'clean'.  Stop.
make: *** No rule to make target 'all'.  Stop.
make: *** No rule to make target 'clean'.  Stop.
make: *** No rule to make target 'all'.  Stop.
make: *** No rule to make target 'clean'.  Stop.
make: *** No rule to make target 'all'.  Stop.
make: *** No rule to make target 'clean'.  Stop.
make: *** No rule to make target 'all'.  Stop.
make: *** No rule to make target 'clean'.  Stop.
make: *** No rule to make target 'all'.  Stop.
make: *** No rule to make target 'clean'.  Stop.
make: *** No rule to make target 'all'.  Stop.
make: *** No rule to make target 'clean'.  Stop.
make: *** No rule to make target 'all'.  Stop.
make: *** No rule to make target 'clean'.  Stop.
make: *** No rule to make target 'all'.  Stop.
make: *** No rule to make target 'clean'.  Stop.
make: *** No rule to make target 'all'.  Stop.
make: *** No rule to make target 'clean'.  Stop.
make: *** No rule to make target 'all'.  Stop.
make: *** No rule to make target 'clean'.  Stop.
make: *** No rule to make target 'all'.  Stop.
make: *** No rule to make target 'clean'.  Stop.
make: *** No rule to make target 'all'.  Stop.
make: *** No rule to make target 'clean'.  Stop.
make: *** No rule to make target 'all'.  Stop.
make: *** No rule to make target 'clean'.  Stop.
make: *** No rule to make target 'all'.  Stop.
make: *** No rule to make target 'clean'.  Stop.
make: *** No rule to make target 'all'.  Stop.
make: *** No rule to make target 'clean'.  Stop.
make: *** No rule to make target 'all'.  Stop.
make: *** No rule to make target 'clean'.  Stop.
make: *** No rule to make target 'all'.  Stop.
make: *** No rule to make target 'clean'.  Stop.
make: *** No rule to make target 'all'.  Stop.
make: *** No rule to make target 'clean'.  Stop.
make: *** No rule to make target 'all'.  Stop.
make: *** No rule to make target 'clean'.  Stop.
make: *** No rule to make target 'all'.  Stop.
make: *** No rule to make target 'clean'.  Stop.
make: *** No rule to make target 'all'.  Stop.
make: *** No rule to make target 'clean'.  Stop.
make: *** No rule to make target 'all'.  Stop.
make: *** No rule to make target 'clean'.  Stop.
make: *** No rule to make target 'all'.  Stop.
make: *** No rule to make target 'clean'.  Stop.
make: *** No rule to make target 'all'.  Stop.
make: *** No rule to make target 'clean'.  Stop.
make: *** No rule to make target 'all'.  Stop.
make: *** No rule to make target 'clean'.  Stop.
make: *** No rule to make target 'all'.  Stop.
make: *** No rule to make target 'clean'.  Stop.
make: *** No rule to make target 'all'.  Stop.
make: *** No rule to make target 'clean'.  Stop.
make: *** No rule to make target 'all'.  Stop.
make: *** No rule to make target 'clean'.  Stop.
make: *** No rule to make target 'all'.  Stop.
make: *** No rule to make target 'clean'.  Stop.
make: *** No rule to make target 'all'.  Stop.
make: *** No rule to make target 'clean'.  Stop.
make: *** No rule to make target 'all'.  Stop.
make: *** No rule to make target 'clean'.  Stop.
make: *** No rule to make target 'all'.  Stop.
make: *** No rule to make target 'clean'.  Stop.
make: *** No rule to make target 'all'.  Stop.
make: *** No rule to make target 'clean'.  Stop.
make: *** No rule to make target 'all'.  Stop.
make: *** No rule to make target 'clean'.  Stop.
make: *** No rule to make target 'all'.  Stop.
make: *** No rule to make target 'clean'.  Stop.
make: *** No rule to make target 'all'.  Stop.
make: *** No rule to make target 'clean'.  Stop.
make: *** No rule to make target 'all'.  Stop.
make: *** No rule to make target 'clean'.  Stop.
make: *** No rule to make target 'all'.  Stop.
make: *** No rule to make target 'clean'.  Stop.
make: *** No rule to make target 'all'.  Stop.
make: *** No rule to make target 'clean'.  Stop.
make: *** No rule to make target 'all'.  Stop.
make: *** No rule to make target 'clean'.  Stop.
make: *** No rule to make target 'all'.  Stop.
make: *** No rule to make target 'clean'.  Stop.
make: *** No rule to make target 'all'.  Stop.
make: *** No rule to make target 'clean'.  Stop.
make: *** No rule to make target 'all'.  Stop.
make: *** No rule to make target 'clean'.  Stop.
make: *** No rule to make target 'all'.  Stop.
make: *** No rule to make target 'clean'.  Stop.
make: *** No rule to make target 'all'.  Stop.
make: *** No rule to make target 'clean'.  Stop.
make: *** No rule to make target 'all'.  Stop.
make: *** No rule to make target 'clean'.  Stop.
make: *** No rule to make target 'all'.  Stop.
make: *** No rule to make target 'clean'.  Stop.
make: *** No rule to make target 'all'.  Stop.
make: *** No rule to make target 'clean'.  Stop.
make: *** No rule to make target 'all'.  Stop.
make: *** No rule to make target 'clean'.  Stop.
make: *** No rule to make target 'all'.  Stop.
make: *** No rule to make target 'clean'.  Stop.
make: *** No rule to make target 'all'.  Stop.
make: *** No rule to make target 'clean'.  Stop.
make: *** No rule to make target 'all'.  Stop.
make: *** No rule to make target 'clean'.  Stop.
make: *** No rule to make target 'all'.  Stop.
make: *** No rule to make target 'clean'.  Stop.
make: *** No rule to make target 'all'.  Stop.
make: *** No rule to make target 'clean'.  Stop.
make: *** No rule to make target 'all'.  Stop.
make: *** No rule to make target 'clean'.  Stop.
make: *** No rule to make target 'all'.  Stop.
make: *** No rule to make target 'clean'.  Stop.
make: *** No rule to make target 'all'.  Stop.
make: *** No rule to make target 'clean'.  Stop.
make: *** No rule to make target 'all'.  Stop.
make: *** No rule to make target 'clean'.  Stop.
make: *** No rule to make target 'all'.  Stop.
make: *** No rule to make target 'clean'.  Stop.
make: *** No rule to make target 'all'.  Stop.
make: *** No rule to make target 'clean'.  Stop.
make: *** No rule to make target 'all'.  Stop.
make: *** No rule to make target 'clean'.  Stop.
make: *** No rule to make target 'all'.  Stop.
make: *** No rule to make target 'clean'.  Stop.
make: *** No rule to make target 'all'.  Stop.
make: *** No rule to make target 'clean'.  Stop.
make: *** No rule to make target 'all'.  Stop.
make: *** No rule to make target 'clean'.  Stop.
make: *** No rule to make target 'all'.  Stop.
make: *** No rule to make target 'clean'.  Stop.
make: *** No rule to make target 'all'.  Stop.
make: *** No rule to make target 'clean'.  Stop.
make: *** No rule to make target 'all'.  Stop.
make: *** No rule to make target 'clean'.  Stop.
make: *** No rule to make target 'all'.  Stop.
make: *** No rule to make target 'clean'.  Stop.
make: *** No rule to make target 'all'.  Stop.
make: *** No rule to make target 'clean'.  Stop.
make: *** No rule to make target 'all'.  Stop.
make: *** No rule to make target 'clean'.  Stop.
make: *** No rule to make target 'all'.  Stop.
make: *** No rule to make target 'clean'.  Stop.
make: *** No rule to make target 'all'.  Stop.
make: *** No rule to make target 'clean'.  Stop.
make: *** No rule to make target 'all'.  Stop.
make: *** No rule to make target 'clean'.  Stop.
make: *** No rule to make target 'all'.  Stop.
make: *** No rule to make target 'clean'.  Stop.
make: *** No rule to make target 'all'.  Stop.
make: *** No rule to make target 'clean'.  Stop.
make: *** No rule to make target 'all'.  Stop.
make: *** No rule to make target 'clean'.  Stop.
make: *** No rule to make target 'all'.  Stop.
make: *** No rule to make target 'clean'.  Stop.
make: *** No rule to make target 'all'.  Stop.
make: *** No rule to make target 'clean'.  Stop.
make: *** No rule to make target 'all'.  Stop.
make: *** No rule to make target 'clean'.  Stop.
make: *** No rule to make target 'all'.  Stop.
make: *** No rule to make target 'clean'.  Stop.
make: *** No rule to make target 'all'.  Stop.
make: *** No rule to make target 'clean'.  Stop.
make: *** No rule to make target 'all'.  Stop.
make: *** No rule to make target 'clean'.  Stop.
make: *** No rule to make target 'all'.  Stop.
make: *** No rule to make target 'clean'.  Stop.
make: *** No rule to make target 'all'.  Stop.
make: *** No rule to make target 'clean'.  Stop.
make: *** No rule to make target 'all'.  Stop.
make: *** No rule to make target 'clean'.  Stop.
make: *** No rule to make target 'all'.  Stop.
make: *** No rule to make target 'clean'.  Stop.
make: *** No rule to make target 'all'.  Stop.
make: *** No rule to make target 'clean'.  Stop.
make: *** No rule to make target 'all'.  Stop.
make: *** No rule to make target 'clean'.  Stop.
make: *** No rule to make target 'all'.  Stop.
make: *** No rule to make target 'clean'.  Stop.
make: *** No rule to make target 'all'.  Stop.
make: *** No rule to make target 'clean'.  Stop.
make: *** No rule to make target 'all'.  Stop.
make: *** No rule to make target 'clean'.  Stop.
make: *** No rule to make target 'all'.  Stop.
make: *** No rule to make target 'clean'.  Stop.
make: *** No rule to make target 'all'.  Stop.
make: *** No rule to make target 'clean'.  Stop.
make: *** No rule to make target 'all'.  Stop.
make: *** No rule to make target 'clean'.  Stop.
make: *** No rule to make target 'all'.  Stop.
make: *** No rule to make target 'clean'.  Stop.
make: *** No rule to make target 'all'.  Stop.
make: *** No rule to make target 'clean'.  Stop.
make: *** No rule to make target 'all'.  Stop.
make: *** No rule to make target 'clean'.  Stop.
make: *** No rule to make target 'all'.  Stop.
make: *** No rule to make target 'clean'.  Stop.
make: *** No rule to make target 'all'.  Stop.
make: *** No rule to make target 'clean'.  Stop.
make: *** No rule to make target 'all'.  Stop.
make: *** No rule to make target 'clean'.  Stop.
make: *** No rule to make target 'all'.  Stop.
make: *** No rule to make target 'clean'.  Stop.
make: *** No rule to make target 'all'.  Stop.
make: *** No rule to make target 'clean'.  Stop.
make: *** No rule to make target 'all'.  Stop.
make: *** No rule to make target 'clean'.  Stop.
make: *** No rule to make target 'all'.  Stop.
make: *** No rule to make target 'clean'.  Stop.
make: *** No rule to make target 'all'.  Stop.
make: *** No rule to make target 'clean'.  Stop.
make: *** No rule to make target 'all'.  Stop.
make: *** No rule to make target 'clean'.  Stop.
make: *** No rule to make target 'all'.  Stop.
make: *** No rule to make target 'clean'.  Stop.
make: *** No rule to make target 'all'.  Stop.
make: *** No rule to make target 'clean'.  Stop.
make: *** No rule to make target 'all'.  Stop.
make: *** No rule to make target 'clean'.  Stop.
make: *** No rule to make target 'all'.  Stop.
make: *** No rule to make target 'clean'.  Stop.
make: *** No rule to make target 'all'.  Stop.
make: *** No rule to make target 'clean'.  Stop.
make: *** No rule to make target 'all'.  Stop.
make: *** No rule to make target 'clean'.  Stop.
make: *** No rule to make target 'all'.  Stop.
make: *** No rule to make target 'clean'.  Stop.
make: *** No rule to make target 'all'.  Stop.
make: *** No rule to make target 'clean'.  Stop.
make: *** No rule to make target 'all'.  Stop.
make: *** No rule to make target 'clean'.  Stop.
make: *** No rule to make target 'all'.  Stop.
make: *** No rule to make target 'clean'.  Stop.
make: *** No rule to make target 'all'.  Stop.
make: *** No rule to make target 'clean'.  Stop.
make: *** No rule to make target 'all'.  Stop.
make: *** No rule to make target 'clean'.  Stop.
make: *** No rule to make target 'all'.  Stop.
make: *** No rule to make target 'clean'.  Stop.
make: *** No rule to make target 'all'.  Stop.
make: *** No rule to make target 'clean'.  Stop.
make: *** No rule to make target 'all'.  Stop.
make: *** No rule to make target 'clean'.  Stop.
make: *** No rule to make target 'all'.  Stop.
make: *** No rule to make target 'clean'.  Stop.
make: *** No rule to make target 'all'.  Stop.
make: *** No rule to make target 'clean'.  Stop.
make: *** No rule to make target 'all'.  Stop.
make: *** No rule to make target 'clean'.  Stop.
make: *** No rule to make target 'all'.  Stop.
make: *** No rule to make target 'clean'.  Stop.
make: *** No rule to make target 'all'.  Stop.
make: *** No rule to make target 'clean'.  Stop.
make: *** No rule to make target 'all'.  Stop.
make: *** No rule to make target 'clean'.  Stop.
make: *** No rule to make target 'all'.  Stop.
make: *** No rule to make target 'clean'.  Stop.
make: *** No rule to make target 'all'.  Stop.
make: *** No rule to make target 'clean'.  Stop.
make: *** No rule to make target 'all'.  Stop.
make: *** No rule to make target 'clean'.  Stop.
make: *** No rule to make target 'all'.  Stop.
make: *** No rule to make target 'clean'.  Stop.
make: *** No rule to make target 'all'.  Stop.
make: *** No rule to make target 'clean'.  Stop.
make: *** No rule to make target 'all'.  Stop.
make: *** No rule to make target 'clean'.  Stop.
make: *** No rule to make target 'all'.  Stop.
make: *** No rule to make target 'clean'.  Stop.
make: *** No rule to make target 'all'.  Stop.
make: *** No rule to make target 'clean'.  Stop.
make: *** No rule to make target 'all'.  Stop.
make: *** No rule to make target 'clean'.  Stop.
make: *** No rule to make target 'all'.  Stop.
make: *** No rule to make target 'clean'.  Stop.
make: *** No rule to make target 'all'.  Stop.
make: *** No rule to make target 'clean'.  Stop.
make: *** No rule to make target 'all'.  Stop.
make: *** No rule to make target 'clean'.  Stop.
make: *** No rule to make target 'all'.  Stop.
make: *** No rule to make target 'clean'.  Stop.
make: *** No rule to make target 'all'.  Stop.
make: *** No rule to make target 'clean'.  Stop.
make: *** No rule to make target 'all'.  Stop.
make: *** No rule to make target 'clean'.  Stop.
make: *** No rule to make target 'all'.  Stop.
make: *** No rule to make target 'clean'.  Stop.
make: *** No rule to make target 'all'.  Stop.
make: *** No rule to make target 'clean'.  Stop.
make: *** No rule to make target 'all'.  Stop.
make: *** No rule to make target 'clean'.  Stop.
make: *** No rule to make target 'all'.  Stop.
make: *** No rule to make target 'clean'.  Stop.
make: *** No rule to make target 'all'.  Stop.
make: *** No rule to make target 'clean'.  Stop.
make: *** No rule to make target 'all'.  Stop.
make: *** No rule to make target 'clean'.  Stop.
make: *** No rule to make target 'all'.  Stop.
make: *** No rule to make target 'clean'.  Stop.
make: *** No rule to make target 'all'.  Stop.
make: *** No rule to make target 'clean'.  Stop.
make: *** No rule to make target 'all'.  Stop.
make: *** No rule to make target 'clean'.  Stop.
make: *** No rule to make target 'all'.  Stop.
make: *** No rule to make target 'clean'.  Stop.
make: *** No rule to make target 'all'.  Stop.
make: *** No rule to make target 'clean'.  Stop.
make: *** No rule to make target 'all'.  Stop.
make: *** No rule to make target 'clean'.  Stop.
make: *** No rule to make target 'all'.  Stop.
make: *** No rule to make target 'clean'.  Stop.
make: *** No rule to make target 'all'.  Stop.
make: *** No rule to make target 'clean'.  Stop.
make: *** No rule to make target 'all'.  Stop.
make: *** No rule to make target 'clean'.  Stop.
make: *** No rule to make target 'all'.  Stop.
make: *** No rule to make target 'clean'.  Stop.
make: *** No rule to make target 'all'.  Stop.
make: *** No rule to make target 'clean'.  Stop.
make: *** No rule to make target 'all'.  Stop.
make: *** No rule to make target 'clean'.  Stop.
make: *** No rule to make target 'all'.  Stop.
make: *** No rule to make target 'clean'.  Stop.
make: *** No rule to make target 'all'.  Stop.
make: *** No rule to make target 'clean'.  Stop.
make: *** No rule to make target 'all'.  Stop.
make: *** No rule to make target 'clean'.  Stop.
make: *** No rule to make target 'all'.  Stop.
make: *** No rule to make target 'clean'.  Stop.
make: *** No rule to make target 'all'.  Stop.
make: *** No rule to make target 'clean'.  Stop.
make: *** No rule to make target 'all'.  Stop.
make: *** No rule to make target 'clean'.  Stop.
make: *** No rule to make target 'all'.  Stop.
make: *** No rule to make target 'clean'.  Stop.
make: *** No rule to make target 'all'.  Stop.
make: *** No rule to make target 'clean'.  Stop.
make: *** No rule to make target 'all'.  Stop.
make: *** No rule to make target 'clean'.  Stop.
make: *** No rule to make target 'all'.  Stop.
make: *** No rule to make target 'clean'.  Stop.
make: *** No rule to make target 'all'.  Stop.
make: *** No rule to make target 'clean'.  Stop.
make: *** No rule to make target 'all'.  Stop.
make: *** No rule to make target 'clean'.  Stop.
make: *** No rule to make target 'all'.  Stop.
make: *** No rule to make target 'clean'.  Stop.
make: *** No rule to make target 'all'.  Stop.
make: *** No rule to make target 'clean'.  Stop.
make: *** No rule to make target 'all'.  Stop.
make: *** No rule to make target 'clean'.  Stop.
make: *** No rule to make target 'all'.  Stop.
make: *** No rule to make target 'clean'.  Stop.
make: *** No rule to make target 'all'.  Stop.
make: *** No rule to make target 'clean'.  Stop.
make: *** No rule to make target 'all'.  Stop.
make: *** No rule to make target 'clean'.  Stop.
make: *** No rule to make target 'all'.  Stop.
make: *** No rule to make target 'clean'.  Stop.
make: *** No rule to make target 'all'.  Stop.
make: *** No rule to make target 'clean'.  Stop.
make: *** No rule to make target 'all'.  Stop.
make: *** No rule to make target 'clean'.  Stop.
make: *** No rule to make target 'all'.  Stop.
make: *** No rule to make target 'clean'.  Stop.
make: *** No rule to make target 'all'.  Stop.
make: *** No rule to make target 'clean'.  Stop.
make: *** No rule to make target 'all'.  Stop.
make: *** No rule to make target 'clean'.  Stop.
make: *** No rule to make target 'all'.  Stop.
make: *** No rule to make target 'clean'.  Stop.
make: *** No rule to make target 'all'.  Stop.
make: *** No rule to make target 'clean'.  Stop.
make: *** No rule to make target 'all'.  Stop.
make: *** No rule to make target 'clean'.  Stop.
make: *** No rule to make target 'all'.  Stop.
make: *** No rule to make target 'clean'.  Stop.
make: *** No rule to make target 'all'.  Stop.
make: *** No rule to make target 'clean'.  Stop.
make: *** No rule to make target 'all'.  Stop.
make: *** No rule to make target 'clean'.  Stop.
make: *** No rule to make target 'all'.  Stop.
make: *** No rule to make target 'clean'.  Stop.
make: *** No rule to make target 'all'.  Stop.
make: *** No rule to make target 'clean'.  Stop.
make: *** No rule to make target 'all'.  Stop.
make: *** No rule to make target 'clean'.  Stop.
make: *** No rule to make target 'all'.  Stop.
make: *** No rule to make target 'clean'.  Stop.
make: *** No rule to make target 'all'.  Stop.
make: *** No rule to make target 'clean'.  Stop.
make: *** No rule to make target 'all'.  Stop.
make: *** No rule to make target 'clean'.  Stop.
make: *** No rule to make target 'all'.  Stop.
make: *** No rule to make target 'clean'.  Stop.
make: *** No rule to make target 'all'.  Stop.
make: *** No rule to make target 'clean'.  Stop.
make: *** No rule to make target 'all'.  Stop.
make: *** No rule to make target 'clean'.  Stop.
make: *** No rule to make target 'all'.  Stop.
make: *** No rule to make target 'clean'.  Stop.
make: *** No rule to make target 'all'.  Stop.
make: *** No rule to make target 'clean'.  Stop.
make: *** No rule to make target 'all'.  Stop.
make: *** No rule to make target 'clean'.  Stop.
make: *** No rule to make target 'all'.  Stop.
make: *** No rule to make target 'clean'.  Stop.
make: *** No rule to make target 'all'.  Stop.
make: *** No rule to make target 'clean'.  Stop.
make: *** No rule to make target 'all'.  Stop.
make: *** No rule to make target 'clean'.  Stop.
make: *** No rule to make target 'all'.  Stop.
make: *** No rule to make target 'clean'.  Stop.
make: *** No rule to make target 'all'.  Stop.
make: *** No rule to make target 'clean'.  Stop.
make: *** No rule to make target 'all'.  Stop.
make: *** No rule to make target 'clean'.  Stop.
make: *** No rule to make target 'all'.  Stop.
make: *** No rule to make target 'clean'.  Stop.
make: *** No rule to make target 'all'.  Stop.
make: *** No rule to make target 'clean'.  Stop.
make: *** No rule to make target 'all'.  Stop.
make: *** No rule to make target 'clean'.  Stop.
make: *** No rule to make target 'all'.  Stop.
make: *** No rule to make target 'clean'.  Stop.
make: *** No rule to make target 'all'.  Stop.
make: *** No rule to make target 'clean'.  Stop.
make: *** No rule to make target 'all'.  Stop.
make: *** No rule to make target 'clean'.  Stop.
make: *** No rule to make target 'all'.  Stop.
make: *** No rule to make target 'clean'.  Stop.
make: *** No rule to make target 'all'.  Stop.
make: *** No rule to make target 'clean'.  Stop.
make: *** No rule to make target 'all'.  Stop.
make: *** No rule to make target 'clean'.  Stop.
make: *** No rule to make target 'all'.  Stop.
make: *** No rule to make target 'clean'.  Stop.
make: *** No rule to make target 'all'.  Stop.
make: *** No rule to make target 'clean'.  Stop.
make: *** No rule to make target 'all'.  Stop.
make: *** No rule to make target 'clean'.  Stop.
make: *** No rule to make target 'all'.  Stop.
make: *** No rule to make target 'clean'.  Stop.
make: *** No rule to make target 'all'.  Stop.
make: *** No rule to make target 'clean'.  Stop.
make: *** No rule to make target 'all'.  Stop.
make: *** No rule to make target 'clean'.  Stop.
make: *** No rule to make target 'all'.  Stop.
make: *** No rule to make target 'clean'.  Stop.
make: *** No rule to make target 'all'.  Stop.
make: *** No rule to make target 'clean'.  Stop.
make: *** No rule to make target 'all'.  Stop.
make: *** No rule to make target 'clean'.  Stop.
make: *** No rule to make target 'all'.  Stop.
make: *** No rule to make target 'clean'.  Stop.
make: *** No rule to make target 'all'.  Stop.
make: *** No rule to make target 'clean'.  Stop.
make: *** No rule to make target 'all'.  Stop.
make: *** No rule to make target 'clean'.  Stop.
make: *** No rule to make target 'all'.  Stop.
make: *** No rule to make target 'clean'.  Stop.
make: *** No rule to make target 'all'.  Stop.
make: *** No rule to make target 'clean'.  Stop.
make: *** No rule to make target 'all'.  Stop.
make: *** No rule to make target 'clean'.  Stop.
make: *** No rule to make target 'all'.  Stop.
make: *** No rule to make target 'clean'.  Stop.
make: *** No rule to make target 'all'.  Stop.
make: *** No rule to make target 'clean'.  Stop.
make: *** No rule to make target 'all'.  Stop.
make: *** No rule to make target 'clean'.  Stop.
make: *** No rule to make target 'all'.  Stop.
make: *** No rule to make target 'clean'.  Stop.
make: *** No rule to make target 'all'.  Stop.
make: *** No rule to make target 'clean'.  Stop.
make: *** No rule to make target 'all'.  Stop.
make: *** No rule to make target 'clean'.  Stop.
make: *** No rule to make target 'all'.  Stop.
make: *** No rule to make target 'clean'.  Stop.
make: *** No rule to make target 'all'.  Stop.
make: *** No rule to make target 'clean'.  Stop.
make: *** No rule to make target 'all'.  Stop.
make: *** No rule to make target 'clean'.  Stop.
make: *** No rule to make target 'all'.  Stop.
make: *** No rule to make target 'clean'.  Stop.
make: *** No rule to make target 'all'.  Stop.
make: *** No rule to make target 'clean'.  Stop.
make: *** No rule to make target 'all'.  Stop.
make: *** No rule to make target 'clean'.  Stop.
make: *** No rule to make target 'all'.  Stop.
make: *** No rule to make target 'clean'.  Stop.
make: *** No rule to make target 'all'.  Stop.
make: *** No rule to make target 'clean'.  Stop.
make: *** No rule to make target 'all'.  Stop.
make: *** No rule to make target 'clean'.  Stop.
make: *** No rule to make target 'all'.  Stop.
make: *** No rule to make target 'clean'.  Stop.
make: *** No rule to make target 'all'.  Stop.
make: *** No rule to make target 'clean'.  Stop.
make: *** No rule to make target 'all'.  Stop.
make: *** No rule to make target 'clean'.  Stop.
make: *** No rule to make target 'all'.  Stop.
make: *** No rule to make target 'clean'.  Stop.
make: *** No rule to make target 'all'.  Stop.
make: *** No rule to make target 'clean'.  Stop.
make: *** No rule to make target 'all'.  Stop.
make: *** No rule to make target 'clean'.  Stop.
make: *** No rule to make target 'all'.  Stop.
make: *** No rule to make target 'clean'.  Stop.
make: *** No rule to make target 'all'.  Stop.
make: *** No rule to make target 'clean'.  Stop.
make: *** No rule to make target 'all'.  Stop.
make: *** No rule to make target 'clean'.  Stop.
make: *** No rule to make target 'all'.  Stop.
make: *** No rule to make target 'clean'.  Stop.
make: *** No rule to make target 'all'.  Stop.
make: *** No rule to make target 'clean'.  Stop.
make: *** No rule to make target 'all'.  Stop.
make: *** No rule to make target 'clean'.  Stop.
make: *** No rule to make target 'all'.  Stop.
make: *** No rule to make target 'clean'.  Stop.
make: *** No rule to make target 'all'.  Stop.
make: *** No rule to make target 'clean'.  Stop.
make: *** No rule to make target 'all'.  Stop.
make: *** No rule to make target 'clean'.  Stop.
make: *** No rule to make target 'all'.  Stop.
make: *** No rule to make target 'clean'.  Stop.
make: *** No rule to make target 'all'.  Stop.
make: *** No rule to make target 'clean'.  Stop.
make: *** No rule to make target 'all'.  Stop.
make: *** No rule to make target 'clean'.  Stop.
make: *** No rule to make target 'all'.  Stop.
make: *** No rule to make target 'clean'.  Stop.
make: *** No rule to make target 'all'.  Stop.
make: *** No rule to make target 'clean'.  Stop.
make: *** No rule to make target 'all'.  Stop.
make: *** No rule to make target 'clean'.  Stop.
make: *** No rule to make target 'all'.  Stop.
make: *** No rule to make target 'clean'.  Stop.
make: *** No rule to make target 'all'.  Stop.
make: *** No rule to make target 'clean'.  Stop.
make: *** No rule to make target 'all'.  Stop.
make: *** No rule to make target 'clean'.  Stop.
make: *** No rule to make target 'all'.  Stop.
make: *** No rule to make target 'clean'.  Stop.
make: *** No rule to make target 'all'.  Stop.
make: *** No rule to make target 'clean'.  Stop.
make: *** No rule to make target 'all'.  Stop.
make: *** No rule to make target 'clean'.  Stop.
make: *** No rule to make target 'all'.  Stop.
make: *** No rule to make target 'clean'.  Stop.
make: *** No rule to make target 'all'.  Stop.
make: *** No rule to make target 'clean'.  Stop.
make: *** No rule to make target 'all'.  Stop.
make: *** No rule to make target 'clean'.  Stop.
make: *** No rule to make target 'all'.  Stop.
make: *** No rule to make target 'clean'.  Stop.
make: *** No rule to make target 'all'.  Stop.
make: *** No rule to make target 'clean'.  Stop.
make: *** No rule to make target 'all'.  Stop.
make: *** No rule to make target 'clean'.  Stop.
make: *** No rule to make target 'all'.  Stop.
make: *** No rule to make target 'clean'.  Stop.
make: *** No rule to make target 'all'.  Stop.
make: *** No rule to make target 'clean'.  Stop.
make: *** No rule to make target 'all'.  Stop.
make: *** No rule to make target 'clean'.  Stop.
make: *** No rule to make target 'all'.  Stop.
make: *** No rule to make target 'clean'.  Stop.
make: *** No rule to make target 'all'.  Stop.
make: *** No rule to make target 'clean'.  Stop.
make: *** No rule to make target 'all'.  Stop.
make: *** No rule to make target 'clean'.  Stop.
make: *** No rule to make target 'all'.  Stop.
make: *** No rule to make target 'clean'.  Stop.
make: *** No rule to make target 'all'.  Stop.
make: *** No rule to make target 'clean'.  Stop.
make: *** No rule to make target 'all'.  Stop.
make: *** No rule to make target 'clean'.  Stop.
make: *** No rule to make target 'all'.  Stop.
make: *** No rule to make target 'clean'.  Stop.
make: *** No rule to make target 'all'.  Stop.
make: *** No rule to make target 'clean'.  Stop.
make: *** No rule to make target 'all'.  Stop.
make: *** No rule to make target 'clean'.  Stop.
make: *** No rule to make target 'all'.  Stop.
make: *** No rule to make target 'clean'.  Stop.
make: *** No rule to make target 'all'.  Stop.
make: *** No rule to make target 'clean'.  Stop.
make: *** No rule to make target 'all'.  Stop.
make: *** No rule to make target 'clean'.  Stop.
make: *** No rule to make target 'all'.  Stop.
make: *** No rule to make target 'clean'.  Stop.
make: *** No rule to make target 'all'.  Stop.
make: *** No rule to make target 'clean'.  Stop.
make: *** No rule to make target 'all'.  Stop.
make: *** No rule to make target 'clean'.  Stop.
make: *** No rule to make target 'all'.  Stop.
make: *** No rule to make target 'clean'.  Stop.
make: *** No rule to make target 'all'.  Stop.
make: *** No rule to make target 'clean'.  Stop.
make: *** No rule to make target 'all'.  Stop.
make: *** No rule to make target 'clean'.  Stop.
make: *** No rule to make target 'all'.  Stop.
make: *** No rule to make target 'clean'.  Stop.
make: *** No rule to make target 'all'.  Stop.
make: *** No rule to make target 'clean'.  Stop.
make: *** No rule to make target 'all'.  Stop.
make: *** No rule to make target 'clean'.  Stop.
make: *** No rule to make target 'all'.  Stop.
make: *** No rule to make target 'clean'.  Stop.
make: *** No rule to make target 'all'.  Stop.
make: *** No rule to make target 'clean'.  Stop.
make: *** No rule to make target 'all'.  Stop.
make: *** No rule to make target 'clean'.  Stop.
make: *** No rule to make target 'all'.  Stop.
make: *** No rule to make target 'clean'.  Stop.
make: *** No rule to make target 'all'.  Stop.
make: *** No rule to make target 'clean'.  Stop.
make: *** No rule to make target 'all'.  Stop.
make: *** No rule to make target 'clean'.  Stop.
make: *** No rule to make target 'all'.  Stop.
make: *** No rule to make target 'clean'.  Stop.
make: *** No rule to make target 'all'.  Stop.
make: *** No rule to make target 'clean'.  Stop.
make: *** No rule to make target 'all'.  Stop.
make: *** No rule to make target 'clean'.  Stop.
make: *** No rule to make target 'all'.  Stop.
make: *** No rule to make target 'clean'.  Stop.
make: *** No rule to make target 'all'.  Stop.
make: *** No rule to make target 'clean'.  Stop.
make: *** No rule to make target 'all'.  Stop.
make: *** No rule to make target 'clean'.  Stop.
make: *** No rule to make target 'all'.  Stop.
make: *** No rule to make target 'clean'.  Stop.
make: *** No rule to make target 'all'.  Stop.
make: *** No rule to make target 'clean'.  Stop.
make: *** No rule to make target 'all'.  Stop.
make: *** No rule to make target 'clean'.  Stop.
make: *** No rule to make target 'all'.  Stop.
make: *** No rule to make target 'clean'.  Stop.
make: *** No rule to make target 'all'.  Stop.
make: *** No rule to make target 'clean'.  Stop.
make: *** No rule to make target 'all'.  Stop.
make: *** No rule to make target 'clean'.  Stop.
make: *** No rule to make target 'all'.  Stop.
make: *** No rule to make target 'clean'.  Stop.
make: *** No rule to make target 'all'.  Stop.
make: *** No rule to make target 'clean'.  Stop.
make: *** No rule to make target 'all'.  Stop.
make: *** No rule to make target 'clean'.  Stop.
make: *** No rule to make target 'all'.  Stop.
make: *** No rule to make target 'clean'.  Stop.
make: *** No rule to make target 'all'.  Stop.
make: *** No rule to make target 'clean'.  Stop.
make: *** No rule to make target 'all'.  Stop.
make: *** No rule to make target 'clean'.  Stop.
make: *** No rule to make target 'all'.  Stop.
make: *** No rule to make target 'clean'.  Stop.
make: *** No rule to make target 'all'.  Stop.
make: *** No rule to make target 'clean'.  Stop.
make: *** No rule to make target 'all'.  Stop.
make: *** No rule to make target 'clean'.  Stop.
make: *** No rule to make target 'all'.  Stop.
make: *** No rule to make target 'clean'.  Stop.
make: *** No rule to make target 'all'.  Stop.
make: *** No rule to make target 'clean'.  Stop.
make: *** No rule to make target 'all'.  Stop.
make: *** No rule to make target 'clean'.  Stop.
make: *** No rule to make target 'all'.  Stop.
make: *** No rule to make target 'clean'.  Stop.
make: *** No rule to make target 'all'.  Stop.
make: *** No rule to make target 'clean'.  Stop.
make: *** No rule to make target 'all'.  Stop.
make: *** No rule to make target 'clean'.  Stop.
make: *** No rule to make target 'all'.  Stop.
make: *** No rule to make target 'clean'.  Stop.
make: *** No rule to make target 'all'.  Stop.
make: *** No rule to make target 'clean'.  Stop.
make: *** No rule to make target 'all'.  Stop.
make: *** No rule to make target 'clean'.  Stop.
make: *** No rule to make target 'all'.  Stop.
make: *** No rule to make target 'clean'.  Stop.
make: *** No rule to make target 'all'.  Stop.
make: *** No rule to make target 'clean'.  Stop.
make: *** No rule to make target 'all'.  Stop.
make: *** No rule to make target 'clean'.  Stop.
make: *** No rule to make target 'all'.  Stop.
make: *** No rule to make target 'clean'.  Stop.
make: *** No rule to make target 'all'.  Stop.
make: *** No rule to make target 'clean'.  Stop.
make: *** No rule to make target 'all'.  Stop.
make: *** No rule to make target 'clean'.  Stop.
make: *** No rule to make target 'all'.  Stop.
make: *** No rule to make target 'clean'.  Stop.
make: *** No rule to make target 'all'.  Stop.
make: *** No rule to make target 'clean'.  Stop.
make: *** No rule to make target 'all'.  Stop.
make: *** No rule to make target 'clean'.  Stop.
make: *** No rule to make target 'all'.  Stop.
make: *** No rule to make target 'clean'.  Stop.
make: *** No rule to make target 'all'.  Stop.
make: *** No rule to make target 'clean'.  Stop.
make: *** No rule to make target 'all'.  Stop.
make: *** No rule to make target 'clean'.  Stop.
make: *** No rule to make target 'all'.  Stop.
make: *** No rule to make target 'clean'.  Stop.
make: *** No rule to make target 'all'.  Stop.
make: *** No rule to make target 'clean'.  Stop.
make: *** No rule to make target 'all'.  Stop.
make: *** No rule to make target 'clean'.  Stop.
make: *** No rule to make target 'all'.  Stop.
make: *** No rule to make target 'clean'.  Stop.
make: *** No rule to make target 'all'.  Stop.
make: *** No rule to make target 'clean'.  Stop.
make: *** No rule to make target 'all'.  Stop.
make: *** No rule to make target 'clean'.  Stop.
make: *** No rule to make target 'all'.  Stop.
make: *** No rule to make target 'clean'.  Stop.
make: *** No rule to make target 'all'.  Stop.
make: *** No rule to make target 'clean'.  Stop.
make: *** No rule to make target 'all'.  Stop.
make: *** No rule to make target 'clean'.  Stop.
make: *** No rule to make target 'all'.  Stop.
make: *** No rule to make target 'clean'.  Stop.
make: *** No rule to make target 'all'.  Stop.
make: *** No rule to make target 'clean'.  Stop.
make: *** No rule to make target 'all'.  Stop.
make: *** No rule to make target 'clean'.  Stop.
make: *** No rule to make target 'all'.  Stop.
make: *** No rule to make target 'clean'.  Stop.
make: *** No rule to make target 'all'.  Stop.
make: *** No rule to make target 'clean'.  Stop.
make: *** No rule to make target 'all'.  Stop.
make: *** No rule to make target 'clean'.  Stop.
make: *** No rule to make target 'all'.  Stop.
make: *** No rule to make target 'clean'.  Stop.
make: *** No rule to make target 'all'.  Stop.
make: *** No rule to make target 'clean'.  Stop.
make: *** No rule to make target 'all'.  Stop.
make: *** No rule to make target 'clean'.  Stop.
make: *** No rule to make target 'all'.  Stop.
make: *** No rule to make target 'clean'.  Stop.
make: *** No rule to make target 'all'.  Stop.
make: *** No rule to make target 'clean'.  Stop.
make: *** No rule to make target 'all'.  Stop.
make: *** No rule to make target 'clean'.  Stop.
make: *** No rule to make target 'all'.  Stop.
make: *** No rule to make target 'clean'.  Stop.
make: *** No rule to make target 'all'.  Stop.
make: *** No rule to make target 'clean'.  Stop.
make: *** No rule to make target 'all'.  Stop.
make: *** No rule to make target 'clean'.  Stop.
make: *** No rule to make target 'all'.  Stop.
make: *** No rule to make target 'clean'.  Stop.
make: *** No rule to make target 'all'.  Stop.
make: *** No rule to make target 'clean'.  Stop.
make: *** No rule to make target 'all'.  Stop.
make: *** No rule to make target 'clean'.  Stop.
make: *** No rule to make target 'all'.  Stop.
make: *** No rule to make target 'clean'.  Stop.
make: *** No rule to make target 'all'.  Stop.
make: *** No rule to make target 'clean'.  Stop.
make: *** No rule to make target 'all'.  Stop.
make: *** No rule to make target 'clean'.  Stop.
make: *** No rule to make target 'all'.  Stop.
make: *** No rule to make target 'clean'.  Stop.
make: *** No rule to make target 'all'.  Stop.
make: *** No rule to make target 'clean'.  Stop.
make: *** No rule to make target 'all'.  Stop.
make: *** No rule to make target 'clean'.  Stop.
make: *** No rule to make target 'all'.  Stop.
make: *** No rule to make target 'clean'.  Stop.
make: *** No rule to make target 'all'.  Stop.
make: *** No rule to make target 'clean'.  Stop.
make: *** No rule to make target 'all'.  Stop.
make: *** No rule to make target 'clean'.  Stop.
make: *** No rule to make target 'all'.  Stop.
make: *** No rule to make target 'clean'.  Stop.
make: *** No rule to make target 'all'.  Stop.
make: *** No rule to make target 'clean'.  Stop.
make: *** No rule to make target 'all'.  Stop.
make: *** No rule to make target 'clean'.  Stop.
make: *** No rule to make target 'all'.  Stop.
make: *** No rule to make target 'clean'.  Stop.
make: *** No rule to make target 'all'.  Stop.
make: *** No rule to make target 'clean'.  Stop.
make: *** No rule to make target 'all'.  Stop.
make: *** No rule to make target 'clean'.  Stop.
make: *** No rule to make target 'all'.  Stop.
make: *** No rule to make target 'clean'.  Stop.
make: *** No rule to make target 'all'.  Stop.
make: *** No rule to make target 'clean'.  Stop.
make: *** No rule to make target 'all'.  Stop.
make: *** No rule to make target 'clean'.  Stop.
make: *** No rule to make target 'all'.  Stop.
make: *** No rule to make target 'clean'.  Stop.
make: *** No rule to make target 'all'.  Stop.
make: *** No rule to make target 'clean'.  Stop.
make: *** No rule to make target 'all'.  Stop.
make: *** No rule to make target 'clean'.  Stop.
make: *** No rule to make target 'all'.  Stop.
make: *** No rule to make target 'clean'.  Stop.
make: *** No rule to make target 'all'.  Stop.
make: *** No rule to make target 'clean'.  Stop.
make: *** No rule to make target 'all'.  Stop.
make: *** No rule to make target 'clean'.  Stop.
make: *** No rule to make target 'all'.  Stop.
make: *** No rule to make target 'clean'.  Stop.
make: *** No rule to make target 'all'.  Stop.
make: *** No rule to make target 'clean'.  Stop.
make: *** No rule to make target 'all'.  Stop.
make: *** No rule to make target 'clean'.  Stop.
make: *** No rule to make target 'all'.  Stop.
make: *** No rule to make target 'clean'.  Stop.
make: *** No rule to make target 'all'.  Stop.
make: *** No rule to make target 'clean'.  Stop.
make: *** No rule to make target 'all'.  Stop.
make: *** No rule to make target 'clean'.  Stop.
make: *** No rule to make target 'all'.  Stop.
make: *** No rule to make target 'clean'.  Stop.
make: *** No rule to make target 'all'.  Stop.
make: *** No rule to make target 'clean'.  Stop.
make: *** No rule to make target 'all'.  Stop.
make: *** No rule to make target 'clean'.  Stop.
make: *** No rule to make target 'all'.  Stop.
make: *** No rule to make target 'clean'.  Stop.
make: *** No rule to make target 'all'.  Stop.
make: *** No rule to make target 'clean'.  Stop.
make: *** No rule to make target 'all'.  Stop.
make: *** No rule to make target 'clean'.  Stop.
make: *** No rule to make target 'all'.  Stop.
make: *** No rule to make target 'clean'.  Stop.
make: *** No rule to make target 'all'.  Stop.
make: *** No rule to make target 'clean'.  Stop.
make: *** No rule to make target 'all'.  Stop.
make: *** No rule to make target 'clean'.  Stop.
make: *** No rule to make target 'all'.  Stop.
make: *** No rule to make target 'clean'.  Stop.
make: *** No rule to make target 'all'.  Stop.
make: *** No rule to make target 'clean'.  Stop.
make: *** No rule to make target 'all'.  Stop.
make: *** No rule to make target 'clean'.  Stop.
make: *** No rule to make target 'all'.  Stop.
make: *** No rule to make target 'clean'.  Stop.
make: *** No rule to make target 'all'.  Stop.
make: *** No rule to make target 'clean'.  Stop.
make: *** No rule to make target 'all'.  Stop.
make: *** No rule to make target 'clean'.  Stop.
make: *** No rule to make target 'all'.  Stop.
make: *** No rule to make target 'clean'.  Stop.
make: *** No rule to make target 'all'.  Stop.
make: *** No rule to make target 'clean'.  Stop.
make: *** No rule to make target 'all'.  Stop.
make: *** No rule to make target 'clean'.  Stop.
make: *** No rule to make target 'all'.  Stop.
make: *** No rule to make target 'clean'.  Stop.
make: *** No rule to make target 'all'.  Stop.
make: *** No rule to make target 'clean'.  Stop.
make: *** No rule to make target 'all'.  Stop.
make: *** No rule to make target 'clean'.  Stop.
make: *** No rule to make target 'all'.  Stop.
make: *** No rule to make target 'clean'.  Stop.
make: *** No rule to make target 'all'.  Stop.
make: *** No rule to make target 'clean'.  Stop.
make: *** No rule to make target 'all'.  Stop.
make: *** No rule to make target 'clean'.  Stop.
make: *** No rule to make target 'all'.  Stop.
make: *** No rule to make target 'clean'.  Stop.
make: *** No rule to make target 'all'.  Stop.
make: *** No rule to make target 'clean'.  Stop.
make: *** No rule to make target 'all'.  Stop.
make: *** No rule to make target 'clean'.  Stop.
make: *** No rule to make target 'all'.  Stop.
make: *** No rule to make target 'clean'.  Stop.
make: *** No rule to make target 'all'.  Stop.
make: *** No rule to make target 'clean'.  Stop.
make: *** No rule to make target 'all'.  Stop.
make: *** No rule to make target 'clean'.  Stop.
make: *** No rule to make target 'all'.  Stop.
make: *** No rule to make target 'clean'.  Stop.
make: *** No rule to make target 'all'.  Stop.
make: *** No rule to make target 'clean'.  Stop.
make: *** No rule to make target 'all'.  Stop.
make: *** No rule to make target 'clean'.  Stop.
make: *** No rule to make target 'all'.  Stop.
make: *** No rule to make target 'clean'.  Stop.
make: *** No rule to make target 'all'.  Stop.
make: *** No rule to make target 'clean'.  Stop.
make: *** No rule to make target 'all'.  Stop.
make: *** No rule to make target 'clean'.  Stop.
make: *** No rule to make target 'all'.  Stop.
make: *** No rule to make target 'clean'.  Stop.
make: *** No rule to make target 'all'.  Stop.
make: *** No rule to make target 'clean'.  Stop.
make: *** No rule to make target 'all'.  Stop.
make: *** No rule to make target 'clean'.  Stop.
make: *** No rule to make target 'all'.  Stop.
make: *** No rule to make target 'clean'.  Stop.
make: *** No rule to make target 'all'.  Stop.
make: *** No rule to make target 'clean'.  Stop.
make: *** No rule to make target 'all'.  Stop.
make: *** No rule to make target 'clean'.  Stop.
make: *** No rule to make target 'all'.  Stop.
make: *** No rule to make target 'clean'.  Stop.
make: *** No rule to make target 'all'.  Stop.
make: *** No rule to make target 'clean'.  Stop.
make: *** No rule to make target 'all'.  Stop.
make: *** No rule to make target 'clean'.  Stop.
make: *** No rule to make target 'all'.  Stop.
make: *** No rule to make target 'clean'.  Stop.
make: *** No rule to make target 'all'.  Stop.
make: *** No rule to make target 'clean'.  Stop.
make: *** No rule to make target 'all'.  Stop.
make: *** No rule to make target 'clean'.  Stop.
make: *** No rule to make target 'all'.  Stop.
make: *** No rule to make target 'clean'.  Stop.
make: *** No rule to make target 'all'.  Stop.
make: *** No rule to make target 'clean'.  Stop.
make: *** No rule to make target 'all'.  Stop.
make: *** No rule to make target 'clean'.  Stop.
make: *** No rule to make target 'all'.  Stop.
make: *** No rule to make target 'clean'.  Stop.
make: *** No rule to make target 'all'.  Stop.
make: *** No rule to make target 'clean'.  Stop.
make: *** No rule to make target 'all'.  Stop.
make: *** No rule to make target 'clean'.  Stop.
make: *** No rule to make target 'all'.  Stop.
make: *** No rule to make target 'clean'.  Stop.
make: *** No rule to make target 'all'.  Stop.
make: *** No rule to make target 'clean'.  Stop.
make: *** No rule to make target 'all'.  Stop.
make: *** No rule to make target 'clean'.  Stop.
make: *** No rule to make target 'all'.  Stop.
make: *** No rule to make target 'clean'.  Stop.
make: *** No rule to make target 'all'.  Stop.
make: *** No rule to make target 'clean'.  Stop.
make: *** No rule to make target 'all'.  Stop.
make: *** No rule to make target 'clean'.  Stop.
make: *** No rule to make target 'all'.  Stop.
make: *** No rule to make target 'clean'.  Stop.
make: *** No rule to make target 'all'.  Stop.
make: *** No rule to make target 'clean'.  Stop.
make: *** No rule to make target 'all'.  Stop.
make: *** No rule to make target 'clean'.  Stop.
